2025-07-21 09:20:36 - TradingSystem - INFO - Logging initialized - Level: INFO
2025-07-21 09:20:36 - TradingSystem - INFO - Log file: logs/trading_system_20250721_092036.log
2025-07-21 09:21:12 - core.exchange - INFO - ✅ Connected to Bybit PRODUCTION
2025-07-21 09:21:12 - utils.csv_manager - INFO - ✅ CSV files initialized in csv_exports
2025-07-21 09:21:12 - utils.csv_manager - INFO -    signals: enhanced_bybit_signals_mtf_signals.csv
2025-07-21 09:21:12 - utils.csv_manager - INFO -    opportunities: enhanced_bybit_signals_mtf_opportunities.csv
2025-07-21 09:21:12 - utils.csv_manager - INFO -    market_summary: enhanced_bybit_signals_mtf_market_summary.csv
2025-07-21 09:21:12 - utils.csv_manager - INFO -    scan_history: enhanced_bybit_signals_mtf_scan_history.csv
2025-07-21 09:21:12 - utils.csv_manager - INFO -    performance_metrics: enhanced_bybit_signals_mtf_performance.csv
2025-07-21 09:21:12 - TradingSystem - INFO - 🚀 COMPLETE ENHANCED SYSTEM WITH MULTI-TIMEFRAME INITIALIZED!
2025-07-21 09:21:12 - TradingSystem - INFO - ✅ Enhanced Technical Analysis (FIXED Ichimoku & Stochastic RSI)
2025-07-21 09:21:12 - TradingSystem - INFO - ✅ Volume Profile Analysis
2025-07-21 09:21:12 - TradingSystem - INFO - ✅ Fibonacci & Confluence Analysis
2025-07-21 09:21:12 - TradingSystem - INFO - ✅ Interactive Chart Generation
2025-07-21 09:21:12 - TradingSystem - INFO - ✅ Multi-Timeframe Confirmation (1h, 4h)
2025-07-21 09:21:12 - TradingSystem - INFO - 🚀 STARTING ENHANCED ANALYSIS WITH MULTI-TIMEFRAME CONFIRMATION (PARALLEL)
2025-07-21 09:21:12 - TradingSystem - INFO - ================================================================================
2025-07-21 09:21:17 - TradingSystem - INFO - 📊 Analyzing 210 symbols with MTF confirmation...
2025-07-21 09:21:17 - TradingSystem - INFO -    Primary Timeframe: 15m
2025-07-21 09:21:17 - TradingSystem - INFO -    Confirmation Timeframes: 1h, 4h
2025-07-21 09:21:17 - TradingSystem - INFO -    MTF Weight Multiplier: 1.5x
2025-07-21 09:21:17 - TradingSystem - INFO - [Thread-0] [1] Analyzing ETH/USDT:USDT with MTF...
2025-07-21 09:21:17 - TradingSystem - INFO - 📊 Analyzing ETH/USDT:USDT (MTF: 1h, 4h)...
2025-07-21 09:21:17 - TradingSystem - INFO - [Thread-1] [2] Analyzing BTC/USDT:USDT with MTF...
2025-07-21 09:21:17 - TradingSystem - INFO - 📊 Analyzing BTC/USDT:USDT (MTF: 1h, 4h)...
2025-07-21 09:21:17 - TradingSystem - INFO - [Thread-2] [3] Analyzing SOL/USDT:USDT with MTF...
2025-07-21 09:21:17 - TradingSystem - INFO - 📊 Analyzing SOL/USDT:USDT (MTF: 1h, 4h)...
2025-07-21 09:21:17 - TradingSystem - INFO - [Thread-3] [4] Analyzing XRP/USDT:USDT with MTF...
2025-07-21 09:21:17 - TradingSystem - INFO - 📊 Analyzing XRP/USDT:USDT (MTF: 1h, 4h)...
2025-07-21 09:21:17 - TradingSystem - INFO - [Thread-4] [5] Analyzing DOGE/USDT:USDT with MTF...
2025-07-21 09:21:17 - TradingSystem - INFO - 📊 Analyzing DOGE/USDT:USDT (MTF: 1h, 4h)...
2025-07-21 09:21:17 - TradingSystem - INFO - [Thread-5] [6] Analyzing 1000PEPE/USDT:USDT with MTF...
2025-07-21 09:21:17 - TradingSystem - INFO - 📊 Analyzing 1000PEPE/USDT:USDT (MTF: 1h, 4h)...
2025-07-21 09:21:22 - root - INFO - ✅ All technical indicators calculated successfully
2025-07-21 09:21:22 - TradingSystem - INFO - [Thread-0] [7] Analyzing WIF/USDT:USDT with MTF...
2025-07-21 09:21:22 - TradingSystem - INFO - 📈 Progress: 1/210 (0.5%) - Signals: 0
2025-07-21 09:21:22 - TradingSystem - INFO - 📊 Analyzing WIF/USDT:USDT (MTF: 1h, 4h)...
2025-07-21 09:21:22 - root - INFO - ✅ All technical indicators calculated successfully
2025-07-21 09:21:22 - root - INFO - ✅ All technical indicators calculated successfully
2025-07-21 09:21:22 - root - INFO - ✅ All technical indicators calculated successfully
2025-07-21 09:21:22 - root - INFO - ✅ All technical indicators calculated successfully
2025-07-21 09:21:23 - root - INFO - ✅ All technical indicators calculated successfully
2025-07-21 09:21:26 - TradingSystem - INFO - [Thread-1] [8] Analyzing FARTCOIN/USDT:USDT with MTF...
2025-07-21 09:21:26 - TradingSystem - INFO - 📊 Analyzing FARTCOIN/USDT:USDT (MTF: 1h, 4h)...
2025-07-21 09:21:26 - TradingSystem - INFO - 📈 Progress: 2/210 (1.0%) - Signals: 0
2025-07-21 09:21:27 - TradingSystem - INFO - [Thread-2] [9] Analyzing SUI/USDT:USDT with MTF...
2025-07-21 09:21:27 - TradingSystem - INFO - 📊 Analyzing SUI/USDT:USDT (MTF: 1h, 4h)...
2025-07-21 09:21:27 - TradingSystem - INFO - 📈 Progress: 3/210 (1.4%) - Signals: 0
2025-07-21 09:21:27 - TradingSystem - INFO - [Thread-3] [10] Analyzing ENA/USDT:USDT with MTF...
2025-07-21 09:21:27 - TradingSystem - INFO - 📊 Analyzing ENA/USDT:USDT (MTF: 1h, 4h)...
2025-07-21 09:21:27 - TradingSystem - INFO - 📈 Progress: 4/210 (1.9%) - Signals: 0
2025-07-21 09:21:27 - root - INFO - ✅ All technical indicators calculated successfully
2025-07-21 09:21:27 - TradingSystem - INFO - [Thread-4] [11] Analyzing ADA/USDT:USDT with MTF...
2025-07-21 09:21:27 - TradingSystem - INFO - 📊 Analyzing ADA/USDT:USDT (MTF: 1h, 4h)...
2025-07-21 09:21:27 - TradingSystem - INFO - 📈 Progress: 5/210 (2.4%) - Signals: 0
2025-07-21 09:21:27 - TradingSystem - INFO - [Thread-5] [12] Analyzing CFX/USDT:USDT with MTF...
2025-07-21 09:21:27 - TradingSystem - INFO - 📈 Progress: 6/210 (2.9%) - Signals: 0
2025-07-21 09:21:27 - TradingSystem - INFO - 📊 Analyzing CFX/USDT:USDT (MTF: 1h, 4h)...
2025-07-21 09:21:28 - TradingSystem - INFO - [Thread-0] [13] Analyzing TRUMP/USDT:USDT with MTF...
2025-07-21 09:21:28 - TradingSystem - INFO - 📈 Progress: 7/210 (3.3%) - Signals: 0
2025-07-21 09:21:28 - TradingSystem - INFO - 📊 Analyzing TRUMP/USDT:USDT (MTF: 1h, 4h)...
2025-07-21 09:21:32 - root - INFO - ✅ All technical indicators calculated successfully
2025-07-21 09:21:32 - root - INFO - ✅ All technical indicators calculated successfully
2025-07-21 09:21:32 - root - INFO - ✅ All technical indicators calculated successfully
2025-07-21 09:21:32 - root - INFO - ✅ All technical indicators calculated successfully
2025-07-21 09:21:32 - root - INFO - ✅ All technical indicators calculated successfully
2025-07-21 09:21:33 - root - INFO - ✅ All technical indicators calculated successfully
2025-07-21 09:21:34 - TradingSystem - INFO - [Thread-1] [14] Analyzing LTC/USDT:USDT with MTF...
2025-07-21 09:21:34 - TradingSystem - INFO - 📊 Analyzing LTC/USDT:USDT (MTF: 1h, 4h)...
2025-07-21 09:21:34 - TradingSystem - INFO - 📈 Progress: 8/210 (3.8%) - Signals: 0
2025-07-21 09:21:36 - TradingSystem - INFO - [Thread-2] [15] Analyzing LINK/USDT:USDT with MTF...
2025-07-21 09:21:36 - TradingSystem - INFO - 📊 Analyzing LINK/USDT:USDT (MTF: 1h, 4h)...
2025-07-21 09:21:36 - TradingSystem - INFO - 📈 Progress: 9/210 (4.3%) - Signals: 0
2025-07-21 09:21:36 - TradingSystem - INFO - [Thread-3] [16] Analyzing PENGU/USDT:USDT with MTF...
2025-07-21 09:21:36 - TradingSystem - INFO - 📈 Progress: 10/210 (4.8%) - Signals: 0
2025-07-21 09:21:36 - TradingSystem - INFO - 📊 Analyzing PENGU/USDT:USDT (MTF: 1h, 4h)...
2025-07-21 09:21:36 - TradingSystem - INFO - [Thread-4] [17] Analyzing OM/USDT:USDT with MTF...
2025-07-21 09:21:36 - TradingSystem - INFO - 📈 Progress: 11/210 (5.2%) - Signals: 0
2025-07-21 09:21:36 - TradingSystem - INFO - 📊 Analyzing OM/USDT:USDT (MTF: 1h, 4h)...
2025-07-21 09:21:36 - TradingSystem - INFO - 📈 Progress: 12/210 (5.7%) - Signals: 0
2025-07-21 09:21:36 - TradingSystem - INFO - [Thread-5] [18] Analyzing 1000BONK/USDT:USDT with MTF...
2025-07-21 09:21:36 - TradingSystem - INFO - 📊 Analyzing 1000BONK/USDT:USDT (MTF: 1h, 4h)...
2025-07-21 09:21:36 - TradingSystem - INFO - [Thread-0] [19] Analyzing XTZ/USDT:USDT with MTF...
2025-07-21 09:21:36 - TradingSystem - INFO - 📈 Progress: 13/210 (6.2%) - Signals: 0
2025-07-21 09:21:36 - TradingSystem - INFO - 📊 Analyzing XTZ/USDT:USDT (MTF: 1h, 4h)...
2025-07-21 09:21:37 - root - INFO - ✅ All technical indicators calculated successfully
2025-07-21 09:21:37 - TradingSystem - INFO - [Thread-1] [20] Analyzing HYPE/USDT:USDT with MTF...
2025-07-21 09:21:37 - TradingSystem - INFO - 📈 Progress: 14/210 (6.7%) - Signals: 0
2025-07-21 09:21:37 - TradingSystem - INFO - 📊 Analyzing HYPE/USDT:USDT (MTF: 1h, 4h)...
2025-07-21 09:21:41 - root - INFO - ✅ All technical indicators calculated successfully
2025-07-21 09:21:42 - root - INFO - ✅ All technical indicators calculated successfully
2025-07-21 09:21:42 - root - INFO - ✅ All technical indicators calculated successfully
2025-07-21 09:21:42 - root - INFO - ✅ All technical indicators calculated successfully
2025-07-21 09:21:42 - root - INFO - ✅ All technical indicators calculated successfully
2025-07-21 09:21:43 - root - INFO - ✅ All technical indicators calculated successfully
2025-07-21 09:21:46 - TradingSystem - INFO - [Thread-2] [21] Analyzing XLM/USDT:USDT with MTF...
2025-07-21 09:21:46 - TradingSystem - INFO - 📈 Progress: 15/210 (7.1%) - Signals: 0
2025-07-21 09:21:46 - TradingSystem - INFO - 📊 Analyzing XLM/USDT:USDT (MTF: 1h, 4h)...
2025-07-21 09:21:46 - TradingSystem - INFO - [Thread-3] [22] Analyzing AVAX/USDT:USDT with MTF...
2025-07-21 09:21:46 - TradingSystem - INFO - 📊 Analyzing AVAX/USDT:USDT (MTF: 1h, 4h)...
2025-07-21 09:21:46 - TradingSystem - INFO - 📈 Progress: 16/210 (7.6%) - Signals: 0
2025-07-21 09:21:47 - TradingSystem - INFO - [Thread-4] [23] Analyzing PUMPFUN/USDT:USDT with MTF...
2025-07-21 09:21:47 - TradingSystem - INFO - 📊 Analyzing PUMPFUN/USDT:USDT (MTF: 1h, 4h)...
2025-07-21 09:21:47 - TradingSystem - INFO - 📈 Progress: 17/210 (8.1%) - Signals: 0
2025-07-21 09:21:47 - root - INFO - ✅ All technical indicators calculated successfully
2025-07-21 09:21:48 - TradingSystem - INFO - [Thread-5] [24] Analyzing POPCAT/USDT:USDT with MTF...
2025-07-21 09:21:48 - TradingSystem - INFO - 📈 Progress: 18/210 (8.6%) - Signals: 0
2025-07-21 09:21:48 - TradingSystem - INFO - 📊 Analyzing POPCAT/USDT:USDT (MTF: 1h, 4h)...
2025-07-21 09:21:48 - TradingSystem - INFO - [Thread-0] [25] Analyzing HBAR/USDT:USDT with MTF...
2025-07-21 09:21:48 - TradingSystem - INFO - 📈 Progress: 19/210 (9.0%) - Signals: 0
2025-07-21 09:21:48 - TradingSystem - INFO - 📊 Analyzing HBAR/USDT:USDT (MTF: 1h, 4h)...
2025-07-21 09:21:49 - TradingSystem - INFO - [Thread-1] [26] Analyzing ARB/USDT:USDT with MTF...
2025-07-21 09:21:49 - TradingSystem - INFO - 📈 Progress: 20/210 (9.5%) - Signals: 0
2025-07-21 09:21:49 - TradingSystem - INFO - 📊 Analyzing ARB/USDT:USDT (MTF: 1h, 4h)...
2025-07-21 09:21:49 - TradingSystem - INFO - [Thread-2] [27] Analyzing AAVE/USDT:USDT with MTF...
2025-07-21 09:21:49 - TradingSystem - INFO - 📈 Progress: 21/210 (10.0%) - Signals: 0
2025-07-21 09:21:49 - TradingSystem - INFO - 📊 Analyzing AAVE/USDT:USDT (MTF: 1h, 4h)...
2025-07-21 09:21:52 - root - INFO - ✅ All technical indicators calculated successfully
2025-07-21 09:21:52 - root - INFO - ✅ All technical indicators calculated successfully
2025-07-21 09:21:52 - root - INFO - ✅ All technical indicators calculated successfully
2025-07-21 09:21:52 - root - INFO - ✅ All technical indicators calculated successfully
2025-07-21 09:21:52 - root - INFO - ✅ All technical indicators calculated successfully
2025-07-21 09:21:53 - root - INFO - ✅ All technical indicators calculated successfully
2025-07-21 09:21:54 - TradingSystem - INFO - [Thread-3] [28] Analyzing 1000FLOKI/USDT:USDT with MTF...
2025-07-21 09:21:54 - TradingSystem - INFO - 📈 Progress: 22/210 (10.5%) - Signals: 0
2025-07-21 09:21:54 - TradingSystem - INFO - 📊 Analyzing 1000FLOKI/USDT:USDT (MTF: 1h, 4h)...
2025-07-21 09:21:55 - TradingSystem - INFO - [Thread-4] [29] Analyzing SEI/USDT:USDT with MTF...
2025-07-21 09:21:55 - TradingSystem - INFO - 📊 Analyzing SEI/USDT:USDT (MTF: 1h, 4h)...
2025-07-21 09:21:55 - TradingSystem - INFO - 📈 Progress: 23/210 (11.0%) - Signals: 0
2025-07-21 09:21:55 - TradingSystem - INFO - [Thread-5] [30] Analyzing LDO/USDT:USDT with MTF...
2025-07-21 09:21:55 - TradingSystem - INFO - 📈 Progress: 24/210 (11.4%) - Signals: 0
2025-07-21 09:21:55 - TradingSystem - INFO - 📊 Analyzing LDO/USDT:USDT (MTF: 1h, 4h)...
2025-07-21 09:21:55 - TradingSystem - INFO - [Thread-0] [31] Analyzing PNUT/USDT:USDT with MTF...
2025-07-21 09:21:55 - TradingSystem - INFO - 📈 Progress: 25/210 (11.9%) - Signals: 0
2025-07-21 09:21:55 - TradingSystem - INFO - 📊 Analyzing PNUT/USDT:USDT (MTF: 1h, 4h)...
2025-07-21 09:21:55 - TradingSystem - INFO - [Thread-1] [32] Analyzing TIA/USDT:USDT with MTF...
2025-07-21 09:21:55 - TradingSystem - INFO - 📈 Progress: 26/210 (12.4%) - Signals: 0
2025-07-21 09:21:55 - TradingSystem - INFO - 📊 Analyzing TIA/USDT:USDT (MTF: 1h, 4h)...
2025-07-21 09:21:55 - TradingSystem - INFO - [Thread-2] [33] Analyzing CRV/USDT:USDT with MTF...
2025-07-21 09:21:55 - TradingSystem - INFO - 📈 Progress: 27/210 (12.9%) - Signals: 0
2025-07-21 09:21:55 - TradingSystem - INFO - 📊 Analyzing CRV/USDT:USDT (MTF: 1h, 4h)...
2025-07-21 09:21:56 - root - INFO - ✅ All technical indicators calculated successfully
2025-07-21 09:21:57 - root - INFO - ✅ All technical indicators calculated successfully
2025-07-21 09:21:57 - root - INFO - ✅ All technical indicators calculated successfully
2025-07-21 09:21:57 - root - INFO - ✅ All technical indicators calculated successfully
2025-07-21 09:21:57 - root - INFO - ✅ All technical indicators calculated successfully
2025-07-21 09:21:58 - root - INFO - ✅ All technical indicators calculated successfully
2025-07-21 09:22:00 - TradingSystem - INFO - [Thread-3] [34] Analyzing ZORA/USDT:USDT with MTF...
2025-07-21 09:22:00 - TradingSystem - INFO - 📈 Progress: 28/210 (13.3%) - Signals: 0
2025-07-21 09:22:00 - TradingSystem - INFO - 📊 Analyzing ZORA/USDT:USDT (MTF: 1h, 4h)...
2025-07-21 09:22:00 - TradingSystem - INFO - [Thread-4] [35] Analyzing EPIC/USDT:USDT with MTF...
2025-07-21 09:22:00 - TradingSystem - INFO - 📈 Progress: 29/210 (13.8%) - Signals: 0
2025-07-21 09:22:00 - TradingSystem - INFO - 📊 Analyzing EPIC/USDT:USDT (MTF: 1h, 4h)...
2025-07-21 09:22:00 - TradingSystem - INFO - [Thread-5] [36] Analyzing WLD/USDT:USDT with MTF...
2025-07-21 09:22:00 - TradingSystem - INFO - 📈 Progress: 30/210 (14.3%) - Signals: 0
2025-07-21 09:22:00 - TradingSystem - INFO - 📊 Analyzing WLD/USDT:USDT (MTF: 1h, 4h)...
2025-07-21 09:22:00 - TradingSystem - INFO - [Thread-0] [37] Analyzing OP/USDT:USDT with MTF...
2025-07-21 09:22:00 - TradingSystem - INFO - 📊 Analyzing OP/USDT:USDT (MTF: 1h, 4h)...
2025-07-21 09:22:00 - TradingSystem - INFO - 📈 Progress: 31/210 (14.8%) - Signals: 0
2025-07-21 09:22:00 - TradingSystem - INFO - 📈 Progress: 32/210 (15.2%) - Signals: 0
2025-07-21 09:22:00 - TradingSystem - INFO - [Thread-1] [38] Analyzing ONDO/USDT:USDT with MTF...
2025-07-21 09:22:00 - TradingSystem - INFO - 📊 Analyzing ONDO/USDT:USDT (MTF: 1h, 4h)...
2025-07-21 09:22:01 - TradingSystem - INFO - [Thread-2] [39] Analyzing BNB/USDT:USDT with MTF...
2025-07-21 09:22:01 - TradingSystem - INFO - 📈 Progress: 33/210 (15.7%) - Signals: 0
2025-07-21 09:22:01 - TradingSystem - INFO - 📊 Analyzing BNB/USDT:USDT (MTF: 1h, 4h)...
2025-07-21 09:22:02 - root - INFO - ✅ All technical indicators calculated successfully
2025-07-21 09:22:02 - root - INFO - ✅ All technical indicators calculated successfully
2025-07-21 09:22:02 - root - INFO - ✅ All technical indicators calculated successfully
2025-07-21 09:22:02 - root - INFO - ✅ All technical indicators calculated successfully
2025-07-21 09:22:02 - root - INFO - ✅ All technical indicators calculated successfully
2025-07-21 09:22:03 - root - INFO - ✅ All technical indicators calculated successfully
2025-07-21 09:22:06 - TradingSystem - INFO - [Thread-3] [40] Analyzing SPX/USDT:USDT with MTF...
2025-07-21 09:22:06 - TradingSystem - INFO - 📊 Analyzing SPX/USDT:USDT (MTF: 1h, 4h)...
2025-07-21 09:22:06 - TradingSystem - INFO - 📈 Progress: 34/210 (16.2%) - Signals: 0
2025-07-21 09:22:07 - TradingSystem - INFO - [Thread-4] [41] Analyzing UNI/USDT:USDT with MTF...
2025-07-21 09:22:07 - TradingSystem - INFO - 📈 Progress: 35/210 (16.7%) - Signals: 0
2025-07-21 09:22:07 - TradingSystem - INFO - 📊 Analyzing UNI/USDT:USDT (MTF: 1h, 4h)...
2025-07-21 09:22:07 - TradingSystem - INFO - [Thread-5] [42] Analyzing ETC/USDT:USDT with MTF...
2025-07-21 09:22:07 - TradingSystem - INFO - 📊 Analyzing ETC/USDT:USDT (MTF: 1h, 4h)...
2025-07-21 09:22:07 - TradingSystem - INFO - 📈 Progress: 36/210 (17.1%) - Signals: 0
2025-07-21 09:22:07 - TradingSystem - INFO - [Thread-0] [43] Analyzing VIRTUAL/USDT:USDT with MTF...
2025-07-21 09:22:07 - TradingSystem - INFO - 📊 Analyzing VIRTUAL/USDT:USDT (MTF: 1h, 4h)...
2025-07-21 09:22:07 - TradingSystem - INFO - 📈 Progress: 37/210 (17.6%) - Signals: 0
2025-07-21 09:22:07 - root - INFO - ✅ All technical indicators calculated successfully
2025-07-21 09:22:07 - TradingSystem - INFO - [Thread-1] [44] Analyzing BCH/USDT:USDT with MTF...
2025-07-21 09:22:07 - TradingSystem - INFO - 📈 Progress: 38/210 (18.1%) - Signals: 0
2025-07-21 09:22:07 - TradingSystem - INFO - 📊 Analyzing BCH/USDT:USDT (MTF: 1h, 4h)...
2025-07-21 09:22:08 - TradingSystem - INFO - [Thread-2] [45] Analyzing NEAR/USDT:USDT with MTF...
2025-07-21 09:22:08 - TradingSystem - INFO - 📈 Progress: 39/210 (18.6%) - Signals: 0
2025-07-21 09:22:08 - TradingSystem - INFO - 📊 Analyzing NEAR/USDT:USDT (MTF: 1h, 4h)...
2025-07-21 09:22:08 - TradingSystem - INFO - [Thread-3] [46] Analyzing SHIB1000/USDT:USDT with MTF...
2025-07-21 09:22:08 - TradingSystem - INFO - 📈 Progress: 40/210 (19.0%) - Signals: 0
2025-07-21 09:22:08 - TradingSystem - INFO - 📊 Analyzing SHIB1000/USDT:USDT (MTF: 1h, 4h)...
2025-07-21 09:22:12 - root - INFO - ✅ All technical indicators calculated successfully
2025-07-21 09:22:12 - root - INFO - ✅ All technical indicators calculated successfully
2025-07-21 09:22:12 - root - INFO - ✅ All technical indicators calculated successfully
2025-07-21 09:22:13 - root - INFO - ✅ All technical indicators calculated successfully
2025-07-21 09:22:13 - root - INFO - ✅ All technical indicators calculated successfully
2025-07-21 09:22:13 - root - INFO - ✅ All technical indicators calculated successfully
2025-07-21 09:22:16 - TradingSystem - INFO - 📈 Progress: 41/210 (19.5%) - Signals: 0
2025-07-21 09:22:17 - TradingSystem - INFO - [Thread-4] [47] Analyzing ELX/USDT:USDT with MTF...
2025-07-21 09:22:17 - TradingSystem - INFO - 📊 Analyzing ELX/USDT:USDT (MTF: 1h, 4h)...
2025-07-21 09:22:17 - TradingSystem - INFO - [Thread-5] [48] Analyzing MOODENG/USDT:USDT with MTF...
2025-07-21 09:22:17 - TradingSystem - INFO - 📈 Progress: 42/210 (20.0%) - Signals: 0
2025-07-21 09:22:17 - TradingSystem - INFO - 📊 Analyzing MOODENG/USDT:USDT (MTF: 1h, 4h)...
2025-07-21 09:22:17 - TradingSystem - INFO - [Thread-0] [49] Analyzing DOT/USDT:USDT with MTF...
2025-07-21 09:22:17 - TradingSystem - INFO - 📊 Analyzing DOT/USDT:USDT (MTF: 1h, 4h)...
2025-07-21 09:22:17 - TradingSystem - INFO - 📈 Progress: 43/210 (20.5%) - Signals: 0
2025-07-21 09:22:17 - TradingSystem - INFO - [Thread-1] [50] Analyzing CKB/USDT:USDT with MTF...
2025-07-21 09:22:17 - TradingSystem - INFO - 📊 Analyzing CKB/USDT:USDT (MTF: 1h, 4h)...
2025-07-21 09:22:17 - TradingSystem - INFO - 📈 Progress: 44/210 (21.0%) - Signals: 0
2025-07-21 09:22:17 - root - INFO - ✅ All technical indicators calculated successfully
2025-07-21 09:22:18 - TradingSystem - INFO - [Thread-2] [51] Analyzing APT/USDT:USDT with MTF...
2025-07-21 09:22:18 - TradingSystem - INFO - 📈 Progress: 45/210 (21.4%) - Signals: 0
2025-07-21 09:22:18 - TradingSystem - INFO - 📊 Analyzing APT/USDT:USDT (MTF: 1h, 4h)...
2025-07-21 09:22:18 - TradingSystem - INFO - [Thread-3] [52] Analyzing GALA/USDT:USDT with MTF...
2025-07-21 09:22:18 - TradingSystem - INFO - 📈 Progress: 46/210 (21.9%) - Signals: 0
2025-07-21 09:22:18 - TradingSystem - INFO - 📊 Analyzing GALA/USDT:USDT (MTF: 1h, 4h)...
2025-07-21 09:22:18 - TradingSystem - INFO - [Thread-4] [53] Analyzing AI16Z/USDT:USDT with MTF...
2025-07-21 09:22:18 - TradingSystem - INFO - 📈 Progress: 47/210 (22.4%) - Signals: 0
2025-07-21 09:22:18 - TradingSystem - INFO - 📊 Analyzing AI16Z/USDT:USDT (MTF: 1h, 4h)...
2025-07-21 09:22:22 - root - INFO - ✅ All technical indicators calculated successfully
2025-07-21 09:22:22 - root - INFO - ✅ All technical indicators calculated successfully
2025-07-21 09:22:23 - root - INFO - ✅ All technical indicators calculated successfully
2025-07-21 09:22:23 - root - INFO - ✅ All technical indicators calculated successfully
2025-07-21 09:22:23 - root - INFO - ✅ All technical indicators calculated successfully
2025-07-21 09:22:23 - root - INFO - ✅ All technical indicators calculated successfully
2025-07-21 09:22:26 - TradingSystem - INFO - [Thread-5] [54] Analyzing INJ/USDT:USDT with MTF...
2025-07-21 09:22:26 - TradingSystem - INFO - 📊 Analyzing INJ/USDT:USDT (MTF: 1h, 4h)...
2025-07-21 09:22:26 - TradingSystem - INFO - 📈 Progress: 48/210 (22.9%) - Signals: 0
2025-07-21 09:22:26 - TradingSystem - INFO - [Thread-0] [55] Analyzing 1000NEIROCTO/USDT:USDT with MTF...
2025-07-21 09:22:26 - TradingSystem - INFO - 📈 Progress: 49/210 (23.3%) - Signals: 0
2025-07-21 09:22:26 - TradingSystem - INFO - 📊 Analyzing 1000NEIROCTO/USDT:USDT (MTF: 1h, 4h)...
2025-07-21 09:22:27 - TradingSystem - INFO - [Thread-1] [56] Analyzing ENS/USDT:USDT with MTF...
2025-07-21 09:22:27 - TradingSystem - INFO - 📈 Progress: 50/210 (23.8%) - Signals: 0
2025-07-21 09:22:27 - TradingSystem - INFO - 📊 Analyzing ENS/USDT:USDT (MTF: 1h, 4h)...
2025-07-21 09:22:27 - TradingSystem - INFO - [Thread-2] [57] Analyzing TAO/USDT:USDT with MTF...
2025-07-21 09:22:27 - TradingSystem - INFO - 📈 Progress: 51/210 (24.3%) - Signals: 0
2025-07-21 09:22:27 - TradingSystem - INFO - 📊 Analyzing TAO/USDT:USDT (MTF: 1h, 4h)...
2025-07-21 09:22:27 - TradingSystem - INFO - [Thread-3] [58] Analyzing M/USDT:USDT with MTF...
2025-07-21 09:22:27 - TradingSystem - INFO - 📊 Analyzing M/USDT:USDT (MTF: 1h, 4h)...
2025-07-21 09:22:27 - TradingSystem - INFO - 📈 Progress: 52/210 (24.8%) - Signals: 0
2025-07-21 09:22:27 - TradingSystem - INFO - [Thread-4] [59] Analyzing C/USDT:USDT with MTF...
2025-07-21 09:22:27 - TradingSystem - INFO - 📈 Progress: 53/210 (25.2%) - Signals: 0
2025-07-21 09:22:27 - TradingSystem - INFO - 📊 Analyzing C/USDT:USDT (MTF: 1h, 4h)...
2025-07-21 09:22:27 - root - INFO - ✅ All technical indicators calculated successfully
2025-07-21 09:22:27 - root - INFO - ✅ All technical indicators calculated successfully
2025-07-21 09:22:28 - TradingSystem - INFO - [Thread-5] [60] Analyzing TON/USDT:USDT with MTF...
2025-07-21 09:22:28 - TradingSystem - INFO - 📊 Analyzing TON/USDT:USDT (MTF: 1h, 4h)...
2025-07-21 09:22:28 - TradingSystem - INFO - 📈 Progress: 54/210 (25.7%) - Signals: 0
2025-07-21 09:22:28 - TradingSystem - INFO - [Thread-0] [61] Analyzing ALGO/USDT:USDT with MTF...
2025-07-21 09:22:28 - TradingSystem - INFO - 📈 Progress: 55/210 (26.2%) - Signals: 0
2025-07-21 09:22:28 - TradingSystem - INFO - 📊 Analyzing ALGO/USDT:USDT (MTF: 1h, 4h)...
2025-07-21 09:22:32 - root - INFO - ✅ All technical indicators calculated successfully
2025-07-21 09:22:33 - root - INFO - ✅ All technical indicators calculated successfully
2025-07-21 09:22:33 - root - INFO - ✅ All technical indicators calculated successfully
2025-07-21 09:22:33 - root - INFO - ✅ All technical indicators calculated successfully
2025-07-21 09:22:33 - root - INFO - ✅ All technical indicators calculated successfully
2025-07-21 09:22:34 - root - INFO - ✅ All technical indicators calculated successfully
2025-07-21 09:22:36 - TradingSystem - INFO - [Thread-1] [62] Analyzing ETHFI/USDT:USDT with MTF...
2025-07-21 09:22:36 - TradingSystem - INFO - 📊 Analyzing ETHFI/USDT:USDT (MTF: 1h, 4h)...
2025-07-21 09:22:36 - TradingSystem - INFO - 📈 Progress: 56/210 (26.7%) - Signals: 0
2025-07-21 09:22:36 - TradingSystem - INFO - [Thread-2] [63] Analyzing H/USDT:USDT with MTF...
2025-07-21 09:22:36 - TradingSystem - INFO - 📊 Analyzing H/USDT:USDT (MTF: 1h, 4h)...
2025-07-21 09:22:36 - TradingSystem - INFO - 📈 Progress: 57/210 (27.1%) - Signals: 0
2025-07-21 09:22:36 - TradingSystem - INFO - 🔍 Running multi-timeframe confirmation for TAO/USDT:USDT...
2025-07-21 09:22:36 - analysis.multi_timeframe - INFO - 🔍 Multi-timeframe analysis for TAO/USDT:USDT
2025-07-21 09:22:37 - TradingSystem - INFO - [Thread-3] [64] Analyzing TRX/USDT:USDT with MTF...
2025-07-21 09:22:37 - TradingSystem - INFO - 📊 Analyzing TRX/USDT:USDT (MTF: 1h, 4h)...
2025-07-21 09:22:37 - TradingSystem - INFO - 📈 Progress: 58/210 (27.6%) - Signals: 0
2025-07-21 09:22:37 - TradingSystem - INFO - [Thread-4] [65] Analyzing CROSS/USDT:USDT with MTF...
2025-07-21 09:22:37 - TradingSystem - INFO - 📊 Analyzing CROSS/USDT:USDT (MTF: 1h, 4h)...
2025-07-21 09:22:37 - TradingSystem - INFO - 📈 Progress: 59/210 (28.1%) - Signals: 0
2025-07-21 09:22:37 - TradingSystem - INFO - [Thread-5] [66] Analyzing FIL/USDT:USDT with MTF...
2025-07-21 09:22:37 - TradingSystem - INFO - 📈 Progress: 60/210 (28.6%) - Signals: 0
2025-07-21 09:22:37 - TradingSystem - INFO - 📊 Analyzing FIL/USDT:USDT (MTF: 1h, 4h)...
2025-07-21 09:22:37 - analysis.multi_timeframe - INFO -    ✅ 1h: TAO/USDT:USDT BUY signal confirmed
2025-07-21 09:22:37 - root - INFO - ✅ All technical indicators calculated successfully
2025-07-21 09:22:38 - root - INFO - ✅ All technical indicators calculated successfully
2025-07-21 09:22:38 - root - INFO - ✅ All technical indicators calculated successfully
2025-07-21 09:22:39 - TradingSystem - INFO - [Thread-0] [67] Analyzing BLUR/USDT:USDT with MTF...
2025-07-21 09:22:39 - TradingSystem - INFO - 📈 Progress: 61/210 (29.0%) - Signals: 0
2025-07-21 09:22:39 - TradingSystem - INFO - 📊 Analyzing BLUR/USDT:USDT (MTF: 1h, 4h)...
2025-07-21 09:22:39 - TradingSystem - INFO - [Thread-1] [68] Analyzing BRETT/USDT:USDT with MTF...
2025-07-21 09:22:39 - TradingSystem - INFO - 📈 Progress: 62/210 (29.5%) - Signals: 0
2025-07-21 09:22:39 - TradingSystem - INFO - 📊 Analyzing BRETT/USDT:USDT (MTF: 1h, 4h)...
2025-07-21 09:22:39 - TradingSystem - INFO - [Thread-2] [69] Analyzing JASMY/USDT:USDT with MTF...
2025-07-21 09:22:39 - TradingSystem - INFO - 📈 Progress: 63/210 (30.0%) - Signals: 0
2025-07-21 09:22:39 - TradingSystem - INFO - 📊 Analyzing JASMY/USDT:USDT (MTF: 1h, 4h)...
2025-07-21 09:22:42 - analysis.multi_timeframe - INFO -    ✅ 4h: TAO/USDT:USDT BUY signal confirmed
2025-07-21 09:22:42 - root - INFO - ✅ All technical indicators calculated successfully
2025-07-21 09:22:42 - analysis.multi_timeframe - INFO -    📊 Confirmation: 2/2 timeframes
2025-07-21 09:22:42 - analysis.multi_timeframe - INFO -    💪 Strength: 100.0%
2025-07-21 09:22:42 - TradingSystem - INFO -    📈 Confidence boosted: 95.0% → 95.0%
2025-07-21 09:22:42 - TradingSystem - INFO -    📊 MTF Status: STRONG (2/2)
2025-07-21 09:22:43 - root - INFO - ✅ All technical indicators calculated successfully
2025-07-21 09:22:43 - root - INFO - ✅ All technical indicators calculated successfully
2025-07-21 09:22:43 - root - INFO - ✅ All technical indicators calculated successfully
2025-07-21 09:22:43 - root - INFO - ✅ All technical indicators calculated successfully
2025-07-21 09:22:46 - TradingSystem - INFO - [Thread-3] [70] Analyzing INIT/USDT:USDT with MTF...
2025-07-21 09:22:46 - TradingSystem - INFO - 📊 Analyzing INIT/USDT:USDT (MTF: 1h, 4h)...
2025-07-21 09:22:46 - TradingSystem - INFO - 📈 Progress: 64/210 (30.5%) - Signals: 0
2025-07-21 09:22:46 - TradingSystem - INFO - [Thread-4] [71] Analyzing ORDI/USDT:USDT with MTF...
2025-07-21 09:22:46 - TradingSystem - INFO - 📈 Progress: 65/210 (31.0%) - Signals: 0
2025-07-21 09:22:46 - TradingSystem - INFO - 📊 Analyzing ORDI/USDT:USDT (MTF: 1h, 4h)...
2025-07-21 09:22:46 - TradingSystem - INFO - [Thread-5] [72] Analyzing ERA/USDT:USDT with MTF...
2025-07-21 09:22:46 - TradingSystem - INFO - 📈 Progress: 66/210 (31.4%) - Signals: 0
2025-07-21 09:22:46 - TradingSystem - INFO - 📊 Analyzing ERA/USDT:USDT (MTF: 1h, 4h)...
2025-07-21 09:22:47 - TradingSystem - INFO - [Thread-0] [73] Analyzing KNC/USDT:USDT with MTF...
2025-07-21 09:22:47 - TradingSystem - INFO - 📈 Progress: 67/210 (31.9%) - Signals: 0
2025-07-21 09:22:47 - TradingSystem - INFO - 📊 Analyzing KNC/USDT:USDT (MTF: 1h, 4h)...
2025-07-21 09:22:47 - TradingSystem - INFO - [Thread-1] [74] Analyzing RENDER/USDT:USDT with MTF...
2025-07-21 09:22:47 - TradingSystem - INFO - 📊 Analyzing RENDER/USDT:USDT (MTF: 1h, 4h)...
2025-07-21 09:22:47 - TradingSystem - INFO - 📈 Progress: 68/210 (32.4%) - Signals: 0
2025-07-21 09:22:47 - visualization.charts - INFO - Adding TP/SL boxes for buy signal: Entry=425.71, SL=417.9894379386635, TP1=438.06289929813835, TP2=447.3275737717421
2025-07-21 09:22:47 - visualization.charts - ERROR - Error adding prominent TP/SL boxes: Invalid annotation position "middle left"
2025-07-21 09:22:47 - choreographer.browsers.chromium - INFO - Chromium init'ed with kwargs {}
2025-07-21 09:22:47 - choreographer.browsers.chromium - INFO - Found chromium path: /usr/bin/google-chrome
2025-07-21 09:22:47 - choreographer.utils._tmpfile - INFO - Temp directory created: /tmp/tmpvbuevd67.
2025-07-21 09:22:47 - choreographer.browser_async - INFO - Opening browser.
2025-07-21 09:22:47 - choreographer.utils._tmpfile - INFO - Temp directory created: /tmp/tmpopu_87hk.
2025-07-21 09:22:47 - choreographer.browsers.chromium - INFO - ldd failed. e: Command '['ldd', '/usr/bin/google-chrome']' returned non-zero exit status 1., stderr: None
2025-07-21 09:22:47 - choreographer.browsers.chromium - INFO - Temporary directory at: /tmp/tmpopu_87hk
2025-07-21 09:22:47 - kaleido.kaleido - INFO - Conforming 1 to file:///tmp/tmpvbuevd67/index.html
2025-07-21 09:22:47 - kaleido.kaleido - INFO - Waiting on all navigates
2025-07-21 09:22:48 - root - INFO - ✅ All technical indicators calculated successfully
2025-07-21 09:22:48 - root - INFO - ✅ All technical indicators calculated successfully
2025-07-21 09:22:48 - root - INFO - ✅ All technical indicators calculated successfully
2025-07-21 09:22:48 - root - INFO - ✅ All technical indicators calculated successfully
2025-07-21 09:22:50 - kaleido.kaleido - INFO - All navigates done, putting them all in queue.
2025-07-21 09:22:50 - kaleido.kaleido - INFO - Getting tab from queue (has 1)
2025-07-21 09:22:50 - kaleido.kaleido - INFO - Got F1CC
2025-07-21 09:22:50 - kaleido._kaleido_tab - INFO - Processing bTAOUSDTUSDTb__Trading_Signal_Analysis.jpeg
2025-07-21 09:22:50 - kaleido._kaleido_tab - INFO - Sending big command for bTAOUSDTUSDTb__Trading_Signal_Analysis.jpeg.
2025-07-21 09:22:51 - TradingSystem - INFO - [Thread-2] [75] Analyzing JUP/USDT:USDT with MTF...
2025-07-21 09:22:51 - TradingSystem - INFO - 📊 Analyzing JUP/USDT:USDT (MTF: 1h, 4h)...
2025-07-21 09:22:51 - TradingSystem - INFO - 📈 Progress: 69/210 (32.9%) - Signals: 0
2025-07-21 09:22:51 - kaleido._kaleido_tab - INFO - Sent big command for bTAOUSDTUSDTb__Trading_Signal_Analysis.jpeg.
2025-07-21 09:22:51 - kaleido.kaleido - INFO - Reloading tab F1CC before return.
2025-07-21 09:22:51 - TradingSystem - INFO - [Thread-3] [76] Analyzing GOAT/USDT:USDT with MTF...
2025-07-21 09:22:51 - TradingSystem - INFO - 📈 Progress: 70/210 (33.3%) - Signals: 0
2025-07-21 09:22:51 - TradingSystem - INFO - 📊 Analyzing GOAT/USDT:USDT (MTF: 1h, 4h)...
2025-07-21 09:22:51 - TradingSystem - INFO - [Thread-4] [77] Analyzing SAND/USDT:USDT with MTF...
2025-07-21 09:22:51 - TradingSystem - INFO - 📈 Progress: 71/210 (33.8%) - Signals: 0
2025-07-21 09:22:51 - TradingSystem - INFO - 📊 Analyzing SAND/USDT:USDT (MTF: 1h, 4h)...
2025-07-21 09:22:51 - TradingSystem - INFO - [Thread-5] [78] Analyzing EIGEN/USDT:USDT with MTF...
2025-07-21 09:22:51 - TradingSystem - INFO - 📊 Analyzing EIGEN/USDT:USDT (MTF: 1h, 4h)...
2025-07-21 09:22:51 - TradingSystem - INFO - 📈 Progress: 72/210 (34.3%) - Signals: 0
2025-07-21 09:22:51 - kaleido.kaleido - INFO - Putting tab F1CC back (queue size: 0).
2025-07-21 09:22:51 - kaleido.kaleido - INFO - Waiting for all cleanups to finish.
2025-07-21 09:22:51 - kaleido.kaleido - INFO - Exiting Kaleido
2025-07-21 09:22:51 - choreographer.utils._tmpfile - INFO - TemporaryDirectory.cleanup() worked.
2025-07-21 09:22:51 - choreographer.utils._tmpfile - INFO - shutil.rmtree worked.
2025-07-21 09:22:51 - kaleido.kaleido - INFO - Cancelling tasks.
2025-07-21 09:22:51 - kaleido.kaleido - INFO - Exiting Kaleido/Choreo
2025-07-21 09:22:51 - choreographer.browser_async - INFO - Closing browser.
2025-07-21 09:22:51 - choreographer.utils._tmpfile - INFO - TemporaryDirectory.cleanup() worked.
2025-07-21 09:22:51 - choreographer.utils._tmpfile - INFO - shutil.rmtree worked.
2025-07-21 09:22:51 - kaleido.kaleido - INFO - Cancelling tasks.
2025-07-21 09:22:51 - kaleido.kaleido - INFO - Exiting Kaleido/Choreo
2025-07-21 09:22:51 - choreographer.browser_async - INFO - Closing browser.
2025-07-21 09:22:52 - choreographer.utils._tmpfile - INFO - TemporaryDirectory.cleanup() worked.
2025-07-21 09:22:52 - choreographer.utils._tmpfile - INFO - shutil.rmtree worked.
2025-07-21 09:22:52 - visualization.charts - INFO - 📊 Chart saved: tradingview_TAOUSDTUSDT_chart_20250721_092247.jpg
2025-07-21 09:22:52 - TradingSystem - INFO - ✅ TAO/USDT:USDT - BUY signal generated
2025-07-21 09:22:52 - TradingSystem - INFO - [Thread-2] ✅ TAO/USDT:USDT - BUY signal (MTF: STRONG)
2025-07-21 09:22:52 - TradingSystem - INFO - [Thread-0] [79] Analyzing PHB/USDT:USDT with MTF...
2025-07-21 09:22:52 - TradingSystem - INFO - 📊 Analyzing PHB/USDT:USDT (MTF: 1h, 4h)...
2025-07-21 09:22:52 - TradingSystem - INFO - 📈 Progress: 73/210 (34.8%) - Signals: 1
2025-07-21 09:22:52 - root - INFO - ✅ All technical indicators calculated successfully
2025-07-21 09:22:52 - root - INFO - ✅ All technical indicators calculated successfully
2025-07-21 09:22:52 - root - INFO - ✅ All technical indicators calculated successfully
2025-07-21 09:22:53 - choreographer.utils._tmpfile - INFO - TemporaryDirectory.cleanup() worked.
2025-07-21 09:22:53 - choreographer.utils._tmpfile - INFO - shutil.rmtree worked.
2025-07-21 09:22:53 - root - INFO - ✅ All technical indicators calculated successfully
2025-07-21 09:22:53 - root - INFO - ✅ All technical indicators calculated successfully
2025-07-21 09:22:56 - TradingSystem - INFO - [Thread-1] [80] Analyzing KAS/USDT:USDT with MTF...
2025-07-21 09:22:56 - TradingSystem - INFO - 📈 Progress: 74/210 (35.2%) - Signals: 1
2025-07-21 09:22:56 - TradingSystem - INFO - 📊 Analyzing KAS/USDT:USDT (MTF: 1h, 4h)...
2025-07-21 09:22:56 - TradingSystem - INFO - [Thread-2] [81] Analyzing PEOPLE/USDT:USDT with MTF...
2025-07-21 09:22:56 - TradingSystem - INFO - 📊 Analyzing PEOPLE/USDT:USDT (MTF: 1h, 4h)...
2025-07-21 09:22:56 - TradingSystem - INFO - [Thread-3] [82] Analyzing PUFFER/USDT:USDT with MTF...
2025-07-21 09:22:56 - TradingSystem - INFO - 📈 Progress: 75/210 (35.7%) - Signals: 1
2025-07-21 09:22:56 - TradingSystem - INFO - 📊 Analyzing PUFFER/USDT:USDT (MTF: 1h, 4h)...
2025-07-21 09:22:56 - TradingSystem - INFO - [Thread-4] [83] Analyzing STRK/USDT:USDT with MTF...
2025-07-21 09:22:56 - TradingSystem - INFO - 📈 Progress: 76/210 (36.2%) - Signals: 1
2025-07-21 09:22:56 - TradingSystem - INFO - 📊 Analyzing STRK/USDT:USDT (MTF: 1h, 4h)...
2025-07-21 09:22:56 - TradingSystem - INFO - 📈 Progress: 77/210 (36.7%) - Signals: 1
2025-07-21 09:22:56 - TradingSystem - INFO - [Thread-5] [84] Analyzing DRIFT/USDT:USDT with MTF...
2025-07-21 09:22:56 - TradingSystem - INFO - 📈 Progress: 78/210 (37.1%) - Signals: 1
2025-07-21 09:22:56 - TradingSystem - INFO - 📊 Analyzing DRIFT/USDT:USDT (MTF: 1h, 4h)...
2025-07-21 09:22:58 - root - INFO - ✅ All technical indicators calculated successfully
2025-07-21 09:22:58 - root - INFO - ✅ All technical indicators calculated successfully
2025-07-21 09:22:58 - root - INFO - ✅ All technical indicators calculated successfully
2025-07-21 09:22:58 - root - INFO - ✅ All technical indicators calculated successfully
2025-07-21 09:22:58 - root - INFO - ✅ All technical indicators calculated successfully
2025-07-21 09:22:58 - root - INFO - ✅ All technical indicators calculated successfully
2025-07-21 09:23:01 - TradingSystem - INFO - [Thread-0] [85] Analyzing HYPER/USDT:USDT with MTF...
2025-07-21 09:23:01 - TradingSystem - INFO - 📊 Analyzing HYPER/USDT:USDT (MTF: 1h, 4h)...
2025-07-21 09:23:01 - TradingSystem - INFO - [Thread-1] [86] Analyzing PENDLE/USDT:USDT with MTF...
2025-07-21 09:23:01 - TradingSystem - INFO - 📊 Analyzing PENDLE/USDT:USDT (MTF: 1h, 4h)...
2025-07-21 09:23:01 - TradingSystem - INFO - 📈 Progress: 79/210 (37.6%) - Signals: 1
2025-07-21 09:23:01 - TradingSystem - INFO - 📈 Progress: 80/210 (38.1%) - Signals: 1
2025-07-21 09:23:01 - TradingSystem - INFO - [Thread-2] [87] Analyzing STX/USDT:USDT with MTF...
2025-07-21 09:23:01 - TradingSystem - INFO - 📊 Analyzing STX/USDT:USDT (MTF: 1h, 4h)...
2025-07-21 09:23:01 - TradingSystem - INFO - 📈 Progress: 81/210 (38.6%) - Signals: 1
2025-07-21 09:23:01 - TradingSystem - INFO - [Thread-3] [88] Analyzing MKR/USDT:USDT with MTF...
2025-07-21 09:23:01 - TradingSystem - INFO - 📊 Analyzing MKR/USDT:USDT (MTF: 1h, 4h)...
2025-07-21 09:23:01 - TradingSystem - INFO - 📈 Progress: 82/210 (39.0%) - Signals: 1
2025-07-21 09:23:01 - TradingSystem - INFO - [Thread-4] [89] Analyzing TRB/USDT:USDT with MTF...
2025-07-21 09:23:01 - TradingSystem - INFO - 📈 Progress: 83/210 (39.5%) - Signals: 1
2025-07-21 09:23:01 - TradingSystem - INFO - 📊 Analyzing TRB/USDT:USDT (MTF: 1h, 4h)...
2025-07-21 09:23:02 - TradingSystem - INFO - [Thread-5] [90] Analyzing MEW/USDT:USDT with MTF...
2025-07-21 09:23:02 - TradingSystem - INFO - 📈 Progress: 84/210 (40.0%) - Signals: 1
2025-07-21 09:23:02 - TradingSystem - INFO - 📊 Analyzing MEW/USDT:USDT (MTF: 1h, 4h)...
2025-07-21 09:23:03 - root - INFO - ✅ All technical indicators calculated successfully
2025-07-21 09:23:03 - root - INFO - ✅ All technical indicators calculated successfully
2025-07-21 09:23:03 - root - INFO - ✅ All technical indicators calculated successfully
2025-07-21 09:23:03 - root - INFO - ✅ All technical indicators calculated successfully
2025-07-21 09:23:03 - root - INFO - ✅ All technical indicators calculated successfully
2025-07-21 09:23:03 - root - INFO - ✅ All technical indicators calculated successfully
2025-07-21 09:23:06 - TradingSystem - INFO - [Thread-0] [91] Analyzing ATOM/USDT:USDT with MTF...
2025-07-21 09:23:06 - TradingSystem - INFO - 📊 Analyzing ATOM/USDT:USDT (MTF: 1h, 4h)...
2025-07-21 09:23:06 - TradingSystem - INFO - 📈 Progress: 85/210 (40.5%) - Signals: 1
2025-07-21 09:23:06 - TradingSystem - INFO - [Thread-1] [92] Analyzing APE/USDT:USDT with MTF...
2025-07-21 09:23:06 - TradingSystem - INFO - 📈 Progress: 86/210 (41.0%) - Signals: 1
2025-07-21 09:23:06 - TradingSystem - INFO - 📊 Analyzing APE/USDT:USDT (MTF: 1h, 4h)...
2025-07-21 09:23:06 - TradingSystem - INFO - [Thread-2] [93] Analyzing USELESS/USDT:USDT with MTF...
2025-07-21 09:23:06 - TradingSystem - INFO - 📊 Analyzing USELESS/USDT:USDT (MTF: 1h, 4h)...
2025-07-21 09:23:06 - TradingSystem - INFO - 📈 Progress: 87/210 (41.4%) - Signals: 1
2025-07-21 09:23:06 - TradingSystem - INFO - [Thread-3] [94] Analyzing GRASS/USDT:USDT with MTF...
2025-07-21 09:23:06 - TradingSystem - INFO - 📊 Analyzing GRASS/USDT:USDT (MTF: 1h, 4h)...
2025-07-21 09:23:06 - TradingSystem - INFO - 📈 Progress: 88/210 (41.9%) - Signals: 1
2025-07-21 09:23:07 - TradingSystem - INFO - [Thread-4] [95] Analyzing COOKIE/USDT:USDT with MTF...
2025-07-21 09:23:07 - TradingSystem - INFO - 📈 Progress: 89/210 (42.4%) - Signals: 1
2025-07-21 09:23:07 - TradingSystem - INFO - 📊 Analyzing COOKIE/USDT:USDT (MTF: 1h, 4h)...
2025-07-21 09:23:07 - TradingSystem - INFO - [Thread-5] [96] Analyzing POL/USDT:USDT with MTF...
2025-07-21 09:23:07 - TradingSystem - INFO - 📈 Progress: 90/210 (42.9%) - Signals: 1
2025-07-21 09:23:07 - TradingSystem - INFO - 📊 Analyzing POL/USDT:USDT (MTF: 1h, 4h)...
2025-07-21 09:23:07 - root - INFO - ✅ All technical indicators calculated successfully
2025-07-21 09:23:07 - root - INFO - ✅ All technical indicators calculated successfully
2025-07-21 09:23:08 - root - INFO - ✅ All technical indicators calculated successfully
2025-07-21 09:23:08 - root - INFO - ✅ All technical indicators calculated successfully
2025-07-21 09:23:08 - root - INFO - ✅ All technical indicators calculated successfully
2025-07-21 09:23:08 - root - INFO - ✅ All technical indicators calculated successfully
2025-07-21 09:23:11 - TradingSystem - INFO - 📈 Progress: 91/210 (43.3%) - Signals: 1
2025-07-21 09:23:11 - TradingSystem - INFO - [Thread-0] [97] Analyzing IP/USDT:USDT with MTF...
2025-07-21 09:23:11 - TradingSystem - INFO - 📊 Analyzing IP/USDT:USDT (MTF: 1h, 4h)...
2025-07-21 09:23:11 - TradingSystem - INFO - [Thread-1] [98] Analyzing JTO/USDT:USDT with MTF...
2025-07-21 09:23:11 - TradingSystem - INFO - 📊 Analyzing JTO/USDT:USDT (MTF: 1h, 4h)...
2025-07-21 09:23:11 - TradingSystem - INFO - 📈 Progress: 92/210 (43.8%) - Signals: 1
2025-07-21 09:23:11 - TradingSystem - INFO - [Thread-2] [99] Analyzing BOME/USDT:USDT with MTF...
2025-07-21 09:23:11 - TradingSystem - INFO - 📈 Progress: 93/210 (44.3%) - Signals: 1
2025-07-21 09:23:11 - TradingSystem - INFO - 📊 Analyzing BOME/USDT:USDT (MTF: 1h, 4h)...
2025-07-21 09:23:11 - TradingSystem - INFO - [Thread-3] [100] Analyzing LAUNCHCOIN/USDT:USDT with MTF...
2025-07-21 09:23:11 - TradingSystem - INFO - 📊 Analyzing LAUNCHCOIN/USDT:USDT (MTF: 1h, 4h)...
2025-07-21 09:23:11 - TradingSystem - INFO - 📈 Progress: 94/210 (44.8%) - Signals: 1
2025-07-21 09:23:11 - TradingSystem - INFO - [Thread-4] [101] Analyzing A8/USDT:USDT with MTF...
2025-07-21 09:23:11 - TradingSystem - INFO - 📊 Analyzing A8/USDT:USDT (MTF: 1h, 4h)...
2025-07-21 09:23:11 - TradingSystem - INFO - 📈 Progress: 95/210 (45.2%) - Signals: 1
2025-07-21 09:23:11 - TradingSystem - INFO - [Thread-5] [102] Analyzing MOVE/USDT:USDT with MTF...
2025-07-21 09:23:11 - TradingSystem - INFO - 📈 Progress: 96/210 (45.7%) - Signals: 1
2025-07-21 09:23:11 - TradingSystem - INFO - 📊 Analyzing MOVE/USDT:USDT (MTF: 1h, 4h)...
2025-07-21 09:23:12 - root - INFO - ✅ All technical indicators calculated successfully
2025-07-21 09:23:13 - root - INFO - ✅ All technical indicators calculated successfully
2025-07-21 09:23:13 - root - INFO - ✅ All technical indicators calculated successfully
2025-07-21 09:23:13 - root - INFO - ✅ All technical indicators calculated successfully
2025-07-21 09:23:13 - root - INFO - ✅ All technical indicators calculated successfully
2025-07-21 09:23:13 - root - INFO - ✅ All technical indicators calculated successfully
2025-07-21 09:23:16 - TradingSystem - INFO - [Thread-0] [103] Analyzing ACH/USDT:USDT with MTF...
2025-07-21 09:23:16 - TradingSystem - INFO - 📊 Analyzing ACH/USDT:USDT (MTF: 1h, 4h)...
2025-07-21 09:23:16 - TradingSystem - INFO - 📈 Progress: 97/210 (46.2%) - Signals: 1
2025-07-21 09:23:16 - TradingSystem - INFO - [Thread-1] [104] Analyzing SAHARA/USDT:USDT with MTF...
2025-07-21 09:23:16 - TradingSystem - INFO - 📊 Analyzing SAHARA/USDT:USDT (MTF: 1h, 4h)...
2025-07-21 09:23:16 - TradingSystem - INFO - 📈 Progress: 98/210 (46.7%) - Signals: 1
2025-07-21 09:23:16 - TradingSystem - INFO - [Thread-2] [105] Analyzing 1000000MOG/USDT:USDT with MTF...
2025-07-21 09:23:16 - TradingSystem - INFO - 📈 Progress: 99/210 (47.1%) - Signals: 1
2025-07-21 09:23:16 - TradingSystem - INFO - 📊 Analyzing 1000000MOG/USDT:USDT (MTF: 1h, 4h)...
2025-07-21 09:23:16 - TradingSystem - INFO - 📈 Progress: 100/210 (47.6%) - Signals: 1
2025-07-21 09:23:16 - TradingSystem - INFO - [Thread-3] [106] Analyzing BLAST/USDT:USDT with MTF...
2025-07-21 09:23:16 - TradingSystem - INFO - 📊 Analyzing BLAST/USDT:USDT (MTF: 1h, 4h)...
2025-07-21 09:23:16 - TradingSystem - INFO - [Thread-4] [107] Analyzing CHILLGUY/USDT:USDT with MTF...
2025-07-21 09:23:16 - TradingSystem - INFO - 📈 Progress: 101/210 (48.1%) - Signals: 1
2025-07-21 09:23:16 - TradingSystem - INFO - 📊 Analyzing CHILLGUY/USDT:USDT (MTF: 1h, 4h)...
2025-07-21 09:23:16 - TradingSystem - INFO - [Thread-5] [108] Analyzing BANANA/USDT:USDT with MTF...
2025-07-21 09:23:16 - TradingSystem - INFO - 📈 Progress: 102/210 (48.6%) - Signals: 1
2025-07-21 09:23:16 - TradingSystem - INFO - 📊 Analyzing BANANA/USDT:USDT (MTF: 1h, 4h)...
2025-07-21 09:23:18 - root - INFO - ✅ All technical indicators calculated successfully
2025-07-21 09:23:18 - root - INFO - ✅ All technical indicators calculated successfully
2025-07-21 09:23:18 - root - INFO - ✅ All technical indicators calculated successfully
2025-07-21 09:23:18 - root - INFO - ✅ All technical indicators calculated successfully
2025-07-21 09:23:18 - root - INFO - ✅ All technical indicators calculated successfully
2025-07-21 09:23:18 - root - INFO - ✅ All technical indicators calculated successfully
2025-07-21 09:23:21 - TradingSystem - INFO - [Thread-0] [109] Analyzing AR/USDT:USDT with MTF...
2025-07-21 09:23:21 - TradingSystem - INFO - 📈 Progress: 103/210 (49.0%) - Signals: 1
2025-07-21 09:23:21 - TradingSystem - INFO - 📊 Analyzing AR/USDT:USDT (MTF: 1h, 4h)...
2025-07-21 09:23:21 - TradingSystem - INFO - [Thread-1] [110] Analyzing 1000TURBO/USDT:USDT with MTF...
2025-07-21 09:23:21 - TradingSystem - INFO - 📈 Progress: 104/210 (49.5%) - Signals: 1
2025-07-21 09:23:21 - TradingSystem - INFO - 📊 Analyzing 1000TURBO/USDT:USDT (MTF: 1h, 4h)...
2025-07-21 09:23:22 - TradingSystem - INFO - [Thread-2] [111] Analyzing ICP/USDT:USDT with MTF...
2025-07-21 09:23:22 - TradingSystem - INFO - 📊 Analyzing ICP/USDT:USDT (MTF: 1h, 4h)...
2025-07-21 09:23:22 - TradingSystem - INFO - 📈 Progress: 105/210 (50.0%) - Signals: 1
2025-07-21 09:23:22 - TradingSystem - INFO - [Thread-3] [112] Analyzing ANIME/USDT:USDT with MTF...
2025-07-21 09:23:22 - TradingSystem - INFO - 📊 Analyzing ANIME/USDT:USDT (MTF: 1h, 4h)...
2025-07-21 09:23:22 - TradingSystem - INFO - 📈 Progress: 106/210 (50.5%) - Signals: 1
2025-07-21 09:23:22 - TradingSystem - INFO - [Thread-4] [113] Analyzing FXS/USDT:USDT with MTF...
2025-07-21 09:23:22 - TradingSystem - INFO - 📊 Analyzing FXS/USDT:USDT (MTF: 1h, 4h)...
2025-07-21 09:23:22 - TradingSystem - INFO - 📈 Progress: 107/210 (51.0%) - Signals: 1
2025-07-21 09:23:22 - TradingSystem - INFO - [Thread-5] [114] Analyzing S/USDT:USDT with MTF...
2025-07-21 09:23:22 - TradingSystem - INFO - 📈 Progress: 108/210 (51.4%) - Signals: 1
2025-07-21 09:23:22 - TradingSystem - INFO - 📊 Analyzing S/USDT:USDT (MTF: 1h, 4h)...
2025-07-21 09:23:23 - root - INFO - ✅ All technical indicators calculated successfully
2025-07-21 09:23:23 - root - INFO - ✅ All technical indicators calculated successfully
2025-07-21 09:23:23 - root - INFO - ✅ All technical indicators calculated successfully
2025-07-21 09:23:23 - root - INFO - ✅ All technical indicators calculated successfully
2025-07-21 09:23:24 - TradingSystem - INFO - [Thread-0] [115] Analyzing ALU/USDT:USDT with MTF...
2025-07-21 09:23:24 - TradingSystem - INFO - 📈 Progress: 109/210 (51.9%) - Signals: 1
2025-07-21 09:23:24 - TradingSystem - INFO - 📊 Analyzing ALU/USDT:USDT (MTF: 1h, 4h)...
2025-07-21 09:23:24 - TradingSystem - INFO - 📈 Progress: 110/210 (52.4%) - Signals: 1
2025-07-21 09:23:24 - TradingSystem - INFO - [Thread-1] [116] Analyzing RUNE/USDT:USDT with MTF...
2025-07-21 09:23:24 - TradingSystem - INFO - 📊 Analyzing RUNE/USDT:USDT (MTF: 1h, 4h)...
2025-07-21 09:23:25 - TradingSystem - INFO - [Thread-2] [117] Analyzing AERO/USDT:USDT with MTF...
2025-07-21 09:23:25 - TradingSystem - INFO - 📊 Analyzing AERO/USDT:USDT (MTF: 1h, 4h)...
2025-07-21 09:23:25 - TradingSystem - INFO - 📈 Progress: 111/210 (52.9%) - Signals: 1
2025-07-21 09:23:25 - TradingSystem - INFO - [Thread-3] [118] Analyzing PYTH/USDT:USDT with MTF...
2025-07-21 09:23:25 - TradingSystem - INFO - 📈 Progress: 112/210 (53.3%) - Signals: 1
2025-07-21 09:23:25 - TradingSystem - INFO - 📊 Analyzing PYTH/USDT:USDT (MTF: 1h, 4h)...
2025-07-21 09:23:28 - root - INFO - ✅ All technical indicators calculated successfully
2025-07-21 09:23:28 - root - INFO - ✅ All technical indicators calculated successfully
2025-07-21 09:23:28 - root - INFO - ✅ All technical indicators calculated successfully
2025-07-21 09:23:28 - root - INFO - ✅ All technical indicators calculated successfully
2025-07-21 09:23:28 - root - INFO - ✅ All technical indicators calculated successfully
2025-07-21 09:23:28 - root - INFO - ✅ All technical indicators calculated successfully
2025-07-21 09:23:30 - TradingSystem - INFO - [Thread-4] [119] Analyzing USUAL/USDT:USDT with MTF...
2025-07-21 09:23:30 - TradingSystem - INFO - 📈 Progress: 113/210 (53.8%) - Signals: 1
2025-07-21 09:23:30 - TradingSystem - INFO - 📊 Analyzing USUAL/USDT:USDT (MTF: 1h, 4h)...
2025-07-21 09:23:31 - TradingSystem - INFO - [Thread-5] [120] Analyzing ARK/USDT:USDT with MTF...
2025-07-21 09:23:31 - TradingSystem - INFO - 📈 Progress: 114/210 (54.3%) - Signals: 1
2025-07-21 09:23:31 - TradingSystem - INFO - 📊 Analyzing ARK/USDT:USDT (MTF: 1h, 4h)...
2025-07-21 09:23:31 - TradingSystem - INFO - [Thread-0] [121] Analyzing BEAM/USDT:USDT with MTF...
2025-07-21 09:23:31 - TradingSystem - INFO - 📈 Progress: 115/210 (54.8%) - Signals: 1
2025-07-21 09:23:31 - TradingSystem - INFO - 📊 Analyzing BEAM/USDT:USDT (MTF: 1h, 4h)...
2025-07-21 09:23:31 - TradingSystem - INFO - [Thread-1] [122] Analyzing SWELL/USDT:USDT with MTF...
2025-07-21 09:23:31 - TradingSystem - INFO - 📈 Progress: 116/210 (55.2%) - Signals: 1
2025-07-21 09:23:31 - TradingSystem - INFO - 📊 Analyzing SWELL/USDT:USDT (MTF: 1h, 4h)...
2025-07-21 09:23:31 - TradingSystem - INFO - [Thread-2] [123] Analyzing AIXBT/USDT:USDT with MTF...
2025-07-21 09:23:31 - TradingSystem - INFO - 📈 Progress: 117/210 (55.7%) - Signals: 1
2025-07-21 09:23:31 - TradingSystem - INFO - 📊 Analyzing AIXBT/USDT:USDT (MTF: 1h, 4h)...
2025-07-21 09:23:31 - TradingSystem - INFO - [Thread-3] [124] Analyzing SUSHI/USDT:USDT with MTF...
2025-07-21 09:23:31 - TradingSystem - INFO - 📈 Progress: 118/210 (56.2%) - Signals: 1
2025-07-21 09:23:31 - TradingSystem - INFO - 📊 Analyzing SUSHI/USDT:USDT (MTF: 1h, 4h)...
2025-07-21 09:23:32 - root - INFO - ✅ All technical indicators calculated successfully
2025-07-21 09:23:32 - root - INFO - ✅ All technical indicators calculated successfully
2025-07-21 09:23:32 - root - INFO - ✅ All technical indicators calculated successfully
2025-07-21 09:23:33 - root - INFO - ✅ All technical indicators calculated successfully
2025-07-21 09:23:33 - root - INFO - ✅ All technical indicators calculated successfully
2025-07-21 09:23:33 - root - INFO - ✅ All technical indicators calculated successfully
2025-07-21 09:23:35 - TradingSystem - INFO - [Thread-4] [125] Analyzing SYRUP/USDT:USDT with MTF...
2025-07-21 09:23:35 - TradingSystem - INFO - 📈 Progress: 119/210 (56.7%) - Signals: 1
2025-07-21 09:23:35 - TradingSystem - INFO - 📊 Analyzing SYRUP/USDT:USDT (MTF: 1h, 4h)...
2025-07-21 09:23:35 - TradingSystem - INFO - [Thread-5] [126] Analyzing ARKM/USDT:USDT with MTF...
2025-07-21 09:23:35 - TradingSystem - INFO - 📈 Progress: 120/210 (57.1%) - Signals: 1
2025-07-21 09:23:35 - TradingSystem - INFO - 📊 Analyzing ARKM/USDT:USDT (MTF: 1h, 4h)...
2025-07-21 09:23:35 - TradingSystem - INFO - 📈 Progress: 121/210 (57.6%) - Signals: 1
2025-07-21 09:23:35 - TradingSystem - INFO - [Thread-0] [127] Analyzing RESOLV/USDT:USDT with MTF...
2025-07-21 09:23:35 - TradingSystem - INFO - 📊 Analyzing RESOLV/USDT:USDT (MTF: 1h, 4h)...
2025-07-21 09:23:36 - TradingSystem - INFO - [Thread-1] [128] Analyzing DYDX/USDT:USDT with MTF...
2025-07-21 09:23:36 - TradingSystem - INFO - 📈 Progress: 122/210 (58.1%) - Signals: 1
2025-07-21 09:23:36 - TradingSystem - INFO - 📊 Analyzing DYDX/USDT:USDT (MTF: 1h, 4h)...
2025-07-21 09:23:36 - TradingSystem - INFO - [Thread-2] [129] Analyzing SOPH/USDT:USDT with MTF...
2025-07-21 09:23:36 - TradingSystem - INFO - 📈 Progress: 123/210 (58.6%) - Signals: 1
2025-07-21 09:23:36 - TradingSystem - INFO - 📊 Analyzing SOPH/USDT:USDT (MTF: 1h, 4h)...
2025-07-21 09:23:36 - TradingSystem - INFO - [Thread-3] [130] Analyzing CVX/USDT:USDT with MTF...
2025-07-21 09:23:36 - TradingSystem - INFO - 📊 Analyzing CVX/USDT:USDT (MTF: 1h, 4h)...
2025-07-21 09:23:36 - TradingSystem - INFO - 📈 Progress: 124/210 (59.0%) - Signals: 1
2025-07-21 09:23:37 - root - INFO - ✅ All technical indicators calculated successfully
2025-07-21 09:23:38 - root - INFO - ✅ All technical indicators calculated successfully
2025-07-21 09:23:38 - root - INFO - ✅ All technical indicators calculated successfully
2025-07-21 09:23:38 - root - INFO - ✅ All technical indicators calculated successfully
2025-07-21 09:23:38 - root - INFO - ✅ All technical indicators calculated successfully
2025-07-21 09:23:38 - root - INFO - ✅ All technical indicators calculated successfully
2025-07-21 09:23:40 - TradingSystem - INFO - [Thread-4] [131] Analyzing IOST/USDT:USDT with MTF...
2025-07-21 09:23:40 - TradingSystem - INFO - 📊 Analyzing IOST/USDT:USDT (MTF: 1h, 4h)...
2025-07-21 09:23:40 - TradingSystem - INFO - 📈 Progress: 125/210 (59.5%) - Signals: 1
2025-07-21 09:23:40 - TradingSystem - INFO - [Thread-5] [132] Analyzing ZRO/USDT:USDT with MTF...
2025-07-21 09:23:40 - TradingSystem - INFO - 📊 Analyzing ZRO/USDT:USDT (MTF: 1h, 4h)...
2025-07-21 09:23:40 - TradingSystem - INFO - 📈 Progress: 126/210 (60.0%) - Signals: 1
2025-07-21 09:23:40 - TradingSystem - INFO - [Thread-0] [133] Analyzing BERA/USDT:USDT with MTF...
2025-07-21 09:23:40 - TradingSystem - INFO - 📈 Progress: 127/210 (60.5%) - Signals: 1
2025-07-21 09:23:40 - TradingSystem - INFO - 📊 Analyzing BERA/USDT:USDT (MTF: 1h, 4h)...
2025-07-21 09:23:41 - TradingSystem - INFO - [Thread-1] [134] Analyzing AERGO/USDT:USDT with MTF...
2025-07-21 09:23:41 - TradingSystem - INFO - 📈 Progress: 128/210 (61.0%) - Signals: 1
2025-07-21 09:23:41 - TradingSystem - INFO - 📊 Analyzing AERGO/USDT:USDT (MTF: 1h, 4h)...
2025-07-21 09:23:41 - TradingSystem - INFO - [Thread-2] [135] Analyzing NOT/USDT:USDT with MTF...
2025-07-21 09:23:41 - TradingSystem - INFO - 📊 Analyzing NOT/USDT:USDT (MTF: 1h, 4h)...
2025-07-21 09:23:41 - TradingSystem - INFO - 📈 Progress: 129/210 (61.4%) - Signals: 1
2025-07-21 09:23:41 - TradingSystem - INFO - [Thread-3] [136] Analyzing MINA/USDT:USDT with MTF...
2025-07-21 09:23:41 - TradingSystem - INFO - 📈 Progress: 130/210 (61.9%) - Signals: 1
2025-07-21 09:23:41 - TradingSystem - INFO - 📊 Analyzing MINA/USDT:USDT (MTF: 1h, 4h)...
2025-07-21 09:23:43 - root - INFO - ✅ All technical indicators calculated successfully
2025-07-21 09:23:43 - root - INFO - ✅ All technical indicators calculated successfully
2025-07-21 09:23:43 - root - INFO - ✅ All technical indicators calculated successfully
2025-07-21 09:23:43 - root - INFO - ✅ All technical indicators calculated successfully
2025-07-21 09:23:43 - root - INFO - ✅ All technical indicators calculated successfully
2025-07-21 09:23:44 - root - INFO - ✅ All technical indicators calculated successfully
2025-07-21 09:23:45 - TradingSystem - INFO - [Thread-4] [137] Analyzing IMX/USDT:USDT with MTF...
2025-07-21 09:23:45 - TradingSystem - INFO - 📊 Analyzing IMX/USDT:USDT (MTF: 1h, 4h)...
2025-07-21 09:23:45 - TradingSystem - INFO - 📈 Progress: 131/210 (62.4%) - Signals: 1
2025-07-21 09:23:45 - TradingSystem - INFO - [Thread-5] [138] Analyzing W/USDT:USDT with MTF...
2025-07-21 09:23:45 - TradingSystem - INFO - 📈 Progress: 132/210 (62.9%) - Signals: 1
2025-07-21 09:23:46 - TradingSystem - INFO - 📊 Analyzing W/USDT:USDT (MTF: 1h, 4h)...
2025-07-21 09:23:46 - TradingSystem - INFO - [Thread-0] [139] Analyzing NXPC/USDT:USDT with MTF...
2025-07-21 09:23:46 - TradingSystem - INFO - 📊 Analyzing NXPC/USDT:USDT (MTF: 1h, 4h)...
2025-07-21 09:23:46 - TradingSystem - INFO - 📈 Progress: 133/210 (63.3%) - Signals: 1
2025-07-21 09:23:46 - TradingSystem - INFO - [Thread-1] [140] Analyzing MELANIA/USDT:USDT with MTF...
2025-07-21 09:23:46 - TradingSystem - INFO - 📊 Analyzing MELANIA/USDT:USDT (MTF: 1h, 4h)...
2025-07-21 09:23:46 - TradingSystem - INFO - 📈 Progress: 134/210 (63.8%) - Signals: 1
2025-07-21 09:23:46 - TradingSystem - INFO - [Thread-2] [141] Analyzing SPK/USDT:USDT with MTF...
2025-07-21 09:23:46 - TradingSystem - INFO - 📈 Progress: 135/210 (64.3%) - Signals: 1
2025-07-21 09:23:46 - TradingSystem - INFO - 📊 Analyzing SPK/USDT:USDT (MTF: 1h, 4h)...
2025-07-21 09:23:46 - TradingSystem - INFO - [Thread-3] [142] Analyzing NEIROETH/USDT:USDT with MTF...
2025-07-21 09:23:46 - TradingSystem - INFO - 📈 Progress: 136/210 (64.8%) - Signals: 1
2025-07-21 09:23:46 - TradingSystem - INFO - 📊 Analyzing NEIROETH/USDT:USDT (MTF: 1h, 4h)...
2025-07-21 09:23:47 - root - INFO - ✅ All technical indicators calculated successfully
2025-07-21 09:23:47 - root - INFO - ✅ All technical indicators calculated successfully
2025-07-21 09:23:48 - root - INFO - ✅ All technical indicators calculated successfully
2025-07-21 09:23:48 - root - INFO - ✅ All technical indicators calculated successfully
2025-07-21 09:23:48 - root - INFO - ✅ All technical indicators calculated successfully
2025-07-21 09:23:49 - root - INFO - ✅ All technical indicators calculated successfully
2025-07-21 09:23:50 - TradingSystem - INFO - [Thread-4] [143] Analyzing GRIFFAIN/USDT:USDT with MTF...
2025-07-21 09:23:50 - TradingSystem - INFO - 📊 Analyzing GRIFFAIN/USDT:USDT (MTF: 1h, 4h)...
2025-07-21 09:23:50 - TradingSystem - INFO - 📈 Progress: 137/210 (65.2%) - Signals: 1
2025-07-21 09:23:50 - TradingSystem - INFO - [Thread-5] [144] Analyzing BIGTIME/USDT:USDT with MTF...
2025-07-21 09:23:50 - TradingSystem - INFO - 📈 Progress: 138/210 (65.7%) - Signals: 1
2025-07-21 09:23:50 - TradingSystem - INFO - 📊 Analyzing BIGTIME/USDT:USDT (MTF: 1h, 4h)...
2025-07-21 09:23:51 - TradingSystem - INFO - [Thread-0] [145] Analyzing GRT/USDT:USDT with MTF...
2025-07-21 09:23:51 - TradingSystem - INFO - 📈 Progress: 139/210 (66.2%) - Signals: 1
2025-07-21 09:23:51 - TradingSystem - INFO - 📊 Analyzing GRT/USDT:USDT (MTF: 1h, 4h)...
2025-07-21 09:23:51 - TradingSystem - INFO - [Thread-1] [146] Analyzing MANA/USDT:USDT with MTF...
2025-07-21 09:23:51 - TradingSystem - INFO - 📊 Analyzing MANA/USDT:USDT (MTF: 1h, 4h)...
2025-07-21 09:23:51 - TradingSystem - INFO - 📈 Progress: 140/210 (66.7%) - Signals: 1
2025-07-21 09:23:51 - TradingSystem - INFO - [Thread-2] [147] Analyzing BANANAS31/USDT:USDT with MTF...
2025-07-21 09:23:51 - TradingSystem - INFO - 📊 Analyzing BANANAS31/USDT:USDT (MTF: 1h, 4h)...
2025-07-21 09:23:51 - TradingSystem - INFO - 📈 Progress: 141/210 (67.1%) - Signals: 1
2025-07-21 09:23:51 - TradingSystem - INFO - [Thread-3] [148] Analyzing BABY/USDT:USDT with MTF...
2025-07-21 09:23:51 - TradingSystem - INFO - 📊 Analyzing BABY/USDT:USDT (MTF: 1h, 4h)...
2025-07-21 09:23:51 - TradingSystem - INFO - 📈 Progress: 142/210 (67.6%) - Signals: 1
2025-07-21 09:23:53 - root - INFO - ✅ All technical indicators calculated successfully
2025-07-21 09:23:53 - root - INFO - ✅ All technical indicators calculated successfully
2025-07-21 09:23:53 - root - INFO - ✅ All technical indicators calculated successfully
2025-07-21 09:23:53 - root - INFO - ✅ All technical indicators calculated successfully
2025-07-21 09:23:53 - root - INFO - ✅ All technical indicators calculated successfully
2025-07-21 09:23:54 - root - INFO - ✅ All technical indicators calculated successfully
2025-07-21 09:23:55 - TradingSystem - INFO - [Thread-4] [149] Analyzing GMT/USDT:USDT with MTF...
2025-07-21 09:23:55 - TradingSystem - INFO - 📈 Progress: 143/210 (68.1%) - Signals: 1
2025-07-21 09:23:55 - TradingSystem - INFO - 📊 Analyzing GMT/USDT:USDT (MTF: 1h, 4h)...
2025-07-21 09:23:56 - TradingSystem - INFO - [Thread-5] [150] Analyzing 10000WEN/USDT:USDT with MTF...
2025-07-21 09:23:56 - TradingSystem - INFO - 📈 Progress: 144/210 (68.6%) - Signals: 1
2025-07-21 09:23:56 - TradingSystem - INFO - 📊 Analyzing 10000WEN/USDT:USDT (MTF: 1h, 4h)...
2025-07-21 09:23:56 - TradingSystem - INFO - [Thread-0] [151] Analyzing KAIA/USDT:USDT with MTF...
2025-07-21 09:23:56 - TradingSystem - INFO - 📊 Analyzing KAIA/USDT:USDT (MTF: 1h, 4h)...
2025-07-21 09:23:56 - TradingSystem - INFO - 📈 Progress: 145/210 (69.0%) - Signals: 1
2025-07-21 09:23:56 - TradingSystem - INFO - [Thread-1] [152] Analyzing DYM/USDT:USDT with MTF...
2025-07-21 09:23:56 - TradingSystem - INFO - 📈 Progress: 146/210 (69.5%) - Signals: 1
2025-07-21 09:23:56 - TradingSystem - INFO - 📊 Analyzing DYM/USDT:USDT (MTF: 1h, 4h)...
2025-07-21 09:23:56 - TradingSystem - INFO - [Thread-2] [153] Analyzing NEO/USDT:USDT with MTF...
2025-07-21 09:23:56 - TradingSystem - INFO - 📊 Analyzing NEO/USDT:USDT (MTF: 1h, 4h)...
2025-07-21 09:23:56 - TradingSystem - INFO - 📈 Progress: 147/210 (70.0%) - Signals: 1
2025-07-21 09:23:56 - TradingSystem - INFO - [Thread-3] [154] Analyzing DEEP/USDT:USDT with MTF...
2025-07-21 09:23:56 - TradingSystem - INFO - 📈 Progress: 148/210 (70.5%) - Signals: 1
2025-07-21 09:23:56 - TradingSystem - INFO - 📊 Analyzing DEEP/USDT:USDT (MTF: 1h, 4h)...
2025-07-21 09:23:58 - root - INFO - ✅ All technical indicators calculated successfully
2025-07-21 09:23:58 - root - INFO - ✅ All technical indicators calculated successfully
2025-07-21 09:23:58 - root - INFO - ✅ All technical indicators calculated successfully
2025-07-21 09:23:58 - root - INFO - ✅ All technical indicators calculated successfully
2025-07-21 09:23:58 - root - INFO - ✅ All technical indicators calculated successfully
2025-07-21 09:23:59 - root - INFO - ✅ All technical indicators calculated successfully
2025-07-21 09:24:00 - TradingSystem - INFO - [Thread-4] [155] Analyzing ME/USDT:USDT with MTF...
2025-07-21 09:24:00 - TradingSystem - INFO - 📈 Progress: 149/210 (71.0%) - Signals: 1
2025-07-21 09:24:00 - TradingSystem - INFO - 📊 Analyzing ME/USDT:USDT (MTF: 1h, 4h)...
2025-07-21 09:24:00 - TradingSystem - INFO - [Thread-5] [156] Analyzing ALT/USDT:USDT with MTF...
2025-07-21 09:24:00 - TradingSystem - INFO - 📊 Analyzing ALT/USDT:USDT (MTF: 1h, 4h)...
2025-07-21 09:24:00 - TradingSystem - INFO - 📈 Progress: 150/210 (71.4%) - Signals: 1
2025-07-21 09:24:00 - TradingSystem - INFO - [Thread-0] [157] Analyzing VET/USDT:USDT with MTF...
2025-07-21 09:24:00 - TradingSystem - INFO - 📈 Progress: 151/210 (71.9%) - Signals: 1
2025-07-21 09:24:00 - TradingSystem - INFO - 📊 Analyzing VET/USDT:USDT (MTF: 1h, 4h)...
2025-07-21 09:24:01 - TradingSystem - INFO - [Thread-1] [158] Analyzing PLUME/USDT:USDT with MTF...
2025-07-21 09:24:01 - TradingSystem - INFO - 📊 Analyzing PLUME/USDT:USDT (MTF: 1h, 4h)...
2025-07-21 09:24:01 - TradingSystem - INFO - 📈 Progress: 152/210 (72.4%) - Signals: 1
2025-07-21 09:24:01 - TradingSystem - INFO - [Thread-2] [159] Analyzing MOCA/USDT:USDT with MTF...
2025-07-21 09:24:01 - TradingSystem - INFO - 📈 Progress: 153/210 (72.9%) - Signals: 1
2025-07-21 09:24:01 - TradingSystem - INFO - 📊 Analyzing MOCA/USDT:USDT (MTF: 1h, 4h)...
2025-07-21 09:24:01 - TradingSystem - INFO - [Thread-3] [160] Analyzing TAIKO/USDT:USDT with MTF...
2025-07-21 09:24:01 - TradingSystem - INFO - 📈 Progress: 154/210 (73.3%) - Signals: 1
2025-07-21 09:24:01 - TradingSystem - INFO - 📊 Analyzing TAIKO/USDT:USDT (MTF: 1h, 4h)...
2025-07-21 09:24:03 - root - INFO - ✅ All technical indicators calculated successfully
2025-07-21 09:24:03 - root - INFO - ✅ All technical indicators calculated successfully
2025-07-21 09:24:03 - root - INFO - ✅ All technical indicators calculated successfully
2025-07-21 09:24:03 - root - INFO - ✅ All technical indicators calculated successfully
2025-07-21 09:24:03 - root - INFO - ✅ All technical indicators calculated successfully
2025-07-21 09:24:03 - root - INFO - ✅ All technical indicators calculated successfully
2025-07-21 09:24:05 - TradingSystem - INFO - [Thread-4] [161] Analyzing THETA/USDT:USDT with MTF...
2025-07-21 09:24:05 - TradingSystem - INFO - 📈 Progress: 155/210 (73.8%) - Signals: 1
2025-07-21 09:24:05 - TradingSystem - INFO - 📊 Analyzing THETA/USDT:USDT (MTF: 1h, 4h)...
2025-07-21 09:24:06 - TradingSystem - INFO - [Thread-5] [162] Analyzing MASK/USDT:USDT with MTF...
2025-07-21 09:24:06 - TradingSystem - INFO - 📈 Progress: 156/210 (74.3%) - Signals: 1
2025-07-21 09:24:06 - TradingSystem - INFO - 📊 Analyzing MASK/USDT:USDT (MTF: 1h, 4h)...
2025-07-21 09:24:06 - TradingSystem - INFO - [Thread-0] [163] Analyzing TAC/USDT:USDT with MTF...
2025-07-21 09:24:06 - TradingSystem - INFO - 📈 Progress: 157/210 (74.8%) - Signals: 1
2025-07-21 09:24:06 - TradingSystem - INFO - 📊 Analyzing TAC/USDT:USDT (MTF: 1h, 4h)...
2025-07-21 09:24:06 - TradingSystem - INFO - [Thread-1] [164] Analyzing REZ/USDT:USDT with MTF...
2025-07-21 09:24:06 - TradingSystem - INFO - 📈 Progress: 158/210 (75.2%) - Signals: 1
2025-07-21 09:24:06 - TradingSystem - INFO - 📊 Analyzing REZ/USDT:USDT (MTF: 1h, 4h)...
2025-07-21 09:24:06 - TradingSystem - INFO - [Thread-2] [165] Analyzing WCT/USDT:USDT with MTF...
2025-07-21 09:24:06 - TradingSystem - INFO - 📊 Analyzing WCT/USDT:USDT (MTF: 1h, 4h)...
2025-07-21 09:24:06 - TradingSystem - INFO - 📈 Progress: 159/210 (75.7%) - Signals: 1
2025-07-21 09:24:06 - TradingSystem - INFO - [Thread-3] [166] Analyzing ZETA/USDT:USDT with MTF...
2025-07-21 09:24:06 - TradingSystem - INFO - 📈 Progress: 160/210 (76.2%) - Signals: 1
2025-07-21 09:24:06 - TradingSystem - INFO - 📊 Analyzing ZETA/USDT:USDT (MTF: 1h, 4h)...
2025-07-21 09:24:08 - root - INFO - ✅ All technical indicators calculated successfully
2025-07-21 09:24:08 - root - INFO - ✅ All technical indicators calculated successfully
2025-07-21 09:24:08 - root - INFO - ✅ All technical indicators calculated successfully
2025-07-21 09:24:08 - root - INFO - ✅ All technical indicators calculated successfully
2025-07-21 09:24:08 - root - INFO - ✅ All technical indicators calculated successfully
2025-07-21 09:24:09 - root - INFO - ✅ All technical indicators calculated successfully
2025-07-21 09:24:11 - TradingSystem - INFO - [Thread-4] [167] Analyzing COMP/USDT:USDT with MTF...
2025-07-21 09:24:11 - TradingSystem - INFO - 📈 Progress: 161/210 (76.7%) - Signals: 1
2025-07-21 09:24:11 - TradingSystem - INFO - 📊 Analyzing COMP/USDT:USDT (MTF: 1h, 4h)...
2025-07-21 09:24:11 - TradingSystem - INFO - [Thread-5] [168] Analyzing ORDER/USDT:USDT with MTF...
2025-07-21 09:24:11 - TradingSystem - INFO - 📊 Analyzing ORDER/USDT:USDT (MTF: 1h, 4h)...
2025-07-21 09:24:11 - TradingSystem - INFO - 📈 Progress: 162/210 (77.1%) - Signals: 1
2025-07-21 09:24:11 - TradingSystem - INFO - [Thread-0] [169] Analyzing VELVET/USDT:USDT with MTF...
2025-07-21 09:24:11 - TradingSystem - INFO - 📈 Progress: 163/210 (77.6%) - Signals: 1
2025-07-21 09:24:11 - TradingSystem - INFO - 📊 Analyzing VELVET/USDT:USDT (MTF: 1h, 4h)...
2025-07-21 09:24:11 - TradingSystem - INFO - [Thread-1] [170] Analyzing UXLINK/USDT:USDT with MTF...
2025-07-21 09:24:11 - TradingSystem - INFO - 📈 Progress: 164/210 (78.1%) - Signals: 1
2025-07-21 09:24:11 - TradingSystem - INFO - 📊 Analyzing UXLINK/USDT:USDT (MTF: 1h, 4h)...
2025-07-21 09:24:11 - TradingSystem - INFO - [Thread-2] [171] Analyzing XDC/USDT:USDT with MTF...
2025-07-21 09:24:11 - TradingSystem - INFO - 📈 Progress: 165/210 (78.6%) - Signals: 1
2025-07-21 09:24:11 - TradingSystem - INFO - 📊 Analyzing XDC/USDT:USDT (MTF: 1h, 4h)...
2025-07-21 09:24:11 - TradingSystem - INFO - [Thread-3] [172] Analyzing IO/USDT:USDT with MTF...
2025-07-21 09:24:11 - TradingSystem - INFO - 📈 Progress: 166/210 (79.0%) - Signals: 1
2025-07-21 09:24:11 - TradingSystem - INFO - 📊 Analyzing IO/USDT:USDT (MTF: 1h, 4h)...
2025-07-21 09:24:13 - root - INFO - ✅ All technical indicators calculated successfully
2025-07-21 09:24:13 - root - INFO - ✅ All technical indicators calculated successfully
2025-07-21 09:24:13 - root - INFO - ✅ All technical indicators calculated successfully
2025-07-21 09:24:13 - root - INFO - ✅ All technical indicators calculated successfully
2025-07-21 09:24:13 - root - INFO - ✅ All technical indicators calculated successfully
2025-07-21 09:24:13 - root - INFO - ✅ All technical indicators calculated successfully
2025-07-21 09:24:16 - TradingSystem - INFO - [Thread-4] [173] Analyzing ZK/USDT:USDT with MTF...
2025-07-21 09:24:16 - TradingSystem - INFO - 📈 Progress: 167/210 (79.5%) - Signals: 1
2025-07-21 09:24:16 - TradingSystem - INFO - 📊 Analyzing ZK/USDT:USDT (MTF: 1h, 4h)...
2025-07-21 09:24:16 - TradingSystem - INFO - [Thread-5] [174] Analyzing MUBARAK/USDT:USDT with MTF...
2025-07-21 09:24:16 - TradingSystem - INFO - 📈 Progress: 168/210 (80.0%) - Signals: 1
2025-07-21 09:24:16 - TradingSystem - INFO - 📊 Analyzing MUBARAK/USDT:USDT (MTF: 1h, 4h)...
2025-07-21 09:24:16 - TradingSystem - INFO - [Thread-0] [175] Analyzing DOOD/USDT:USDT with MTF...
2025-07-21 09:24:16 - TradingSystem - INFO - 📈 Progress: 169/210 (80.5%) - Signals: 1
2025-07-21 09:24:16 - TradingSystem - INFO - 📊 Analyzing DOOD/USDT:USDT (MTF: 1h, 4h)...
2025-07-21 09:24:16 - TradingSystem - INFO - [Thread-1] [176] Analyzing IOTA/USDT:USDT with MTF...
2025-07-21 09:24:16 - TradingSystem - INFO - 📈 Progress: 170/210 (81.0%) - Signals: 1
2025-07-21 09:24:16 - TradingSystem - INFO - 📊 Analyzing IOTA/USDT:USDT (MTF: 1h, 4h)...
2025-07-21 09:24:16 - TradingSystem - INFO - [Thread-2] [177] Analyzing MNT/USDT:USDT with MTF...
2025-07-21 09:24:16 - TradingSystem - INFO - 📈 Progress: 171/210 (81.4%) - Signals: 1
2025-07-21 09:24:16 - TradingSystem - INFO - 📊 Analyzing MNT/USDT:USDT (MTF: 1h, 4h)...
2025-07-21 09:24:16 - TradingSystem - INFO - [Thread-3] [178] Analyzing RAYDIUM/USDT:USDT with MTF...
2025-07-21 09:24:16 - TradingSystem - INFO - 📈 Progress: 172/210 (81.9%) - Signals: 1
2025-07-21 09:24:16 - TradingSystem - INFO - 📊 Analyzing RAYDIUM/USDT:USDT (MTF: 1h, 4h)...
2025-07-21 09:24:18 - root - INFO - ✅ All technical indicators calculated successfully
2025-07-21 09:24:18 - root - INFO - ✅ All technical indicators calculated successfully
2025-07-21 09:24:18 - root - INFO - ✅ All technical indicators calculated successfully
2025-07-21 09:24:18 - root - INFO - ✅ All technical indicators calculated successfully
2025-07-21 09:24:19 - root - INFO - ✅ All technical indicators calculated successfully
2025-07-21 09:24:19 - root - INFO - ✅ All technical indicators calculated successfully
2025-07-21 09:24:19 - TradingSystem - INFO - [Thread-4] [179] Analyzing KAITO/USDT:USDT with MTF...
2025-07-21 09:24:19 - TradingSystem - INFO - 📊 Analyzing KAITO/USDT:USDT (MTF: 1h, 4h)...
2025-07-21 09:24:19 - TradingSystem - INFO - 📈 Progress: 173/210 (82.4%) - Signals: 1
2025-07-21 09:24:20 - TradingSystem - INFO - [Thread-5] [180] Analyzing SNT/USDT:USDT with MTF...
2025-07-21 09:24:20 - TradingSystem - INFO - 📈 Progress: 174/210 (82.9%) - Signals: 1
2025-07-21 09:24:20 - TradingSystem - INFO - 📊 Analyzing SNT/USDT:USDT (MTF: 1h, 4h)...
2025-07-21 09:24:21 - TradingSystem - INFO - [Thread-0] [181] Analyzing ARC/USDT:USDT with MTF...
2025-07-21 09:24:21 - TradingSystem - INFO - 📊 Analyzing ARC/USDT:USDT (MTF: 1h, 4h)...
2025-07-21 09:24:21 - TradingSystem - INFO - 📈 Progress: 175/210 (83.3%) - Signals: 1
2025-07-21 09:24:21 - TradingSystem - INFO - [Thread-1] [182] Analyzing AGT/USDT:USDT with MTF...
2025-07-21 09:24:21 - TradingSystem - INFO - 📈 Progress: 176/210 (83.8%) - Signals: 1
2025-07-21 09:24:21 - TradingSystem - INFO - 📊 Analyzing AGT/USDT:USDT (MTF: 1h, 4h)...
2025-07-21 09:24:21 - TradingSystem - INFO - [Thread-2] [183] Analyzing HAEDAL/USDT:USDT with MTF...
2025-07-21 09:24:21 - TradingSystem - INFO - 📈 Progress: 177/210 (84.3%) - Signals: 1
2025-07-21 09:24:21 - TradingSystem - INFO - 📊 Analyzing HAEDAL/USDT:USDT (MTF: 1h, 4h)...
2025-07-21 09:24:21 - TradingSystem - INFO - [Thread-3] [184] Analyzing THE/USDT:USDT with MTF...
2025-07-21 09:24:21 - TradingSystem - INFO - 📊 Analyzing THE/USDT:USDT (MTF: 1h, 4h)...
2025-07-21 09:24:21 - TradingSystem - INFO - 📈 Progress: 178/210 (84.8%) - Signals: 1
2025-07-21 09:24:23 - root - INFO - ✅ All technical indicators calculated successfully
2025-07-21 09:24:23 - root - INFO - ✅ All technical indicators calculated successfully
2025-07-21 09:24:23 - root - INFO - ✅ All technical indicators calculated successfully
2025-07-21 09:24:23 - root - INFO - ✅ All technical indicators calculated successfully
2025-07-21 09:24:23 - root - INFO - ✅ All technical indicators calculated successfully
2025-07-21 09:24:24 - root - INFO - ✅ All technical indicators calculated successfully
2025-07-21 09:24:26 - TradingSystem - INFO - [Thread-4] [185] Analyzing 1INCH/USDT:USDT with MTF...
2025-07-21 09:24:26 - TradingSystem - INFO - 📊 Analyzing 1INCH/USDT:USDT (MTF: 1h, 4h)...
2025-07-21 09:24:26 - TradingSystem - INFO - 📈 Progress: 179/210 (85.2%) - Signals: 1
2025-07-21 09:24:26 - TradingSystem - INFO - [Thread-5] [186] Analyzing GIGA/USDT:USDT with MTF...
2025-07-21 09:24:26 - TradingSystem - INFO - 📊 Analyzing GIGA/USDT:USDT (MTF: 1h, 4h)...
2025-07-21 09:24:26 - TradingSystem - INFO - 📈 Progress: 180/210 (85.7%) - Signals: 1
2025-07-21 09:24:26 - TradingSystem - INFO - [Thread-0] [187] Analyzing NEWT/USDT:USDT with MTF...
2025-07-21 09:24:26 - TradingSystem - INFO - 📊 Analyzing NEWT/USDT:USDT (MTF: 1h, 4h)...
2025-07-21 09:24:26 - TradingSystem - INFO - 📈 Progress: 181/210 (86.2%) - Signals: 1
2025-07-21 09:24:26 - TradingSystem - INFO - [Thread-1] [188] Analyzing AXS/USDT:USDT with MTF...
2025-07-21 09:24:26 - TradingSystem - INFO - 📊 Analyzing AXS/USDT:USDT (MTF: 1h, 4h)...
2025-07-21 09:24:26 - TradingSystem - INFO - 📈 Progress: 182/210 (86.7%) - Signals: 1
2025-07-21 09:24:26 - TradingSystem - INFO - [Thread-2] [189] Analyzing SOLAYER/USDT:USDT with MTF...
2025-07-21 09:24:26 - TradingSystem - INFO - 📈 Progress: 183/210 (87.1%) - Signals: 1
2025-07-21 09:24:26 - TradingSystem - INFO - 📊 Analyzing SOLAYER/USDT:USDT (MTF: 1h, 4h)...
2025-07-21 09:24:26 - TradingSystem - INFO - [Thread-3] [190] Analyzing OMNI/USDT:USDT with MTF...
2025-07-21 09:24:26 - TradingSystem - INFO - 📈 Progress: 184/210 (87.6%) - Signals: 1
2025-07-21 09:24:26 - TradingSystem - INFO - 📊 Analyzing OMNI/USDT:USDT (MTF: 1h, 4h)...
2025-07-21 09:24:28 - root - INFO - ✅ All technical indicators calculated successfully
2025-07-21 09:24:28 - root - INFO - ✅ All technical indicators calculated successfully
2025-07-21 09:24:28 - root - INFO - ✅ All technical indicators calculated successfully
2025-07-21 09:24:28 - root - INFO - ✅ All technical indicators calculated successfully
2025-07-21 09:24:28 - root - INFO - ✅ All technical indicators calculated successfully
2025-07-21 09:24:28 - root - INFO - ✅ All technical indicators calculated successfully
2025-07-21 09:24:31 - TradingSystem - INFO - [Thread-4] [191] Analyzing EGLD/USDT:USDT with MTF...
2025-07-21 09:24:31 - TradingSystem - INFO - 📈 Progress: 185/210 (88.1%) - Signals: 1
2025-07-21 09:24:31 - TradingSystem - INFO - 📊 Analyzing EGLD/USDT:USDT (MTF: 1h, 4h)...
2025-07-21 09:24:31 - TradingSystem - INFO - [Thread-5] [192] Analyzing AVAAI/USDT:USDT with MTF...
2025-07-21 09:24:31 - TradingSystem - INFO - 📈 Progress: 186/210 (88.6%) - Signals: 1
2025-07-21 09:24:31 - TradingSystem - INFO - 📊 Analyzing AVAAI/USDT:USDT (MTF: 1h, 4h)...
2025-07-21 09:24:31 - TradingSystem - INFO - [Thread-0] [193] Analyzing 10000QUBIC/USDT:USDT with MTF...
2025-07-21 09:24:31 - TradingSystem - INFO - 📊 Analyzing 10000QUBIC/USDT:USDT (MTF: 1h, 4h)...
2025-07-21 09:24:31 - TradingSystem - INFO - [Thread-1] [194] Analyzing HUMA/USDT:USDT with MTF...
2025-07-21 09:24:31 - TradingSystem - INFO - 📈 Progress: 187/210 (89.0%) - Signals: 1
2025-07-21 09:24:31 - TradingSystem - INFO - 📊 Analyzing HUMA/USDT:USDT (MTF: 1h, 4h)...
2025-07-21 09:24:31 - TradingSystem - INFO - 📈 Progress: 188/210 (89.5%) - Signals: 1
2025-07-21 09:24:31 - TradingSystem - INFO - [Thread-2] [195] Analyzing API3/USDT:USDT with MTF...
2025-07-21 09:24:31 - TradingSystem - INFO - 📊 Analyzing API3/USDT:USDT (MTF: 1h, 4h)...
2025-07-21 09:24:31 - TradingSystem - INFO - 📈 Progress: 189/210 (90.0%) - Signals: 1
2025-07-21 09:24:32 - TradingSystem - INFO - [Thread-3] [196] Analyzing CELO/USDT:USDT with MTF...
2025-07-21 09:24:32 - TradingSystem - INFO - 📈 Progress: 190/210 (90.5%) - Signals: 1
2025-07-21 09:24:32 - TradingSystem - INFO - 📊 Analyzing CELO/USDT:USDT (MTF: 1h, 4h)...
2025-07-21 09:24:33 - root - INFO - ✅ All technical indicators calculated successfully
2025-07-21 09:24:33 - root - INFO - ✅ All technical indicators calculated successfully
2025-07-21 09:24:33 - root - INFO - ✅ All technical indicators calculated successfully
2025-07-21 09:24:33 - root - INFO - ✅ All technical indicators calculated successfully
2025-07-21 09:24:33 - root - INFO - ✅ All technical indicators calculated successfully
2025-07-21 09:24:33 - root - INFO - ✅ All technical indicators calculated successfully
2025-07-21 09:24:36 - TradingSystem - INFO - [Thread-4] [197] Analyzing HOT/USDT:USDT with MTF...
2025-07-21 09:24:36 - TradingSystem - INFO - 📈 Progress: 191/210 (91.0%) - Signals: 1
2025-07-21 09:24:36 - TradingSystem - INFO - 📊 Analyzing HOT/USDT:USDT (MTF: 1h, 4h)...
2025-07-21 09:24:36 - TradingSystem - INFO - [Thread-5] [198] Analyzing LPT/USDT:USDT with MTF...
2025-07-21 09:24:36 - TradingSystem - INFO - 📈 Progress: 192/210 (91.4%) - Signals: 1
2025-07-21 09:24:36 - TradingSystem - INFO - 📊 Analyzing LPT/USDT:USDT (MTF: 1h, 4h)...
2025-07-21 09:24:36 - TradingSystem - INFO - [Thread-0] [199] Analyzing LA/USDT:USDT with MTF...
2025-07-21 09:24:36 - TradingSystem - INFO - 📈 Progress: 193/210 (91.9%) - Signals: 1
2025-07-21 09:24:36 - TradingSystem - INFO - 📊 Analyzing LA/USDT:USDT (MTF: 1h, 4h)...
2025-07-21 09:24:36 - TradingSystem - INFO - [Thread-1] [200] Analyzing CAKE/USDT:USDT with MTF...
2025-07-21 09:24:36 - TradingSystem - INFO - 📊 Analyzing CAKE/USDT:USDT (MTF: 1h, 4h)...
2025-07-21 09:24:36 - TradingSystem - INFO - 📈 Progress: 194/210 (92.4%) - Signals: 1
2025-07-21 09:24:37 - TradingSystem - INFO - [Thread-2] [201] Analyzing ES/USDT:USDT with MTF...
2025-07-21 09:24:37 - TradingSystem - INFO - 📈 Progress: 195/210 (92.9%) - Signals: 1
2025-07-21 09:24:37 - TradingSystem - INFO - 📊 Analyzing ES/USDT:USDT (MTF: 1h, 4h)...
2025-07-21 09:24:37 - TradingSystem - INFO - [Thread-3] [202] Analyzing KAVA/USDT:USDT with MTF...
2025-07-21 09:24:37 - TradingSystem - INFO - 📈 Progress: 196/210 (93.3%) - Signals: 1
2025-07-21 09:24:37 - TradingSystem - INFO - 📊 Analyzing KAVA/USDT:USDT (MTF: 1h, 4h)...
2025-07-21 09:24:37 - root - INFO - ✅ All technical indicators calculated successfully
2025-07-21 09:24:37 - root - INFO - ✅ All technical indicators calculated successfully
2025-07-21 09:24:38 - root - INFO - ✅ All technical indicators calculated successfully
2025-07-21 09:24:38 - root - INFO - ✅ All technical indicators calculated successfully
2025-07-21 09:24:38 - root - INFO - ✅ All technical indicators calculated successfully
2025-07-21 09:24:38 - root - INFO - ✅ All technical indicators calculated successfully
2025-07-21 09:24:40 - TradingSystem - INFO - [Thread-4] [203] Analyzing XMR/USDT:USDT with MTF...
2025-07-21 09:24:40 - TradingSystem - INFO - 📊 Analyzing XMR/USDT:USDT (MTF: 1h, 4h)...
2025-07-21 09:24:40 - TradingSystem - INFO - 📈 Progress: 197/210 (93.8%) - Signals: 1
2025-07-21 09:24:40 - TradingSystem - INFO - [Thread-5] [204] Analyzing ACT/USDT:USDT with MTF...
2025-07-21 09:24:40 - TradingSystem - INFO - 📊 Analyzing ACT/USDT:USDT (MTF: 1h, 4h)...
2025-07-21 09:24:40 - TradingSystem - INFO - 📈 Progress: 198/210 (94.3%) - Signals: 1
2025-07-21 09:24:41 - TradingSystem - INFO - [Thread-0] [205] Analyzing DEGEN/USDT:USDT with MTF...
2025-07-21 09:24:41 - TradingSystem - INFO - 📊 Analyzing DEGEN/USDT:USDT (MTF: 1h, 4h)...
2025-07-21 09:24:41 - TradingSystem - INFO - 📈 Progress: 199/210 (94.8%) - Signals: 1
2025-07-21 09:24:41 - TradingSystem - INFO - [Thread-1] [206] Analyzing SAGA/USDT:USDT with MTF...
2025-07-21 09:24:41 - TradingSystem - INFO - 📊 Analyzing SAGA/USDT:USDT (MTF: 1h, 4h)...
2025-07-21 09:24:41 - TradingSystem - INFO - 📈 Progress: 200/210 (95.2%) - Signals: 1
2025-07-21 09:24:41 - TradingSystem - INFO - [Thread-2] [207] Analyzing KDA/USDT:USDT with MTF...
2025-07-21 09:24:41 - TradingSystem - INFO - 📊 Analyzing KDA/USDT:USDT (MTF: 1h, 4h)...
2025-07-21 09:24:41 - TradingSystem - INFO - 📈 Progress: 201/210 (95.7%) - Signals: 1
2025-07-21 09:24:41 - TradingSystem - INFO - [Thread-3] [208] Analyzing BB/USDT:USDT with MTF...
2025-07-21 09:24:41 - TradingSystem - INFO - 📈 Progress: 202/210 (96.2%) - Signals: 1
2025-07-21 09:24:41 - TradingSystem - INFO - 📊 Analyzing BB/USDT:USDT (MTF: 1h, 4h)...
2025-07-21 09:24:42 - root - INFO - ✅ All technical indicators calculated successfully
2025-07-21 09:24:43 - root - INFO - ✅ All technical indicators calculated successfully
2025-07-21 09:24:43 - root - INFO - ✅ All technical indicators calculated successfully
2025-07-21 09:24:43 - root - INFO - ✅ All technical indicators calculated successfully
2025-07-21 09:24:43 - root - INFO - ✅ All technical indicators calculated successfully
2025-07-21 09:24:44 - root - INFO - ✅ All technical indicators calculated successfully
2025-07-21 09:24:45 - TradingSystem - INFO - [Thread-4] [209] Analyzing DOGS/USDT:USDT with MTF...
2025-07-21 09:24:45 - TradingSystem - INFO - 📊 Analyzing DOGS/USDT:USDT (MTF: 1h, 4h)...
2025-07-21 09:24:45 - TradingSystem - INFO - 📈 Progress: 203/210 (96.7%) - Signals: 1
2025-07-21 09:24:46 - TradingSystem - INFO - [Thread-5] [210] Analyzing MAGIC/USDT:USDT with MTF...
2025-07-21 09:24:46 - TradingSystem - INFO - 📊 Analyzing MAGIC/USDT:USDT (MTF: 1h, 4h)...
2025-07-21 09:24:46 - TradingSystem - INFO - 📈 Progress: 204/210 (97.1%) - Signals: 1
2025-07-21 09:24:46 - TradingSystem - INFO - 📈 Progress: 205/210 (97.6%) - Signals: 1
2025-07-21 09:24:46 - TradingSystem - INFO - 📈 Progress: 206/210 (98.1%) - Signals: 1
2025-07-21 09:24:46 - TradingSystem - INFO - 📈 Progress: 207/210 (98.6%) - Signals: 1
2025-07-21 09:24:46 - TradingSystem - INFO - 📈 Progress: 208/210 (99.0%) - Signals: 1
2025-07-21 09:24:48 - root - INFO - ✅ All technical indicators calculated successfully
2025-07-21 09:24:48 - root - INFO - ✅ All technical indicators calculated successfully
2025-07-21 09:24:49 - TradingSystem - INFO - 📈 Progress: 209/210 (99.5%) - Signals: 1
2025-07-21 09:24:49 - TradingSystem - INFO - 📈 Progress: 210/210 (100.0%) - Signals: 1
2025-07-21 09:24:49 - TradingSystem - INFO - ⚡ MTF PARALLEL ANALYSIS COMPLETED!
2025-07-21 09:24:49 - TradingSystem - INFO -    Execution Time: 217.3s
2025-07-21 09:24:49 - TradingSystem - INFO -    MTF Confirmations: Strong: 1, Partial: 0, None: 0
2025-07-21 09:24:49 - utils.csv_manager - INFO - 📊 Exporting results for scan ID: 20250721_092449
2025-07-21 09:24:49 - utils.csv_manager - INFO - ✅ Appended 1 signals to enhanced_bybit_signals_mtf_signals.csv
2025-07-21 09:24:49 - utils.csv_manager - INFO - ✅ Appended 1 opportunities to enhanced_bybit_signals_mtf_opportunities.csv
2025-07-21 09:24:49 - utils.csv_manager - INFO - ✅ Appended market summary to enhanced_bybit_signals_mtf_market_summary.csv
2025-07-21 09:24:49 - utils.csv_manager - INFO - ✅ Appended scan history to enhanced_bybit_signals_mtf_scan_history.csv
2025-07-21 09:24:49 - utils.csv_manager - INFO - 📄 CSV Export Complete (Scan ID: 20250721_092449):
2025-07-21 09:24:49 - utils.csv_manager - INFO -    Signals: enhanced_bybit_signals_mtf_signals.csv (0.0MB, 6 rows)
2025-07-21 09:24:49 - utils.csv_manager - INFO -    Opportunities: enhanced_bybit_signals_mtf_opportunities.csv (0.0MB, 6 rows)
2025-07-21 09:24:49 - utils.csv_manager - INFO -    Market Summary: enhanced_bybit_signals_mtf_market_summary.csv (0.0MB, 3 rows)
2025-07-21 09:24:49 - utils.csv_manager - INFO -    Scan History: enhanced_bybit_signals_mtf_scan_history.csv (0.0MB, 3 rows)
