2025-07-21 17:51:42 - TradingSystem - INFO - 🚀 COMPLETE ENHANCED SYSTEM WITH MULTI-TIMEFRAME & MYSQL DATABASE INITIALIZED!
2025-07-21 17:51:42 - TradingSystem - INFO - ✅ Multi-Timeframe Confirmation: Primary 15m, Confirmation 1h/4h
2025-07-21 17:51:42 - TradingSystem - INFO - ✅ Database: bybit_trading_system @ localhost
2025-07-21 17:51:42 - TradingSystem - INFO - 🚀 STARTING ENHANCED ANALYSIS WITH 15m→1h/4h MTF CONFIRMATION (PARALLEL + MYSQL)
2025-07-21 17:51:42 - TradingSystem - INFO - ==========================================================================================
2025-07-21 17:51:48 - TradingSystem - INFO - 📊 Analyzing 224 symbols with MTF confirmation...
2025-07-21 17:51:48 - TradingSystem - INFO -    Primary Timeframe: 15m
2025-07-21 17:51:48 - TradingSystem - INFO -    Confirmation Timeframes: 1h, 4h
2025-07-21 17:51:48 - TradingSystem - INFO -    MTF Weight Multiplier: 1.5x
2025-07-21 17:51:48 - TradingSystem - INFO -    Database: MySQL @ localhost
2025-07-21 17:53:16 - TradingSystem - WARNING - Insufficient 15m data for TA/USDT:USDT
2025-07-21 17:53:35 - visualization.charts - ERROR - Error adding Fibonacci levels: Invalid annotation position "middle right"
2025-07-21 17:54:04 - visualization.charts - INFO - ✅ Screenshot captured with Selenium: tradingview_RESOLVUSDTUSDT_screenshot_20250721_175403.png
2025-07-21 17:54:04 - visualization.charts - INFO - 📊 Chart saved: HTML=tradingview_RESOLVUSDTUSDT_chart_20250721_175336.html, Screenshot=charts/tradingview_RESOLVUSDTUSDT_screenshot_20250721_175403.png
2025-07-21 17:55:07 - TradingSystem - INFO - ⚡ 15m→1h/4h MTF PARALLEL ANALYSIS COMPLETED!
2025-07-21 17:55:07 - TradingSystem - INFO -    Execution Time: 205.6s
2025-07-21 17:55:07 - TradingSystem - INFO -    MTF Confirmations: Strong: 1, Partial: 0, None: 0
2025-07-21 17:55:07 - utils.database_manager - INFO - 📊 Saving results to MySQL database for scan ID: 20250721_175507
2025-07-21 17:55:07 - utils.database_manager - INFO - ✅ Created scan session: 20250721_175507 (ID: 8) - Primary: 15m, Confirmation: 1h, 4h
2025-07-21 17:55:07 - utils.database_manager - INFO - ✅ Saved 1 signals to MySQL database
2025-07-21 17:55:07 - utils.database_manager - INFO - ✅ Saved 1 opportunities to MySQL database
2025-07-21 17:55:07 - utils.database_manager - INFO - ✅ Saved market summary to MySQL database
2025-07-21 17:55:07 - utils.database_manager - INFO - 📄 MySQL Database Save Complete (Scan ID: 20250721_175507):
2025-07-21 17:55:07 - utils.database_manager - INFO -    Primary Timeframe: 15m
2025-07-21 17:55:07 - utils.database_manager - INFO -    Confirmation Timeframes: 1h, 4h
2025-07-21 17:55:07 - utils.database_manager - INFO -    Signals: 1
2025-07-21 17:55:07 - utils.database_manager - INFO -    Opportunities: 1
2025-07-21 17:55:07 - utils.database_manager - INFO -    Market Summary: ✅
2025-07-21 17:55:07 - utils.database_manager - INFO -    Performance Metrics: 0
