2025-07-23 01:52:46 - TradingSystem - INFO - 🤖 AUTO-TRADING CONFIGURATION:
2025-07-23 01:52:46 - TradingSystem - INFO - ==================================================
2025-07-23 01:52:46 - TradingSystem - INFO - 📊 Trading Parameters:
2025-07-23 01:52:46 - TradingSystem - INFO -    Leverage: max
2025-07-23 01:52:46 - TradingSystem - INFO -    Risk Amount per Trade: 5.0% of account balance
2025-07-23 01:52:46 - TradingSystem - INFO -    Max Concurrent Positions: 5
2025-07-23 01:52:46 - TradingSystem - INFO -    Max Executions per Scan: 2
2025-07-23 01:52:46 - TradingSystem - INFO -    Auto-Close Profit Target: 10.0%
2025-07-23 01:52:46 - TradingSystem - INFO - ⏰ Scheduling Parameters:
2025-07-23 01:52:46 - TradingSystem - INFO -    Daily Start Time: 01:00
2025-07-23 01:52:46 - TradingSystem - INFO -    Scan Interval: 0.5 hours (1800 seconds)
2025-07-23 01:52:46 - TradingSystem - INFO - 📈 Analysis Configuration:
2025-07-23 01:52:46 - TradingSystem - INFO -    Primary Timeframe: 30m
2025-07-23 01:52:46 - TradingSystem - INFO -    Confirmation Timeframes: 1h, 4h, 6h
2025-07-23 01:52:46 - TradingSystem - INFO -    MTF Confirmation Required: True
2025-07-23 01:52:46 - TradingSystem - INFO -    Min Volume 24h: $5,000,000.0
2025-07-23 01:52:46 - TradingSystem - INFO - ⚠️ Risk Management:
2025-07-23 01:52:46 - TradingSystem - INFO -    Risk per Trade: 5.0% of account balance
2025-07-23 01:52:46 - TradingSystem - INFO -    Max Total Risk Exposure: 25.0% of account balance
2025-07-23 01:52:46 - TradingSystem - INFO -    Max Leveraged Exposure: 25.0% × Max Leverage
2025-07-23 01:52:46 - TradingSystem - INFO -    Portfolio Risk Limit: 2.0%
2025-07-23 01:52:46 - TradingSystem - INFO - 🔧 Trading Mode: PRODUCTION
2025-07-23 01:52:46 - TradingSystem - INFO - 📱 Telegram Configuration:
2025-07-23 01:52:46 - TradingSystem - INFO -    Bot Token: Configured
2025-07-23 01:52:46 - TradingSystem - INFO -    User ID: 6708641837
2025-07-23 01:52:46 - TradingSystem - INFO - ==================================================
2025-07-23 01:52:55 - core.exchange - INFO - ✅ Connected to Bybit PRODUCTION with decrypted credentials
2025-07-23 01:52:55 - TradingSystem - INFO - 🚀 COMPLETE ENHANCED SYSTEM WITH MULTI-TIMEFRAME & MYSQL DATABASE INITIALIZED!
2025-07-23 01:52:57 - core.exchange - INFO - ✅ API connection test successful
2025-07-23 01:52:57 - bybit.autotrader - INFO - 🚀 Started auto-trading session: autotrader_20250723_015257
2025-07-23 01:52:57 - bybit.autotrader - INFO - ⚙️ Configuration:
2025-07-23 01:52:57 - bybit.autotrader - INFO -    Max concurrent positions: 5
2025-07-23 01:52:57 - bybit.autotrader - INFO -    Max executions per scan: 2
2025-07-23 01:52:57 - bybit.autotrader - INFO -    Risk amount per trade: 5.0 USDT
2025-07-23 01:52:57 - bybit.autotrader - INFO -    Leverage: max
2025-07-23 01:52:57 - bybit.autotrader - INFO -    Auto-close profit target: 10.0%
2025-07-23 01:52:57 - bybit.autotrader - INFO -    Scan interval: 0.5 hours
2025-07-23 01:52:57 - bybit.autotrader - INFO - 📊 Started position monitoring
2025-07-23 01:52:57 - bybit.autotrader - INFO - 🤖 Auto-trading loop started
2025-07-23 01:52:57 - bybit.autotrader - INFO - ⏰ Next scan scheduled for: 2025-07-23 02:00:00
2025-07-23 01:52:57 - bybit.autotrader - INFO - ⏳ Waiting 7.0 minutes...
2025-07-23 02:00:00 - bybit.autotrader - INFO - ⏰ Scan time reached: 2025-07-23 02:00:00
2025-07-23 02:00:00 - bybit.autotrader - INFO - 📊 Running signal analysis...
2025-07-23 02:00:00 - TradingSystem - INFO - 🚀 STARTING OPTIMIZED ANALYSIS WITH 30m→1h/4h/6h MTF CONFIRMATION
2025-07-23 02:00:00 - TradingSystem - INFO -    📊 Charts generated ONLY for top-ranked signals (after analysis complete)
2025-07-23 02:00:00 - TradingSystem - INFO - ==========================================================================================
2025-07-23 02:00:00 - TradingSystem - INFO - 📊 Analyzing 220 symbols with MTF confirmation...
2025-07-23 02:00:00 - TradingSystem - INFO -    Primary Timeframe: 30m
2025-07-23 02:00:00 - TradingSystem - INFO -    Confirmation Timeframes: 1h, 4h, 6h
2025-07-23 02:00:00 - TradingSystem - INFO -    MTF Weight Multiplier: 1.5x
2025-07-23 02:00:00 - TradingSystem - INFO -    Database: MySQL @ localhost
2025-07-23 02:00:00 - TradingSystem - INFO -    Chart Strategy: Top 5 signals only
2025-07-23 02:00:00 - TradingSystem - INFO - 📈 PHASE 1: Signal Generation (No Charts)
2025-07-23 02:00:39 - analysis.multi_timeframe - WARNING -    Insufficient 4h data for C/USDT:USDT
2025-07-23 02:00:40 - analysis.multi_timeframe - WARNING -    Insufficient 6h data for C/USDT:USDT
2025-07-23 02:01:00 - analysis.multi_timeframe - WARNING -    Insufficient 1h data for TA/USDT:USDT
2025-07-23 02:01:01 - analysis.multi_timeframe - WARNING -    Insufficient 4h data for TA/USDT:USDT
2025-07-23 02:01:02 - analysis.multi_timeframe - WARNING -    Insufficient 6h data for TA/USDT:USDT
2025-07-23 02:01:15 - analysis.multi_timeframe - WARNING -    Insufficient 4h data for ERA/USDT:USDT
2025-07-23 02:01:16 - analysis.multi_timeframe - WARNING -    Insufficient 6h data for ERA/USDT:USDT
2025-07-23 02:02:15 - TradingSystem - INFO - 📊 PHASE 2: Signal Ranking (206 signals in 135.2s)
2025-07-23 02:02:15 - TradingSystem - INFO - 🏆 Top 5 Signals After Ranking:
2025-07-23 02:02:15 - TradingSystem - INFO -    1. SUI/USDT:USDT BUY - 95% conf - MTF: STRONG
2025-07-23 02:02:15 - TradingSystem - INFO -    2. ADA/USDT:USDT BUY - 95% conf - MTF: STRONG
2025-07-23 02:02:15 - TradingSystem - INFO -    3. TRUMP/USDT:USDT BUY - 95% conf - MTF: STRONG
2025-07-23 02:02:15 - TradingSystem - INFO -    4. VIRTUAL/USDT:USDT BUY - 95% conf - MTF: STRONG
2025-07-23 02:02:15 - TradingSystem - INFO -    5. HBAR/USDT:USDT BUY - 95% conf - MTF: STRONG
2025-07-23 02:02:15 - TradingSystem - INFO - 📊 PHASE 3: Chart Generation (Top 5 signals only)
2025-07-23 02:02:15 - TradingSystem - INFO - 📊 Generating charts for TOP 5 signals only...
2025-07-23 02:03:37 - TradingSystem - INFO - ✅ Chart generation complete: 5/5 charts created
2025-07-23 02:03:37 - TradingSystem - INFO - ⚡ 30m→1h/4h/6h OPTIMIZED MTF ANALYSIS COMPLETED!
2025-07-23 02:03:37 - TradingSystem - INFO -    Total Execution Time: 217.7s
2025-07-23 02:03:37 - TradingSystem - INFO -    Signal Generation: 135.2s (206 signals)
2025-07-23 02:03:37 - TradingSystem - INFO -    Chart Generation: 82.5s (5 charts)
2025-07-23 02:03:37 - TradingSystem - INFO -    Chart Efficiency: 5/206 = 2.4% charted
2025-07-23 02:03:37 - TradingSystem - INFO -    MTF Confirmations: Strong: 30, Partial: 40, None: 136
2025-07-23 02:03:37 - bybit.autotrader - INFO - 📈 Generated 206 signals
2025-07-23 02:03:37 - bybit.autotrader - INFO - 💾 Saving results to MySQL database...
2025-07-23 02:03:38 - utils.database_manager - ERROR - Error saving signals to MySQL: (pymysql.err.DataError) (1406, "Data too long for column 'symbol' at row 138")
[SQL: INSERT INTO trading_signals (scan_session_id, timestamp, symbol, side, order_type, entry_price, current_price, stop_loss, take_profit_1, take_profit_2, confidence, original_confidence, mtf_boost, mtf_status, mtf_confirmed_timeframes, mtf_conflicting_ ... 206948 characters truncated ... ence_zones__205)s, %(entry_methods__205)s) RETURNING trading_signals.id, trading_signals.id AS id__1]
[parameters: {'order_type__0': 'limit', 'risk_reward_ratio__0': 2.800000000000006, 'signal_type__0': 'enhanced_multi_method', 'timestamp__0': datetime.datetime(2025, 7, 23, 1, 3, 37, 842930), 'confluence_zones__0': '[{"price": 3.976611002897406, "strength": 145, "importance": 7, "confluence_count": 4, "methods": ["fib_23.6%", "hvn", "hvn", "vwap"], "distance_from ... (1413 characters truncated) ... unt": 2, "methods": ["volume_poc", "hvn"], "distance_from_current": 0.0089181440404107, "zone_type": "resistance", "total_score": 9.955409279797946}]', 'mtf_confirmation_strength__0': 1.0, 'volume_score__0': 0.00014482267000438223, 'entry_methods__0': '{"volume_profile": {"entry_price": 3.9723867346938775, "confidence": 0.95, "method": "volume_profile", "supporting_data": {"poc": 4.0109540816326525, ... (55 characters truncated) ... hvn_count": 10}}, "confluence_zones": 4, "technical_analysis": true, "stoch_rsi_oversold": false, "stoch_rsi_bullish_cross": false, "ichimoku": true}', 'take_profit_2__0': 4.20277747155797, 'execution_attempted__0': 0, 'chart_file__0': 'charts/tradingview_SUIUSDTUSDT_screenshot_20250723_020228.png', 'mtf_confirmation_count__0': 3, 'volume_24h__0': 538039120.274, 'priority_boost__0': 100, 'mtf_status__0': 'STRONG', 'mtf_boost__0': 4.0, 'symbol__0': 'SUI/USDT:USDT', 'mtf_conflicting_timeframes__0': '[]', 'price_change_24h__0': 0.3508, 'total_risk_score__0': 0.1, 'current_price__0': 3.9755, 'stop_loss__0': 3.8672182546549534, 'selected_for_execution__0': 0, 'technical_summary__0': '{"trend": {"direction": "Strong Bullish", "score": 4, "sma_alignment": true, "ema_alignment": true}, "momentum": {"rsi": 53.90845408751513, "status": ... (292 characters truncated) ...  "ratio": 0.00014482267000438223, "spike_detected": false}, "ichimoku": {"status": "Bullish", "price_above_cloud": true, "tenkan_above_kijun": true}}', 'scan_session_id__0': 1, 'confidence__0': 95.0, 'fibonacci_data__0': '{"trend": "uptrend", "swing_high": 4.0355, "swing_low": 3.8013, "range": 0.23419999999999996, "levels": {"0.0%": 4.0355, "23.6%": 3.9802288, "38.2%": ... (268 characters truncated) ... 42, "127.2%": 26, "141.4%": 7, "161.8%": 4}, "key_levels": {"golden_ratio": 3.8907644, "half_retracement": 3.9184, "shallow_retracement": 3.9460356}}', 'confluence_zones_count__0': 7, 'risk_level__0': 'Low', 'take_profit_1__0': 4.09681140306228, 'original_confidence__0': 91.0, 'entry_price__0': 3.9555233117346944, 'mtf_confirmed_timeframes__0': '["1h", "4h", "6h"]', 'fibonacci_score__0': 0.0, 'execution_error__0': None, 'technical_score__0': 4.0, 'position_id__0': None, 'execution_successful__0': 0, 'volume_profile_data__0': '{"poc": 4.0109540816326525, "vah": 4.0495214285714285, "val": 3.856684693877551, "hvn_levels": [3.875968367346939, 3.8952520408163265, 3.914535714285 ... (8704 characters truncated) ... 074.600001175, 12618466.800001174, 12177290.400001174, 11956702.200001175], "total_volume": 1543322729.0, "value_area_volume_pct": 70.30897145557428}', 'side__0': 'buy', 'order_type__1': 'limit', 'risk_reward_ratio__1': 2.800000000000006, 'signal_type__1': 'enhanced_multi_method', 'timestamp__1': datetime.datetime(2025, 7, 23, 1, 3, 37, 842938), 'confluence_zones__1': '[{"price": 0.8637476321428572, "strength": 50, "importance": 7, "confluence_count": 4, "methods": ["fib_78.6%", "hvn", "hvn", "sma_200"], "distance_f ... (1348 characters truncated) ...  "methods": ["bb_upper", "resistance"], "distance_from_current": 0.014926478413400035, "zone_type": "resistance", "total_score": 5.9253676079329995}]', 'mtf_confirmation_strength__1': 1.0, 'volume_score__1': 6.994344964403772e-05, 'entry_methods__1': '{"volume_profile": {"entry_price": 0.8719622448979591, "confidence": 0.7874311920300721, "method": "volume_profile", "supporting_data": {"poc": 0.745 ... (70 characters truncated) ... hvn_count": 10}}, "confluence_zones": 6, "technical_analysis": true, "stoch_rsi_oversold": false, "stoch_rsi_bullish_cross": false, "ichimoku": true}', 'take_profit_2__1': 0.9379543308837506, 'execution_attempted__1': 0 ... 8140 parameters truncated ... 'original_confidence__204': 73.0, 'entry_price__204': 0.039953192849229845, 'mtf_confirmed_timeframes__204': '[]', 'fibonacci_score__204': 0.0, 'execution_error__204': None, 'technical_score__204': 1.0, 'position_id__204': None, 'execution_successful__204': 0, 'volume_profile_data__204': '{"poc": 0.043585204081632654, "vah": 0.05602663265306123, "val": 0.04121540816326531, "hvn_levels": [0.04121540816326531, 0.04180785714285715, 0.0424 ... (9556 characters truncated) ... 98972, -16596939.39999897, -17237667.519998968, -17215945.359998967], "total_volume": 2572774611.1999993, "value_area_volume_pct": 70.02306303698025}', 'side__204': 'buy', 'order_type__205': 'market', 'risk_reward_ratio__205': 2.800000000000007, 'signal_type__205': 'enhanced_multi_method', 'timestamp__205': datetime.datetime(2025, 7, 23, 1, 3, 37, 843638), 'confluence_zones__205': '[{"price": 0.006946842609334663, "strength": 108, "importance": 11, "confluence_count": 6, "methods": ["fib_50.0%", "fib_61.8%", "hvn", "bb_lower", " ... (1193 characters truncated) ... unt": 2, "methods": ["volume_vah", "hvn"], "distance_from_current": 0.2822222286889946, "zone_type": "resistance", "total_score": 6.588888856555027}]', 'mtf_confirmation_strength__205': 0.0, 'volume_score__205': 0.03664562548086901, 'entry_methods__205': '{"volume_profile": {"entry_price": 0.0069549183673469385, "confidence": 0.9171800475501759, "method": "volume_profile", "supporting_data": {"poc": 0. ... (81 characters truncated) ... _count": 10}}, "confluence_zones": 4, "technical_analysis": true, "stoch_rsi_overbought": false, "stoch_rsi_bearish_cross": false, "ichimoku": false}', 'take_profit_2__205': 0.006598332910623027, 'execution_attempted__205': 0, 'chart_file__205': None, 'mtf_confirmation_count__205': 0, 'volume_24h__205': 5559384.7258, 'priority_boost__205': 0, 'mtf_status__205': 'NONE', 'mtf_boost__205': 0.0, 'symbol__205': 'BANANAS31/USDT:USDT', 'mtf_conflicting_timeframes__205': '["1h", "6h"]', 'price_change_24h__205': 1.081, 'total_risk_score__205': 0.14863828216454128, 'current_price__205': 0.007013, 'stop_loss__205': 0.0071610953890632045, 'selected_for_execution__205': 0, 'technical_summary__205': '{"trend": {"direction": "Strong Bullish", "score": 3, "sma_alignment": true, "ema_alignment": true}, "momentum": {"rsi": 53.91167183347815, "status": ... (290 characters truncated) ... w", "ratio": 0.03664562548086901, "spike_detected": false}, "ichimoku": {"status": "Bullish", "price_above_cloud": true, "tenkan_above_kijun": true}}', 'scan_session_id__205': 1, 'confidence__205': 73.0, 'fibonacci_data__205': '{"trend": "uptrend", "swing_high": 0.007107, "swing_low": 0.0068, "range": 0.000307, "levels": {"0.0%": 0.007107, "23.6%": 0.007034548, "38.2%": 0.00 ... (303 characters truncated) ... "141.4%": 26, "161.8%": 14}, "key_levels": {"golden_ratio": 0.006917273999999999, "half_retracement": 0.0069535, "shallow_retracement": 0.006989726}}', 'confluence_zones_count__205': 6, 'risk_level__205': 'Low', 'take_profit_1__205': 0.006776047377498873, 'original_confidence__205': 73.0, 'entry_price__205': 0.007013, 'mtf_confirmed_timeframes__205': '[]', 'fibonacci_score__205': 0.0, 'execution_error__205': None, 'technical_score__205': 3.0, 'position_id__205': None, 'execution_successful__205': 0, 'volume_profile_data__205': '{"poc": 0.008539489795918367, "vah": 0.00899222448979592, "val": 0.006728551020408162, "hvn_levels": [0.006728551020408162, 0.0069549183673469385, 0. ... (8136 characters truncated) ... .0, -660850760.0, -673893320.0, -673893320.0, -686935880.0, -686935880.0], "total_volume": 33999998200.0, "value_area_volume_pct": 68.49373533202127}', 'side__205': 'sell'}]
(Background on this error at: https://sqlalche.me/e/20/9h9h)
2025-07-23 02:03:38 - utils.database_manager - ERROR - Error saving opportunities to MySQL: (pymysql.err.DataError) (1406, "Data too long for column 'symbol' at row 148")
[SQL: INSERT INTO trading_opportunities (scan_session_id, timestamp, rank, symbol, side, order_type, confidence, original_confidence, mtf_boost, entry_price, current_price, stop_loss, take_profit_1, take_profit_2, risk_reward_ratio, volume_24h, total_score ... 163501 characters truncated ... %(execution_successful__205)s) RETURNING trading_opportunities.id, trading_opportunities.id AS id__1]
[parameters: {'order_type__0': 'limit', 'risk_reward_ratio__0': 1.600000000000002, 'signal_type__0': 'enhanced_multi_method', 'timestamp__0': datetime.datetime(2025, 7, 23, 1, 3, 38, 62530), 'mtf_confirmation_strength__0': 1.0, 'mtf_conflicting__0': '[]', 'technical_strength__0': 0.0, 'volume_score__0': 0.0, 'rank__0': 1, 'take_profit_2__0': 4.20277747155797, 'distance_from_current__0': 0.0, 'execution_attempted__0': 0, 'chart_file__0': 'charts/tradingview_SUIUSDTUSDT_screenshot_20250723_020228.png', 'mtf_confirmation_count__0': 3, 'volume_24h__0': 538039120.274, 'priority_boost__0': 100, 'mtf_status__0': 'STRONG', 'mtf_boost__0': 4.0, 'symbol__0': 'SUI/USDT:USDT', 'mtf_confirmed__0': '["1h", "4h", "6h"]', 'mtf_total_timeframes__0': 3, 'current_price__0': 3.9755, 'stop_loss__0': 3.8672182546549534, 'selected_for_execution__0': 0, 'total_score__0': 0.9374501002312638, 'scan_session_id__0': 1, 'confidence__0': 95.0, 'risk_level__0': 'Low', 'take_profit_1__0': 4.09681140306228, 'original_confidence__0': 91.0, 'entry_price__0': 3.9555233117346944, 'execution_successful__0': 0, 'side__0': 'buy', 'order_type__1': 'limit', 'risk_reward_ratio__1': 1.6000000000000016, 'signal_type__1': 'enhanced_multi_method', 'timestamp__1': datetime.datetime(2025, 7, 23, 1, 3, 38, 62534), 'mtf_confirmation_strength__1': 1.0, 'mtf_conflicting__1': '[]', 'technical_strength__1': 0.0, 'volume_score__1': 0.0, 'rank__1': 2, 'take_profit_2__1': 0.29008554304679374, 'distance_from_current__1': 0.0, 'execution_attempted__1': 0, 'chart_file__1': 'charts/tradingview_HBARUSDTUSDT_screenshot_20250723_020335.png', 'mtf_confirmation_count__1': 3, 'volume_24h__1': 122872939.3703, 'priority_boost__1': 100, 'mtf_status__1': 'STRONG' ... 6698 parameters truncated ... 'mtf_status__204': 'NONE', 'mtf_boost__204': 0.0, 'symbol__204': 'SWELL/USDT:USDT', 'mtf_confirmed__204': '[]', 'mtf_total_timeframes__204': 3, 'current_price__204': 0.01613, 'stop_loss__204': 0.013714706076964005, 'selected_for_execution__204': 0, 'total_score__204': 0.36595929053960013, 'scan_session_id__204': 1, 'confidence__204': 76.0, 'risk_level__204': 'Medium', 'take_profit_1__204': 0.016651657351687523, 'original_confidence__204': 76.0, 'entry_price__204': 0.014844302721088434, 'execution_successful__204': 0, 'side__204': 'buy', 'order_type__205': 'limit', 'risk_reward_ratio__205': 1.6000000000000005, 'signal_type__205': 'enhanced_multi_method', 'timestamp__205': datetime.datetime(2025, 7, 23, 1, 3, 38, 62790), 'mtf_confirmation_strength__205': 0.0, 'mtf_conflicting__205': '[]', 'technical_strength__205': 0.0, 'volume_score__205': 0.0, 'rank__205': 206, 'take_profit_2__205': 0.27890186256596233, 'distance_from_current__205': 0.0, 'execution_attempted__205': 0, 'chart_file__205': None, 'mtf_confirmation_count__205': 0, 'volume_24h__205': 6413172.4838, 'priority_boost__205': 0, 'mtf_status__205': 'NONE', 'mtf_boost__205': 0.0, 'symbol__205': 'ICNT/USDT:USDT', 'mtf_confirmed__205': '[]', 'mtf_total_timeframes__205': 3, 'current_price__205': 0.2621, 'stop_loss__205': 0.23866662707192307, 'selected_for_execution__205': 0, 'total_score__205': 0.36160256634703164, 'scan_session_id__205': 1, 'confidence__205': 76.0, 'risk_level__205': 'Medium', 'take_profit_1__205': 0.2661959987257394, 'original_confidence__205': 76.0, 'entry_price__205': 0.2492548469387755, 'execution_successful__205': 0, 'side__205': 'buy'}]
(Background on this error at: https://sqlalche.me/e/20/9h9h)
2025-07-23 02:03:38 - bybit.autotrader - INFO - 🎯 Executing 2 trades (available slots: 2)
2025-07-23 02:03:38 - bybit.autotrader - INFO - 📝 Executing trade 1/2: SUI/USDT:USDT
2025-07-23 02:03:38 - bybit.autotrader - INFO - 🚀 Placing BUY order for SUI/USDT:USDT
2025-07-23 02:03:40 - bybit.autotrader - INFO - 💰 Risk calculation:
2025-07-23 02:03:40 - bybit.autotrader - INFO -    Account Balance: 17.53917562 USDT
2025-07-23 02:03:40 - bybit.autotrader - INFO -    Risk Percentage: 5.0%
2025-07-23 02:03:40 - bybit.autotrader - INFO -    Risk Amount: 0.8769587810000001 USDT
2025-07-23 02:03:40 - bybit.autotrader - INFO -    Position Size: 11.085243492287876 units
2025-07-23 02:03:40 - bybit.autotrader - INFO -    Required Margin: 0.8769587810000001 USDT
2025-07-23 02:03:40 - bybit.autotrader - INFO - ✅ Entry order placed: b5473d68-774a-4a22-86c4-94908df2e4fd
2025-07-23 02:03:40 - bybit.autotrader - INFO - ✅ Trade executed: SUI/USDT:USDT (95.0% confidence, MTF: STRONG)
2025-07-23 02:03:41 - httpx - INFO - HTTP Request: POST https://api.telegram.org/bot8088506547:AAHZZxiY_wlh48IN4ldPNRJtM9qi7qxfLdM/sendMessage "HTTP/1.1 200 OK"
2025-07-23 02:03:41 - bybit.autotrader - INFO - 📝 Executing trade 2/2: HBAR/USDT:USDT
2025-07-23 02:03:41 - bybit.autotrader - INFO - 🚀 Placing BUY order for HBAR/USDT:USDT
2025-07-23 02:03:44 - bybit.autotrader - INFO - 💰 Risk calculation:
2025-07-23 02:03:44 - bybit.autotrader - INFO -    Account Balance: 16.70500022 USDT
2025-07-23 02:03:44 - bybit.autotrader - INFO -    Risk Percentage: 5.0%
2025-07-23 02:03:44 - bybit.autotrader - INFO -    Risk Amount: 0.835250011 USDT
2025-07-23 02:03:44 - bybit.autotrader - INFO -    Position Size: 231.93724425283617 units
2025-07-23 02:03:44 - bybit.autotrader - INFO -    Required Margin: 0.835250011 USDT
2025-07-23 02:03:45 - bybit.autotrader - INFO - ✅ Entry order placed: 6262d201-a14f-4e35-9fc9-e0e81af3dd4e
2025-07-23 02:03:45 - bybit.autotrader - INFO - ✅ Trade executed: HBAR/USDT:USDT (95.0% confidence, MTF: STRONG)
2025-07-23 02:03:45 - httpx - INFO - HTTP Request: POST https://api.telegram.org/bot8088506547:AAHZZxiY_wlh48IN4ldPNRJtM9qi7qxfLdM/sendMessage "HTTP/1.1 200 OK"
2025-07-23 02:03:45 - bybit.autotrader - INFO - 📊 Scan complete - Signals: 206, Executed: 2
2025-07-23 02:03:46 - httpx - INFO - HTTP Request: POST https://api.telegram.org/bot8088506547:AAHZZxiY_wlh48IN4ldPNRJtM9qi7qxfLdM/sendMessage "HTTP/1.1 200 OK"
2025-07-23 02:03:46 - bybit.autotrader - INFO - ⏰ Next scan scheduled for: 2025-07-23 02:30:00
2025-07-23 02:03:46 - bybit.autotrader - INFO - ⏳ Waiting 26.2 minutes...
2025-07-23 02:06:32 - bybit.autotrader - INFO - 🎯 Auto-close triggered for XRP/USDT:USDT: 12.62% profit (target: 10.0%)
2025-07-23 02:06:33 - bybit.autotrader - INFO - ✅ Closed position XRP/USDT:USDT - Profit target reached
2025-07-23 02:19:12 - bybit.autotrader - INFO - 🎯 Auto-close triggered for SUI/USDT:USDT: 12.26% profit (target: 10.0%)
2025-07-23 02:19:13 - bybit.autotrader - INFO - ✅ Closed position SUI/USDT:USDT - Profit target reached
2025-07-23 02:21:22 - bybit.autotrader - INFO - 🎯 Auto-close triggered for MOODENG/USDT:USDT: 10.22% profit (target: 10.0%)
2025-07-23 02:21:24 - bybit.autotrader - INFO - ✅ Closed position MOODENG/USDT:USDT - Profit target reached
2025-07-23 02:30:00 - bybit.autotrader - INFO - ⏰ Scan time reached: 2025-07-23 02:30:00
2025-07-23 02:30:00 - bybit.autotrader - INFO - 📊 Running signal analysis...
2025-07-23 02:30:00 - TradingSystem - INFO - 🚀 STARTING OPTIMIZED ANALYSIS WITH 30m→1h/4h/6h MTF CONFIRMATION
2025-07-23 02:30:00 - TradingSystem - INFO -    📊 Charts generated ONLY for top-ranked signals (after analysis complete)
2025-07-23 02:30:00 - TradingSystem - INFO - ==========================================================================================
2025-07-23 02:30:00 - TradingSystem - INFO - 📊 Analyzing 214 symbols with MTF confirmation...
2025-07-23 02:30:00 - TradingSystem - INFO -    Primary Timeframe: 30m
2025-07-23 02:30:00 - TradingSystem - INFO -    Confirmation Timeframes: 1h, 4h, 6h
2025-07-23 02:30:00 - TradingSystem - INFO -    MTF Weight Multiplier: 1.5x
2025-07-23 02:30:00 - TradingSystem - INFO -    Database: MySQL @ localhost
2025-07-23 02:30:00 - TradingSystem - INFO -    Chart Strategy: Top 5 signals only
2025-07-23 02:30:00 - TradingSystem - INFO - 📈 PHASE 1: Signal Generation (No Charts)
2025-07-23 02:30:42 - analysis.multi_timeframe - WARNING -    Insufficient 4h data for C/USDT:USDT
2025-07-23 02:30:43 - analysis.multi_timeframe - WARNING -    Insufficient 6h data for C/USDT:USDT
2025-07-23 02:31:17 - analysis.multi_timeframe - WARNING -    Insufficient 4h data for ERA/USDT:USDT
2025-07-23 02:31:18 - analysis.multi_timeframe - WARNING -    Insufficient 6h data for ERA/USDT:USDT
2025-07-23 02:32:17 - TradingSystem - INFO - 📊 PHASE 2: Signal Ranking (199 signals in 137.1s)
2025-07-23 02:32:17 - TradingSystem - INFO - 🏆 Top 5 Signals After Ranking:
2025-07-23 02:32:17 - TradingSystem - INFO -    1. SUI/USDT:USDT BUY - 95% conf - MTF: STRONG
2025-07-23 02:32:17 - TradingSystem - INFO -    2. TRUMP/USDT:USDT BUY - 95% conf - MTF: STRONG
2025-07-23 02:32:17 - TradingSystem - INFO -    3. VIRTUAL/USDT:USDT BUY - 95% conf - MTF: STRONG
2025-07-23 02:32:17 - TradingSystem - INFO -    4. APT/USDT:USDT BUY - 95% conf - MTF: STRONG
2025-07-23 02:32:17 - TradingSystem - INFO -    5. RESOLV/USDT:USDT BUY - 95% conf - MTF: STRONG
2025-07-23 02:32:17 - TradingSystem - INFO - 📊 PHASE 3: Chart Generation (Top 5 signals only)
2025-07-23 02:32:17 - TradingSystem - INFO - 📊 Generating charts for TOP 5 signals only...
2025-07-23 02:33:33 - TradingSystem - INFO - ✅ Chart generation complete: 5/5 charts created
2025-07-23 02:33:33 - TradingSystem - INFO - ⚡ 30m→1h/4h/6h OPTIMIZED MTF ANALYSIS COMPLETED!
2025-07-23 02:33:33 - TradingSystem - INFO -    Total Execution Time: 213.3s
2025-07-23 02:33:33 - TradingSystem - INFO -    Signal Generation: 137.1s (199 signals)
2025-07-23 02:33:33 - TradingSystem - INFO -    Chart Generation: 76.2s (5 charts)
2025-07-23 02:33:33 - TradingSystem - INFO -    Chart Efficiency: 5/199 = 2.5% charted
2025-07-23 02:33:33 - TradingSystem - INFO -    MTF Confirmations: Strong: 25, Partial: 38, None: 136
2025-07-23 02:33:33 - bybit.autotrader - INFO - 📈 Generated 199 signals
2025-07-23 02:33:33 - bybit.autotrader - INFO - 💾 Saving results to MySQL database...
2025-07-23 02:33:33 - utils.database_manager - ERROR - Error saving signals to MySQL: (pymysql.err.DataError) (1406, "Data too long for column 'symbol' at row 161")
[SQL: INSERT INTO trading_signals (scan_session_id, timestamp, symbol, side, order_type, entry_price, current_price, stop_loss, take_profit_1, take_profit_2, confidence, original_confidence, mtf_boost, mtf_status, mtf_confirmed_timeframes, mtf_conflicting_ ... 199780 characters truncated ... ence_zones__198)s, %(entry_methods__198)s) RETURNING trading_signals.id, trading_signals.id AS id__1]
[parameters: {'order_type__0': 'limit', 'risk_reward_ratio__0': 2.8000000000000043, 'signal_type__0': 'enhanced_multi_method', 'timestamp__0': datetime.datetime(2025, 7, 23, 1, 33, 33, 451595), 'confluence_zones__0': '[{"price": 3.980914565983599, "strength": 149, "importance": 10, "confluence_count": 5, "methods": ["fib_23.6%", "volume_poc", "hvn", "hvn", "vwap"], ... (1199 characters truncated) ... methods": ["fib_78.6%", "volume_val", "hvn"], "distance_from_current": 0.03039224737466138, "zone_type": "support", "total_score": 88.8480387631267}]', 'mtf_confirmation_strength__0': 1.0, 'volume_score__0': 3.745811380203066e-05, 'entry_methods__0': '{"volume_profile": {"entry_price": 3.973866326530612, "confidence": 0.95, "method": "volume_profile", "supporting_data": {"poc": 3.993047959183673, " ... (51 characters truncated) ... "hvn_count": 10}}, "confluence_zones": 4, "technical_analysis": true, "stoch_rsi_oversold": true, "stoch_rsi_bullish_cross": false, "ichimoku": true}', 'take_profit_2__0': 4.202029921876714, 'execution_attempted__0': 0, 'chart_file__0': 'charts/tradingview_SUIUSDTUSDT_screenshot_20250723_023230.png', 'mtf_confirmation_count__0': 3, 'volume_24h__0': 507056072.793, 'priority_boost__0': 100, 'mtf_status__0': 'STRONG', 'mtf_boost__0': 0.0, 'symbol__0': 'SUI/USDT:USDT', 'mtf_conflicting_timeframes__0': '[]', 'price_change_24h__0': 0.5994, 'total_risk_score__0': 0.1, 'current_price__0': 3.9772, 'stop_loss__0': 3.8688703429157503, 'selected_for_execution__0': 0, 'technical_summary__0': '{"trend": {"direction": "Strong Bullish", "score": 3, "sma_alignment": true, "ema_alignment": true}, "momentum": {"rsi": 54.20240784843627, "status": ... (292 characters truncated) ... , "ratio": 3.745811380203066e-05, "spike_detected": false}, "ichimoku": {"status": "Bullish", "price_above_cloud": true, "tenkan_above_kijun": true}}', 'scan_session_id__0': 2, 'confidence__0': 95.0, 'fibonacci_data__0': '{"trend": "uptrend", "swing_high": 4.0355, "swing_low": 3.8013, "range": 0.23419999999999996, "levels": {"0.0%": 4.0355, "23.6%": 3.9802288, "38.2%": ... (268 characters truncated) ... 42, "127.2%": 26, "141.4%": 7, "161.8%": 4}, "key_levels": {"golden_ratio": 3.8907644, "half_retracement": 3.9184, "shallow_retracement": 3.9460356}}', 'confluence_zones_count__0': 6, 'risk_level__0': 'Low', 'take_profit_1__0': 4.096821633783778, 'original_confidence__0': 95.0, 'entry_price__0': 3.95654391632653, 'mtf_confirmed_timeframes__0': '["1h", "4h", "6h"]', 'fibonacci_score__0': 0.0, 'execution_error__0': None, 'technical_score__0': 3.0, 'position_id__0': None, 'execution_successful__0': 0, 'volume_profile_data__0': '{"poc": 3.993047959183673, "vah": 4.050592857142856, "val": 3.858776530612245, "hvn_levels": [3.858776530612245, 3.877958163265306, 3.897139795918367 ... (8717 characters truncated) ... 208632.600001011, 13706024.80000101, 13264848.40000101, 13044260.20000101], "total_volume": 1541308179.0, "value_area_volume_pct": 70.49235706417412}', 'side__0': 'buy', 'order_type__1': 'limit', 'risk_reward_ratio__1': 2.8000000000000025, 'signal_type__1': 'enhanced_multi_method', 'timestamp__1': datetime.datetime(2025, 7, 23, 1, 33, 33, 451604), 'confluence_zones__1': '[{"price": 10.72980995245856, "strength": 56, "importance": 8, "confluence_count": 5, "methods": ["fib_23.6%", "hvn", "hvn", "bb_lower", "support"],  ... (894 characters truncated) ... _count": 2, "methods": ["volume_poc", "hvn"], "distance_from_current": 0.08423506126541408, "zone_type": "support", "total_score": 9.57882469367293}]', 'mtf_confirmation_strength__1': 1.0, 'volume_score__1': 0.007292914413328225, 'entry_methods__1': '{"volume_profile": {"entry_price": 10.761959183673468, "confidence": 0.8094605630056224, "method": "volume_profile", "supporting_data": {"poc": 10.04 ... (69 characters truncated) ... hvn_count": 10}}, "confluence_zones": 4, "technical_analysis": true, "stoch_rsi_oversold": false, "stoch_rsi_bullish_cross": false, "ichimoku": true}', 'take_profit_2__1': 11.583835627296466, 'execution_attempted__1': 0 ... 7860 parameters truncated ... 'original_confidence__197': 73.0, 'entry_price__197': 1.2423, 'mtf_confirmed_timeframes__197': '[]', 'fibonacci_score__197': 0.0, 'execution_error__197': None, 'technical_score__197': 1.0, 'position_id__197': None, 'execution_successful__197': 0, 'volume_profile_data__197': '{"poc": 1.242019387755102, "vah": 1.7103397959183673, "val": 1.2097214285714286, "hvn_levels": [1.2097214285714286, 1.2258704081632654, 1.24201938775 ... (8905 characters truncated) ... 400000424, 1972390.8800000423, 2117610.6400000425, 2117610.6400000425], "total_volume": 325459467.1999999, "value_area_volume_pct": 69.1501054605057}', 'side__197': 'sell', 'order_type__198': 'limit', 'risk_reward_ratio__198': 2.7999999999999954, 'signal_type__198': 'enhanced_multi_method', 'timestamp__198': datetime.datetime(2025, 7, 23, 1, 33, 33, 452307), 'confluence_zones__198': '[{"price": 0.006943131484443313, "strength": 108, "importance": 10, "confluence_count": 5, "methods": ["fib_50.0%", "fib_61.8%", "hvn", "bb_lower", " ... (1193 characters truncated) ... nt": 2, "methods": ["volume_vah", "hvn"], "distance_from_current": 0.28149130537208483, "zone_type": "resistance", "total_score": 6.592543473139576}]', 'mtf_confirmation_strength__198': 0.0, 'volume_score__198': 0.016186697614999145, 'entry_methods__198': '{"volume_profile": {"entry_price": 0.0069549183673469385, "confidence": 0.9115268167976894, "method": "volume_profile", "supporting_data": {"poc": 0. ... (81 characters truncated) ... _count": 10}}, "confluence_zones": 3, "technical_analysis": true, "stoch_rsi_overbought": false, "stoch_rsi_bearish_cross": false, "ichimoku": false}', 'take_profit_2__198': 0.006653688765005015, 'execution_attempted__198': 0, 'chart_file__198': None, 'mtf_confirmation_count__198': 0, 'volume_24h__198': 5391704.0106, 'priority_boost__198': 0, 'mtf_status__198': 'NONE', 'mtf_boost__198': 0.0, 'symbol__198': 'BANANAS31/USDT:USDT', 'mtf_conflicting_timeframes__198': '["1h", "6h"]', 'price_change_24h__198': 1.2846, 'total_risk_score__198': 0.17811802278822783, 'current_price__198': 0.007017, 'stop_loss__198': 0.007203445250087222, 'selected_for_execution__198': 0, 'technical_summary__198': '{"trend": {"direction": "Strong Bullish", "score": 3, "sma_alignment": true, "ema_alignment": true}, "momentum": {"rsi": 53.306984793085746, "status" ... (287 characters truncated) ... ", "ratio": 0.016186697614999145, "spike_detected": false}, "ichimoku": {"status": "Bullish", "price_above_cloud": true, "tenkan_above_kijun": true}}', 'scan_session_id__198': 2, 'confidence__198': 73.0, 'fibonacci_data__198': '{"trend": "uptrend", "swing_high": 0.007107, "swing_low": 0.0068, "range": 0.000307, "levels": {"0.0%": 0.007107, "23.6%": 0.007034548, "38.2%": 0.00 ... (303 characters truncated) ... "141.4%": 26, "161.8%": 14}, "key_levels": {"golden_ratio": 0.006917273999999999, "half_retracement": 0.0069535, "shallow_retracement": 0.006989726}}', 'confluence_zones_count__198': 6, 'risk_level__198': 'Low', 'take_profit_1__198': 0.0068272960760836065, 'original_confidence__198': 73.0, 'entry_price__198': 0.007058772490855062, 'mtf_confirmed_timeframes__198': '[]', 'fibonacci_score__198': 0.0, 'execution_error__198': None, 'technical_score__198': 3.0, 'position_id__198': None, 'execution_successful__198': 0, 'volume_profile_data__198': '{"poc": 0.008539489795918367, "vah": 0.00899222448979592, "val": 0.006728551020408162, "hvn_levels": [0.006728551020408162, 0.0069549183673469385, 0. ... (8135 characters truncated) ... .0, -640039300.0, -653081860.0, -653081860.0, -666124420.0, -666124420.0], "total_volume": 33910104500.0, "value_area_volume_pct": 68.69619225148658}', 'side__198': 'sell'}]
(Background on this error at: https://sqlalche.me/e/20/9h9h)
2025-07-23 02:33:33 - utils.database_manager - ERROR - Error saving opportunities to MySQL: (pymysql.err.DataError) (1406, "Data too long for column 'symbol' at row 135")
[SQL: INSERT INTO trading_opportunities (scan_session_id, timestamp, rank, symbol, side, order_type, confidence, original_confidence, mtf_boost, entry_price, current_price, stop_loss, take_profit_1, take_profit_2, risk_reward_ratio, volume_24h, total_score ... 157831 characters truncated ... %(execution_successful__198)s) RETURNING trading_opportunities.id, trading_opportunities.id AS id__1]
[parameters: {'order_type__0': 'limit', 'risk_reward_ratio__0': 1.5999999999999979, 'signal_type__0': 'enhanced_multi_method', 'timestamp__0': datetime.datetime(2025, 7, 23, 1, 33, 33, 590978), 'mtf_confirmation_strength__0': 1.0, 'mtf_conflicting__0': '[]', 'technical_strength__0': 0.0, 'volume_score__0': 0.0, 'rank__0': 1, 'take_profit_2__0': 4.202029921876714, 'distance_from_current__0': 0.0, 'execution_attempted__0': 0, 'chart_file__0': 'charts/tradingview_SUIUSDTUSDT_screenshot_20250723_023230.png', 'mtf_confirmation_count__0': 3, 'volume_24h__0': 507056072.793, 'priority_boost__0': 100, 'mtf_status__0': 'STRONG', 'mtf_boost__0': 0.0, 'symbol__0': 'SUI/USDT:USDT', 'mtf_confirmed__0': '["1h", "4h", "6h"]', 'mtf_total_timeframes__0': 3, 'current_price__0': 3.9772, 'stop_loss__0': 3.8688703429157503, 'selected_for_execution__0': 0, 'total_score__0': 0.9371127508430706, 'scan_session_id__0': 2, 'confidence__0': 95.0, 'risk_level__0': 'Low', 'take_profit_1__0': 4.096821633783778, 'original_confidence__0': 95.0, 'entry_price__0': 3.95654391632653, 'execution_successful__0': 0, 'side__0': 'buy', 'order_type__1': 'limit', 'risk_reward_ratio__1': 1.5999999999999994, 'signal_type__1': 'enhanced_multi_method', 'timestamp__1': datetime.datetime(2025, 7, 23, 1, 33, 33, 590983), 'mtf_confirmation_strength__1': 1.0, 'mtf_conflicting__1': '[]', 'technical_strength__1': 0.0, 'volume_score__1': 0.0, 'rank__1': 2, 'take_profit_2__1': 2.0761959968434964, 'distance_from_current__1': 0.0, 'execution_attempted__1': 0, 'chart_file__1': 'charts/tradingview_VIRTUALUSDTUSDT_screenshot_20250723_023301.png', 'mtf_confirmation_count__1': 3, 'volume_24h__1': 122022885.3872, 'priority_boost__1': 100, 'mtf_status__1': 'STRONG' ... 6467 parameters truncated ... 'mtf_status__197': 'NONE', 'mtf_boost__197': 0.0, 'symbol__197': 'ICNT/USDT:USDT', 'mtf_confirmed__197': '[]', 'mtf_total_timeframes__197': 3, 'current_price__197': 0.2606, 'stop_loss__197': 0.23839359175629007, 'selected_for_execution__197': 0, 'total_score__197': 0.36922061131085826, 'scan_session_id__197': 2, 'confidence__197': 76.0, 'risk_level__197': 'Medium', 'take_profit_1__197': 0.26565785523075214, 'original_confidence__197': 76.0, 'entry_price__197': 0.2488798469387755, 'execution_successful__197': 0, 'side__197': 'buy', 'order_type__198': 'limit', 'risk_reward_ratio__198': 1.6, 'signal_type__198': 'enhanced_multi_method', 'timestamp__198': datetime.datetime(2025, 7, 23, 1, 33, 33, 591229), 'mtf_confirmation_strength__198': 0.0, 'mtf_conflicting__198': '[]', 'technical_strength__198': 0.0, 'volume_score__198': 0.0, 'rank__198': 199, 'take_profit_2__198': 0.018256764199893586, 'distance_from_current__198': 0.0, 'execution_attempted__198': 0, 'chart_file__198': None, 'mtf_confirmation_count__198': 0, 'volume_24h__198': 10853175.7897, 'priority_boost__198': 0, 'mtf_status__198': 'NONE', 'mtf_boost__198': 0.0, 'symbol__198': 'SWELL/USDT:USDT', 'mtf_confirmed__198': '[]', 'mtf_total_timeframes__198': 3, 'current_price__198': 0.01617, 'stop_loss__198': 0.013676667061748403, 'selected_for_execution__198': 0, 'total_score__198': 0.36627976368455, 'scan_session_id__198': 2, 'confidence__198': 76.0, 'risk_level__198': 'Medium', 'take_profit_1__198': 0.01681041773521616, 'original_confidence__198': 76.0, 'entry_price__198': 0.014881955782312925, 'execution_successful__198': 0, 'side__198': 'buy'}]
(Background on this error at: https://sqlalche.me/e/20/9h9h)
2025-07-23 02:33:33 - bybit.autotrader - INFO - 🎯 Executing 2 trades (available slots: 2)
2025-07-23 02:33:33 - bybit.autotrader - INFO - 📝 Executing trade 1/2: SUI/USDT:USDT
2025-07-23 02:33:33 - bybit.autotrader - INFO - 🚀 Placing BUY order for SUI/USDT:USDT
2025-07-23 02:33:35 - bybit.autotrader - INFO - 💰 Risk calculation:
2025-07-23 02:33:35 - bybit.autotrader - INFO -    Account Balance: 18.8192771 USDT
2025-07-23 02:33:35 - bybit.autotrader - INFO -    Risk Percentage: 5.0%
2025-07-23 02:33:35 - bybit.autotrader - INFO -    Risk Amount: 0.9409638550000001 USDT
2025-07-23 02:33:35 - bybit.autotrader - INFO -    Position Size: 11.891234811234472 units
2025-07-23 02:33:35 - bybit.autotrader - INFO -    Required Margin: 0.9409638550000001 USDT
2025-07-23 02:33:35 - bybit.autotrader - INFO - ✅ Entry order placed: 88fa4f20-ca55-4b94-96e3-7cd9c5663955
2025-07-23 02:33:35 - bybit.autotrader - INFO - ✅ Trade executed: SUI/USDT:USDT (95.0% confidence, MTF: STRONG)
2025-07-23 02:33:36 - httpx - INFO - HTTP Request: POST https://api.telegram.org/bot8088506547:AAHZZxiY_wlh48IN4ldPNRJtM9qi7qxfLdM/sendMessage "HTTP/1.1 200 OK"
2025-07-23 02:33:36 - bybit.autotrader - INFO - 📝 Executing trade 2/2: VIRTUAL/USDT:USDT
2025-07-23 02:33:36 - bybit.autotrader - INFO - 🚀 Placing BUY order for VIRTUAL/USDT:USDT
2025-07-23 02:33:39 - bybit.autotrader - INFO - 💰 Risk calculation:
2025-07-23 02:33:39 - bybit.autotrader - INFO -    Account Balance: 17.98489081 USDT
2025-07-23 02:33:39 - bybit.autotrader - INFO -    Risk Percentage: 5.0%
2025-07-23 02:33:39 - bybit.autotrader - INFO -    Risk Amount: 0.8992445405 USDT
2025-07-23 02:33:39 - bybit.autotrader - INFO -    Position Size: 24.005658979099195 units
2025-07-23 02:33:39 - bybit.autotrader - INFO -    Required Margin: 0.8992445405000001 USDT
2025-07-23 02:33:40 - bybit.autotrader - INFO - ✅ Entry order placed: 35a35c23-a082-4f92-89b0-a5eb2f13bba9
2025-07-23 02:33:40 - bybit.autotrader - INFO - ✅ Trade executed: VIRTUAL/USDT:USDT (95.0% confidence, MTF: STRONG)
2025-07-23 02:33:41 - httpx - INFO - HTTP Request: POST https://api.telegram.org/bot8088506547:AAHZZxiY_wlh48IN4ldPNRJtM9qi7qxfLdM/sendMessage "HTTP/1.1 200 OK"
2025-07-23 02:33:41 - bybit.autotrader - INFO - 📊 Scan complete - Signals: 199, Executed: 2
2025-07-23 02:33:41 - httpx - INFO - HTTP Request: POST https://api.telegram.org/bot8088506547:AAHZZxiY_wlh48IN4ldPNRJtM9qi7qxfLdM/sendMessage "HTTP/1.1 200 OK"
2025-07-23 02:33:41 - bybit.autotrader - INFO - ⏰ Next scan scheduled for: 2025-07-23 03:00:00
2025-07-23 02:33:41 - bybit.autotrader - INFO - ⏳ Waiting 26.3 minutes...
2025-07-23 03:00:00 - bybit.autotrader - INFO - ⏰ Scan time reached: 2025-07-23 03:00:00
2025-07-23 03:00:00 - bybit.autotrader - INFO - 📊 Running signal analysis...
2025-07-23 03:00:00 - TradingSystem - INFO - 🚀 STARTING OPTIMIZED ANALYSIS WITH 30m→1h/4h/6h MTF CONFIRMATION
2025-07-23 03:00:00 - TradingSystem - INFO -    📊 Charts generated ONLY for top-ranked signals (after analysis complete)
2025-07-23 03:00:00 - TradingSystem - INFO - ==========================================================================================
2025-07-23 03:00:00 - TradingSystem - INFO - 📊 Analyzing 211 symbols with MTF confirmation...
2025-07-23 03:00:00 - TradingSystem - INFO -    Primary Timeframe: 30m
2025-07-23 03:00:00 - TradingSystem - INFO -    Confirmation Timeframes: 1h, 4h, 6h
2025-07-23 03:00:00 - TradingSystem - INFO -    MTF Weight Multiplier: 1.5x
2025-07-23 03:00:00 - TradingSystem - INFO -    Database: MySQL @ localhost
2025-07-23 03:00:00 - TradingSystem - INFO -    Chart Strategy: Top 5 signals only
2025-07-23 03:00:00 - TradingSystem - INFO - 📈 PHASE 1: Signal Generation (No Charts)
2025-07-23 03:00:40 - analysis.multi_timeframe - WARNING -    Insufficient 4h data for C/USDT:USDT
2025-07-23 03:00:41 - analysis.multi_timeframe - WARNING -    Insufficient 6h data for C/USDT:USDT
2025-07-23 03:00:57 - analysis.multi_timeframe - WARNING -    Insufficient 1h data for TA/USDT:USDT
2025-07-23 03:00:58 - analysis.multi_timeframe - WARNING -    Insufficient 4h data for TA/USDT:USDT
2025-07-23 03:00:59 - analysis.multi_timeframe - WARNING -    Insufficient 6h data for TA/USDT:USDT
2025-07-23 03:01:13 - analysis.multi_timeframe - WARNING -    Insufficient 4h data for ERA/USDT:USDT
2025-07-23 03:01:14 - analysis.multi_timeframe - WARNING -    Insufficient 6h data for ERA/USDT:USDT
2025-07-23 03:02:10 - TradingSystem - INFO - 📊 PHASE 2: Signal Ranking (207 signals in 130.9s)
2025-07-23 03:02:10 - TradingSystem - INFO - 🏆 Top 5 Signals After Ranking:
2025-07-23 03:02:10 - TradingSystem - INFO -    1. SUI/USDT:USDT BUY - 95% conf - MTF: STRONG
2025-07-23 03:02:10 - TradingSystem - INFO -    2. NEAR/USDT:USDT BUY - 95% conf - MTF: STRONG
2025-07-23 03:02:10 - TradingSystem - INFO -    3. VIRTUAL/USDT:USDT BUY - 95% conf - MTF: STRONG
2025-07-23 03:02:10 - TradingSystem - INFO -    4. APT/USDT:USDT BUY - 95% conf - MTF: STRONG
2025-07-23 03:02:10 - TradingSystem - INFO -    5. PNUT/USDT:USDT BUY - 95% conf - MTF: STRONG
2025-07-23 03:02:10 - TradingSystem - INFO - 📊 PHASE 3: Chart Generation (Top 5 signals only)
2025-07-23 03:02:10 - TradingSystem - INFO - 📊 Generating charts for TOP 5 signals only...
2025-07-23 03:03:31 - TradingSystem - INFO - ✅ Chart generation complete: 5/5 charts created
2025-07-23 03:03:31 - TradingSystem - INFO - ⚡ 30m→1h/4h/6h OPTIMIZED MTF ANALYSIS COMPLETED!
2025-07-23 03:03:31 - TradingSystem - INFO -    Total Execution Time: 211.7s
2025-07-23 03:03:31 - TradingSystem - INFO -    Signal Generation: 130.9s (207 signals)
2025-07-23 03:03:31 - TradingSystem - INFO -    Chart Generation: 80.9s (5 charts)
2025-07-23 03:03:31 - TradingSystem - INFO -    Chart Efficiency: 5/207 = 2.4% charted
2025-07-23 03:03:31 - TradingSystem - INFO -    MTF Confirmations: Strong: 24, Partial: 55, None: 128
2025-07-23 03:03:31 - bybit.autotrader - INFO - 📈 Generated 207 signals
2025-07-23 03:03:31 - bybit.autotrader - INFO - 💾 Saving results to MySQL database...
2025-07-23 03:03:32 - utils.database_manager - ERROR - Error saving signals to MySQL: (pymysql.err.DataError) (1406, "Data too long for column 'symbol' at row 135")
[SQL: INSERT INTO trading_signals (scan_session_id, timestamp, symbol, side, order_type, entry_price, current_price, stop_loss, take_profit_1, take_profit_2, confidence, original_confidence, mtf_boost, mtf_status, mtf_confirmed_timeframes, mtf_conflicting_ ... 207972 characters truncated ... ence_zones__206)s, %(entry_methods__206)s) RETURNING trading_signals.id, trading_signals.id AS id__1]
[parameters: {'order_type__0': 'limit', 'risk_reward_ratio__0': 2.8000000000000083, 'signal_type__0': 'enhanced_multi_method', 'timestamp__0': datetime.datetime(2025, 7, 23, 2, 3, 31, 872596), 'confluence_zones__0': '[{"price": 3.9859498503130206, "strength": 151, "importance": 10, "confluence_count": 5, "methods": ["fib_78.6%", "volume_poc", "hvn", "hvn", "vwap"] ... (1213 characters truncated) ... thods": ["fib_23.6%", "volume_val", "hvn"], "distance_from_current": 0.029293163355029357, "zone_type": "support", "total_score": 89.85353418322485}]', 'mtf_confirmation_strength__0': 1.0, 'volume_score__0': 0.0008433884613061351, 'entry_methods__0': '{"volume_profile": {"entry_price": 3.980080612244898, "confidence": 0.95, "method": "volume_profile", "supporting_data": {"poc": 3.9988336734693877,  ... (52 characters truncated) ... "hvn_count": 10}}, "confluence_zones": 4, "technical_analysis": true, "stoch_rsi_oversold": true, "stoch_rsi_bullish_cross": false, "ichimoku": true}', 'take_profit_2__0': 4.20235910447347, 'execution_attempted__0': 0, 'chart_file__0': 'charts/tradingview_SUIUSDTUSDT_screenshot_20250723_030223.png', 'mtf_confirmation_count__0': 3, 'volume_24h__0': 487489349.0, 'priority_boost__0': 100, 'mtf_status__0': 'STRONG', 'mtf_boost__0': 0.0, 'symbol__0': 'SUI/USDT:USDT', 'mtf_conflicting_timeframes__0': '[]', 'price_change_24h__0': -1.0047, 'total_risk_score__0': 0.1, 'current_price__0': 3.9805, 'stop_loss__0': 3.8749902607444118, 'selected_for_execution__0': 0, 'technical_summary__0': '{"trend": {"direction": "Strong Bullish", "score": 3, "sma_alignment": true, "ema_alignment": true}, "momentum": {"rsi": 55.05136504162156, "status": ... (293 characters truncated) ... , "ratio": 0.0008433884613061351, "spike_detected": false}, "ichimoku": {"status": "Bullish", "price_above_cloud": true, "tenkan_above_kijun": true}}', 'scan_session_id__0': 3, 'confidence__0': 95.0, 'fibonacci_data__0': '{"trend": "downtrend", "swing_high": 4.0355, "swing_low": 3.8013, "range": 0.23419999999999996, "levels": {"0.0%": 3.8013, "23.6%": 3.8565712, "38.2% ... (278 characters truncated) ... .2%": 6, "141.4%": 5, "161.8%": 3}, "key_levels": {"golden_ratio": 3.9460356, "half_retracement": 3.9184, "shallow_retracement": 3.8907643999999997}}', 'confluence_zones_count__0': 6, 'risk_level__0': 'Low', 'take_profit_1__0': 4.098979469611662, 'original_confidence__0': 95.0, 'entry_price__0': 3.961139956462585, 'mtf_confirmed_timeframes__0': '["1h", "4h", "6h"]', 'fibonacci_score__0': 0.0, 'execution_error__0': None, 'technical_score__0': 3.0, 'position_id__0': None, 'execution_successful__0': 0, 'volume_profile_data__0': '{"poc": 3.9988336734693877, "vah": 4.055092857142856, "val": 3.867562244897959, "hvn_levels": [3.867562244897959, 3.886315306122449, 3.90506836734693 ... (8716 characters truncated) ... 040.600001074, 13308432.800001074, 12867256.400001073, 12646668.200001074], "total_volume": 1539320079.0, "value_area_volume_pct": 69.24637107913668}', 'side__0': 'buy', 'order_type__1': 'limit', 'risk_reward_ratio__1': 2.8000000000000083, 'signal_type__1': 'enhanced_multi_method', 'timestamp__1': datetime.datetime(2025, 7, 23, 2, 3, 31, 872600), 'confluence_zones__1': '[{"price": 2.976252925191114, "strength": 78, "importance": 12, "confluence_count": 5, "methods": ["fib_61.8%", "volume_poc", "hvn", "hvn", "vwap"],  ... (1179 characters truncated) ... fib_100.0%", "volume_vah", "resistance"], "distance_from_current": 0.0162804527883892, "zone_type": "resistance", "total_score": 27.918597736058054}]', 'mtf_confirmation_strength__1': 1.0, 'volume_score__1': 0.004333004172890084, 'entry_methods__1': '{"volume_profile": {"entry_price": 2.9876020408163266, "confidence": 0.95, "method": "volume_profile", "supporting_data": {"poc": 2.973908163265306,  ... (53 characters truncated) ... "hvn_count": 10}}, "confluence_zones": 4, "technical_analysis": true, "stoch_rsi_oversold": false, "stoch_rsi_bullish_cross": true, "ichimoku": true}', 'take_profit_2__1': 3.219810069549065, 'execution_attempted__1': 0 ... 8180 parameters truncated ... 'original_confidence__205': 73.0, 'entry_price__205': 0.0345, 'mtf_confirmed_timeframes__205': '[]', 'fibonacci_score__205': 0.0, 'execution_error__205': None, 'technical_score__205': 1.0, 'position_id__205': None, 'execution_successful__205': 0, 'volume_profile_data__205': '{"poc": 0.03291683673469388, "vah": 0.03451887755102041, "val": 0.029552551020408165, "hvn_levels": [0.03211581632653061, 0.03227602040816327, 0.0324 ... (9269 characters truncated) ... 6792.000000376, 15386793.800000362, 15910244.400000362, 16004456.20000036], "total_volume": 1638073359.0, "value_area_volume_pct": 69.51044394587458}', 'side__205': 'sell', 'order_type__206': 'limit', 'risk_reward_ratio__206': 2.7999999999999927, 'signal_type__206': 'enhanced_multi_method', 'timestamp__206': datetime.datetime(2025, 7, 23, 2, 3, 31, 872873), 'confluence_zones__206': '[{"price": 0.05974144620408164, "strength": 96, "importance": 10, "confluence_count": 5, "methods": ["fib_23.6%", "volume_poc", "hvn", "hvn", "suppor ... (1144 characters truncated) ...  "methods": ["bb_upper", "resistance"], "distance_from_current": 0.018679240985486643, "zone_type": "resistance", "total_score": 5.9066037950725665}]', 'mtf_confirmation_strength__206': 0.0, 'volume_score__206': 0.05589212802179739, 'entry_methods__206': '{"volume_profile": {"entry_price": 0.0609530612244898, "confidence": 0.95, "method": "volume_profile", "supporting_data": {"poc": 0.05985102040816326 ... (63 characters truncated) ... _count": 10}}, "confluence_zones": 2, "technical_analysis": true, "stoch_rsi_overbought": false, "stoch_rsi_bearish_cross": false, "ichimoku": false}', 'take_profit_2__206': 0.055940218281498824, 'execution_attempted__206': 0, 'chart_file__206': None, 'mtf_confirmation_count__206': 0, 'volume_24h__206': 5491728.5592, 'priority_boost__206': 0, 'mtf_status__206': 'NONE', 'mtf_boost__206': 0.0, 'symbol__206': 'ZK/USDT:USDT', 'mtf_conflicting_timeframes__206': '[]', 'price_change_24h__206': -3.961, 'total_risk_score__206': 0.21450398187182285, 'current_price__206': 0.0611, 'stop_loss__206': 0.06340059406370184, 'selected_for_execution__206': 0, 'technical_summary__206': '{"trend": {"direction": "Strong Bullish", "score": 3, "sma_alignment": true, "ema_alignment": true}, "momentum": {"rsi": 50.71920530061148, "status": ... (289 characters truncated) ... w", "ratio": 0.05589212802179739, "spike_detected": false}, "ichimoku": {"status": "Bullish", "price_above_cloud": true, "tenkan_above_kijun": true}}', 'scan_session_id__206': 3, 'confidence__206': 73.0, 'fibonacci_data__206': '{"trend": "downtrend", "swing_high": 0.06382, "swing_low": 0.05844, "range": 0.005380000000000003, "levels": {"0.0%": 0.05844, "23.6%": 0.05970968, " ... (309 characters truncated) ... , "141.4%": 1, "161.8%": 0}, "key_levels": {"golden_ratio": 0.06176484, "half_retracement": 0.061130000000000004, "shallow_retracement": 0.06049516}}', 'confluence_zones_count__206': 6, 'risk_level__206': 'Low', 'take_profit_1__206': 0.05829612642324714, 'original_confidence__206': 73.0, 'entry_price__206': 0.06143733727891157, 'mtf_confirmed_timeframes__206': '[]', 'fibonacci_score__206': 0.0, 'execution_error__206': None, 'technical_score__206': 3.0, 'position_id__206': None, 'execution_successful__206': 0, 'volume_profile_data__206': '{"poc": 0.059851020408163265, "vah": 0.06343265306122449, "val": 0.05682040816326531, "hvn_levels": [0.05874897959183673, 0.0593, 0.05957551020408163 ... (9542 characters truncated) ... 27.61400006, 12610433.46600006, 12571197.00400006, 12368493.85600006], "total_volume": 1053049491.9200003, "value_area_volume_pct": 68.9481809232152}', 'side__206': 'sell'}]
(Background on this error at: https://sqlalche.me/e/20/9h9h)
2025-07-23 03:03:32 - utils.database_manager - ERROR - Error saving opportunities to MySQL: (pymysql.err.DataError) (1406, "Data too long for column 'symbol' at row 150")
[SQL: INSERT INTO trading_opportunities (scan_session_id, timestamp, rank, symbol, side, order_type, confidence, original_confidence, mtf_boost, entry_price, current_price, stop_loss, take_profit_1, take_profit_2, risk_reward_ratio, volume_24h, total_score ... 164311 characters truncated ... %(execution_successful__206)s) RETURNING trading_opportunities.id, trading_opportunities.id AS id__1]
[parameters: {'order_type__0': 'limit', 'risk_reward_ratio__0': 1.600000000000006, 'signal_type__0': 'enhanced_multi_method', 'timestamp__0': datetime.datetime(2025, 7, 23, 2, 3, 32, 31586), 'mtf_confirmation_strength__0': 1.0, 'mtf_conflicting__0': '[]', 'technical_strength__0': 0.0, 'volume_score__0': 0.0, 'rank__0': 1, 'take_profit_2__0': 4.20235910447347, 'distance_from_current__0': 0.0, 'execution_attempted__0': 0, 'chart_file__0': 'charts/tradingview_SUIUSDTUSDT_screenshot_20250723_030223.png', 'mtf_confirmation_count__0': 3, 'volume_24h__0': 487489349.0, 'priority_boost__0': 100, 'mtf_status__0': 'STRONG', 'mtf_boost__0': 0.0, 'symbol__0': 'SUI/USDT:USDT', 'mtf_confirmed__0': '["1h", "4h", "6h"]', 'mtf_total_timeframes__0': 3, 'current_price__0': 3.9805, 'stop_loss__0': 3.8749902607444118, 'selected_for_execution__0': 0, 'total_score__0': 0.9377725569464064, 'scan_session_id__0': 3, 'confidence__0': 95.0, 'risk_level__0': 'Low', 'take_profit_1__0': 4.098979469611662, 'original_confidence__0': 95.0, 'entry_price__0': 3.961139956462585, 'execution_successful__0': 0, 'side__0': 'buy', 'order_type__1': 'limit', 'risk_reward_ratio__1': 1.600000000000001, 'signal_type__1': 'enhanced_multi_method', 'timestamp__1': datetime.datetime(2025, 7, 23, 2, 3, 32, 31590), 'mtf_confirmation_strength__1': 1.0, 'mtf_conflicting__1': '[]', 'technical_strength__1': 0.0, 'volume_score__1': 0.0, 'rank__1': 2, 'take_profit_2__1': 3.219810069549065, 'distance_from_current__1': 0.0, 'execution_attempted__1': 0, 'chart_file__1': 'charts/tradingview_NEARUSDTUSDT_screenshot_20250723_030243.png', 'mtf_confirmation_count__1': 3, 'volume_24h__1': 163640908.943, 'priority_boost__1': 100, 'mtf_status__1': 'STRONG' ... 6731 parameters truncated ... 'mtf_status__205': 'NONE', 'mtf_boost__205': 0.0, 'symbol__205': 'EPIC/USDT:USDT', 'mtf_confirmed__205': '[]', 'mtf_total_timeframes__205': 3, 'current_price__205': 2.1926, 'stop_loss__205': 2.448530275791417, 'selected_for_execution__205': 0, 'total_score__205': 0.39251252467414993, 'scan_session_id__205': 3, 'confidence__205': 76.0, 'risk_level__205': 'High', 'take_profit_1__205': 2.075385697453262, 'original_confidence__205': 76.0, 'entry_price__205': 2.305013130276742, 'execution_successful__205': 0, 'side__205': 'sell', 'order_type__206': 'limit', 'risk_reward_ratio__206': 1.5999999999999985, 'signal_type__206': 'enhanced_multi_method', 'timestamp__206': datetime.datetime(2025, 7, 23, 2, 3, 32, 31821), 'mtf_confirmation_strength__206': 0.0, 'mtf_conflicting__206': '[]', 'technical_strength__206': 0.0, 'volume_score__206': 0.0, 'rank__206': 207, 'take_profit_2__206': 0.02681201929183077, 'distance_from_current__206': 0.0, 'execution_attempted__206': 0, 'chart_file__206': None, 'mtf_confirmation_count__206': 0, 'volume_24h__206': 9889674.1226, 'priority_boost__206': 0, 'mtf_status__206': 'NONE', 'mtf_boost__206': 0.0, 'symbol__206': 'FLR/USDT:USDT', 'mtf_confirmed__206': '[]', 'mtf_total_timeframes__206': 3, 'current_price__206': 0.02422, 'stop_loss__206': 0.02135598800801962, 'selected_for_execution__206': 0, 'total_score__206': 0.3648345111838999, 'scan_session_id__206': 3, 'confidence__206': 76.0, 'risk_level__206': 'Medium', 'take_profit_1__206': 0.02508906204431146, 'original_confidence__206': 76.0, 'entry_price__206': 0.022791785714285712, 'execution_successful__206': 0, 'side__206': 'buy'}]
(Background on this error at: https://sqlalche.me/e/20/9h9h)
2025-07-23 03:03:32 - bybit.autotrader - INFO - 🎯 Executing 2 trades (available slots: 2)
2025-07-23 03:03:32 - bybit.autotrader - INFO - 📝 Executing trade 1/2: SUI/USDT:USDT
2025-07-23 03:03:32 - bybit.autotrader - INFO - 🚀 Placing BUY order for SUI/USDT:USDT
2025-07-23 03:03:33 - bybit.autotrader - INFO - 💰 Risk calculation:
2025-07-23 03:03:33 - bybit.autotrader - INFO -    Account Balance: 17.03689808 USDT
2025-07-23 03:03:33 - bybit.autotrader - INFO -    Risk Percentage: 5.0%
2025-07-23 03:03:33 - bybit.autotrader - INFO -    Risk Amount: 0.851844904 USDT
2025-07-23 03:03:33 - bybit.autotrader - INFO -    Position Size: 10.752522169914979 units
2025-07-23 03:03:33 - bybit.autotrader - INFO -    Required Margin: 0.851844904 USDT
2025-07-23 03:03:34 - bybit.autotrader - INFO - ✅ Entry order placed: 98ee5f8b-1d09-418d-a437-dde9a859a7a9
2025-07-23 03:03:34 - bybit.autotrader - INFO - ✅ Trade executed: SUI/USDT:USDT (95.0% confidence, MTF: STRONG)
2025-07-23 03:03:35 - httpx - INFO - HTTP Request: POST https://api.telegram.org/bot8088506547:AAHZZxiY_wlh48IN4ldPNRJtM9qi7qxfLdM/sendMessage "HTTP/1.1 200 OK"
2025-07-23 03:03:35 - bybit.autotrader - INFO - 📝 Executing trade 2/2: NEAR/USDT:USDT
2025-07-23 03:03:35 - bybit.autotrader - INFO - 🚀 Placing BUY order for NEAR/USDT:USDT
2025-07-23 03:03:37 - bybit.autotrader - INFO - 💰 Risk calculation:
2025-07-23 03:03:37 - bybit.autotrader - INFO -    Account Balance: 16.2015417 USDT
2025-07-23 03:03:37 - bybit.autotrader - INFO -    Risk Percentage: 5.0%
2025-07-23 03:03:37 - bybit.autotrader - INFO -    Risk Amount: 0.8100770850000001 USDT
2025-07-23 03:03:37 - bybit.autotrader - INFO -    Position Size: 13.59776660834084 units
2025-07-23 03:03:37 - bybit.autotrader - INFO -    Required Margin: 0.8100770850000001 USDT
2025-07-23 03:03:38 - bybit.autotrader - INFO - ✅ Entry order placed: 19ab8002-72ce-49b6-ac20-595c080a38a7
2025-07-23 03:03:38 - bybit.autotrader - INFO - ✅ Trade executed: NEAR/USDT:USDT (95.0% confidence, MTF: STRONG)
2025-07-23 03:03:39 - httpx - INFO - HTTP Request: POST https://api.telegram.org/bot8088506547:AAHZZxiY_wlh48IN4ldPNRJtM9qi7qxfLdM/sendMessage "HTTP/1.1 200 OK"
2025-07-23 03:03:39 - bybit.autotrader - INFO - 📊 Scan complete - Signals: 207, Executed: 2
2025-07-23 03:03:40 - httpx - INFO - HTTP Request: POST https://api.telegram.org/bot8088506547:AAHZZxiY_wlh48IN4ldPNRJtM9qi7qxfLdM/sendMessage "HTTP/1.1 200 OK"
2025-07-23 03:03:40 - bybit.autotrader - INFO - ⏰ Next scan scheduled for: 2025-07-23 03:30:00
2025-07-23 03:03:40 - bybit.autotrader - INFO - ⏳ Waiting 26.3 minutes...
2025-07-23 03:30:00 - bybit.autotrader - INFO - ⏰ Scan time reached: 2025-07-23 03:30:00
2025-07-23 03:30:00 - bybit.autotrader - INFO - 📊 Running signal analysis...
2025-07-23 03:30:00 - TradingSystem - INFO - 🚀 STARTING OPTIMIZED ANALYSIS WITH 30m→1h/4h/6h MTF CONFIRMATION
2025-07-23 03:30:00 - TradingSystem - INFO -    📊 Charts generated ONLY for top-ranked signals (after analysis complete)
2025-07-23 03:30:00 - TradingSystem - INFO - ==========================================================================================
2025-07-23 03:30:02 - TradingSystem - INFO - 📊 Analyzing 210 symbols with MTF confirmation...
2025-07-23 03:30:02 - TradingSystem - INFO -    Primary Timeframe: 30m
2025-07-23 03:30:02 - TradingSystem - INFO -    Confirmation Timeframes: 1h, 4h, 6h
2025-07-23 03:30:02 - TradingSystem - INFO -    MTF Weight Multiplier: 1.5x
2025-07-23 03:30:02 - TradingSystem - INFO -    Database: MySQL @ localhost
2025-07-23 03:30:02 - TradingSystem - INFO -    Chart Strategy: Top 5 signals only
2025-07-23 03:30:02 - TradingSystem - INFO - 📈 PHASE 1: Signal Generation (No Charts)
2025-07-23 03:30:38 - analysis.multi_timeframe - WARNING -    Insufficient 4h data for C/USDT:USDT
2025-07-23 03:30:39 - analysis.multi_timeframe - WARNING -    Insufficient 6h data for C/USDT:USDT
2025-07-23 03:31:02 - analysis.multi_timeframe - WARNING -    Insufficient 1h data for TA/USDT:USDT
2025-07-23 03:31:03 - analysis.multi_timeframe - WARNING -    Insufficient 4h data for TA/USDT:USDT
2025-07-23 03:31:04 - analysis.multi_timeframe - WARNING -    Insufficient 6h data for TA/USDT:USDT
2025-07-23 03:31:13 - analysis.multi_timeframe - WARNING -    Insufficient 4h data for ERA/USDT:USDT
2025-07-23 03:31:14 - analysis.multi_timeframe - WARNING -    Insufficient 6h data for ERA/USDT:USDT
2025-07-23 03:32:12 - TradingSystem - INFO - 📊 PHASE 2: Signal Ranking (203 signals in 132.4s)
2025-07-23 03:32:12 - TradingSystem - INFO - 🏆 Top 5 Signals After Ranking:
2025-07-23 03:32:12 - TradingSystem - INFO -    1. SUI/USDT:USDT BUY - 95% conf - MTF: STRONG
2025-07-23 03:32:12 - TradingSystem - INFO -    2. MOODENG/USDT:USDT BUY - 95% conf - MTF: STRONG
2025-07-23 03:32:12 - TradingSystem - INFO -    3. NEAR/USDT:USDT BUY - 95% conf - MTF: STRONG
2025-07-23 03:32:12 - TradingSystem - INFO -    4. VIRTUAL/USDT:USDT BUY - 95% conf - MTF: STRONG
2025-07-23 03:32:12 - TradingSystem - INFO -    5. APT/USDT:USDT BUY - 95% conf - MTF: STRONG
2025-07-23 03:32:12 - TradingSystem - INFO - 📊 PHASE 3: Chart Generation (Top 5 signals only)
2025-07-23 03:32:12 - TradingSystem - INFO - 📊 Generating charts for TOP 5 signals only...
2025-07-23 03:33:32 - TradingSystem - INFO - ✅ Chart generation complete: 5/5 charts created
2025-07-23 03:33:32 - TradingSystem - INFO - ⚡ 30m→1h/4h/6h OPTIMIZED MTF ANALYSIS COMPLETED!
2025-07-23 03:33:32 - TradingSystem - INFO -    Total Execution Time: 212.0s
2025-07-23 03:33:32 - TradingSystem - INFO -    Signal Generation: 132.4s (203 signals)
2025-07-23 03:33:32 - TradingSystem - INFO -    Chart Generation: 79.6s (5 charts)
2025-07-23 03:33:32 - TradingSystem - INFO -    Chart Efficiency: 5/203 = 2.5% charted
2025-07-23 03:33:32 - TradingSystem - INFO -    MTF Confirmations: Strong: 32, Partial: 52, None: 119
2025-07-23 03:33:32 - bybit.autotrader - INFO - 📈 Generated 203 signals
2025-07-23 03:33:32 - bybit.autotrader - INFO - 💾 Saving results to MySQL database...
2025-07-23 03:33:32 - utils.database_manager - ERROR - Error saving signals to MySQL: (pymysql.err.DataError) (1406, "Data too long for column 'symbol' at row 102")
[SQL: INSERT INTO trading_signals (scan_session_id, timestamp, symbol, side, order_type, entry_price, current_price, stop_loss, take_profit_1, take_profit_2, confidence, original_confidence, mtf_boost, mtf_status, mtf_confirmed_timeframes, mtf_conflicting_ ... 203876 characters truncated ... ence_zones__202)s, %(entry_methods__202)s) RETURNING trading_signals.id, trading_signals.id AS id__1]
[parameters: {'order_type__0': 'limit', 'risk_reward_ratio__0': 2.799999999999998, 'signal_type__0': 'enhanced_multi_method', 'timestamp__0': datetime.datetime(2025, 7, 23, 2, 33, 32, 277057), 'confluence_zones__0': '[{"price": 3.986283086769337, "strength": 152, "importance": 10, "confluence_count": 5, "methods": ["fib_78.6%", "volume_poc", "hvn", "hvn", "vwap"], ... (1211 characters truncated) ... ethods": ["fib_23.6%", "volume_val", "hvn"], "distance_from_current": 0.03031631910424733, "zone_type": "support", "total_score": 89.84841840447876}]', 'mtf_confirmation_strength__0': 1.0, 'volume_score__0': 0.002156664988619844, 'entry_methods__0': '{"volume_profile": {"entry_price": 3.980080612244898, "confidence": 0.95, "method": "volume_profile", "supporting_data": {"poc": 3.9988336734693877,  ... (51 characters truncated) ...  "hvn_count": 10}}, "confluence_zones": 4, "technical_analysis": true, "stoch_rsi_oversold": true, "stoch_rsi_bullish_cross": true, "ichimoku": true}', 'take_profit_2__0': 4.19456487961555, 'execution_attempted__0': 0, 'chart_file__0': 'charts/tradingview_SUIUSDTUSDT_screenshot_20250723_033229.png', 'mtf_confirmation_count__0': 3, 'volume_24h__0': 479021585.226, 'priority_boost__0': 100, 'mtf_status__0': 'STRONG', 'mtf_boost__0': 0.0, 'symbol__0': 'SUI/USDT:USDT', 'mtf_conflicting_timeframes__0': '[]', 'price_change_24h__0': -0.8435, 'total_risk_score__0': 0.1, 'current_price__0': 3.9847, 'stop_loss__0': 3.8791989124793833, 'selected_for_execution__0': 0, 'technical_summary__0': '{"trend": {"direction": "Strong Bullish", "score": 3, "sma_alignment": true, "ema_alignment": true}, "momentum": {"rsi": 55.63742858277838, "status": ... (292 characters truncated) ... ", "ratio": 0.002156664988619844, "spike_detected": false}, "ichimoku": {"status": "Bullish", "price_above_cloud": true, "tenkan_above_kijun": true}}', 'scan_session_id__0': 4, 'confidence__0': 95.0, 'fibonacci_data__0': '{"trend": "downtrend", "swing_high": 4.0355, "swing_low": 3.8013, "range": 0.23419999999999996, "levels": {"0.0%": 3.8013, "23.6%": 3.8565712, "38.2% ... (278 characters truncated) ... .2%": 6, "141.4%": 5, "161.8%": 3}, "key_levels": {"golden_ratio": 3.9460356, "half_retracement": 3.9184, "shallow_retracement": 3.8907643999999997}}', 'confluence_zones_count__0': 6, 'risk_level__0': 'Low', 'take_profit_1__0': 4.094975626835708, 'original_confidence__0': 95.0, 'entry_price__0': 3.962189956462585, 'mtf_confirmed_timeframes__0': '["1h", "4h", "6h"]', 'fibonacci_score__0': 0.0, 'execution_error__0': None, 'technical_score__0': 3.0, 'position_id__0': None, 'execution_successful__0': 0, 'volume_profile_data__0': '{"poc": 3.9988336734693877, "vah": 4.055092857142856, "val": 3.867562244897959, "hvn_levels": [3.867562244897959, 3.886315306122449, 3.90506836734693 ... (8714 characters truncated) ... 288.600001164, 13950680.800001163, 13509504.400001163, 13288916.200001163], "total_volume": 1538470379.0, "value_area_volume_pct": 69.36160868391994}', 'side__0': 'buy', 'order_type__1': 'limit', 'risk_reward_ratio__1': 2.8000000000000043, 'signal_type__1': 'enhanced_multi_method', 'timestamp__1': datetime.datetime(2025, 7, 23, 2, 33, 32, 277062), 'confluence_zones__1': '[{"price": 0.19246247, "strength": 75, "importance": 5, "confluence_count": 2, "methods": ["fib_161.8%", "hvn"], "distance_from_current": 0.172417999 ... (1282 characters truncated) ... nt": 2, "methods": ["bb_lower", "support"], "distance_from_current": 0.09741764440824803, "zone_type": "support", "total_score": 5.5129117779587595}]', 'mtf_confirmation_strength__1': 1.0, 'volume_score__1': 0.01462606190457281, 'entry_methods__1': '{"volume_profile": {"entry_price": 0.20581571428571427, "confidence": 0.5, "method": "volume_profile", "supporting_data": {"poc": 0.18972428571428573 ... (58 characters truncated) ... "hvn_count": 10}}, "confluence_zones": 6, "technical_analysis": true, "stoch_rsi_oversold": false, "stoch_rsi_bullish_cross": true, "ichimoku": true}', 'take_profit_2__1': 0.2500211556901011, 'execution_attempted__1': 0 ... 8020 parameters truncated ... 'original_confidence__201': 73.0, 'entry_price__201': 0.08955729913696962, 'mtf_confirmed_timeframes__201': '["1h"]', 'fibonacci_score__201': 0.0, 'execution_error__201': None, 'technical_score__201': 0.0, 'position_id__201': None, 'execution_successful__201': 0, 'volume_profile_data__201': '{"poc": 0.08272714285714286, "vah": 0.10749285714285714, "val": 0.08095816326530612, "hvn_levels": [0.08184265306122449, 0.08272714285714286, 0.08361 ... (9126 characters truncated) ... 00048, -56196558.16000048, -53329852.180000484, -53329852.180000484], "total_volume": 1960374875.0999997, "value_area_volume_pct": 68.32191120240088}', 'side__201': 'sell', 'order_type__202': 'market', 'risk_reward_ratio__202': 2.800000000000001, 'signal_type__202': 'enhanced_multi_method', 'timestamp__202': datetime.datetime(2025, 7, 23, 2, 33, 32, 277398), 'confluence_zones__202': '[{"price": 4.319941568163266, "strength": 103, "importance": 10, "confluence_count": 5, "methods": ["fib_141.4%", "volume_poc", "volume_val", "hvn",  ... (1113 characters truncated) ... t": 2, "methods": ["volume_vah", "sma_50"], "distance_from_current": 0.028254369985911364, "zone_type": "support", "total_score": 5.858728150070443}]', 'mtf_confirmation_strength__202': 0.0, 'volume_score__202': 0.02704841488589516, 'entry_methods__202': '{"volume_profile": {"entry_price": 4.852687755102041, "confidence": 0.659781342268574, "method": "volume_profile", "supporting_data": {"poc": 4.33374 ... (68 characters truncated) ... _count": 10}}, "confluence_zones": 0, "technical_analysis": true, "stoch_rsi_overbought": false, "stoch_rsi_bearish_cross": false, "ichimoku": false}', 'take_profit_2__202': 4.52017635356516, 'execution_attempted__202': 0, 'chart_file__202': None, 'mtf_confirmation_count__202': 0, 'volume_24h__202': 22300397.6361, 'priority_boost__202': 0, 'mtf_status__202': 'NONE', 'mtf_boost__202': 0.0, 'symbol__202': 'IP/USDT:USDT', 'mtf_conflicting_timeframes__202': '["1h", "4h"]', 'price_change_24h__202': 2.5475, 'total_risk_score__202': 0.19385869254346105, 'current_price__202': 5.0236, 'stop_loss__202': 5.2033941594410145, 'selected_for_execution__202': 0, 'technical_summary__202': '{"trend": {"direction": "Neutral", "score": 1, "sma_alignment": true, "ema_alignment": true}, "momentum": {"rsi": 55.64777703555106, "status": "Neutr ... (283 characters truncated) ... ", "ratio": 0.02704841488589516, "spike_detected": false}, "ichimoku": {"status": "Neutral", "price_above_cloud": true, "tenkan_above_kijun": false}}', 'scan_session_id__202': 4, 'confidence__202': 65.0, 'fibonacci_data__202': '{"trend": "uptrend", "swing_high": 5.3846, "swing_low": 4.6293, "range": 0.7553000000000001, "levels": {"0.0%": 5.3846, "23.6%": 5.2063492, "38.2%":  ... (288 characters truncated) ... %": 63, "141.4%": 94, "161.8%": 7}, "key_levels": {"golden_ratio": 4.917824599999999, "half_retracement": 5.00695, "shallow_retracement": 5.0960754}}', 'confluence_zones_count__202': 6, 'risk_level__202': 'Low', 'take_profit_1__202': 4.735929344894377, 'original_confidence__202': 65.0, 'entry_price__202': 5.0236, 'mtf_confirmed_timeframes__202': '[]', 'fibonacci_score__202': 0.0, 'execution_error__202': None, 'technical_score__202': 1.0, 'position_id__202': None, 'execution_successful__202': 0, 'volume_profile_data__202': '{"poc": 4.333748979591837, "vah": 4.878634693877551, "val": 4.307802040816327, "hvn_levels": [4.307802040816327, 4.333748979591837, 4.359695918367347 ... (8728 characters truncated) ... 13.0519999933, 538713.0519999933, 563806.8759999933, 563806.8759999933], "total_volume": 34875218.57999999, "value_area_volume_pct": 69.400128588384}', 'side__202': 'sell'}]
(Background on this error at: https://sqlalche.me/e/20/9h9h)
2025-07-23 03:33:32 - utils.database_manager - ERROR - Error saving opportunities to MySQL: (pymysql.err.DataError) (1406, "Data too long for column 'symbol' at row 146")
[SQL: INSERT INTO trading_opportunities (scan_session_id, timestamp, rank, symbol, side, order_type, confidence, original_confidence, mtf_boost, entry_price, current_price, stop_loss, take_profit_1, take_profit_2, risk_reward_ratio, volume_24h, total_score ... 161071 characters truncated ... %(execution_successful__202)s) RETURNING trading_opportunities.id, trading_opportunities.id AS id__1]
[parameters: {'order_type__0': 'limit', 'risk_reward_ratio__0': 1.5999999999999956, 'signal_type__0': 'enhanced_multi_method', 'timestamp__0': datetime.datetime(2025, 7, 23, 2, 33, 32, 425849), 'mtf_confirmation_strength__0': 1.0, 'mtf_conflicting__0': '[]', 'technical_strength__0': 0.0, 'volume_score__0': 0.0, 'rank__0': 1, 'take_profit_2__0': 4.19456487961555, 'distance_from_current__0': 0.0, 'execution_attempted__0': 0, 'chart_file__0': 'charts/tradingview_SUIUSDTUSDT_screenshot_20250723_033229.png', 'mtf_confirmation_count__0': 3, 'volume_24h__0': 479021585.226, 'priority_boost__0': 100, 'mtf_status__0': 'STRONG', 'mtf_boost__0': 0.0, 'symbol__0': 'SUI/USDT:USDT', 'mtf_confirmed__0': '["1h", "4h", "6h"]', 'mtf_total_timeframes__0': 3, 'current_price__0': 3.9847, 'stop_loss__0': 3.8791989124793833, 'selected_for_execution__0': 0, 'total_score__0': 0.9362017624727506, 'scan_session_id__0': 4, 'confidence__0': 95.0, 'risk_level__0': 'Low', 'take_profit_1__0': 4.094975626835708, 'original_confidence__0': 95.0, 'entry_price__0': 3.962189956462585, 'execution_successful__0': 0, 'side__0': 'buy', 'order_type__1': 'limit', 'risk_reward_ratio__1': 1.5999999999999956, 'signal_type__1': 'enhanced_multi_method', 'timestamp__1': datetime.datetime(2025, 7, 23, 2, 33, 32, 425853), 'mtf_confirmation_strength__1': 1.0, 'mtf_conflicting__1': '[]', 'technical_strength__1': 0.0, 'volume_score__1': 0.0, 'rank__1': 2, 'take_profit_2__1': 3.2180664203173928, 'distance_from_current__1': 0.0, 'execution_attempted__1': 0, 'chart_file__1': 'charts/tradingview_NEARUSDTUSDT_screenshot_20250723_033258.png', 'mtf_confirmation_count__1': 3, 'volume_24h__1': 162788549.2338, 'priority_boost__1': 100, 'mtf_status__1': 'STRONG' ... 6599 parameters truncated ... 'mtf_status__201': 'NONE', 'mtf_boost__201': 0.0, 'symbol__201': 'EPIC/USDT:USDT', 'mtf_confirmed__201': '[]', 'mtf_total_timeframes__201': 3, 'current_price__201': 2.2133, 'stop_loss__201': 2.448778025964228, 'selected_for_execution__201': 0, 'total_score__201': 0.404951267887787, 'scan_session_id__201': 4, 'confidence__201': 76.0, 'risk_level__201': 'Medium', 'take_profit_1__201': 2.088311631793084, 'original_confidence__201': 76.0, 'entry_price__201': 2.3101371051291726, 'execution_successful__201': 0, 'side__201': 'sell', 'order_type__202': 'limit', 'risk_reward_ratio__202': 1.6000000000000032, 'signal_type__202': 'enhanced_multi_method', 'timestamp__202': datetime.datetime(2025, 7, 23, 2, 33, 32, 426114), 'mtf_confirmation_strength__202': 0.0, 'mtf_conflicting__202': '[]', 'technical_strength__202': 0.0, 'volume_score__202': 0.0, 'rank__202': 203, 'take_profit_2__202': 0.005808636719259448, 'distance_from_current__202': 0.0, 'execution_attempted__202': 0, 'chart_file__202': None, 'mtf_confirmation_count__202': 0, 'volume_24h__202': 5846260.7966, 'priority_boost__202': 0, 'mtf_status__202': 'NONE', 'mtf_boost__202': 0.0, 'symbol__202': 'DUCK/USDT:USDT', 'mtf_confirmed__202': '[]', 'mtf_total_timeframes__202': 3, 'current_price__202': 0.005513, 'stop_loss__202': 0.004774629135735814, 'selected_for_execution__202': 0, 'total_score__202': 0.3662693911949002, 'scan_session_id__202': 4, 'confidence__202': 79.0, 'risk_level__202': 'Medium', 'take_profit_1__202': 0.005482108008673037, 'original_confidence__202': 79.0, 'entry_price__202': 0.005046736394557823, 'execution_successful__202': 0, 'side__202': 'buy'}]
(Background on this error at: https://sqlalche.me/e/20/9h9h)
2025-07-23 03:33:32 - bybit.autotrader - INFO - 🎯 Executing 2 trades (available slots: 2)
2025-07-23 03:33:32 - bybit.autotrader - INFO - 📝 Executing trade 1/2: SUI/USDT:USDT
2025-07-23 03:33:32 - bybit.autotrader - INFO - 🚀 Placing BUY order for SUI/USDT:USDT
2025-07-23 03:33:33 - bybit.autotrader - WARNING - Position size 9.687455737046124 below minimum 10.0 for SUI/USDT:USDT
2025-07-23 03:33:33 - bybit.autotrader - ERROR - ❌ Trade failed: SUI/USDT:USDT - Invalid position size: 9.687455737046124
2025-07-23 03:33:35 - httpx - INFO - HTTP Request: POST https://api.telegram.org/bot8088506547:AAHZZxiY_wlh48IN4ldPNRJtM9qi7qxfLdM/sendMessage "HTTP/1.1 200 OK"
2025-07-23 03:33:35 - bybit.autotrader - INFO - 📝 Executing trade 2/2: NEAR/USDT:USDT
2025-07-23 03:33:35 - bybit.autotrader - INFO - 🚀 Placing BUY order for NEAR/USDT:USDT
2025-07-23 03:33:36 - bybit.autotrader - INFO - 💰 Risk calculation:
2025-07-23 03:33:36 - bybit.autotrader - INFO -    Account Balance: 15.35341593 USDT
2025-07-23 03:33:36 - bybit.autotrader - INFO -    Risk Percentage: 5.0%
2025-07-23 03:33:36 - bybit.autotrader - INFO -    Risk Amount: 0.7676707965 USDT
2025-07-23 03:33:36 - bybit.autotrader - INFO -    Position Size: 12.86352374613942 units
2025-07-23 03:33:36 - bybit.autotrader - INFO -    Required Margin: 0.7676707965 USDT
2025-07-23 03:33:36 - bybit.autotrader - INFO - ✅ Entry order placed: 507fe0f1-3a20-4eb0-ba35-ec5fceeebfdc
2025-07-23 03:33:36 - bybit.autotrader - INFO - ✅ Trade executed: NEAR/USDT:USDT (95.0% confidence, MTF: STRONG)
2025-07-23 03:33:37 - httpx - INFO - HTTP Request: POST https://api.telegram.org/bot8088506547:AAHZZxiY_wlh48IN4ldPNRJtM9qi7qxfLdM/sendMessage "HTTP/1.1 200 OK"
2025-07-23 03:33:37 - bybit.autotrader - INFO - 📊 Scan complete - Signals: 203, Executed: 1
2025-07-23 03:33:38 - httpx - INFO - HTTP Request: POST https://api.telegram.org/bot8088506547:AAHZZxiY_wlh48IN4ldPNRJtM9qi7qxfLdM/sendMessage "HTTP/1.1 200 OK"
2025-07-23 03:33:38 - bybit.autotrader - INFO - ⏰ Next scan scheduled for: 2025-07-23 04:00:00
2025-07-23 03:33:38 - bybit.autotrader - INFO - ⏳ Waiting 26.4 minutes...
2025-07-23 03:36:06 - bybit.autotrader - INFO - 🛑 Received interrupt signal
2025-07-23 03:36:11 - bybit.autotrader - INFO - 🛑 Stopped position monitoring
2025-07-23 03:36:11 - bybit.autotrader - INFO - 🛑 Auto-trading stopped
