2025-07-22 20:43:33 - TradingSystem - INFO - Loading database configuration from enhanced_config.yaml
2025-07-22 20:43:33 - TradingSystem - INFO - Database config loaded:
2025-07-22 20:43:33 - TradingSystem - INFO -    Host: localhost:3306
2025-07-22 20:43:33 - TradingSystem - INFO -    Database: bybit_trading_system
2025-07-22 20:43:33 - TradingSystem - INFO -    Username: root
2025-07-22 20:43:33 - TradingSystem - INFO -    Password: ***
2025-07-22 20:43:33 - TradingSystem - INFO - Loading system configuration from MySQL database...
2025-07-22 20:43:33 - config.config - INFO - Loading configuration 'default' from MySQL database
2025-07-22 20:43:33 - utils.encryption - WARNING - Using default password for secret decryption. Set SECRET_PASSWORD environment variable.
2025-07-22 20:43:33 - notifier.telegram - INFO - ✅ Telegram bot initialized successfully
2025-07-22 20:43:33 - utils.encryption - WARNING - Using default password for secret decryption. Set SECRET_PASSWORD environment variable.
2025-07-22 20:43:33 - notifier.telegram - INFO - ✅ Telegram bot initialized successfully
2025-07-22 20:43:33 - notifier.telegram - INFO - 🔄 Entering Bootstrap Mode - API credentials needed
2025-07-22 20:43:35 - httpx - INFO - HTTP Request: POST https://api.telegram.org/bot8088506547:AAHZZxiY_wlh48IN4ldPNRJtM9qi7qxfLdM/sendMessage "HTTP/1.1 200 OK"
2025-07-22 20:43:35 - notifier.telegram - INFO - 📱 Bootstrap notification sent to Telegram user: 6708641837
2025-07-22 20:43:35 - notifier.telegram - INFO - 🤖 Starting Telegram bot polling...
2025-07-22 20:43:35 - httpx - INFO - HTTP Request: POST https://api.telegram.org/bot8088506547:AAHZZxiY_wlh48IN4ldPNRJtM9qi7qxfLdM/getMe "HTTP/1.1 200 OK"
2025-07-22 20:43:35 - telegram.ext.Application - INFO - Application started
2025-07-22 20:43:36 - httpx - INFO - HTTP Request: POST https://api.telegram.org/bot8088506547:AAHZZxiY_wlh48IN4ldPNRJtM9qi7qxfLdM/deleteWebhook "HTTP/1.1 200 OK"
2025-07-22 20:43:36 - notifier.telegram - INFO - ✅ Telegram bot is now running
2025-07-22 20:43:50 - httpx - INFO - HTTP Request: POST https://api.telegram.org/bot8088506547:AAHZZxiY_wlh48IN4ldPNRJtM9qi7qxfLdM/getUpdates "HTTP/1.1 200 OK"
2025-07-22 20:43:53 - httpx - INFO - HTTP Request: POST https://api.telegram.org/bot8088506547:AAHZZxiY_wlh48IN4ldPNRJtM9qi7qxfLdM/getUpdates "HTTP/1.1 200 OK"
2025-07-22 20:43:55 - httpx - INFO - HTTP Request: POST https://api.telegram.org/bot8088506547:AAHZZxiY_wlh48IN4ldPNRJtM9qi7qxfLdM/answerCallbackQuery "HTTP/1.1 200 OK"
2025-07-22 20:43:55 - httpx - INFO - HTTP Request: POST https://api.telegram.org/bot8088506547:AAHZZxiY_wlh48IN4ldPNRJtM9qi7qxfLdM/editMessageText "HTTP/1.1 200 OK"
2025-07-22 20:44:03 - httpx - INFO - HTTP Request: POST https://api.telegram.org/bot8088506547:AAHZZxiY_wlh48IN4ldPNRJtM9qi7qxfLdM/getUpdates "HTTP/1.1 200 OK"
2025-07-22 20:44:05 - httpx - INFO - HTTP Request: POST https://api.telegram.org/bot8088506547:AAHZZxiY_wlh48IN4ldPNRJtM9qi7qxfLdM/answerCallbackQuery "HTTP/1.1 200 OK"
2025-07-22 20:44:05 - httpx - INFO - HTTP Request: POST https://api.telegram.org/bot8088506547:AAHZZxiY_wlh48IN4ldPNRJtM9qi7qxfLdM/editMessageText "HTTP/1.1 200 OK"
2025-07-22 20:44:13 - httpx - INFO - HTTP Request: POST https://api.telegram.org/bot8088506547:AAHZZxiY_wlh48IN4ldPNRJtM9qi7qxfLdM/getUpdates "HTTP/1.1 200 OK"
2025-07-22 20:44:23 - httpx - INFO - HTTP Request: POST https://api.telegram.org/bot8088506547:AAHZZxiY_wlh48IN4ldPNRJtM9qi7qxfLdM/getUpdates "HTTP/1.1 200 OK"
2025-07-22 20:44:29 - httpx - INFO - HTTP Request: POST https://api.telegram.org/bot8088506547:AAHZZxiY_wlh48IN4ldPNRJtM9qi7qxfLdM/getUpdates "HTTP/1.1 200 OK"
2025-07-22 20:44:39 - notifier.telegram - ERROR - Error showing next config step: Timed out
2025-07-22 20:44:39 - httpx - INFO - HTTP Request: POST https://api.telegram.org/bot8088506547:AAHZZxiY_wlh48IN4ldPNRJtM9qi7qxfLdM/getUpdates "HTTP/1.1 200 OK"
2025-07-22 20:44:48 - httpx - INFO - HTTP Request: POST https://api.telegram.org/bot8088506547:AAHZZxiY_wlh48IN4ldPNRJtM9qi7qxfLdM/getUpdates "HTTP/1.1 200 OK"
2025-07-22 20:44:49 - httpx - INFO - HTTP Request: POST https://api.telegram.org/bot8088506547:AAHZZxiY_wlh48IN4ldPNRJtM9qi7qxfLdM/answerCallbackQuery "HTTP/1.1 200 OK"
2025-07-22 20:44:49 - httpx - INFO - HTTP Request: POST https://api.telegram.org/bot8088506547:AAHZZxiY_wlh48IN4ldPNRJtM9qi7qxfLdM/editMessageText "HTTP/1.1 200 OK"
2025-07-22 20:44:54 - httpx - INFO - HTTP Request: POST https://api.telegram.org/bot8088506547:AAHZZxiY_wlh48IN4ldPNRJtM9qi7qxfLdM/getUpdates "HTTP/1.1 200 OK"
2025-07-22 20:44:55 - httpx - INFO - HTTP Request: POST https://api.telegram.org/bot8088506547:AAHZZxiY_wlh48IN4ldPNRJtM9qi7qxfLdM/sendMessage "HTTP/1.1 200 OK"
2025-07-22 20:45:00 - httpx - INFO - HTTP Request: POST https://api.telegram.org/bot8088506547:AAHZZxiY_wlh48IN4ldPNRJtM9qi7qxfLdM/getUpdates "HTTP/1.1 200 OK"
2025-07-22 20:45:01 - httpx - INFO - HTTP Request: POST https://api.telegram.org/bot8088506547:AAHZZxiY_wlh48IN4ldPNRJtM9qi7qxfLdM/answerCallbackQuery "HTTP/1.1 200 OK"
2025-07-22 20:45:01 - httpx - INFO - HTTP Request: POST https://api.telegram.org/bot8088506547:AAHZZxiY_wlh48IN4ldPNRJtM9qi7qxfLdM/editMessageText "HTTP/1.1 200 OK"
2025-07-22 20:45:10 - httpx - INFO - HTTP Request: POST https://api.telegram.org/bot8088506547:AAHZZxiY_wlh48IN4ldPNRJtM9qi7qxfLdM/getUpdates "HTTP/1.1 200 OK"
2025-07-22 20:45:11 - httpx - INFO - HTTP Request: POST https://api.telegram.org/bot8088506547:AAHZZxiY_wlh48IN4ldPNRJtM9qi7qxfLdM/getUpdates "HTTP/1.1 200 OK"
2025-07-22 20:45:13 - httpx - INFO - HTTP Request: POST https://api.telegram.org/bot8088506547:AAHZZxiY_wlh48IN4ldPNRJtM9qi7qxfLdM/deleteMessage "HTTP/1.1 200 OK"
2025-07-22 20:45:13 - httpx - INFO - HTTP Request: POST https://api.telegram.org/bot8088506547:AAHZZxiY_wlh48IN4ldPNRJtM9qi7qxfLdM/sendMessage "HTTP/1.1 200 OK"
2025-07-22 20:45:22 - httpx - INFO - HTTP Request: POST https://api.telegram.org/bot8088506547:AAHZZxiY_wlh48IN4ldPNRJtM9qi7qxfLdM/getUpdates "HTTP/1.1 200 OK"
2025-07-22 20:45:32 - httpx - INFO - HTTP Request: POST https://api.telegram.org/bot8088506547:AAHZZxiY_wlh48IN4ldPNRJtM9qi7qxfLdM/getUpdates "HTTP/1.1 200 OK"
2025-07-22 20:45:34 - httpx - INFO - HTTP Request: POST https://api.telegram.org/bot8088506547:AAHZZxiY_wlh48IN4ldPNRJtM9qi7qxfLdM/getUpdates "HTTP/1.1 200 OK"
2025-07-22 20:45:35 - httpx - INFO - HTTP Request: POST https://api.telegram.org/bot8088506547:AAHZZxiY_wlh48IN4ldPNRJtM9qi7qxfLdM/deleteMessage "HTTP/1.1 200 OK"
2025-07-22 20:45:35 - httpx - INFO - HTTP Request: POST https://api.telegram.org/bot8088506547:AAHZZxiY_wlh48IN4ldPNRJtM9qi7qxfLdM/sendMessage "HTTP/1.1 200 OK"
2025-07-22 20:45:44 - httpx - INFO - HTTP Request: POST https://api.telegram.org/bot8088506547:AAHZZxiY_wlh48IN4ldPNRJtM9qi7qxfLdM/getUpdates "HTTP/1.1 200 OK"
2025-07-22 20:45:53 - httpx - INFO - HTTP Request: POST https://api.telegram.org/bot8088506547:AAHZZxiY_wlh48IN4ldPNRJtM9qi7qxfLdM/getUpdates "HTTP/1.1 200 OK"
2025-07-22 20:45:54 - httpx - INFO - HTTP Request: POST https://api.telegram.org/bot8088506547:AAHZZxiY_wlh48IN4ldPNRJtM9qi7qxfLdM/deleteMessage "HTTP/1.1 200 OK"
2025-07-22 20:45:54 - httpx - INFO - HTTP Request: POST https://api.telegram.org/bot8088506547:AAHZZxiY_wlh48IN4ldPNRJtM9qi7qxfLdM/sendMessage "HTTP/1.1 200 OK"
2025-07-22 20:46:03 - httpx - INFO - HTTP Request: POST https://api.telegram.org/bot8088506547:AAHZZxiY_wlh48IN4ldPNRJtM9qi7qxfLdM/getUpdates "HTTP/1.1 200 OK"
2025-07-22 20:46:13 - httpx - INFO - HTTP Request: POST https://api.telegram.org/bot8088506547:AAHZZxiY_wlh48IN4ldPNRJtM9qi7qxfLdM/getUpdates "HTTP/1.1 200 OK"
2025-07-22 20:46:17 - httpx - INFO - HTTP Request: POST https://api.telegram.org/bot8088506547:AAHZZxiY_wlh48IN4ldPNRJtM9qi7qxfLdM/getUpdates "HTTP/1.1 200 OK"
2025-07-22 20:46:18 - httpx - INFO - HTTP Request: POST https://api.telegram.org/bot8088506547:AAHZZxiY_wlh48IN4ldPNRJtM9qi7qxfLdM/deleteMessage "HTTP/1.1 200 OK"
2025-07-22 20:46:18 - httpx - INFO - HTTP Request: POST https://api.telegram.org/bot8088506547:AAHZZxiY_wlh48IN4ldPNRJtM9qi7qxfLdM/sendMessage "HTTP/1.1 200 OK"
2025-07-22 20:46:26 - httpx - INFO - HTTP Request: POST https://api.telegram.org/bot8088506547:AAHZZxiY_wlh48IN4ldPNRJtM9qi7qxfLdM/getUpdates "HTTP/1.1 200 OK"
2025-07-22 20:46:27 - httpx - INFO - HTTP Request: POST https://api.telegram.org/bot8088506547:AAHZZxiY_wlh48IN4ldPNRJtM9qi7qxfLdM/answerCallbackQuery "HTTP/1.1 200 OK"
2025-07-22 20:46:27 - config.config - INFO - Updated configuration 'default' in MySQL database
2025-07-22 20:46:27 - notifier.telegram - INFO - ✅ API keys encrypted and saved to database
2025-07-22 20:46:28 - httpx - INFO - HTTP Request: POST https://api.telegram.org/bot8088506547:AAHZZxiY_wlh48IN4ldPNRJtM9qi7qxfLdM/editMessageText "HTTP/1.1 200 OK"
2025-07-22 20:46:28 - notifier.telegram - INFO - ✅ API configuration completed and saved
2025-07-22 20:46:32 - httpx - INFO - HTTP Request: POST https://api.telegram.org/bot8088506547:AAHZZxiY_wlh48IN4ldPNRJtM9qi7qxfLdM/getUpdates "HTTP/1.1 200 OK"
2025-07-22 20:46:32 - telegram.ext.Application - INFO - Application is stopping. This might take a moment.
2025-07-22 20:46:32 - telegram.ext.Application - INFO - Application.stop() complete
2025-07-22 20:46:32 - notifier.telegram - INFO - 🛑 Telegram bot stopped
