2025-07-23 03:52:38 - TradingSystem - INFO - Loading database configuration from enhanced_config.yaml
2025-07-23 03:52:38 - TradingSystem - INFO - Database config loaded:
2025-07-23 03:52:38 - TradingSystem - INFO -    Host: localhost:3306
2025-07-23 03:52:38 - TradingSystem - INFO -    Database: bybit_trading_system
2025-07-23 03:52:38 - TradingSystem - INFO -    Username: root
2025-07-23 03:52:38 - TradingSystem - INFO -    Password: ***
2025-07-23 03:52:38 - TradingSystem - INFO - Loading system configuration from MySQL database...
2025-07-23 03:52:38 - config.config - INFO - Loading configuration 'default' from MySQL database
2025-07-23 03:52:38 - TradingSystem - INFO - 🤖 AUTO-TRADING CONFIGURATION:
2025-07-23 03:52:38 - TradingSystem - INFO - ==================================================
2025-07-23 03:52:38 - TradingSystem - INFO - 📊 Trading Parameters:
2025-07-23 03:52:38 - TradingSystem - INFO -    Leverage: max
2025-07-23 03:52:38 - TradingSystem - INFO -    Risk Amount per Trade: 5.0% of account balance
2025-07-23 03:52:38 - TradingSystem - INFO -    Max Concurrent Positions: 5
2025-07-23 03:52:38 - TradingSystem - INFO -    Max Executions per Scan: 2
2025-07-23 03:52:38 - TradingSystem - INFO -    Auto-Close Profit Target: 10.0%
2025-07-23 03:52:38 - TradingSystem - INFO - ⏰ Scheduling Parameters:
2025-07-23 03:52:38 - TradingSystem - INFO -    Daily Start Time: 01:00
2025-07-23 03:52:38 - TradingSystem - INFO -    Scan Interval: 1.0 hours (3600 seconds)
2025-07-23 03:52:38 - TradingSystem - INFO - 📈 Analysis Configuration:
2025-07-23 03:52:38 - TradingSystem - INFO -    Primary Timeframe: 30m
2025-07-23 03:52:38 - TradingSystem - INFO -    Confirmation Timeframes: 1h, 4h, 6h
2025-07-23 03:52:38 - TradingSystem - INFO -    MTF Confirmation Required: True
2025-07-23 03:52:38 - TradingSystem - INFO -    Min Volume 24h: $5,000,000.0
2025-07-23 03:52:38 - TradingSystem - INFO - ⚠️ Risk Management:
2025-07-23 03:52:38 - TradingSystem - INFO -    Risk per Trade: 5.0% of account balance
2025-07-23 03:52:38 - TradingSystem - INFO -    Max Total Risk Exposure: 25.0% of account balance
2025-07-23 03:52:38 - TradingSystem - INFO -    Max Leveraged Exposure: 25.0% × Max Leverage
2025-07-23 03:52:38 - TradingSystem - INFO -    Portfolio Risk Limit: 2.0%
2025-07-23 03:52:38 - TradingSystem - INFO - 🔧 Trading Mode: PRODUCTION
2025-07-23 03:52:38 - TradingSystem - INFO - 📱 Telegram Configuration:
2025-07-23 03:52:38 - TradingSystem - INFO -    Bot Token: Configured
2025-07-23 03:52:38 - TradingSystem - INFO -    User ID: 6708641837
2025-07-23 03:52:38 - TradingSystem - INFO - ==================================================
2025-07-23 03:53:11 - urllib3.connectionpool - WARNING - Retrying (Retry(total=2, connect=None, read=None, redirect=None, status=None)) after connection broken by 'RemoteDisconnected('Remote end closed connection without response')': /v5/asset/coin/query-info
2025-07-23 03:53:32 - core.exchange - WARNING - Market loading attempt 1 failed: bybit {"retCode":10002,"retMsg":"invalid request, please check your server timestamp or recv_window param. req_timestamp[1753239158650],server_timestamp[1753239212589],recv_window[5000]","result":{},"retExtInfo":{},"time":1753239212589}
2025-07-23 03:53:45 - core.exchange - INFO - ✅ Connected to Bybit PRODUCTION with decrypted credentials
2025-07-23 03:53:45 - TradingSystem - INFO - 🚀 COMPLETE ENHANCED SYSTEM WITH MULTI-TIMEFRAME & MYSQL DATABASE INITIALIZED!
2025-07-23 03:53:47 - core.exchange - INFO - ✅ API connection test successful
2025-07-23 03:53:47 - bybit.autotrader - INFO - 🚀 Started auto-trading session: autotrader_20250723_035347
2025-07-23 03:53:47 - bybit.autotrader - INFO - ⚙️ Configuration:
2025-07-23 03:53:47 - bybit.autotrader - INFO -    Max concurrent positions: 5
2025-07-23 03:53:47 - bybit.autotrader - INFO -    Max executions per scan: 2
2025-07-23 03:53:47 - bybit.autotrader - INFO -    Risk amount per trade: 5.0 USDT
2025-07-23 03:53:47 - bybit.autotrader - INFO -    Leverage: max
2025-07-23 03:53:47 - bybit.autotrader - INFO -    Auto-close profit target: 10.0%
2025-07-23 03:53:47 - bybit.autotrader - INFO -    Scan interval: 1.0 hours
2025-07-23 03:53:47 - bybit.autotrader - INFO - 📊 Started position monitoring
2025-07-23 03:53:47 - bybit.autotrader - INFO - 🤖 Auto-trading loop started
2025-07-23 03:53:47 - bybit.autotrader - INFO - ⏰ Next scan scheduled for: 2025-07-23 04:00:00
2025-07-23 03:53:47 - bybit.autotrader - INFO - ⏳ Waiting 6.2 minutes...
2025-07-23 04:00:00 - bybit.autotrader - INFO - ⏰ Scan time reached: 2025-07-23 04:00:00
2025-07-23 04:00:00 - bybit.autotrader - INFO - 📊 Running signal analysis...
2025-07-23 04:00:00 - TradingSystem - INFO - 🚀 STARTING OPTIMIZED ANALYSIS WITH 30m→1h/4h/6h MTF CONFIRMATION
2025-07-23 04:00:00 - TradingSystem - INFO -    📊 Charts generated ONLY for top-ranked signals (after analysis complete)
2025-07-23 04:00:00 - TradingSystem - INFO - ==========================================================================================
2025-07-23 04:00:01 - TradingSystem - INFO - 📊 Analyzing 212 symbols with MTF confirmation...
2025-07-23 04:00:01 - TradingSystem - INFO -    Primary Timeframe: 30m
2025-07-23 04:00:01 - TradingSystem - INFO -    Confirmation Timeframes: 1h, 4h, 6h
2025-07-23 04:00:01 - TradingSystem - INFO -    MTF Weight Multiplier: 1.5x
2025-07-23 04:00:01 - TradingSystem - INFO -    Database: MySQL @ localhost
2025-07-23 04:00:01 - TradingSystem - INFO -    Chart Strategy: Top 5 signals only
2025-07-23 04:00:01 - TradingSystem - INFO - 📈 PHASE 1: Signal Generation (No Charts)
2025-07-23 04:00:50 - analysis.multi_timeframe - WARNING -    Insufficient 4h data for C/USDT:USDT
2025-07-23 04:00:51 - analysis.multi_timeframe - WARNING -    Insufficient 6h data for C/USDT:USDT
2025-07-23 04:01:29 - analysis.multi_timeframe - WARNING -    Insufficient 1h data for TA/USDT:USDT
2025-07-23 04:01:30 - analysis.multi_timeframe - WARNING -    Insufficient 4h data for TA/USDT:USDT
2025-07-23 04:01:30 - analysis.multi_timeframe - WARNING -    Insufficient 6h data for TA/USDT:USDT
2025-07-23 04:01:47 - analysis.multi_timeframe - WARNING -    Insufficient 4h data for ERA/USDT:USDT
2025-07-23 04:01:48 - analysis.multi_timeframe - WARNING -    Insufficient 6h data for ERA/USDT:USDT
2025-07-23 04:03:03 - TradingSystem - INFO - 📊 PHASE 2: Signal Ranking (201 signals in 183.2s)
2025-07-23 04:03:03 - TradingSystem - INFO - 🏆 Top 5 Signals After Ranking:
2025-07-23 04:03:03 - TradingSystem - INFO -    1. ONDO/USDT:USDT BUY - 95% conf - MTF: STRONG
2025-07-23 04:03:03 - TradingSystem - INFO -    2. WLD/USDT:USDT BUY - 95% conf - MTF: STRONG
2025-07-23 04:03:03 - TradingSystem - INFO -    3. NEAR/USDT:USDT BUY - 95% conf - MTF: STRONG
2025-07-23 04:03:03 - TradingSystem - INFO -    4. AI16Z/USDT:USDT BUY - 95% conf - MTF: STRONG
2025-07-23 04:03:03 - TradingSystem - INFO -    5. APT/USDT:USDT BUY - 95% conf - MTF: STRONG
2025-07-23 04:03:03 - TradingSystem - INFO - 📊 PHASE 3: Chart Generation (Top 5 signals only)
2025-07-23 04:03:03 - TradingSystem - INFO - 📊 Generating charts for TOP 5 signals only...
2025-07-23 04:04:29 - TradingSystem - INFO - ✅ Chart generation complete: 5/5 charts created
2025-07-23 04:04:29 - TradingSystem - INFO - ⚡ 30m→1h/4h/6h OPTIMIZED MTF ANALYSIS COMPLETED!
2025-07-23 04:04:29 - TradingSystem - INFO -    Total Execution Time: 269.4s
2025-07-23 04:04:29 - TradingSystem - INFO -    Signal Generation: 183.2s (201 signals)
2025-07-23 04:04:29 - TradingSystem - INFO -    Chart Generation: 86.3s (5 charts)
2025-07-23 04:04:29 - TradingSystem - INFO -    Chart Efficiency: 5/201 = 2.5% charted
2025-07-23 04:04:29 - TradingSystem - INFO -    MTF Confirmations: Strong: 28, Partial: 44, None: 129
2025-07-23 04:04:29 - bybit.autotrader - INFO - 📈 Generated 201 signals
2025-07-23 04:04:29 - bybit.autotrader - INFO - 💾 Saving results to MySQL database...
2025-07-23 04:04:30 - bybit.autotrader - INFO - 🎯 Executing 2 trades (available slots: 2)
2025-07-23 04:04:30 - bybit.autotrader - INFO - 📝 Executing trade 1/2: NEAR/USDT:USDT
2025-07-23 04:04:30 - bybit.autotrader - INFO - 🚀 Placing BUY order for NEAR/USDT:USDT
2025-07-23 04:04:32 - bybit.autotrader - INFO - 💰 Risk calculation:
2025-07-23 04:04:32 - bybit.autotrader - INFO -    Account Balance: 19.71932727 USDT
2025-07-23 04:04:32 - bybit.autotrader - INFO -    Risk Percentage: 5.0%
2025-07-23 04:04:32 - bybit.autotrader - INFO -    Risk Amount: 0.9859663635000001 USDT
2025-07-23 04:04:32 - bybit.autotrader - INFO -    Position Size: 16.454712341455277 units
2025-07-23 04:04:32 - bybit.autotrader - INFO -    Required Margin: 0.9859663635000002 USDT
2025-07-23 04:04:32 - bybit.autotrader - INFO - ✅ Entry order placed: 9e92f5ae-442d-47a9-9cf1-4f8acea88df5
2025-07-23 04:04:32 - bybit.autotrader - INFO - ✅ Trade executed: NEAR/USDT:USDT (95.0% confidence, MTF: STRONG)
2025-07-23 04:04:33 - httpx - INFO - HTTP Request: POST https://api.telegram.org/bot8088506547:AAHZZxiY_wlh48IN4ldPNRJtM9qi7qxfLdM/sendMessage "HTTP/1.1 200 OK"
2025-07-23 04:04:33 - bybit.autotrader - INFO - 📝 Executing trade 2/2: DOT/USDT:USDT
2025-07-23 04:04:33 - bybit.autotrader - INFO - 🚀 Placing BUY order for DOT/USDT:USDT
2025-07-23 04:04:35 - bybit.autotrader - INFO - 💰 Risk calculation:
2025-07-23 04:04:35 - bybit.autotrader - INFO -    Account Balance: 18.68520706 USDT
2025-07-23 04:04:35 - bybit.autotrader - INFO -    Risk Percentage: 5.0%
2025-07-23 04:04:35 - bybit.autotrader - INFO -    Risk Amount: 0.934260353 USDT
2025-07-23 04:04:35 - bybit.autotrader - INFO -    Position Size: 10.479855266065107 units
2025-07-23 04:04:35 - bybit.autotrader - INFO -    Required Margin: 0.934260353 USDT
2025-07-23 04:04:35 - bybit.autotrader - INFO - ✅ Entry order placed: 46e1e9b4-b4d4-4d36-b99b-9c67c005ec1c
2025-07-23 04:04:35 - bybit.autotrader - INFO - ✅ Trade executed: DOT/USDT:USDT (95.0% confidence, MTF: STRONG)
2025-07-23 04:04:37 - httpx - INFO - HTTP Request: POST https://api.telegram.org/bot8088506547:AAHZZxiY_wlh48IN4ldPNRJtM9qi7qxfLdM/sendMessage "HTTP/1.1 200 OK"
2025-07-23 04:04:37 - bybit.autotrader - INFO - 📊 Scan complete - Signals: 201, Executed: 2
2025-07-23 04:04:38 - httpx - INFO - HTTP Request: POST https://api.telegram.org/bot8088506547:AAHZZxiY_wlh48IN4ldPNRJtM9qi7qxfLdM/sendMessage "HTTP/1.1 200 OK"
2025-07-23 04:04:38 - bybit.autotrader - INFO - ⏰ Next scan scheduled for: 2025-07-23 05:00:00
2025-07-23 04:04:38 - bybit.autotrader - INFO - ⏳ Waiting 55.4 minutes...
2025-07-23 04:14:03 - bybit.autotrader - INFO - 🎯 Auto-close triggered for NEAR/USDT:USDT: 15.05% profit (target: 10.0%)
2025-07-23 04:14:04 - bybit.autotrader - INFO - ✅ Closed position NEAR/USDT:USDT - Profit target reached
2025-07-23 04:33:16 - urllib3.connectionpool - WARNING - Retrying (Retry(total=2, connect=None, read=None, redirect=None, status=None)) after connection broken by 'ReadTimeoutError("HTTPSConnectionPool(host='api.bybit.com', port=443): Read timed out. (read timeout=30.0)")': /v5/position/list?settleCoin=USDT&limit=200&category=linear
2025-07-23 04:33:16 - urllib3.connectionpool - WARNING - Retrying (Retry(total=1, connect=None, read=None, redirect=None, status=None)) after connection broken by 'NameResolutionError("<urllib3.connection.HTTPSConnection object at 0x7f8345167ed0>: Failed to resolve 'api.bybit.com' ([Errno -3] Temporary failure in name resolution)")': /v5/position/list?settleCoin=USDT&limit=200&category=linear
2025-07-23 04:33:16 - urllib3.connectionpool - WARNING - Retrying (Retry(total=0, connect=None, read=None, redirect=None, status=None)) after connection broken by 'NameResolutionError("<urllib3.connection.HTTPSConnection object at 0x7f8345167390>: Failed to resolve 'api.bybit.com' ([Errno -3] Temporary failure in name resolution)")': /v5/position/list?settleCoin=USDT&limit=200&category=linear
2025-07-23 04:33:16 - bybit.autotrader - ERROR - Error getting current positions: bybit GET https://api.bybit.com/v5/position/list?settleCoin=USDT&limit=200&category=linear
2025-07-23 04:33:46 - urllib3.connectionpool - WARNING - Retrying (Retry(total=2, connect=None, read=None, redirect=None, status=None)) after connection broken by 'NameResolutionError("<urllib3.connection.HTTPSConnection object at 0x7f8345166e90>: Failed to resolve 'api.bybit.com' ([Errno -3] Temporary failure in name resolution)")': /v5/position/list?settleCoin=USDT&limit=200&category=linear
2025-07-23 04:33:46 - urllib3.connectionpool - WARNING - Retrying (Retry(total=1, connect=None, read=None, redirect=None, status=None)) after connection broken by 'NameResolutionError("<urllib3.connection.HTTPSConnection object at 0x7f8345167c50>: Failed to resolve 'api.bybit.com' ([Errno -3] Temporary failure in name resolution)")': /v5/position/list?settleCoin=USDT&limit=200&category=linear
2025-07-23 04:33:46 - urllib3.connectionpool - WARNING - Retrying (Retry(total=0, connect=None, read=None, redirect=None, status=None)) after connection broken by 'NameResolutionError("<urllib3.connection.HTTPSConnection object at 0x7f8344be3c50>: Failed to resolve 'api.bybit.com' ([Errno -3] Temporary failure in name resolution)")': /v5/position/list?settleCoin=USDT&limit=200&category=linear
2025-07-23 04:33:46 - bybit.autotrader - ERROR - Error getting current positions: bybit GET https://api.bybit.com/v5/position/list?settleCoin=USDT&limit=200&category=linear
2025-07-23 04:34:16 - urllib3.connectionpool - WARNING - Retrying (Retry(total=2, connect=None, read=None, redirect=None, status=None)) after connection broken by 'NameResolutionError("<urllib3.connection.HTTPSConnection object at 0x7f8344be2710>: Failed to resolve 'api.bybit.com' ([Errno -3] Temporary failure in name resolution)")': /v5/position/list?settleCoin=USDT&limit=200&category=linear
2025-07-23 04:34:16 - urllib3.connectionpool - WARNING - Retrying (Retry(total=1, connect=None, read=None, redirect=None, status=None)) after connection broken by 'NameResolutionError("<urllib3.connection.HTTPSConnection object at 0x7f8344be0b90>: Failed to resolve 'api.bybit.com' ([Errno -3] Temporary failure in name resolution)")': /v5/position/list?settleCoin=USDT&limit=200&category=linear
2025-07-23 04:34:16 - urllib3.connectionpool - WARNING - Retrying (Retry(total=0, connect=None, read=None, redirect=None, status=None)) after connection broken by 'NameResolutionError("<urllib3.connection.HTTPSConnection object at 0x7f8344be1d10>: Failed to resolve 'api.bybit.com' ([Errno -3] Temporary failure in name resolution)")': /v5/position/list?settleCoin=USDT&limit=200&category=linear
2025-07-23 04:34:16 - bybit.autotrader - ERROR - Error getting current positions: bybit GET https://api.bybit.com/v5/position/list?settleCoin=USDT&limit=200&category=linear
2025-07-23 04:34:46 - urllib3.connectionpool - WARNING - Retrying (Retry(total=2, connect=None, read=None, redirect=None, status=None)) after connection broken by 'NameResolutionError("<urllib3.connection.HTTPSConnection object at 0x7f8344be0f50>: Failed to resolve 'api.bybit.com' ([Errno -3] Temporary failure in name resolution)")': /v5/position/list?settleCoin=USDT&limit=200&category=linear
2025-07-23 04:34:46 - urllib3.connectionpool - WARNING - Retrying (Retry(total=1, connect=None, read=None, redirect=None, status=None)) after connection broken by 'NameResolutionError("<urllib3.connection.HTTPSConnection object at 0x7f8344be11d0>: Failed to resolve 'api.bybit.com' ([Errno -3] Temporary failure in name resolution)")': /v5/position/list?settleCoin=USDT&limit=200&category=linear
2025-07-23 04:34:46 - urllib3.connectionpool - WARNING - Retrying (Retry(total=0, connect=None, read=None, redirect=None, status=None)) after connection broken by 'NameResolutionError("<urllib3.connection.HTTPSConnection object at 0x7f8344be0190>: Failed to resolve 'api.bybit.com' ([Errno -3] Temporary failure in name resolution)")': /v5/position/list?settleCoin=USDT&limit=200&category=linear
2025-07-23 04:34:46 - bybit.autotrader - ERROR - Error getting current positions: bybit GET https://api.bybit.com/v5/position/list?settleCoin=USDT&limit=200&category=linear
2025-07-23 04:35:16 - urllib3.connectionpool - WARNING - Retrying (Retry(total=2, connect=None, read=None, redirect=None, status=None)) after connection broken by 'NameResolutionError("<urllib3.connection.HTTPSConnection object at 0x7f8344be0cd0>: Failed to resolve 'api.bybit.com' ([Errno -3] Temporary failure in name resolution)")': /v5/position/list?settleCoin=USDT&limit=200&category=linear
2025-07-23 04:35:16 - urllib3.connectionpool - WARNING - Retrying (Retry(total=1, connect=None, read=None, redirect=None, status=None)) after connection broken by 'NameResolutionError("<urllib3.connection.HTTPSConnection object at 0x7f8344be0690>: Failed to resolve 'api.bybit.com' ([Errno -3] Temporary failure in name resolution)")': /v5/position/list?settleCoin=USDT&limit=200&category=linear
2025-07-23 04:35:16 - urllib3.connectionpool - WARNING - Retrying (Retry(total=0, connect=None, read=None, redirect=None, status=None)) after connection broken by 'NameResolutionError("<urllib3.connection.HTTPSConnection object at 0x7f8344be2490>: Failed to resolve 'api.bybit.com' ([Errno -3] Temporary failure in name resolution)")': /v5/position/list?settleCoin=USDT&limit=200&category=linear
2025-07-23 04:35:16 - bybit.autotrader - ERROR - Error getting current positions: bybit GET https://api.bybit.com/v5/position/list?settleCoin=USDT&limit=200&category=linear
2025-07-23 04:35:46 - urllib3.connectionpool - WARNING - Retrying (Retry(total=2, connect=None, read=None, redirect=None, status=None)) after connection broken by 'NameResolutionError("<urllib3.connection.HTTPSConnection object at 0x7f8344be1810>: Failed to resolve 'api.bybit.com' ([Errno -3] Temporary failure in name resolution)")': /v5/position/list?settleCoin=USDT&limit=200&category=linear
2025-07-23 04:35:46 - urllib3.connectionpool - WARNING - Retrying (Retry(total=1, connect=None, read=None, redirect=None, status=None)) after connection broken by 'NameResolutionError("<urllib3.connection.HTTPSConnection object at 0x7f8344be1f90>: Failed to resolve 'api.bybit.com' ([Errno -3] Temporary failure in name resolution)")': /v5/position/list?settleCoin=USDT&limit=200&category=linear
2025-07-23 04:35:46 - urllib3.connectionpool - WARNING - Retrying (Retry(total=0, connect=None, read=None, redirect=None, status=None)) after connection broken by 'NameResolutionError("<urllib3.connection.HTTPSConnection object at 0x7f8344be2210>: Failed to resolve 'api.bybit.com' ([Errno -3] Temporary failure in name resolution)")': /v5/position/list?settleCoin=USDT&limit=200&category=linear
2025-07-23 04:35:46 - bybit.autotrader - ERROR - Error getting current positions: bybit GET https://api.bybit.com/v5/position/list?settleCoin=USDT&limit=200&category=linear
2025-07-23 04:36:16 - urllib3.connectionpool - WARNING - Retrying (Retry(total=2, connect=None, read=None, redirect=None, status=None)) after connection broken by 'NameResolutionError("<urllib3.connection.HTTPSConnection object at 0x7f8344be0410>: Failed to resolve 'api.bybit.com' ([Errno -3] Temporary failure in name resolution)")': /v5/position/list?settleCoin=USDT&limit=200&category=linear
2025-07-23 04:36:16 - urllib3.connectionpool - WARNING - Retrying (Retry(total=1, connect=None, read=None, redirect=None, status=None)) after connection broken by 'NameResolutionError("<urllib3.connection.HTTPSConnection object at 0x7f8344be2c10>: Failed to resolve 'api.bybit.com' ([Errno -3] Temporary failure in name resolution)")': /v5/position/list?settleCoin=USDT&limit=200&category=linear
2025-07-23 04:36:16 - urllib3.connectionpool - WARNING - Retrying (Retry(total=0, connect=None, read=None, redirect=None, status=None)) after connection broken by 'NameResolutionError("<urllib3.connection.HTTPSConnection object at 0x7f8344be39d0>: Failed to resolve 'api.bybit.com' ([Errno -3] Temporary failure in name resolution)")': /v5/position/list?settleCoin=USDT&limit=200&category=linear
2025-07-23 04:36:16 - bybit.autotrader - ERROR - Error getting current positions: bybit GET https://api.bybit.com/v5/position/list?settleCoin=USDT&limit=200&category=linear
2025-07-23 04:36:46 - urllib3.connectionpool - WARNING - Retrying (Retry(total=2, connect=None, read=None, redirect=None, status=None)) after connection broken by 'NameResolutionError("<urllib3.connection.HTTPSConnection object at 0x7f834ebe8050>: Failed to resolve 'api.bybit.com' ([Errno -3] Temporary failure in name resolution)")': /v5/position/list?settleCoin=USDT&limit=200&category=linear
2025-07-23 04:36:46 - urllib3.connectionpool - WARNING - Retrying (Retry(total=1, connect=None, read=None, redirect=None, status=None)) after connection broken by 'NameResolutionError("<urllib3.connection.HTTPSConnection object at 0x7f834ebe8550>: Failed to resolve 'api.bybit.com' ([Errno -3] Temporary failure in name resolution)")': /v5/position/list?settleCoin=USDT&limit=200&category=linear
2025-07-23 04:36:46 - urllib3.connectionpool - WARNING - Retrying (Retry(total=0, connect=None, read=None, redirect=None, status=None)) after connection broken by 'NameResolutionError("<urllib3.connection.HTTPSConnection object at 0x7f834ebe87d0>: Failed to resolve 'api.bybit.com' ([Errno -3] Temporary failure in name resolution)")': /v5/position/list?settleCoin=USDT&limit=200&category=linear
2025-07-23 04:36:46 - bybit.autotrader - ERROR - Error getting current positions: bybit GET https://api.bybit.com/v5/position/list?settleCoin=USDT&limit=200&category=linear
2025-07-23 04:37:16 - urllib3.connectionpool - WARNING - Retrying (Retry(total=2, connect=None, read=None, redirect=None, status=None)) after connection broken by 'NameResolutionError("<urllib3.connection.HTTPSConnection object at 0x7f834ebe8cd0>: Failed to resolve 'api.bybit.com' ([Errno -3] Temporary failure in name resolution)")': /v5/position/list?settleCoin=USDT&limit=200&category=linear
2025-07-23 04:37:16 - urllib3.connectionpool - WARNING - Retrying (Retry(total=1, connect=None, read=None, redirect=None, status=None)) after connection broken by 'NameResolutionError("<urllib3.connection.HTTPSConnection object at 0x7f834ebe9090>: Failed to resolve 'api.bybit.com' ([Errno -3] Temporary failure in name resolution)")': /v5/position/list?settleCoin=USDT&limit=200&category=linear
2025-07-23 04:37:16 - urllib3.connectionpool - WARNING - Retrying (Retry(total=0, connect=None, read=None, redirect=None, status=None)) after connection broken by 'NameResolutionError("<urllib3.connection.HTTPSConnection object at 0x7f834ebe9310>: Failed to resolve 'api.bybit.com' ([Errno -3] Temporary failure in name resolution)")': /v5/position/list?settleCoin=USDT&limit=200&category=linear
2025-07-23 04:37:16 - bybit.autotrader - ERROR - Error getting current positions: bybit GET https://api.bybit.com/v5/position/list?settleCoin=USDT&limit=200&category=linear
2025-07-23 04:37:46 - urllib3.connectionpool - WARNING - Retrying (Retry(total=2, connect=None, read=None, redirect=None, status=None)) after connection broken by 'NameResolutionError("<urllib3.connection.HTTPSConnection object at 0x7f834ebe9810>: Failed to resolve 'api.bybit.com' ([Errno -3] Temporary failure in name resolution)")': /v5/position/list?settleCoin=USDT&limit=200&category=linear
2025-07-23 04:37:46 - urllib3.connectionpool - WARNING - Retrying (Retry(total=1, connect=None, read=None, redirect=None, status=None)) after connection broken by 'NameResolutionError("<urllib3.connection.HTTPSConnection object at 0x7f8344be0410>: Failed to resolve 'api.bybit.com' ([Errno -3] Temporary failure in name resolution)")': /v5/position/list?settleCoin=USDT&limit=200&category=linear
2025-07-23 04:37:46 - urllib3.connectionpool - WARNING - Retrying (Retry(total=0, connect=None, read=None, redirect=None, status=None)) after connection broken by 'NameResolutionError("<urllib3.connection.HTTPSConnection object at 0x7f8344be39d0>: Failed to resolve 'api.bybit.com' ([Errno -3] Temporary failure in name resolution)")': /v5/position/list?settleCoin=USDT&limit=200&category=linear
2025-07-23 04:37:46 - bybit.autotrader - ERROR - Error getting current positions: bybit GET https://api.bybit.com/v5/position/list?settleCoin=USDT&limit=200&category=linear
2025-07-23 04:38:16 - urllib3.connectionpool - WARNING - Retrying (Retry(total=2, connect=None, read=None, redirect=None, status=None)) after connection broken by 'NameResolutionError("<urllib3.connection.HTTPSConnection object at 0x7f8344be1090>: Failed to resolve 'api.bybit.com' ([Errno -3] Temporary failure in name resolution)")': /v5/position/list?settleCoin=USDT&limit=200&category=linear
2025-07-23 04:38:16 - urllib3.connectionpool - WARNING - Retrying (Retry(total=1, connect=None, read=None, redirect=None, status=None)) after connection broken by 'NameResolutionError("<urllib3.connection.HTTPSConnection object at 0x7f8344be2210>: Failed to resolve 'api.bybit.com' ([Errno -3] Temporary failure in name resolution)")': /v5/position/list?settleCoin=USDT&limit=200&category=linear
2025-07-23 04:38:16 - urllib3.connectionpool - WARNING - Retrying (Retry(total=0, connect=None, read=None, redirect=None, status=None)) after connection broken by 'NameResolutionError("<urllib3.connection.HTTPSConnection object at 0x7f8344be0050>: Failed to resolve 'api.bybit.com' ([Errno -3] Temporary failure in name resolution)")': /v5/position/list?settleCoin=USDT&limit=200&category=linear
2025-07-23 04:38:16 - bybit.autotrader - ERROR - Error getting current positions: bybit GET https://api.bybit.com/v5/position/list?settleCoin=USDT&limit=200&category=linear
2025-07-23 04:38:46 - urllib3.connectionpool - WARNING - Retrying (Retry(total=2, connect=None, read=None, redirect=None, status=None)) after connection broken by 'NameResolutionError("<urllib3.connection.HTTPSConnection object at 0x7f8344be0550>: Failed to resolve 'api.bybit.com' ([Errno -3] Temporary failure in name resolution)")': /v5/position/list?settleCoin=USDT&limit=200&category=linear
2025-07-23 04:38:46 - urllib3.connectionpool - WARNING - Retrying (Retry(total=1, connect=None, read=None, redirect=None, status=None)) after connection broken by 'NameResolutionError("<urllib3.connection.HTTPSConnection object at 0x7f8344be2490>: Failed to resolve 'api.bybit.com' ([Errno -3] Temporary failure in name resolution)")': /v5/position/list?settleCoin=USDT&limit=200&category=linear
2025-07-23 04:38:46 - urllib3.connectionpool - WARNING - Retrying (Retry(total=0, connect=None, read=None, redirect=None, status=None)) after connection broken by 'NameResolutionError("<urllib3.connection.HTTPSConnection object at 0x7f8344be3890>: Failed to resolve 'api.bybit.com' ([Errno -3] Temporary failure in name resolution)")': /v5/position/list?settleCoin=USDT&limit=200&category=linear
2025-07-23 04:38:46 - bybit.autotrader - ERROR - Error getting current positions: bybit GET https://api.bybit.com/v5/position/list?settleCoin=USDT&limit=200&category=linear
2025-07-23 04:39:16 - urllib3.connectionpool - WARNING - Retrying (Retry(total=2, connect=None, read=None, redirect=None, status=None)) after connection broken by 'NameResolutionError("<urllib3.connection.HTTPSConnection object at 0x7f8344be3750>: Failed to resolve 'api.bybit.com' ([Errno -3] Temporary failure in name resolution)")': /v5/position/list?settleCoin=USDT&limit=200&category=linear
2025-07-23 04:39:16 - urllib3.connectionpool - WARNING - Retrying (Retry(total=1, connect=None, read=None, redirect=None, status=None)) after connection broken by 'NameResolutionError("<urllib3.connection.HTTPSConnection object at 0x7f8344be0190>: Failed to resolve 'api.bybit.com' ([Errno -3] Temporary failure in name resolution)")': /v5/position/list?settleCoin=USDT&limit=200&category=linear
2025-07-23 04:39:16 - urllib3.connectionpool - WARNING - Retrying (Retry(total=0, connect=None, read=None, redirect=None, status=None)) after connection broken by 'NameResolutionError("<urllib3.connection.HTTPSConnection object at 0x7f8344be1450>: Failed to resolve 'api.bybit.com' ([Errno -3] Temporary failure in name resolution)")': /v5/position/list?settleCoin=USDT&limit=200&category=linear
2025-07-23 04:39:16 - bybit.autotrader - ERROR - Error getting current positions: bybit GET https://api.bybit.com/v5/position/list?settleCoin=USDT&limit=200&category=linear
2025-07-23 04:39:46 - urllib3.connectionpool - WARNING - Retrying (Retry(total=2, connect=None, read=None, redirect=None, status=None)) after connection broken by 'NameResolutionError("<urllib3.connection.HTTPSConnection object at 0x7f8344be25d0>: Failed to resolve 'api.bybit.com' ([Errno -3] Temporary failure in name resolution)")': /v5/position/list?settleCoin=USDT&limit=200&category=linear
2025-07-23 04:39:46 - urllib3.connectionpool - WARNING - Retrying (Retry(total=1, connect=None, read=None, redirect=None, status=None)) after connection broken by 'NameResolutionError("<urllib3.connection.HTTPSConnection object at 0x7f8344be1d10>: Failed to resolve 'api.bybit.com' ([Errno -3] Temporary failure in name resolution)")': /v5/position/list?settleCoin=USDT&limit=200&category=linear
2025-07-23 04:39:46 - urllib3.connectionpool - WARNING - Retrying (Retry(total=0, connect=None, read=None, redirect=None, status=None)) after connection broken by 'NameResolutionError("<urllib3.connection.HTTPSConnection object at 0x7f8344be16d0>: Failed to resolve 'api.bybit.com' ([Errno -3] Temporary failure in name resolution)")': /v5/position/list?settleCoin=USDT&limit=200&category=linear
2025-07-23 04:39:46 - bybit.autotrader - ERROR - Error getting current positions: bybit GET https://api.bybit.com/v5/position/list?settleCoin=USDT&limit=200&category=linear
2025-07-23 04:40:16 - urllib3.connectionpool - WARNING - Retrying (Retry(total=2, connect=None, read=None, redirect=None, status=None)) after connection broken by 'NameResolutionError("<urllib3.connection.HTTPSConnection object at 0x7f8344be0e10>: Failed to resolve 'api.bybit.com' ([Errno -3] Temporary failure in name resolution)")': /v5/position/list?settleCoin=USDT&limit=200&category=linear
2025-07-23 04:40:16 - urllib3.connectionpool - WARNING - Retrying (Retry(total=1, connect=None, read=None, redirect=None, status=None)) after connection broken by 'NameResolutionError("<urllib3.connection.HTTPSConnection object at 0x7f8344be3250>: Failed to resolve 'api.bybit.com' ([Errno -3] Temporary failure in name resolution)")': /v5/position/list?settleCoin=USDT&limit=200&category=linear
2025-07-23 04:40:16 - urllib3.connectionpool - WARNING - Retrying (Retry(total=0, connect=None, read=None, redirect=None, status=None)) after connection broken by 'NameResolutionError("<urllib3.connection.HTTPSConnection object at 0x7f8344be3b10>: Failed to resolve 'api.bybit.com' ([Errno -3] Temporary failure in name resolution)")': /v5/position/list?settleCoin=USDT&limit=200&category=linear
2025-07-23 04:40:16 - bybit.autotrader - ERROR - Error getting current positions: bybit GET https://api.bybit.com/v5/position/list?settleCoin=USDT&limit=200&category=linear
2025-07-23 04:40:46 - urllib3.connectionpool - WARNING - Retrying (Retry(total=2, connect=None, read=None, redirect=None, status=None)) after connection broken by 'NameResolutionError("<urllib3.connection.HTTPSConnection object at 0x7f8345166fd0>: Failed to resolve 'api.bybit.com' ([Errno -3] Temporary failure in name resolution)")': /v5/position/list?settleCoin=USDT&limit=200&category=linear
2025-07-23 04:40:46 - urllib3.connectionpool - WARNING - Retrying (Retry(total=1, connect=None, read=None, redirect=None, status=None)) after connection broken by 'NameResolutionError("<urllib3.connection.HTTPSConnection object at 0x7f8345167390>: Failed to resolve 'api.bybit.com' ([Errno -3] Temporary failure in name resolution)")': /v5/position/list?settleCoin=USDT&limit=200&category=linear
2025-07-23 04:40:46 - urllib3.connectionpool - WARNING - Retrying (Retry(total=0, connect=None, read=None, redirect=None, status=None)) after connection broken by 'NameResolutionError("<urllib3.connection.HTTPSConnection object at 0x7f8345167750>: Failed to resolve 'api.bybit.com' ([Errno -3] Temporary failure in name resolution)")': /v5/position/list?settleCoin=USDT&limit=200&category=linear
2025-07-23 04:40:46 - bybit.autotrader - ERROR - Error getting current positions: bybit GET https://api.bybit.com/v5/position/list?settleCoin=USDT&limit=200&category=linear
2025-07-23 04:41:16 - urllib3.connectionpool - WARNING - Retrying (Retry(total=2, connect=None, read=None, redirect=None, status=None)) after connection broken by 'NameResolutionError("<urllib3.connection.HTTPSConnection object at 0x7f834ebe9950>: Failed to resolve 'api.bybit.com' ([Errno -3] Temporary failure in name resolution)")': /v5/position/list?settleCoin=USDT&limit=200&category=linear
2025-07-23 04:41:16 - urllib3.connectionpool - WARNING - Retrying (Retry(total=1, connect=None, read=None, redirect=None, status=None)) after connection broken by 'NameResolutionError("<urllib3.connection.HTTPSConnection object at 0x7f834ebe9310>: Failed to resolve 'api.bybit.com' ([Errno -3] Temporary failure in name resolution)")': /v5/position/list?settleCoin=USDT&limit=200&category=linear
2025-07-23 04:41:16 - urllib3.connectionpool - WARNING - Retrying (Retry(total=0, connect=None, read=None, redirect=None, status=None)) after connection broken by 'NameResolutionError("<urllib3.connection.HTTPSConnection object at 0x7f834ebe96d0>: Failed to resolve 'api.bybit.com' ([Errno -3] Temporary failure in name resolution)")': /v5/position/list?settleCoin=USDT&limit=200&category=linear
2025-07-23 04:41:16 - bybit.autotrader - ERROR - Error getting current positions: bybit GET https://api.bybit.com/v5/position/list?settleCoin=USDT&limit=200&category=linear
2025-07-23 04:41:46 - urllib3.connectionpool - WARNING - Retrying (Retry(total=2, connect=None, read=None, redirect=None, status=None)) after connection broken by 'NameResolutionError("<urllib3.connection.HTTPSConnection object at 0x7f834ebe8e10>: Failed to resolve 'api.bybit.com' ([Errno -3] Temporary failure in name resolution)")': /v5/position/list?settleCoin=USDT&limit=200&category=linear
2025-07-23 04:41:46 - urllib3.connectionpool - WARNING - Retrying (Retry(total=1, connect=None, read=None, redirect=None, status=None)) after connection broken by 'NameResolutionError("<urllib3.connection.HTTPSConnection object at 0x7f834ebe87d0>: Failed to resolve 'api.bybit.com' ([Errno -3] Temporary failure in name resolution)")': /v5/position/list?settleCoin=USDT&limit=200&category=linear
2025-07-23 04:41:46 - urllib3.connectionpool - WARNING - Retrying (Retry(total=0, connect=None, read=None, redirect=None, status=None)) after connection broken by 'NameResolutionError("<urllib3.connection.HTTPSConnection object at 0x7f834ebe8b90>: Failed to resolve 'api.bybit.com' ([Errno -3] Temporary failure in name resolution)")': /v5/position/list?settleCoin=USDT&limit=200&category=linear
2025-07-23 04:41:46 - bybit.autotrader - ERROR - Error getting current positions: bybit GET https://api.bybit.com/v5/position/list?settleCoin=USDT&limit=200&category=linear
2025-07-23 04:42:16 - urllib3.connectionpool - WARNING - Retrying (Retry(total=2, connect=None, read=None, redirect=None, status=None)) after connection broken by 'NameResolutionError("<urllib3.connection.HTTPSConnection object at 0x7f834ebe82d0>: Failed to resolve 'api.bybit.com' ([Errno -3] Temporary failure in name resolution)")': /v5/position/list?settleCoin=USDT&limit=200&category=linear
2025-07-23 04:42:16 - urllib3.connectionpool - WARNING - Retrying (Retry(total=1, connect=None, read=None, redirect=None, status=None)) after connection broken by 'NameResolutionError("<urllib3.connection.HTTPSConnection object at 0x7f834ebe9bd0>: Failed to resolve 'api.bybit.com' ([Errno -3] Temporary failure in name resolution)")': /v5/position/list?settleCoin=USDT&limit=200&category=linear
2025-07-23 04:42:16 - urllib3.connectionpool - WARNING - Retrying (Retry(total=0, connect=None, read=None, redirect=None, status=None)) after connection broken by 'NameResolutionError("<urllib3.connection.HTTPSConnection object at 0x7f834ebe9e50>: Failed to resolve 'api.bybit.com' ([Errno -3] Temporary failure in name resolution)")': /v5/position/list?settleCoin=USDT&limit=200&category=linear
2025-07-23 04:42:16 - bybit.autotrader - ERROR - Error getting current positions: bybit GET https://api.bybit.com/v5/position/list?settleCoin=USDT&limit=200&category=linear
2025-07-23 04:42:46 - urllib3.connectionpool - WARNING - Retrying (Retry(total=2, connect=None, read=None, redirect=None, status=None)) after connection broken by 'NameResolutionError("<urllib3.connection.HTTPSConnection object at 0x7f834ebea350>: Failed to resolve 'api.bybit.com' ([Errno -3] Temporary failure in name resolution)")': /v5/position/list?settleCoin=USDT&limit=200&category=linear
2025-07-23 04:42:46 - urllib3.connectionpool - WARNING - Retrying (Retry(total=1, connect=None, read=None, redirect=None, status=None)) after connection broken by 'NameResolutionError("<urllib3.connection.HTTPSConnection object at 0x7f834ebea710>: Failed to resolve 'api.bybit.com' ([Errno -3] Temporary failure in name resolution)")': /v5/position/list?settleCoin=USDT&limit=200&category=linear
2025-07-23 04:42:46 - urllib3.connectionpool - WARNING - Retrying (Retry(total=0, connect=None, read=None, redirect=None, status=None)) after connection broken by 'NameResolutionError("<urllib3.connection.HTTPSConnection object at 0x7f834ebeac10>: Failed to resolve 'api.bybit.com' ([Errno -3] Temporary failure in name resolution)")': /v5/position/list?settleCoin=USDT&limit=200&category=linear
2025-07-23 04:42:46 - bybit.autotrader - ERROR - Error getting current positions: bybit GET https://api.bybit.com/v5/position/list?settleCoin=USDT&limit=200&category=linear
2025-07-23 04:43:16 - urllib3.connectionpool - WARNING - Retrying (Retry(total=2, connect=None, read=None, redirect=None, status=None)) after connection broken by 'NameResolutionError("<urllib3.connection.HTTPSConnection object at 0x7f834ebeb250>: Failed to resolve 'api.bybit.com' ([Errno -3] Temporary failure in name resolution)")': /v5/position/list?settleCoin=USDT&limit=200&category=linear
2025-07-23 04:43:16 - urllib3.connectionpool - WARNING - Retrying (Retry(total=1, connect=None, read=None, redirect=None, status=None)) after connection broken by 'NameResolutionError("<urllib3.connection.HTTPSConnection object at 0x7f834ebeb610>: Failed to resolve 'api.bybit.com' ([Errno -3] Temporary failure in name resolution)")': /v5/position/list?settleCoin=USDT&limit=200&category=linear
2025-07-23 04:43:16 - urllib3.connectionpool - WARNING - Retrying (Retry(total=0, connect=None, read=None, redirect=None, status=None)) after connection broken by 'NameResolutionError("<urllib3.connection.HTTPSConnection object at 0x7f834ebeb890>: Failed to resolve 'api.bybit.com' ([Errno -3] Temporary failure in name resolution)")': /v5/position/list?settleCoin=USDT&limit=200&category=linear
2025-07-23 04:43:16 - bybit.autotrader - ERROR - Error getting current positions: bybit GET https://api.bybit.com/v5/position/list?settleCoin=USDT&limit=200&category=linear
2025-07-23 04:43:46 - urllib3.connectionpool - WARNING - Retrying (Retry(total=2, connect=None, read=None, redirect=None, status=None)) after connection broken by 'NameResolutionError("<urllib3.connection.HTTPSConnection object at 0x7f834ebebd90>: Failed to resolve 'api.bybit.com' ([Errno -3] Temporary failure in name resolution)")': /v5/position/list?settleCoin=USDT&limit=200&category=linear
2025-07-23 04:43:46 - urllib3.connectionpool - WARNING - Retrying (Retry(total=1, connect=None, read=None, redirect=None, status=None)) after connection broken by 'NameResolutionError("<urllib3.connection.HTTPSConnection object at 0x7f83451e8190>: Failed to resolve 'api.bybit.com' ([Errno -3] Temporary failure in name resolution)")': /v5/position/list?settleCoin=USDT&limit=200&category=linear
2025-07-23 04:43:46 - urllib3.connectionpool - WARNING - Retrying (Retry(total=0, connect=None, read=None, redirect=None, status=None)) after connection broken by 'NameResolutionError("<urllib3.connection.HTTPSConnection object at 0x7f83451e8410>: Failed to resolve 'api.bybit.com' ([Errno -3] Temporary failure in name resolution)")': /v5/position/list?settleCoin=USDT&limit=200&category=linear
2025-07-23 04:43:46 - bybit.autotrader - ERROR - Error getting current positions: bybit GET https://api.bybit.com/v5/position/list?settleCoin=USDT&limit=200&category=linear
2025-07-23 04:44:16 - urllib3.connectionpool - WARNING - Retrying (Retry(total=2, connect=None, read=None, redirect=None, status=None)) after connection broken by 'NameResolutionError("<urllib3.connection.HTTPSConnection object at 0x7f834ebeb890>: Failed to resolve 'api.bybit.com' ([Errno -3] Temporary failure in name resolution)")': /v5/position/list?settleCoin=USDT&limit=200&category=linear
2025-07-23 04:44:16 - urllib3.connectionpool - WARNING - Retrying (Retry(total=1, connect=None, read=None, redirect=None, status=None)) after connection broken by 'NameResolutionError("<urllib3.connection.HTTPSConnection object at 0x7f834ebeb9d0>: Failed to resolve 'api.bybit.com' ([Errno -3] Temporary failure in name resolution)")': /v5/position/list?settleCoin=USDT&limit=200&category=linear
2025-07-23 04:44:16 - urllib3.connectionpool - WARNING - Retrying (Retry(total=0, connect=None, read=None, redirect=None, status=None)) after connection broken by 'NameResolutionError("<urllib3.connection.HTTPSConnection object at 0x7f834ebeb4d0>: Failed to resolve 'api.bybit.com' ([Errno -3] Temporary failure in name resolution)")': /v5/position/list?settleCoin=USDT&limit=200&category=linear
2025-07-23 04:44:16 - bybit.autotrader - ERROR - Error getting current positions: bybit GET https://api.bybit.com/v5/position/list?settleCoin=USDT&limit=200&category=linear
2025-07-23 04:44:46 - urllib3.connectionpool - WARNING - Retrying (Retry(total=2, connect=None, read=None, redirect=None, status=None)) after connection broken by 'NameResolutionError("<urllib3.connection.HTTPSConnection object at 0x7f834ebeac10>: Failed to resolve 'api.bybit.com' ([Errno -3] Temporary failure in name resolution)")': /v5/position/list?settleCoin=USDT&limit=200&category=linear
2025-07-23 04:44:46 - urllib3.connectionpool - WARNING - Retrying (Retry(total=1, connect=None, read=None, redirect=None, status=None)) after connection broken by 'NameResolutionError("<urllib3.connection.HTTPSConnection object at 0x7f834ebeae90>: Failed to resolve 'api.bybit.com' ([Errno -3] Temporary failure in name resolution)")': /v5/position/list?settleCoin=USDT&limit=200&category=linear
2025-07-23 04:44:46 - urllib3.connectionpool - WARNING - Retrying (Retry(total=0, connect=None, read=None, redirect=None, status=None)) after connection broken by 'NameResolutionError("<urllib3.connection.HTTPSConnection object at 0x7f834ebea5d0>: Failed to resolve 'api.bybit.com' ([Errno -3] Temporary failure in name resolution)")': /v5/position/list?settleCoin=USDT&limit=200&category=linear
2025-07-23 04:44:46 - bybit.autotrader - ERROR - Error getting current positions: bybit GET https://api.bybit.com/v5/position/list?settleCoin=USDT&limit=200&category=linear
2025-07-23 04:45:16 - urllib3.connectionpool - WARNING - Retrying (Retry(total=2, connect=None, read=None, redirect=None, status=None)) after connection broken by 'NameResolutionError("<urllib3.connection.HTTPSConnection object at 0x7f834ebe9e50>: Failed to resolve 'api.bybit.com' ([Errno -3] Temporary failure in name resolution)")': /v5/position/list?settleCoin=USDT&limit=200&category=linear
2025-07-23 04:45:16 - urllib3.connectionpool - WARNING - Retrying (Retry(total=1, connect=None, read=None, redirect=None, status=None)) after connection broken by 'NameResolutionError("<urllib3.connection.HTTPSConnection object at 0x7f834ebe9f90>: Failed to resolve 'api.bybit.com' ([Errno -3] Temporary failure in name resolution)")': /v5/position/list?settleCoin=USDT&limit=200&category=linear
2025-07-23 04:45:16 - urllib3.connectionpool - WARNING - Retrying (Retry(total=0, connect=None, read=None, redirect=None, status=None)) after connection broken by 'NameResolutionError("<urllib3.connection.HTTPSConnection object at 0x7f834ebe8190>: Failed to resolve 'api.bybit.com' ([Errno -3] Temporary failure in name resolution)")': /v5/position/list?settleCoin=USDT&limit=200&category=linear
2025-07-23 04:45:16 - bybit.autotrader - ERROR - Error getting current positions: bybit GET https://api.bybit.com/v5/position/list?settleCoin=USDT&limit=200&category=linear
2025-07-23 04:45:46 - urllib3.connectionpool - WARNING - Retrying (Retry(total=2, connect=None, read=None, redirect=None, status=None)) after connection broken by 'NameResolutionError("<urllib3.connection.HTTPSConnection object at 0x7f834ebe8b90>: Failed to resolve 'api.bybit.com' ([Errno -3] Temporary failure in name resolution)")': /v5/position/list?settleCoin=USDT&limit=200&category=linear
2025-07-23 04:45:46 - urllib3.connectionpool - WARNING - Retrying (Retry(total=1, connect=None, read=None, redirect=None, status=None)) after connection broken by 'NameResolutionError("<urllib3.connection.HTTPSConnection object at 0x7f834ebe8910>: Failed to resolve 'api.bybit.com' ([Errno -3] Temporary failure in name resolution)")': /v5/position/list?settleCoin=USDT&limit=200&category=linear
2025-07-23 04:45:46 - urllib3.connectionpool - WARNING - Retrying (Retry(total=0, connect=None, read=None, redirect=None, status=None)) after connection broken by 'NameResolutionError("<urllib3.connection.HTTPSConnection object at 0x7f834ebe8550>: Failed to resolve 'api.bybit.com' ([Errno -3] Temporary failure in name resolution)")': /v5/position/list?settleCoin=USDT&limit=200&category=linear
2025-07-23 04:45:46 - bybit.autotrader - ERROR - Error getting current positions: bybit GET https://api.bybit.com/v5/position/list?settleCoin=USDT&limit=200&category=linear
2025-07-23 04:46:16 - urllib3.connectionpool - WARNING - Retrying (Retry(total=2, connect=None, read=None, redirect=None, status=None)) after connection broken by 'NameResolutionError("<urllib3.connection.HTTPSConnection object at 0x7f834ebe96d0>: Failed to resolve 'api.bybit.com' ([Errno -3] Temporary failure in name resolution)")': /v5/position/list?settleCoin=USDT&limit=200&category=linear
2025-07-23 04:46:16 - urllib3.connectionpool - WARNING - Retrying (Retry(total=1, connect=None, read=None, redirect=None, status=None)) after connection broken by 'NameResolutionError("<urllib3.connection.HTTPSConnection object at 0x7f834ebe9450>: Failed to resolve 'api.bybit.com' ([Errno -3] Temporary failure in name resolution)")': /v5/position/list?settleCoin=USDT&limit=200&category=linear
2025-07-23 04:46:16 - urllib3.connectionpool - WARNING - Retrying (Retry(total=0, connect=None, read=None, redirect=None, status=None)) after connection broken by 'NameResolutionError("<urllib3.connection.HTTPSConnection object at 0x7f834ebe9090>: Failed to resolve 'api.bybit.com' ([Errno -3] Temporary failure in name resolution)")': /v5/position/list?settleCoin=USDT&limit=200&category=linear
2025-07-23 04:46:16 - bybit.autotrader - ERROR - Error getting current positions: bybit GET https://api.bybit.com/v5/position/list?settleCoin=USDT&limit=200&category=linear
2025-07-23 04:46:20 - bybit.autotrader - INFO - 🛑 Received interrupt signal
2025-07-23 04:46:25 - bybit.autotrader - INFO - 🛑 Stopped position monitoring
2025-07-23 04:46:25 - bybit.autotrader - INFO - 🛑 Auto-trading stopped
