2025-07-23 14:14:18 - TradingSystem - INFO - Loading database configuration from enhanced_config.yaml
2025-07-23 14:14:18 - TradingSystem - INFO - Database config loaded:
2025-07-23 14:14:18 - TradingSystem - INFO -    Host: localhost:3306
2025-07-23 14:14:18 - TradingSystem - INFO -    Database: bybit_trading_system
2025-07-23 14:14:18 - TradingSystem - INFO -    Username: root
2025-07-23 14:14:18 - TradingSystem - INFO -    Password: ***
2025-07-23 14:14:18 - TradingSystem - INFO - Loading system configuration from MySQL database...
2025-07-23 14:14:18 - config.config - INFO - Loading configuration 'default' from MySQL database
2025-07-23 14:14:18 - notifier.telegram - INFO - ✅ Telegram bot initialized successfully
2025-07-23 14:14:18 - TradingSystem - INFO - 🤖 AUTO-TRADING CONFIGURATION:
2025-07-23 14:14:18 - TradingSystem - INFO - ==================================================
2025-07-23 14:14:18 - TradingSystem - INFO - 📊 Trading Parameters:
2025-07-23 14:14:18 - TradingSystem - INFO -    Leverage: max
2025-07-23 14:14:18 - TradingSystem - INFO -    Risk Amount per Trade: 5.0% of account balance
2025-07-23 14:14:18 - TradingSystem - INFO -    Max Concurrent Positions: 5
2025-07-23 14:14:18 - TradingSystem - INFO -    Max Executions per Scan: 2
2025-07-23 14:14:18 - TradingSystem - INFO -    Auto-Close Profit Target: 50.0%
2025-07-23 14:14:18 - TradingSystem - INFO - ⏰ Scheduling Parameters:
2025-07-23 14:14:18 - TradingSystem - INFO -    Daily Start Time: 01:00
2025-07-23 14:14:18 - TradingSystem - INFO -    Scan Interval: 0.2 hours (900 seconds)
2025-07-23 14:14:18 - TradingSystem - INFO - 📈 Analysis Configuration:
2025-07-23 14:14:18 - TradingSystem - INFO -    Primary Timeframe: 30m
2025-07-23 14:14:18 - TradingSystem - INFO -    Confirmation Timeframes: 1h, 4h, 6h
2025-07-23 14:14:18 - TradingSystem - INFO -    MTF Confirmation Required: True
2025-07-23 14:14:18 - TradingSystem - INFO -    Min Volume 24h: $5,000,000.0
2025-07-23 14:14:18 - TradingSystem - INFO - ⚠️ Risk Management:
2025-07-23 14:14:18 - TradingSystem - INFO -    Risk per Trade: 5.0% of account balance
2025-07-23 14:14:18 - TradingSystem - INFO -    Max Total Risk Exposure: 25.0% of account balance
2025-07-23 14:14:18 - TradingSystem - INFO -    Max Leveraged Exposure: 25.0% × Max Leverage
2025-07-23 14:14:18 - TradingSystem - INFO -    Portfolio Risk Limit: 2.0%
2025-07-23 14:14:18 - TradingSystem - INFO - 🔧 Trading Mode: PRODUCTION
2025-07-23 14:14:18 - TradingSystem - INFO - 📱 Telegram Configuration:
2025-07-23 14:14:18 - TradingSystem - INFO -    Bot Token: Configured
2025-07-23 14:14:18 - TradingSystem - INFO -    User ID: 6708641837
2025-07-23 14:14:18 - TradingSystem - INFO - ==================================================
2025-07-23 14:14:18 - core.exchange - INFO - 🌍 Using API endpoint: https://api.bybitglobal.com
2025-07-23 14:14:35 - core.exchange - INFO - ✅ Connected to Bybit PRODUCTION via Global API
2025-07-23 14:14:35 - core.exchange - INFO - 🌍 API Endpoint: https://api.bybitglobal.com
2025-07-23 14:14:35 - TradingSystem - INFO - 🚀 COMPLETE ENHANCED SYSTEM WITH MULTI-TIMEFRAME & MYSQL DATABASE INITIALIZED!
2025-07-23 14:14:36 - core.exchange - INFO - ✅ Global API connection test successful
2025-07-23 14:14:36 - core.exchange - INFO - 🌍 Connected via: https://api.bybitglobal.com
2025-07-23 14:14:36 - bybit.autotrader - INFO - 🚀 Started auto-trading session: autotrader_20250723_141436
2025-07-23 14:14:36 - bybit.autotrader - INFO - ⚙️ Configuration:
2025-07-23 14:14:36 - bybit.autotrader - INFO -    Max concurrent positions: 5
2025-07-23 14:14:36 - bybit.autotrader - INFO -    Max executions per scan: 2
2025-07-23 14:14:36 - bybit.autotrader - INFO -    Risk amount per trade: 5.0%
2025-07-23 14:14:36 - bybit.autotrader - INFO -    Leverage: max
2025-07-23 14:14:36 - bybit.autotrader - INFO -    Auto-close profit target: 50.0%
2025-07-23 14:14:36 - bybit.autotrader - INFO -    Scan interval: 0.2 hours
2025-07-23 14:14:36 - bybit.autotrader - INFO - 📊 Started position monitoring
2025-07-23 14:14:36 - bybit.autotrader - INFO - 🤖 Auto-trading loop started
2025-07-23 14:14:36 - bybit.autotrader - INFO - ⏰ Next scan scheduled for: 2025-07-23 14:15:00
2025-07-23 14:14:36 - bybit.autotrader - INFO - ⏳ Waiting 0.4 minutes...
2025-07-23 14:15:00 - bybit.autotrader - INFO - ⏰ Scan time reached: 2025-07-23 14:15:00
2025-07-23 14:15:00 - bybit.autotrader - INFO - 📊 Running signal analysis...
2025-07-23 14:15:00 - TradingSystem - INFO - 🚀 STARTING OPTIMIZED ANALYSIS WITH 30m→1h/4h/6h MTF CONFIRMATION
2025-07-23 14:15:00 - TradingSystem - INFO -    📊 Charts generated ONLY for top-ranked signals (after analysis complete)
2025-07-23 14:15:00 - TradingSystem - INFO - ==========================================================================================
2025-07-23 14:15:01 - TradingSystem - INFO - 📊 Analyzing 209 symbols with MTF confirmation...
2025-07-23 14:15:01 - TradingSystem - INFO -    Primary Timeframe: 30m
2025-07-23 14:15:01 - TradingSystem - INFO -    Confirmation Timeframes: 1h, 4h, 6h
2025-07-23 14:15:01 - TradingSystem - INFO -    MTF Weight Multiplier: 1.5x
2025-07-23 14:15:01 - TradingSystem - INFO -    Database: MySQL @ localhost
2025-07-23 14:15:01 - TradingSystem - INFO -    Chart Strategy: Top 5 signals only
2025-07-23 14:15:01 - TradingSystem - INFO - 📈 PHASE 1: Signal Generation (No Charts)
2025-07-23 14:15:05 - signals.generator - INFO - ✅ Signal validated: XRP/USDT:USDT BUY - 95% confidence, 2.5:1 R/R
2025-07-23 14:15:11 - signals.generator - INFO - ✅ Signal validated: AVAX/USDT:USDT BUY - 95% confidence, 2.5:1 R/R
2025-07-23 14:15:16 - signals.generator - INFO - ✅ Signal validated: OP/USDT:USDT BUY - 95% confidence, 2.5:1 R/R
2025-07-23 14:15:18 - signals.generator - INFO - ✅ Signal validated: GALA/USDT:USDT BUY - 95% confidence, 2.5:1 R/R
2025-07-23 14:15:19 - signals.generator - INFO - ✅ Signal validated: TIA/USDT:USDT BUY - 95% confidence, 2.5:1 R/R
2025-07-23 14:15:19 - signals.generator - INFO - ✅ Signal validated: ETC/USDT:USDT BUY - 95% confidence, 2.5:1 R/R
2025-07-23 14:15:24 - signals.generator - INFO - ✅ Signal validated: DOT/USDT:USDT BUY - 95% confidence, 2.5:1 R/R
2025-07-23 14:15:25 - signals.generator - INFO - ✅ Signal validated: SHIB1000/USDT:USDT BUY - 95% confidence, 2.5:1 R/R
2025-07-23 14:15:31 - signals.generator - INFO - ✅ Signal validated: JTO/USDT:USDT BUY - 95% confidence, 2.5:1 R/R
2025-07-23 14:15:41 - signals.generator - INFO - ✅ Signal validated: FIL/USDT:USDT BUY - 95% confidence, 2.5:1 R/R
2025-07-23 14:15:47 - signals.generator - INFO - ✅ Signal validated: MOVE/USDT:USDT BUY - 95% confidence, 2.5:1 R/R
2025-07-23 14:15:50 - signals.generator - INFO - ✅ Signal validated: POL/USDT:USDT BUY - 95% confidence, 2.5:1 R/R
2025-07-23 14:15:52 - signals.generator - INFO - ✅ Signal validated: SAND/USDT:USDT BUY - 95% confidence, 2.5:1 R/R
2025-07-23 14:16:07 - signals.generator - INFO - ✅ Signal validated: GRT/USDT:USDT BUY - 95% confidence, 2.5:1 R/R
2025-07-23 14:16:09 - signals.generator - INFO - ✅ Signal validated: MANA/USDT:USDT BUY - 95% confidence, 2.5:1 R/R
2025-07-23 14:16:29 - signals.generator - INFO - ✅ Signal validated: LPT/USDT:USDT BUY - 95% confidence, 2.5:1 R/R
2025-07-23 14:16:32 - TradingSystem - INFO - 📊 PHASE 2: Signal Ranking (16 signals in 92.1s)
2025-07-23 14:16:32 - TradingSystem - INFO - 🏆 Top 5 Signals After Ranking:
2025-07-23 14:16:32 - TradingSystem - INFO -    1. XRP/USDT:USDT BUY - 95% conf - MTF: NONE
2025-07-23 14:16:32 - TradingSystem - INFO -    2. AVAX/USDT:USDT BUY - 95% conf - MTF: NONE
2025-07-23 14:16:32 - TradingSystem - INFO -    3. OP/USDT:USDT BUY - 95% conf - MTF: NONE
2025-07-23 14:16:32 - TradingSystem - INFO -    4. TIA/USDT:USDT BUY - 95% conf - MTF: NONE
2025-07-23 14:16:32 - TradingSystem - INFO -    5. GALA/USDT:USDT BUY - 95% conf - MTF: NONE
2025-07-23 14:16:32 - TradingSystem - INFO - 📊 PHASE 3: Chart Generation (Top 5 signals only)
2025-07-23 14:16:32 - TradingSystem - INFO - 📊 Generating charts for TOP 5 signals only...
2025-07-23 14:16:32 - visualization.charts - ERROR - Chart generation error: InteractiveChartGenerator.add_hidden_volume_levels() missing 1 required positional argument: 'volume_profile'
2025-07-23 14:16:32 - visualization.charts - ERROR - Chart generation error: InteractiveChartGenerator.add_hidden_volume_levels() missing 1 required positional argument: 'volume_profile'
2025-07-23 14:16:32 - visualization.charts - ERROR - Chart generation error: InteractiveChartGenerator.add_hidden_volume_levels() missing 1 required positional argument: 'volume_profile'
2025-07-23 14:16:32 - visualization.charts - ERROR - Chart generation error: InteractiveChartGenerator.add_hidden_volume_levels() missing 1 required positional argument: 'volume_profile'
2025-07-23 14:16:32 - visualization.charts - ERROR - Chart generation error: InteractiveChartGenerator.add_hidden_volume_levels() missing 1 required positional argument: 'volume_profile'
2025-07-23 14:16:32 - TradingSystem - INFO - ✅ Chart generation complete: 5/5 charts created
2025-07-23 14:16:32 - TradingSystem - INFO - ⚡ 30m→1h/4h/6h OPTIMIZED MTF ANALYSIS COMPLETED!
2025-07-23 14:16:32 - TradingSystem - INFO -    Total Execution Time: 92.2s
2025-07-23 14:16:32 - TradingSystem - INFO -    Signal Generation: 92.1s (16 signals)
2025-07-23 14:16:32 - TradingSystem - INFO -    Chart Generation: 0.1s (5 charts)
2025-07-23 14:16:32 - TradingSystem - INFO -    Chart Efficiency: 5/16 = 31.2% charted
2025-07-23 14:16:32 - TradingSystem - INFO -    MTF Confirmations: Strong: 0, Partial: 0, None: 16
2025-07-23 14:16:32 - bybit.autotrader - INFO - 📈 Generated 16 signals
2025-07-23 14:16:32 - bybit.autotrader - INFO - 💾 Saving results to MySQL database...
2025-07-23 14:16:33 - bybit.autotrader - INFO - 🎯 Executing 2 trades (available slots: 2)
2025-07-23 14:16:33 - bybit.autotrader - INFO - 📝 Executing trade 1/2: ETC/USDT:USDT
2025-07-23 14:16:33 - bybit.autotrader - INFO - 🚀 Placing BUY order for ETC/USDT:USDT
2025-07-23 14:16:34 - bybit.autotrader - INFO - 💰 Risk calculation:
2025-07-23 14:16:34 - bybit.autotrader - INFO -    Account Balance: 13.9941305 USDT
2025-07-23 14:16:34 - bybit.autotrader - INFO -    Risk Percentage: 5.0%
2025-07-23 14:16:34 - bybit.autotrader - INFO -    Risk Amount: 0.6997065250000001 USDT
2025-07-23 14:16:34 - bybit.autotrader - INFO -    Position Size: 1.5393050972368887 units
2025-07-23 14:16:34 - bybit.autotrader - INFO -    Required Margin: 0.6997065250000002 USDT
2025-07-23 14:16:35 - bybit.autotrader - INFO - ✅ Entry order placed: 61ca48a6-7370-474f-804d-3cf037a7a873
2025-07-23 14:16:35 - bybit.autotrader - INFO - ✅ Trade executed: ETC/USDT:USDT (95.0% confidence, MTF: NONE)
2025-07-23 14:16:36 - httpx - INFO - HTTP Request: POST https://api.telegram.org/bot8088506547:AAHZZxiY_wlh48IN4ldPNRJtM9qi7qxfLdM/sendMessage "HTTP/1.1 200 OK"
2025-07-23 14:16:36 - bybit.autotrader - INFO - 📝 Executing trade 2/2: AVAX/USDT:USDT
2025-07-23 14:16:36 - bybit.autotrader - INFO - 🚀 Placing BUY order for AVAX/USDT:USDT
2025-07-23 14:16:37 - bybit.autotrader - INFO - 💰 Risk calculation:
2025-07-23 14:16:37 - bybit.autotrader - INFO -    Account Balance: 13.27709395 USDT
2025-07-23 14:16:37 - bybit.autotrader - INFO -    Risk Percentage: 5.0%
2025-07-23 14:16:37 - bybit.autotrader - INFO -    Risk Amount: 0.6638546975 USDT
2025-07-23 14:16:37 - bybit.autotrader - INFO -    Position Size: 1.3569933106436909 units
2025-07-23 14:16:37 - bybit.autotrader - INFO -    Required Margin: 0.6638546975 USDT
2025-07-23 14:16:38 - bybit.autotrader - INFO - ✅ Entry order placed: a044bac5-f2d1-4fdd-8d75-ec880993c474
2025-07-23 14:16:38 - bybit.autotrader - INFO - ✅ Trade executed: AVAX/USDT:USDT (95.0% confidence, MTF: NONE)
2025-07-23 14:16:38 - httpx - INFO - HTTP Request: POST https://api.telegram.org/bot8088506547:AAHZZxiY_wlh48IN4ldPNRJtM9qi7qxfLdM/sendMessage "HTTP/1.1 200 OK"
2025-07-23 14:16:38 - bybit.autotrader - INFO - 📊 Scan complete - Signals: 16, Executed: 2
2025-07-23 14:16:39 - httpx - INFO - HTTP Request: POST https://api.telegram.org/bot8088506547:AAHZZxiY_wlh48IN4ldPNRJtM9qi7qxfLdM/sendMessage "HTTP/1.1 200 OK"
2025-07-23 14:16:39 - bybit.autotrader - INFO - ⏰ Next scan scheduled for: 2025-07-23 14:30:00
2025-07-23 14:16:39 - bybit.autotrader - INFO - ⏳ Waiting 13.3 minutes...
2025-07-23 14:19:43 - bybit.autotrader - INFO - 🛑 Received interrupt signal
2025-07-23 14:19:48 - bybit.autotrader - INFO - 🛑 Stopped position monitoring
2025-07-23 14:19:48 - bybit.autotrader - INFO - 🛑 Auto-trading stopped
