2025-07-21 22:52:12 - TradingSystem - INFO - 🚀 COMPLETE ENHANCED SYSTEM WITH MULTI-TIMEFRAME & MYSQL DATABASE INITIALIZED!
2025-07-21 22:52:12 - TradingSystem - INFO - 🚀 STARTING OPTIMIZED ANALYSIS WITH 30m→1h/4h/6h MTF CONFIRMATION
2025-07-21 22:52:12 - TradingSystem - INFO -    📊 Charts generated ONLY for top-ranked signals (after analysis complete)
2025-07-21 22:52:12 - TradingSystem - INFO - ==========================================================================================
2025-07-21 22:52:18 - TradingSystem - INFO - 📊 Analyzing 219 symbols with MTF confirmation...
2025-07-21 22:52:18 - TradingSystem - INFO -    Primary Timeframe: 30m
2025-07-21 22:52:18 - TradingSystem - INFO -    Confirmation Timeframes: 1h, 4h, 6h
2025-07-21 22:52:18 - TradingSystem - INFO -    MTF Weight Multiplier: 1.5x
2025-07-21 22:52:18 - TradingSystem - INFO -    Database: MySQL @ localhost
2025-07-21 22:52:18 - TradingSystem - INFO -    Chart Strategy: Top 5 signals only
2025-07-21 22:52:18 - TradingSystem - INFO - 📈 PHASE 1: Signal Generation (No Charts)
2025-07-21 22:53:51 - analysis.multi_timeframe - WARNING -    Insufficient 6h data for PUMPFUN/USDT:USDT
2025-07-21 22:54:22 - analysis.multi_timeframe - ERROR - Failed to fetch AAVE/USDT:USDT 4h data: bybit GET https://api.bybit.com/v5/market/kline?symbol=AAVEUSDT&limit=200&interval=240&category=linear
2025-07-21 22:54:22 - analysis.multi_timeframe - WARNING -    Insufficient 4h data for AAVE/USDT:USDT
2025-07-21 22:54:24 - core.exchange - ERROR - Failed to fetch SEI/USDT:USDT data: bybit GET https://api.bybit.com/v5/market/kline?symbol=SEIUSDT&limit=500&interval=30&category=linear
2025-07-21 22:54:24 - TradingSystem - WARNING - Insufficient 30m data for SEI/USDT:USDT
2025-07-21 22:55:27 - core.exchange - ERROR - Failed to fetch EPIC/USDT:USDT data: bybit GET https://api.bybit.com/v5/market/kline?symbol=EPICUSDT&limit=500&interval=30&category=linear
2025-07-21 22:55:27 - analysis.multi_timeframe - ERROR - Failed to fetch PNUT/USDT:USDT 4h data: bybit GET https://api.bybit.com/v5/market/kline?symbol=PNUTUSDT&limit=200&interval=240&category=linear
2025-07-21 22:55:27 - core.exchange - ERROR - Failed to fetch SHIB1000/USDT:USDT data: bybit GET https://api.bybit.com/v5/market/kline?symbol=SHIB1000USDT&limit=500&interval=30&category=linear
2025-07-21 22:55:27 - TradingSystem - WARNING - Insufficient 30m data for EPIC/USDT:USDT
2025-07-21 22:55:27 - core.exchange - ERROR - Failed to fetch CRV/USDT:USDT data: bybit GET https://api.bybit.com/v5/market/kline?symbol=CRVUSDT&limit=500&interval=30&category=linear
2025-07-21 22:55:27 - analysis.multi_timeframe - ERROR - Failed to fetch ETC/USDT:USDT 6h data: bybit GET https://api.bybit.com/v5/market/kline?symbol=ETCUSDT&limit=200&interval=360&category=linear
2025-07-21 22:55:27 - analysis.multi_timeframe - ERROR - Failed to fetch SPX/USDT:USDT 1h data: bybit GET https://api.bybit.com/v5/market/kline?symbol=SPXUSDT&limit=200&interval=60&category=linear
2025-07-21 22:55:27 - analysis.multi_timeframe - WARNING -    Insufficient 4h data for PNUT/USDT:USDT
2025-07-21 22:55:27 - TradingSystem - WARNING - Insufficient 30m data for SHIB1000/USDT:USDT
2025-07-21 22:55:27 - TradingSystem - WARNING - Insufficient 30m data for CRV/USDT:USDT
2025-07-21 22:55:27 - analysis.multi_timeframe - WARNING -    Insufficient 6h data for ETC/USDT:USDT
2025-07-21 22:55:27 - analysis.multi_timeframe - WARNING -    Insufficient 1h data for SPX/USDT:USDT
2025-07-21 22:55:37 - core.exchange - ERROR - Failed to fetch APT/USDT:USDT data: bybit GET https://api.bybit.com/v5/market/kline?symbol=APTUSDT&limit=500&interval=30&category=linear
2025-07-21 22:55:37 - TradingSystem - WARNING - Insufficient 30m data for APT/USDT:USDT
2025-07-21 22:55:42 - core.exchange - ERROR - Failed to fetch LDO/USDT:USDT data: bybit GET https://api.bybit.com/v5/market/kline?symbol=LDOUSDT&limit=500&interval=30&category=linear
2025-07-21 22:55:42 - TradingSystem - WARNING - Insufficient 30m data for LDO/USDT:USDT
2025-07-21 22:55:42 - analysis.multi_timeframe - ERROR - Failed to fetch PNUT/USDT:USDT 6h data: bybit GET https://api.bybit.com/v5/market/kline?symbol=PNUTUSDT&limit=200&interval=360&category=linear
2025-07-21 22:55:42 - core.exchange - ERROR - Failed to fetch GALA/USDT:USDT data: bybit GET https://api.bybit.com/v5/market/kline?symbol=GALAUSDT&limit=500&interval=30&category=linear
2025-07-21 22:55:42 - analysis.multi_timeframe - WARNING -    Insufficient 6h data for PNUT/USDT:USDT
2025-07-21 22:55:42 - TradingSystem - WARNING - Insufficient 30m data for GALA/USDT:USDT
2025-07-21 22:55:42 - core.exchange - ERROR - Failed to fetch DOT/USDT:USDT data: bybit GET https://api.bybit.com/v5/market/kline?symbol=DOTUSDT&limit=500&interval=30&category=linear
2025-07-21 22:55:42 - analysis.multi_timeframe - ERROR - Failed to fetch SPX/USDT:USDT 4h data: bybit GET https://api.bybit.com/v5/market/kline?symbol=SPXUSDT&limit=200&interval=240&category=linear
2025-07-21 22:55:42 - TradingSystem - WARNING - Insufficient 30m data for DOT/USDT:USDT
2025-07-21 22:55:42 - analysis.multi_timeframe - WARNING -    Insufficient 4h data for SPX/USDT:USDT
2025-07-21 22:55:47 - core.exchange - ERROR - Failed to fetch AI16Z/USDT:USDT data: bybit GET https://api.bybit.com/v5/market/kline?symbol=AI16ZUSDT&limit=500&interval=30&category=linear
2025-07-21 22:55:47 - TradingSystem - WARNING - Insufficient 30m data for AI16Z/USDT:USDT
2025-07-21 22:55:52 - core.exchange - ERROR - Failed to fetch XTZ/USDT:USDT data: bybit GET https://api.bybit.com/v5/market/kline?symbol=XTZUSDT&limit=500&interval=30&category=linear
2025-07-21 22:55:52 - TradingSystem - WARNING - Insufficient 30m data for XTZ/USDT:USDT
2025-07-21 22:55:57 - core.exchange - ERROR - Failed to fetch TAO/USDT:USDT data: bybit GET https://api.bybit.com/v5/market/kline?symbol=TAOUSDT&limit=500&interval=30&category=linear
2025-07-21 22:55:57 - TradingSystem - WARNING - Insufficient 30m data for TAO/USDT:USDT
2025-07-21 22:55:57 - core.exchange - ERROR - Failed to fetch ANIME/USDT:USDT data: bybit GET https://api.bybit.com/v5/market/kline?symbol=ANIMEUSDT&limit=500&interval=30&category=linear
2025-07-21 22:55:57 - analysis.multi_timeframe - ERROR - Failed to fetch SPX/USDT:USDT 6h data: bybit GET https://api.bybit.com/v5/market/kline?symbol=SPXUSDT&limit=200&interval=360&category=linear
2025-07-21 22:55:57 - core.exchange - ERROR - Failed to fetch JUP/USDT:USDT data: bybit GET https://api.bybit.com/v5/market/kline?symbol=JUPUSDT&limit=500&interval=30&category=linear
2025-07-21 22:55:57 - TradingSystem - WARNING - Insufficient 30m data for ANIME/USDT:USDT
2025-07-21 22:55:57 - analysis.multi_timeframe - WARNING -    Insufficient 6h data for SPX/USDT:USDT
2025-07-21 22:55:57 - TradingSystem - WARNING - Insufficient 30m data for JUP/USDT:USDT
2025-07-21 22:56:02 - core.exchange - ERROR - Failed to fetch INJ/USDT:USDT data: bybit GET https://api.bybit.com/v5/market/kline?symbol=INJUSDT&limit=500&interval=30&category=linear
2025-07-21 22:56:02 - TradingSystem - WARNING - Insufficient 30m data for INJ/USDT:USDT
2025-07-21 22:56:07 - core.exchange - ERROR - Failed to fetch TON/USDT:USDT data: bybit GET https://api.bybit.com/v5/market/kline?symbol=TONUSDT&limit=500&interval=30&category=linear
2025-07-21 22:56:07 - TradingSystem - WARNING - Insufficient 30m data for TON/USDT:USDT
2025-07-21 22:56:12 - core.exchange - ERROR - Failed to fetch MOVE/USDT:USDT data: bybit GET https://api.bybit.com/v5/market/kline?symbol=MOVEUSDT&limit=500&interval=30&category=linear
2025-07-21 22:56:12 - TradingSystem - WARNING - Insufficient 30m data for MOVE/USDT:USDT
2025-07-21 22:56:12 - core.exchange - ERROR - Failed to fetch ALGO/USDT:USDT data: bybit GET https://api.bybit.com/v5/market/kline?symbol=ALGOUSDT&limit=500&interval=30&category=linear
2025-07-21 22:56:12 - core.exchange - ERROR - Failed to fetch KAS/USDT:USDT data: bybit GET https://api.bybit.com/v5/market/kline?symbol=KASUSDT&limit=500&interval=30&category=linear
2025-07-21 22:56:12 - core.exchange - ERROR - Failed to fetch TRX/USDT:USDT data: bybit GET https://api.bybit.com/v5/market/kline?symbol=TRXUSDT&limit=500&interval=30&category=linear
2025-07-21 22:56:12 - TradingSystem - WARNING - Insufficient 30m data for ALGO/USDT:USDT
2025-07-21 22:56:12 - TradingSystem - WARNING - Insufficient 30m data for KAS/USDT:USDT
2025-07-21 22:56:12 - TradingSystem - WARNING - Insufficient 30m data for TRX/USDT:USDT
2025-07-21 22:56:17 - core.exchange - ERROR - Failed to fetch ENS/USDT:USDT data: bybit GET https://api.bybit.com/v5/market/kline?symbol=ENSUSDT&limit=500&interval=30&category=linear
2025-07-21 22:56:17 - TradingSystem - WARNING - Insufficient 30m data for ENS/USDT:USDT
2025-07-21 22:56:22 - core.exchange - ERROR - Failed to fetch BLUR/USDT:USDT data: bybit GET https://api.bybit.com/v5/market/kline?symbol=BLURUSDT&limit=500&interval=30&category=linear
2025-07-21 22:56:22 - TradingSystem - WARNING - Insufficient 30m data for BLUR/USDT:USDT
2025-07-21 22:56:27 - core.exchange - ERROR - Failed to fetch CKB/USDT:USDT data: bybit GET https://api.bybit.com/v5/market/kline?symbol=CKBUSDT&limit=500&interval=30&category=linear
2025-07-21 22:56:27 - core.exchange - ERROR - Failed to fetch JTO/USDT:USDT data: bybit GET https://api.bybit.com/v5/market/kline?symbol=JTOUSDT&limit=500&interval=30&category=linear
2025-07-21 22:56:27 - TradingSystem - WARNING - Insufficient 30m data for CKB/USDT:USDT
2025-07-21 22:56:27 - TradingSystem - WARNING - Insufficient 30m data for JTO/USDT:USDT
2025-07-21 22:56:27 - core.exchange - ERROR - Failed to fetch ORDI/USDT:USDT data: bybit GET https://api.bybit.com/v5/market/kline?symbol=ORDIUSDT&limit=500&interval=30&category=linear
2025-07-21 22:56:27 - core.exchange - ERROR - Failed to fetch M/USDT:USDT data: bybit GET https://api.bybit.com/v5/market/kline?symbol=MUSDT&limit=500&interval=30&category=linear
2025-07-21 22:56:27 - TradingSystem - WARNING - Insufficient 30m data for ORDI/USDT:USDT
2025-07-21 22:56:27 - TradingSystem - WARNING - Insufficient 30m data for M/USDT:USDT
2025-07-21 22:56:32 - core.exchange - ERROR - Failed to fetch BRETT/USDT:USDT data: bybit GET https://api.bybit.com/v5/market/kline?symbol=BRETTUSDT&limit=500&interval=30&category=linear
2025-07-21 22:56:32 - TradingSystem - WARNING - Insufficient 30m data for BRETT/USDT:USDT
2025-07-21 22:56:37 - core.exchange - ERROR - Failed to fetch ETHFI/USDT:USDT data: bybit GET https://api.bybit.com/v5/market/kline?symbol=ETHFIUSDT&limit=500&interval=30&category=linear
2025-07-21 22:56:37 - TradingSystem - WARNING - Insufficient 30m data for ETHFI/USDT:USDT
2025-07-21 22:56:42 - core.exchange - ERROR - Failed to fetch 1000NEIROCTO/USDT:USDT data: bybit GET https://api.bybit.com/v5/market/kline?symbol=1000NEIROCTOUSDT&limit=500&interval=30&category=linear
2025-07-21 22:56:42 - TradingSystem - WARNING - Insufficient 30m data for 1000NEIROCTO/USDT:USDT
2025-07-21 22:56:42 - core.exchange - ERROR - Failed to fetch RENDER/USDT:USDT data: bybit GET https://api.bybit.com/v5/market/kline?symbol=RENDERUSDT&limit=500&interval=30&category=linear
2025-07-21 22:56:42 - TradingSystem - WARNING - Insufficient 30m data for RENDER/USDT:USDT
2025-07-21 22:56:42 - core.exchange - ERROR - Failed to fetch STRK/USDT:USDT data: bybit GET https://api.bybit.com/v5/market/kline?symbol=STRKUSDT&limit=500&interval=30&category=linear
2025-07-21 22:56:42 - core.exchange - ERROR - Failed to fetch CROSS/USDT:USDT data: bybit GET https://api.bybit.com/v5/market/kline?symbol=CROSSUSDT&limit=500&interval=30&category=linear
2025-07-21 22:56:42 - TradingSystem - WARNING - Insufficient 30m data for STRK/USDT:USDT
2025-07-21 22:56:42 - TradingSystem - WARNING - Insufficient 30m data for CROSS/USDT:USDT
2025-07-21 22:56:47 - core.exchange - ERROR - Failed to fetch GOAT/USDT:USDT data: bybit GET https://api.bybit.com/v5/market/kline?symbol=GOATUSDT&limit=500&interval=30&category=linear
2025-07-21 22:56:47 - TradingSystem - WARNING - Insufficient 30m data for GOAT/USDT:USDT
2025-07-21 22:56:52 - core.exchange - ERROR - Failed to fetch C/USDT:USDT data: bybit GET https://api.bybit.com/v5/market/kline?symbol=CUSDT&limit=500&interval=30&category=linear
2025-07-21 22:56:52 - TradingSystem - WARNING - Insufficient 30m data for C/USDT:USDT
2025-07-21 22:56:57 - core.exchange - ERROR - Failed to fetch USELESS/USDT:USDT data: bybit GET https://api.bybit.com/v5/market/kline?symbol=USELESSUSDT&limit=500&interval=30&category=linear
2025-07-21 22:56:57 - core.exchange - ERROR - Failed to fetch GRASS/USDT:USDT data: bybit GET https://api.bybit.com/v5/market/kline?symbol=GRASSUSDT&limit=500&interval=30&category=linear
2025-07-21 22:56:57 - TradingSystem - WARNING - Insufficient 30m data for USELESS/USDT:USDT
2025-07-21 22:56:57 - TradingSystem - WARNING - Insufficient 30m data for GRASS/USDT:USDT
2025-07-21 22:56:57 - core.exchange - ERROR - Failed to fetch FIL/USDT:USDT data: bybit GET https://api.bybit.com/v5/market/kline?symbol=FILUSDT&limit=500&interval=30&category=linear
2025-07-21 22:56:57 - TradingSystem - WARNING - Insufficient 30m data for FIL/USDT:USDT
2025-07-21 22:56:57 - core.exchange - ERROR - Failed to fetch JASMY/USDT:USDT data: bybit GET https://api.bybit.com/v5/market/kline?symbol=JASMYUSDT&limit=500&interval=30&category=linear
2025-07-21 22:56:57 - TradingSystem - WARNING - Insufficient 30m data for JASMY/USDT:USDT
2025-07-21 22:57:02 - core.exchange - ERROR - Failed to fetch ERA/USDT:USDT data: bybit GET https://api.bybit.com/v5/market/kline?symbol=ERAUSDT&limit=500&interval=30&category=linear
2025-07-21 22:57:02 - core.exchange - ERROR - Failed to fetch H/USDT:USDT data: bybit GET https://api.bybit.com/v5/market/kline?symbol=HUSDT&limit=500&interval=30&category=linear
2025-07-21 22:57:02 - core.exchange - ERROR - Failed to fetch TRB/USDT:USDT data: bybit GET https://api.bybit.com/v5/market/kline?symbol=TRBUSDT&limit=500&interval=30&category=linear
2025-07-21 22:57:02 - core.exchange - ERROR - Failed to fetch TA/USDT:USDT data: bybit GET https://api.bybit.com/v5/market/kline?symbol=TAUSDT&limit=500&interval=30&category=linear
2025-07-21 22:57:02 - TradingSystem - WARNING - Insufficient 30m data for ERA/USDT:USDT
2025-07-21 22:57:02 - TradingSystem - WARNING - Insufficient 30m data for H/USDT:USDT
2025-07-21 22:57:02 - core.exchange - ERROR - Failed to fetch APE/USDT:USDT data: bybit GET https://api.bybit.com/v5/market/kline?symbol=APEUSDT&limit=500&interval=30&category=linear
2025-07-21 22:57:02 - TradingSystem - WARNING - Insufficient 30m data for TRB/USDT:USDT
2025-07-21 22:57:02 - TradingSystem - WARNING - Insufficient 30m data for TA/USDT:USDT
2025-07-21 22:57:02 - TradingSystem - WARNING - Insufficient 30m data for APE/USDT:USDT
2025-07-21 22:57:02 - core.exchange - ERROR - Failed to fetch LAUNCHCOIN/USDT:USDT data: bybit GET https://api.bybit.com/v5/market/kline?symbol=LAUNCHCOINUSDT&limit=500&interval=30&category=linear
2025-07-21 22:57:02 - TradingSystem - WARNING - Insufficient 30m data for LAUNCHCOIN/USDT:USDT
2025-07-21 22:57:07 - core.exchange - ERROR - Failed to fetch ELX/USDT:USDT data: bybit GET https://api.bybit.com/v5/market/kline?symbol=ELXUSDT&limit=500&interval=30&category=linear
2025-07-21 22:57:07 - core.exchange - ERROR - Failed to fetch HYPER/USDT:USDT data: bybit GET https://api.bybit.com/v5/market/kline?symbol=HYPERUSDT&limit=500&interval=30&category=linear
2025-07-21 22:57:07 - core.exchange - ERROR - Failed to fetch POL/USDT:USDT data: bybit GET https://api.bybit.com/v5/market/kline?symbol=POLUSDT&limit=500&interval=30&category=linear
2025-07-21 22:57:07 - TradingSystem - WARNING - Insufficient 30m data for ELX/USDT:USDT
2025-07-21 22:57:07 - core.exchange - ERROR - Failed to fetch STX/USDT:USDT data: bybit GET https://api.bybit.com/v5/market/kline?symbol=STXUSDT&limit=500&interval=30&category=linear
2025-07-21 22:57:07 - core.exchange - ERROR - Failed to fetch ATOM/USDT:USDT data: bybit GET https://api.bybit.com/v5/market/kline?symbol=ATOMUSDT&limit=500&interval=30&category=linear
2025-07-21 22:57:07 - core.exchange - ERROR - Failed to fetch EIGEN/USDT:USDT data: bybit GET https://api.bybit.com/v5/market/kline?symbol=EIGENUSDT&limit=500&interval=30&category=linear
2025-07-21 22:57:07 - TradingSystem - WARNING - Insufficient 30m data for HYPER/USDT:USDT
2025-07-21 22:57:07 - TradingSystem - WARNING - Insufficient 30m data for POL/USDT:USDT
2025-07-21 22:57:07 - TradingSystem - WARNING - Insufficient 30m data for STX/USDT:USDT
2025-07-21 22:57:07 - TradingSystem - WARNING - Insufficient 30m data for ATOM/USDT:USDT
2025-07-21 22:57:07 - TradingSystem - WARNING - Insufficient 30m data for EIGEN/USDT:USDT
2025-07-21 22:57:12 - core.exchange - ERROR - Failed to fetch MEW/USDT:USDT data: bybit GET https://api.bybit.com/v5/market/kline?symbol=MEWUSDT&limit=500&interval=30&category=linear
2025-07-21 22:57:12 - core.exchange - ERROR - Failed to fetch MKR/USDT:USDT data: bybit GET https://api.bybit.com/v5/market/kline?symbol=MKRUSDT&limit=500&interval=30&category=linear
2025-07-21 22:57:12 - core.exchange - ERROR - Failed to fetch SAND/USDT:USDT data: bybit GET https://api.bybit.com/v5/market/kline?symbol=SANDUSDT&limit=500&interval=30&category=linear
2025-07-21 22:57:12 - TradingSystem - WARNING - Insufficient 30m data for MEW/USDT:USDT
2025-07-21 22:57:12 - core.exchange - ERROR - Failed to fetch PEOPLE/USDT:USDT data: bybit GET https://api.bybit.com/v5/market/kline?symbol=PEOPLEUSDT&limit=500&interval=30&category=linear
2025-07-21 22:57:12 - TradingSystem - WARNING - Insufficient 30m data for MKR/USDT:USDT
2025-07-21 22:57:12 - TradingSystem - WARNING - Insufficient 30m data for SAND/USDT:USDT
2025-07-21 22:57:12 - core.exchange - ERROR - Failed to fetch BLAST/USDT:USDT data: bybit GET https://api.bybit.com/v5/market/kline?symbol=BLASTUSDT&limit=500&interval=30&category=linear
2025-07-21 22:57:12 - core.exchange - ERROR - Failed to fetch BOME/USDT:USDT data: bybit GET https://api.bybit.com/v5/market/kline?symbol=BOMEUSDT&limit=500&interval=30&category=linear
2025-07-21 22:57:12 - TradingSystem - WARNING - Insufficient 30m data for PEOPLE/USDT:USDT
2025-07-21 22:57:12 - TradingSystem - WARNING - Insufficient 30m data for BLAST/USDT:USDT
2025-07-21 22:57:12 - TradingSystem - WARNING - Insufficient 30m data for BOME/USDT:USDT
2025-07-21 22:57:17 - core.exchange - ERROR - Failed to fetch 1000000MOG/USDT:USDT data: bybit GET https://api.bybit.com/v5/market/kline?symbol=1000000MOGUSDT&limit=500&interval=30&category=linear
2025-07-21 22:57:17 - core.exchange - ERROR - Failed to fetch SPK/USDT:USDT data: bybit GET https://api.bybit.com/v5/market/kline?symbol=SPKUSDT&limit=500&interval=30&category=linear
2025-07-21 22:57:17 - core.exchange - ERROR - Failed to fetch ICP/USDT:USDT data: bybit GET https://api.bybit.com/v5/market/kline?symbol=ICPUSDT&limit=500&interval=30&category=linear
2025-07-21 22:57:17 - core.exchange - ERROR - Failed to fetch AR/USDT:USDT data: bybit GET https://api.bybit.com/v5/market/kline?symbol=ARUSDT&limit=500&interval=30&category=linear
2025-07-21 22:57:17 - core.exchange - ERROR - Failed to fetch API3/USDT:USDT data: bybit GET https://api.bybit.com/v5/market/kline?symbol=API3USDT&limit=500&interval=30&category=linear
2025-07-21 22:57:17 - TradingSystem - WARNING - Insufficient 30m data for 1000000MOG/USDT:USDT
2025-07-21 22:57:17 - core.exchange - ERROR - Failed to fetch S/USDT:USDT data: bybit GET https://api.bybit.com/v5/market/kline?symbol=SUSDT&limit=500&interval=30&category=linear
2025-07-21 22:57:17 - TradingSystem - WARNING - Insufficient 30m data for SPK/USDT:USDT
2025-07-21 22:57:17 - TradingSystem - WARNING - Insufficient 30m data for ICP/USDT:USDT
2025-07-21 22:57:17 - TradingSystem - WARNING - Insufficient 30m data for AR/USDT:USDT
2025-07-21 22:57:17 - TradingSystem - WARNING - Insufficient 30m data for API3/USDT:USDT
2025-07-21 22:57:17 - TradingSystem - WARNING - Insufficient 30m data for S/USDT:USDT
2025-07-21 22:57:22 - core.exchange - ERROR - Failed to fetch RESOLV/USDT:USDT data: bybit GET https://api.bybit.com/v5/market/kline?symbol=RESOLVUSDT&limit=500&interval=30&category=linear
2025-07-21 22:57:22 - core.exchange - ERROR - Failed to fetch PENDLE/USDT:USDT data: bybit GET https://api.bybit.com/v5/market/kline?symbol=PENDLEUSDT&limit=500&interval=30&category=linear
2025-07-21 22:57:22 - core.exchange - ERROR - Failed to fetch BERA/USDT:USDT data: bybit GET https://api.bybit.com/v5/market/kline?symbol=BERAUSDT&limit=500&interval=30&category=linear
2025-07-21 22:57:22 - core.exchange - ERROR - Failed to fetch FIDA/USDT:USDT data: bybit GET https://api.bybit.com/v5/market/kline?symbol=FIDAUSDT&limit=500&interval=30&category=linear
2025-07-21 22:57:22 - TradingSystem - WARNING - Insufficient 30m data for RESOLV/USDT:USDT
2025-07-21 22:57:22 - core.exchange - ERROR - Failed to fetch CHILLGUY/USDT:USDT data: bybit GET https://api.bybit.com/v5/market/kline?symbol=CHILLGUYUSDT&limit=500&interval=30&category=linear
2025-07-21 22:57:22 - core.exchange - ERROR - Failed to fetch RUNE/USDT:USDT data: bybit GET https://api.bybit.com/v5/market/kline?symbol=RUNEUSDT&limit=500&interval=30&category=linear
2025-07-21 22:57:22 - TradingSystem - WARNING - Insufficient 30m data for PENDLE/USDT:USDT
2025-07-21 22:57:22 - TradingSystem - WARNING - Insufficient 30m data for BERA/USDT:USDT
2025-07-21 22:57:22 - TradingSystem - WARNING - Insufficient 30m data for FIDA/USDT:USDT
2025-07-21 22:57:22 - TradingSystem - WARNING - Insufficient 30m data for CHILLGUY/USDT:USDT
2025-07-21 22:57:22 - TradingSystem - WARNING - Insufficient 30m data for RUNE/USDT:USDT
2025-07-21 22:57:27 - core.exchange - ERROR - Failed to fetch COOKIE/USDT:USDT data: bybit GET https://api.bybit.com/v5/market/kline?symbol=COOKIEUSDT&limit=500&interval=30&category=linear
2025-07-21 22:57:27 - core.exchange - ERROR - Failed to fetch INIT/USDT:USDT data: bybit GET https://api.bybit.com/v5/market/kline?symbol=INITUSDT&limit=500&interval=30&category=linear
2025-07-21 22:57:27 - core.exchange - ERROR - Failed to fetch SOPH/USDT:USDT data: bybit GET https://api.bybit.com/v5/market/kline?symbol=SOPHUSDT&limit=500&interval=30&category=linear
2025-07-21 22:57:27 - core.exchange - ERROR - Failed to fetch W/USDT:USDT data: bybit GET https://api.bybit.com/v5/market/kline?symbol=WUSDT&limit=500&interval=30&category=linear
2025-07-21 22:57:27 - core.exchange - ERROR - Failed to fetch NXPC/USDT:USDT data: bybit GET https://api.bybit.com/v5/market/kline?symbol=NXPCUSDT&limit=500&interval=30&category=linear
2025-07-21 22:57:27 - core.exchange - ERROR - Failed to fetch ZRO/USDT:USDT data: bybit GET https://api.bybit.com/v5/market/kline?symbol=ZROUSDT&limit=500&interval=30&category=linear
2025-07-21 22:57:27 - TradingSystem - WARNING - Insufficient 30m data for COOKIE/USDT:USDT
2025-07-21 22:57:27 - TradingSystem - WARNING - Insufficient 30m data for INIT/USDT:USDT
2025-07-21 22:57:27 - TradingSystem - WARNING - Insufficient 30m data for SOPH/USDT:USDT
2025-07-21 22:57:27 - TradingSystem - WARNING - Insufficient 30m data for W/USDT:USDT
2025-07-21 22:57:27 - TradingSystem - WARNING - Insufficient 30m data for NXPC/USDT:USDT
2025-07-21 22:57:27 - TradingSystem - WARNING - Insufficient 30m data for ZRO/USDT:USDT
2025-07-21 22:57:32 - core.exchange - ERROR - Failed to fetch KNC/USDT:USDT data: bybit GET https://api.bybit.com/v5/market/kline?symbol=KNCUSDT&limit=500&interval=30&category=linear
2025-07-21 22:57:32 - core.exchange - ERROR - Failed to fetch SAHARA/USDT:USDT data: bybit GET https://api.bybit.com/v5/market/kline?symbol=SAHARAUSDT&limit=500&interval=30&category=linear
2025-07-21 22:57:32 - core.exchange - ERROR - Failed to fetch DOOD/USDT:USDT data: bybit GET https://api.bybit.com/v5/market/kline?symbol=DOODUSDT&limit=500&interval=30&category=linear
2025-07-21 22:57:32 - core.exchange - ERROR - Failed to fetch SUSHI/USDT:USDT data: bybit GET https://api.bybit.com/v5/market/kline?symbol=SUSHIUSDT&limit=500&interval=30&category=linear
2025-07-21 22:57:32 - TradingSystem - WARNING - Insufficient 30m data for KNC/USDT:USDT
2025-07-21 22:57:32 - core.exchange - ERROR - Failed to fetch FXS/USDT:USDT data: bybit GET https://api.bybit.com/v5/market/kline?symbol=FXSUSDT&limit=500&interval=30&category=linear
2025-07-21 22:57:32 - TradingSystem - WARNING - Insufficient 30m data for SAHARA/USDT:USDT
2025-07-21 22:57:32 - TradingSystem - WARNING - Insufficient 30m data for DOOD/USDT:USDT
2025-07-21 22:57:32 - TradingSystem - WARNING - Insufficient 30m data for SUSHI/USDT:USDT
2025-07-21 22:57:32 - core.exchange - ERROR - Failed to fetch 1000TURBO/USDT:USDT data: bybit GET https://api.bybit.com/v5/market/kline?symbol=1000TURBOUSDT&limit=500&interval=30&category=linear
2025-07-21 22:57:32 - TradingSystem - WARNING - Insufficient 30m data for FXS/USDT:USDT
2025-07-21 22:57:32 - TradingSystem - WARNING - Insufficient 30m data for 1000TURBO/USDT:USDT
2025-07-21 22:57:37 - core.exchange - ERROR - Failed to fetch NOT/USDT:USDT data: bybit GET https://api.bybit.com/v5/market/kline?symbol=NOTUSDT&limit=500&interval=30&category=linear
2025-07-21 22:57:37 - TradingSystem - WARNING - Insufficient 30m data for NOT/USDT:USDT
2025-07-21 22:57:37 - core.exchange - ERROR - Failed to fetch ME/USDT:USDT data: bybit GET https://api.bybit.com/v5/market/kline?symbol=MEUSDT&limit=500&interval=30&category=linear
2025-07-21 22:57:37 - core.exchange - ERROR - Failed to fetch IP/USDT:USDT data: bybit GET https://api.bybit.com/v5/market/kline?symbol=IPUSDT&limit=500&interval=30&category=linear
2025-07-21 22:57:37 - core.exchange - ERROR - Failed to fetch PLUME/USDT:USDT data: bybit GET https://api.bybit.com/v5/market/kline?symbol=PLUMEUSDT&limit=500&interval=30&category=linear
2025-07-21 22:57:37 - TradingSystem - WARNING - Insufficient 30m data for ME/USDT:USDT
2025-07-21 22:57:37 - TradingSystem - WARNING - Insufficient 30m data for IP/USDT:USDT
2025-07-21 22:57:37 - TradingSystem - WARNING - Insufficient 30m data for PLUME/USDT:USDT
2025-07-21 22:57:37 - core.exchange - ERROR - Failed to fetch AIXBT/USDT:USDT data: bybit GET https://api.bybit.com/v5/market/kline?symbol=AIXBTUSDT&limit=500&interval=30&category=linear
2025-07-21 22:57:37 - core.exchange - ERROR - Failed to fetch DYDX/USDT:USDT data: bybit GET https://api.bybit.com/v5/market/kline?symbol=DYDXUSDT&limit=500&interval=30&category=linear
2025-07-21 22:57:37 - TradingSystem - WARNING - Insufficient 30m data for AIXBT/USDT:USDT
2025-07-21 22:57:37 - TradingSystem - WARNING - Insufficient 30m data for DYDX/USDT:USDT
2025-07-21 22:57:42 - core.exchange - ERROR - Failed to fetch BIGTIME/USDT:USDT data: bybit GET https://api.bybit.com/v5/market/kline?symbol=BIGTIMEUSDT&limit=500&interval=30&category=linear
2025-07-21 22:57:42 - TradingSystem - WARNING - Insufficient 30m data for BIGTIME/USDT:USDT
2025-07-21 22:57:42 - core.exchange - ERROR - Failed to fetch AERO/USDT:USDT data: bybit GET https://api.bybit.com/v5/market/kline?symbol=AEROUSDT&limit=500&interval=30&category=linear
2025-07-21 22:57:42 - TradingSystem - WARNING - Insufficient 30m data for AERO/USDT:USDT
2025-07-21 22:57:42 - core.exchange - ERROR - Failed to fetch A8/USDT:USDT data: bybit GET https://api.bybit.com/v5/market/kline?symbol=A8USDT&limit=500&interval=30&category=linear
2025-07-21 22:57:42 - TradingSystem - WARNING - Insufficient 30m data for A8/USDT:USDT
2025-07-21 22:57:42 - core.exchange - ERROR - Failed to fetch THETA/USDT:USDT data: bybit GET https://api.bybit.com/v5/market/kline?symbol=THETAUSDT&limit=500&interval=30&category=linear
2025-07-21 22:57:42 - core.exchange - ERROR - Failed to fetch MELANIA/USDT:USDT data: bybit GET https://api.bybit.com/v5/market/kline?symbol=MELANIAUSDT&limit=500&interval=30&category=linear
2025-07-21 22:57:42 - core.exchange - ERROR - Failed to fetch PYTH/USDT:USDT data: bybit GET https://api.bybit.com/v5/market/kline?symbol=PYTHUSDT&limit=500&interval=30&category=linear
2025-07-21 22:57:42 - TradingSystem - WARNING - Insufficient 30m data for THETA/USDT:USDT
2025-07-21 22:57:42 - TradingSystem - WARNING - Insufficient 30m data for MELANIA/USDT:USDT
2025-07-21 22:57:42 - TradingSystem - WARNING - Insufficient 30m data for PYTH/USDT:USDT
2025-07-21 22:57:47 - core.exchange - ERROR - Failed to fetch GMT/USDT:USDT data: bybit GET https://api.bybit.com/v5/market/kline?symbol=GMTUSDT&limit=500&interval=30&category=linear
2025-07-21 22:57:47 - TradingSystem - WARNING - Insufficient 30m data for GMT/USDT:USDT
2025-07-21 22:57:47 - core.exchange - ERROR - Failed to fetch RAYDIUM/USDT:USDT data: bybit GET https://api.bybit.com/v5/market/kline?symbol=RAYDIUMUSDT&limit=500&interval=30&category=linear
2025-07-21 22:57:47 - core.exchange - ERROR - Failed to fetch SOLAYER/USDT:USDT data: bybit GET https://api.bybit.com/v5/market/kline?symbol=SOLAYERUSDT&limit=500&interval=30&category=linear
2025-07-21 22:57:47 - core.exchange - ERROR - Failed to fetch CVX/USDT:USDT data: bybit GET https://api.bybit.com/v5/market/kline?symbol=CVXUSDT&limit=500&interval=30&category=linear
2025-07-21 22:57:47 - core.exchange - ERROR - Failed to fetch NEIROETH/USDT:USDT data: bybit GET https://api.bybit.com/v5/market/kline?symbol=NEIROETHUSDT&limit=500&interval=30&category=linear
2025-07-21 22:57:47 - core.exchange - ERROR - Failed to fetch KAITO/USDT:USDT data: bybit GET https://api.bybit.com/v5/market/kline?symbol=KAITOUSDT&limit=500&interval=30&category=linear
2025-07-21 22:57:47 - TradingSystem - WARNING - Insufficient 30m data for RAYDIUM/USDT:USDT
2025-07-21 22:57:47 - TradingSystem - WARNING - Insufficient 30m data for SOLAYER/USDT:USDT
2025-07-21 22:57:47 - TradingSystem - WARNING - Insufficient 30m data for CVX/USDT:USDT
2025-07-21 22:57:47 - TradingSystem - WARNING - Insufficient 30m data for NEIROETH/USDT:USDT
2025-07-21 22:57:47 - TradingSystem - WARNING - Insufficient 30m data for KAITO/USDT:USDT
2025-07-21 22:57:52 - core.exchange - ERROR - Failed to fetch ZBCN/USDT:USDT data: bybit GET https://api.bybit.com/v5/market/kline?symbol=ZBCNUSDT&limit=500&interval=30&category=linear
2025-07-21 22:57:52 - TradingSystem - WARNING - Insufficient 30m data for ZBCN/USDT:USDT
2025-07-21 22:57:52 - core.exchange - ERROR - Failed to fetch UXLINK/USDT:USDT data: bybit GET https://api.bybit.com/v5/market/kline?symbol=UXLINKUSDT&limit=500&interval=30&category=linear
2025-07-21 22:57:52 - TradingSystem - WARNING - Insufficient 30m data for UXLINK/USDT:USDT
2025-07-21 22:57:52 - core.exchange - ERROR - Failed to fetch USUAL/USDT:USDT data: bybit GET https://api.bybit.com/v5/market/kline?symbol=USUALUSDT&limit=500&interval=30&category=linear
2025-07-21 22:57:52 - TradingSystem - WARNING - Insufficient 30m data for USUAL/USDT:USDT
2025-07-21 22:57:52 - core.exchange - ERROR - Failed to fetch BANANA/USDT:USDT data: bybit GET https://api.bybit.com/v5/market/kline?symbol=BANANAUSDT&limit=500&interval=30&category=linear
2025-07-21 22:57:52 - TradingSystem - WARNING - Insufficient 30m data for BANANA/USDT:USDT
2025-07-21 22:57:52 - core.exchange - ERROR - Failed to fetch ARKM/USDT:USDT data: bybit GET https://api.bybit.com/v5/market/kline?symbol=ARKMUSDT&limit=500&interval=30&category=linear
2025-07-21 22:57:52 - core.exchange - ERROR - Failed to fetch GRIFFAIN/USDT:USDT data: bybit GET https://api.bybit.com/v5/market/kline?symbol=GRIFFAINUSDT&limit=500&interval=30&category=linear
2025-07-21 22:57:52 - TradingSystem - WARNING - Insufficient 30m data for ARKM/USDT:USDT
2025-07-21 22:57:52 - TradingSystem - WARNING - Insufficient 30m data for GRIFFAIN/USDT:USDT
2025-07-21 22:57:57 - core.exchange - ERROR - Failed to fetch BAL/USDT:USDT data: bybit GET https://api.bybit.com/v5/market/kline?symbol=BALUSDT&limit=500&interval=30&category=linear
2025-07-21 22:57:57 - TradingSystem - WARNING - Insufficient 30m data for BAL/USDT:USDT
2025-07-21 22:57:57 - core.exchange - ERROR - Failed to fetch CAKE/USDT:USDT data: bybit GET https://api.bybit.com/v5/market/kline?symbol=CAKEUSDT&limit=500&interval=30&category=linear
2025-07-21 22:57:57 - core.exchange - ERROR - Failed to fetch GRT/USDT:USDT data: bybit GET https://api.bybit.com/v5/market/kline?symbol=GRTUSDT&limit=500&interval=30&category=linear
2025-07-21 22:57:57 - TradingSystem - WARNING - Insufficient 30m data for CAKE/USDT:USDT
2025-07-21 22:57:57 - core.exchange - ERROR - Failed to fetch XAUT/USDT:USDT data: bybit GET https://api.bybit.com/v5/market/kline?symbol=XAUTUSDT&limit=500&interval=30&category=linear
2025-07-21 22:57:57 - TradingSystem - WARNING - Insufficient 30m data for GRT/USDT:USDT
2025-07-21 22:57:57 - core.exchange - ERROR - Failed to fetch PHB/USDT:USDT data: bybit GET https://api.bybit.com/v5/market/kline?symbol=PHBUSDT&limit=500&interval=30&category=linear
2025-07-21 22:57:57 - TradingSystem - WARNING - Insufficient 30m data for XAUT/USDT:USDT
2025-07-21 22:57:57 - core.exchange - ERROR - Failed to fetch DEEP/USDT:USDT data: bybit GET https://api.bybit.com/v5/market/kline?symbol=DEEPUSDT&limit=500&interval=30&category=linear
2025-07-21 22:57:57 - TradingSystem - WARNING - Insufficient 30m data for PHB/USDT:USDT
2025-07-21 22:57:57 - TradingSystem - WARNING - Insufficient 30m data for DEEP/USDT:USDT
2025-07-21 22:58:02 - core.exchange - ERROR - Failed to fetch BABY/USDT:USDT data: bybit GET https://api.bybit.com/v5/market/kline?symbol=BABYUSDT&limit=500&interval=30&category=linear
2025-07-21 22:58:02 - TradingSystem - WARNING - Insufficient 30m data for BABY/USDT:USDT
2025-07-21 22:58:02 - core.exchange - ERROR - Failed to fetch CARV/USDT:USDT data: bybit GET https://api.bybit.com/v5/market/kline?symbol=CARVUSDT&limit=500&interval=30&category=linear
2025-07-21 22:58:02 - TradingSystem - WARNING - Insufficient 30m data for CARV/USDT:USDT
2025-07-21 22:58:02 - core.exchange - ERROR - Failed to fetch MNT/USDT:USDT data: bybit GET https://api.bybit.com/v5/market/kline?symbol=MNTUSDT&limit=500&interval=30&category=linear
2025-07-21 22:58:02 - TradingSystem - WARNING - Insufficient 30m data for MNT/USDT:USDT
2025-07-21 22:58:02 - core.exchange - ERROR - Failed to fetch SYRUP/USDT:USDT data: bybit GET https://api.bybit.com/v5/market/kline?symbol=SYRUPUSDT&limit=500&interval=30&category=linear
2025-07-21 22:58:02 - core.exchange - ERROR - Failed to fetch IMX/USDT:USDT data: bybit GET https://api.bybit.com/v5/market/kline?symbol=IMXUSDT&limit=500&interval=30&category=linear
2025-07-21 22:58:02 - core.exchange - ERROR - Failed to fetch ALU/USDT:USDT data: bybit GET https://api.bybit.com/v5/market/kline?symbol=ALUUSDT&limit=500&interval=30&category=linear
2025-07-21 22:58:02 - TradingSystem - WARNING - Insufficient 30m data for SYRUP/USDT:USDT
2025-07-21 22:58:02 - TradingSystem - WARNING - Insufficient 30m data for IMX/USDT:USDT
2025-07-21 22:58:02 - TradingSystem - WARNING - Insufficient 30m data for ALU/USDT:USDT
