2025-07-21 17:32:51 - TradingSystem - INFO - 🚀 COMPLETE ENHANCED SYSTEM WITH MULTI-TIMEFRAME & MYSQL DATABASE INITIALIZED!
2025-07-21 17:32:51 - TradingSystem - INFO - ✅ Multi-Timeframe Confirmation: Primary 15m, Confirmation 1h/4h
2025-07-21 17:32:51 - TradingSystem - INFO - ✅ Database: bybit_trading_system @ localhost
2025-07-21 17:32:51 - TradingSystem - INFO - 🚀 STARTING ENHANCED ANALYSIS WITH 15m→1h/4h MTF CONFIRMATION (PARALLEL + MYSQL)
2025-07-21 17:32:51 - TradingSystem - INFO - ==========================================================================================
2025-07-21 17:32:57 - TradingSystem - INFO - 📊 Analyzing 227 symbols with MTF confirmation...
2025-07-21 17:32:57 - TradingSystem - INFO -    Primary Timeframe: 15m
2025-07-21 17:32:57 - TradingSystem - INFO -    Confirmation Timeframes: 1h, 4h
2025-07-21 17:32:57 - TradingSystem - INFO -    MTF Weight Multiplier: 1.5x
2025-07-21 17:32:57 - TradingSystem - INFO -    Database: MySQL @ localhost
2025-07-21 17:34:41 - TradingSystem - WARNING - Insufficient 15m data for TA/USDT:USDT
2025-07-21 17:35:15 - visualization.charts - ERROR - Error adding Fibonacci levels: Invalid annotation position "middle right"
2025-07-21 17:37:47 - visualization.charts - WARNING - Selenium screenshot failed: Message: Unable to obtain driver for chrome; For documentation on this error, please visit: https://www.selenium.dev/documentation/webdriver/troubleshooting/errors/driver_location

2025-07-21 17:37:47 - visualization.charts - WARNING - Playwright not installed. Install with: pip install playwright
2025-07-21 17:37:47 - visualization.charts - WARNING - Screenshot capture failed, returning HTML path
2025-07-21 17:37:47 - visualization.charts - INFO - 📊 Chart saved: HTML=tradingview_SPKUSDTUSDT_chart_20250721_173515.html, Screenshot=charts/tradingview_SPKUSDTUSDT_chart_20250721_173515.html
2025-07-21 17:37:48 - TradingSystem - INFO - ⚡ 15m→1h/4h MTF PARALLEL ANALYSIS COMPLETED!
2025-07-21 17:37:48 - TradingSystem - INFO -    Execution Time: 297.1s
2025-07-21 17:37:48 - TradingSystem - INFO -    MTF Confirmations: Strong: 0, Partial: 1, None: 0
2025-07-21 17:37:48 - utils.database_manager - INFO - 📊 Saving results to MySQL database for scan ID: 20250721_173748
2025-07-21 17:37:48 - utils.database_manager - INFO - ✅ Created scan session: 20250721_173748 (ID: 7) - Primary: 15m, Confirmation: 1h, 4h
2025-07-21 17:37:48 - utils.database_manager - INFO - ✅ Saved 1 signals to MySQL database
2025-07-21 17:37:48 - utils.database_manager - INFO - ✅ Saved 1 opportunities to MySQL database
2025-07-21 17:37:48 - utils.database_manager - INFO - ✅ Saved market summary to MySQL database
2025-07-21 17:37:48 - utils.database_manager - INFO - 📄 MySQL Database Save Complete (Scan ID: 20250721_173748):
2025-07-21 17:37:48 - utils.database_manager - INFO -    Primary Timeframe: 15m
2025-07-21 17:37:48 - utils.database_manager - INFO -    Confirmation Timeframes: 1h, 4h
2025-07-21 17:37:48 - utils.database_manager - INFO -    Signals: 1
2025-07-21 17:37:48 - utils.database_manager - INFO -    Opportunities: 1
2025-07-21 17:37:48 - utils.database_manager - INFO -    Market Summary: ✅
2025-07-21 17:37:48 - utils.database_manager - INFO -    Performance Metrics: 0
