2025-07-23 10:27:20 - TradingSystem - INFO - Loading database configuration from enhanced_config.yaml
2025-07-23 10:27:20 - TradingSystem - INFO - Database config loaded:
2025-07-23 10:27:20 - TradingSystem - INFO -    Host: localhost:3306
2025-07-23 10:27:20 - TradingSystem - INFO -    Database: bybit_trading_system
2025-07-23 10:27:20 - TradingSystem - INFO -    Username: root
2025-07-23 10:27:20 - TradingSystem - INFO -    Password: ***
2025-07-23 10:27:20 - TradingSystem - INFO - Loading system configuration from MySQL database...
2025-07-23 10:27:20 - config.config - INFO - Loading configuration 'default' from MySQL database
2025-07-23 10:27:20 - notifier.telegram - INFO - ✅ Telegram bot initialized successfully
2025-07-23 10:27:20 - TradingSystem - INFO - 🤖 AUTO-TRADING CONFIGURATION:
2025-07-23 10:27:20 - TradingSystem - INFO - ==================================================
2025-07-23 10:27:20 - TradingSystem - INFO - 📊 Trading Parameters:
2025-07-23 10:27:20 - TradingSystem - INFO -    Leverage: max
2025-07-23 10:27:20 - TradingSystem - INFO -    Risk Amount per Trade: 5.0% of account balance
2025-07-23 10:27:20 - TradingSystem - INFO -    Max Concurrent Positions: 5
2025-07-23 10:27:20 - TradingSystem - INFO -    Max Executions per Scan: 2
2025-07-23 10:27:20 - TradingSystem - INFO -    Auto-Close Profit Target: 10.0%
2025-07-23 10:27:20 - TradingSystem - INFO - ⏰ Scheduling Parameters:
2025-07-23 10:27:20 - TradingSystem - INFO -    Daily Start Time: 01:00
2025-07-23 10:27:20 - TradingSystem - INFO -    Scan Interval: 0.5 hours (1800 seconds)
2025-07-23 10:27:20 - TradingSystem - INFO - 📈 Analysis Configuration:
2025-07-23 10:27:20 - TradingSystem - INFO -    Primary Timeframe: 30m
2025-07-23 10:27:20 - TradingSystem - INFO -    Confirmation Timeframes: 1h, 4h, 6h
2025-07-23 10:27:20 - TradingSystem - INFO -    MTF Confirmation Required: True
2025-07-23 10:27:20 - TradingSystem - INFO -    Min Volume 24h: $5,000,000.0
2025-07-23 10:27:20 - TradingSystem - INFO - ⚠️ Risk Management:
2025-07-23 10:27:20 - TradingSystem - INFO -    Risk per Trade: 5.0% of account balance
2025-07-23 10:27:20 - TradingSystem - INFO -    Max Total Risk Exposure: 25.0% of account balance
2025-07-23 10:27:20 - TradingSystem - INFO -    Max Leveraged Exposure: 25.0% × Max Leverage
2025-07-23 10:27:20 - TradingSystem - INFO -    Portfolio Risk Limit: 2.0%
2025-07-23 10:27:20 - TradingSystem - INFO - 🔧 Trading Mode: PRODUCTION
2025-07-23 10:27:20 - TradingSystem - INFO - 📱 Telegram Configuration:
2025-07-23 10:27:20 - TradingSystem - INFO -    Bot Token: Configured
2025-07-23 10:27:20 - TradingSystem - INFO -    User ID: 6708641837
2025-07-23 10:27:20 - TradingSystem - INFO - ==================================================
2025-07-23 10:27:20 - core.exchange - INFO - 🌍 Using API endpoint: https://api.bybitglobal.com
2025-07-23 10:27:28 - core.exchange - WARNING - Market loading attempt 1 failed: bybit {"retCode":10002,"retMsg":"invalid request, please check your server timestamp or recv_window param. req_timestamp[1753262840725],server_timestamp[1753262848131],recv_window[5000]","result":{},"retExtInfo":{},"time":1753262848131}
2025-07-23 10:27:38 - core.exchange - INFO - ✅ Connected to Bybit PRODUCTION via Global API
2025-07-23 10:27:38 - core.exchange - INFO - 🌍 API Endpoint: https://api.bybitglobal.com
2025-07-23 10:27:38 - TradingSystem - INFO - 🚀 COMPLETE ENHANCED SYSTEM WITH MULTI-TIMEFRAME & MYSQL DATABASE INITIALIZED!
2025-07-23 10:27:40 - core.exchange - INFO - ✅ Global API connection test successful
2025-07-23 10:27:40 - core.exchange - INFO - 🌍 Connected via: https://api.bybitglobal.com
2025-07-23 10:27:40 - bybit.autotrader - INFO - 🚀 Started auto-trading session: autotrader_20250723_102740
2025-07-23 10:27:40 - bybit.autotrader - INFO - ⚙️ Configuration:
2025-07-23 10:27:40 - bybit.autotrader - INFO -    Max concurrent positions: 5
2025-07-23 10:27:40 - bybit.autotrader - INFO -    Max executions per scan: 2
2025-07-23 10:27:40 - bybit.autotrader - INFO -    Risk amount per trade: 5.0 USDT
2025-07-23 10:27:40 - bybit.autotrader - INFO -    Leverage: max
2025-07-23 10:27:40 - bybit.autotrader - INFO -    Auto-close profit target: 10.0%
2025-07-23 10:27:40 - bybit.autotrader - INFO -    Scan interval: 0.5 hours
2025-07-23 10:27:40 - bybit.autotrader - INFO - 📊 Started position monitoring
2025-07-23 10:27:40 - bybit.autotrader - INFO - 🤖 Auto-trading loop started
2025-07-23 10:27:40 - bybit.autotrader - INFO - ⏰ Next scan scheduled for: 2025-07-23 10:30:00
2025-07-23 10:27:40 - bybit.autotrader - INFO - ⏳ Waiting 2.3 minutes...
2025-07-23 10:30:00 - bybit.autotrader - INFO - ⏰ Scan time reached: 2025-07-23 10:30:00
2025-07-23 10:30:00 - bybit.autotrader - INFO - 📊 Running signal analysis...
2025-07-23 10:30:00 - TradingSystem - INFO - 🚀 STARTING OPTIMIZED ANALYSIS WITH 30m→1h/4h/6h MTF CONFIRMATION
2025-07-23 10:30:00 - TradingSystem - INFO -    📊 Charts generated ONLY for top-ranked signals (after analysis complete)
2025-07-23 10:30:00 - TradingSystem - INFO - ==========================================================================================
2025-07-23 10:30:01 - TradingSystem - INFO - 📊 Analyzing 202 symbols with MTF confirmation...
2025-07-23 10:30:01 - TradingSystem - INFO -    Primary Timeframe: 30m
2025-07-23 10:30:01 - TradingSystem - INFO -    Confirmation Timeframes: 1h, 4h, 6h
2025-07-23 10:30:01 - TradingSystem - INFO -    MTF Weight Multiplier: 1.5x
2025-07-23 10:30:01 - TradingSystem - INFO -    Database: MySQL @ localhost
2025-07-23 10:30:01 - TradingSystem - INFO -    Chart Strategy: Top 5 signals only
2025-07-23 10:30:01 - TradingSystem - INFO - 📈 PHASE 1: Signal Generation (No Charts)
2025-07-23 10:32:50 - TradingSystem - INFO - 📊 PHASE 2: Signal Ranking (0 signals in 170.7s)
2025-07-23 10:32:50 - TradingSystem - INFO - 🏆 Top 5 Signals After Ranking:
2025-07-23 10:32:50 - TradingSystem - INFO - 📊 PHASE 3: No signals found for chart generation
2025-07-23 10:32:50 - TradingSystem - INFO - ⚡ 30m→1h/4h/6h OPTIMIZED MTF ANALYSIS COMPLETED!
2025-07-23 10:32:50 - TradingSystem - INFO -    Total Execution Time: 170.7s
2025-07-23 10:32:50 - TradingSystem - INFO -    Signal Generation: 170.7s (0 signals)
2025-07-23 10:32:50 - TradingSystem - INFO -    Chart Generation: 0.0s (0 charts)
2025-07-23 10:32:50 - TradingSystem - INFO -    Chart Efficiency: 0/0 = 0.0% charted
2025-07-23 10:32:50 - TradingSystem - INFO -    MTF Confirmations: Strong: 0, Partial: 0, None: 0
2025-07-23 10:32:50 - bybit.autotrader - WARNING - No signals generated in this scan
2025-07-23 10:32:50 - bybit.autotrader - INFO - 📊 Scan complete - Signals: 0, Executed: 0
2025-07-23 10:32:52 - httpx - INFO - HTTP Request: POST https://api.telegram.org/bot8088506547:AAHZZxiY_wlh48IN4ldPNRJtM9qi7qxfLdM/sendMessage "HTTP/1.1 200 OK"
2025-07-23 10:32:52 - bybit.autotrader - INFO - ⏰ Next scan scheduled for: 2025-07-23 11:00:00
2025-07-23 10:32:52 - bybit.autotrader - INFO - ⏳ Waiting 27.1 minutes...
2025-07-23 10:39:41 - urllib3.connectionpool - WARNING - Retrying (Retry(total=2, connect=None, read=None, redirect=None, status=None)) after connection broken by 'ReadTimeoutError("HTTPSConnectionPool(host='api.bybitglobal.com', port=443): Read timed out. (read timeout=30.0)")': /v5/position/list?settleCoin=USDT&limit=200&category=linear
2025-07-23 10:39:44 - bybit.autotrader - ERROR - Error getting current positions: bybit {"retCode":10002,"retMsg":"invalid request, please check your server timestamp or recv_window param. req_timestamp[1753263551167],server_timestamp[1753263584186],recv_window[5000]","result":{},"retExtInfo":{},"time":1753263584186}
2025-07-23 11:00:00 - bybit.autotrader - INFO - ⏰ Scan time reached: 2025-07-23 11:00:00
2025-07-23 11:00:00 - bybit.autotrader - INFO - 📊 Running signal analysis...
2025-07-23 11:00:00 - TradingSystem - INFO - 🚀 STARTING OPTIMIZED ANALYSIS WITH 30m→1h/4h/6h MTF CONFIRMATION
2025-07-23 11:00:00 - TradingSystem - INFO -    📊 Charts generated ONLY for top-ranked signals (after analysis complete)
2025-07-23 11:00:00 - TradingSystem - INFO - ==========================================================================================
2025-07-23 11:00:01 - TradingSystem - INFO - 📊 Analyzing 202 symbols with MTF confirmation...
2025-07-23 11:00:01 - TradingSystem - INFO -    Primary Timeframe: 30m
2025-07-23 11:00:01 - TradingSystem - INFO -    Confirmation Timeframes: 1h, 4h, 6h
2025-07-23 11:00:01 - TradingSystem - INFO -    MTF Weight Multiplier: 1.5x
2025-07-23 11:00:01 - TradingSystem - INFO -    Database: MySQL @ localhost
2025-07-23 11:00:01 - TradingSystem - INFO -    Chart Strategy: Top 5 signals only
2025-07-23 11:00:01 - TradingSystem - INFO - 📈 PHASE 1: Signal Generation (No Charts)
2025-07-23 11:00:32 - urllib3.connectionpool - WARNING - Retrying (Retry(total=2, connect=None, read=None, redirect=None, status=None)) after connection broken by 'ReadTimeoutError("HTTPSConnectionPool(host='api.bybitglobal.com', port=443): Read timed out. (read timeout=30.0)")': /v5/market/kline?symbol=XRPUSDT&limit=500&interval=30&category=linear
2025-07-23 11:00:32 - urllib3.connectionpool - WARNING - Retrying (Retry(total=2, connect=None, read=None, redirect=None, status=None)) after connection broken by 'ReadTimeoutError("HTTPSConnectionPool(host='api.bybitglobal.com', port=443): Read timed out. (read timeout=30.0)")': /v5/market/kline?symbol=SOLUSDT&limit=500&interval=30&category=linear
2025-07-23 11:02:35 - TradingSystem - INFO - 📊 PHASE 2: Signal Ranking (0 signals in 155.7s)
2025-07-23 11:02:35 - TradingSystem - INFO - 🏆 Top 5 Signals After Ranking:
2025-07-23 11:02:35 - TradingSystem - INFO - 📊 PHASE 3: No signals found for chart generation
2025-07-23 11:02:35 - TradingSystem - INFO - ⚡ 30m→1h/4h/6h OPTIMIZED MTF ANALYSIS COMPLETED!
2025-07-23 11:02:35 - TradingSystem - INFO -    Total Execution Time: 155.7s
2025-07-23 11:02:35 - TradingSystem - INFO -    Signal Generation: 155.7s (0 signals)
2025-07-23 11:02:35 - TradingSystem - INFO -    Chart Generation: 0.0s (0 charts)
2025-07-23 11:02:35 - TradingSystem - INFO -    Chart Efficiency: 0/0 = 0.0% charted
2025-07-23 11:02:35 - TradingSystem - INFO -    MTF Confirmations: Strong: 0, Partial: 0, None: 0
2025-07-23 11:02:35 - bybit.autotrader - WARNING - No signals generated in this scan
2025-07-23 11:02:35 - bybit.autotrader - INFO - 📊 Scan complete - Signals: 0, Executed: 0
2025-07-23 11:02:36 - httpx - INFO - HTTP Request: POST https://api.telegram.org/bot8088506547:AAHZZxiY_wlh48IN4ldPNRJtM9qi7qxfLdM/sendMessage "HTTP/1.1 200 OK"
2025-07-23 11:02:36 - bybit.autotrader - INFO - ⏰ Next scan scheduled for: 2025-07-23 11:30:00
2025-07-23 11:02:36 - bybit.autotrader - INFO - ⏳ Waiting 27.4 minutes...
2025-07-23 11:04:04 - bybit.autotrader - INFO - 🛑 Received interrupt signal
