2025-07-21 11:02:16 - TradingSystem - INFO - Logging initialized - Level: INFO
2025-07-21 11:02:16 - TradingSystem - INFO - Log file: logs/trading_system_20250721_110216.log
2025-07-21 11:02:16 - database.models - INFO - ✅ MySQL database connection successful
2025-07-21 11:02:16 - database.models - INFO - ✅ MySQL database tables created successfully
2025-07-21 11:02:53 - core.exchange - INFO - ✅ Connected to Bybit PRODUCTION
2025-07-21 11:02:53 - TradingSystem - INFO - 🚀 COMPLETE ENHANCED SYSTEM WITH MULTI-TIMEFRAME & MYSQL DATABASE INITIALIZED!
2025-07-21 11:02:53 - TradingSystem - INFO - ✅ Enhanced Technical Analysis (FIXED Ichimoku & Stochastic RSI)
2025-07-21 11:02:53 - TradingSystem - INFO - ✅ Volume Profile Analysis
2025-07-21 11:02:53 - TradingSystem - INFO - ✅ Fibonacci & Confluence Analysis
2025-07-21 11:02:53 - TradingSystem - INFO - ✅ Interactive Chart Generation
2025-07-21 11:02:53 - TradingSystem - INFO - ✅ MySQL Database Storage (Replaces CSV)
2025-07-21 11:02:53 - TradingSystem - INFO - ✅ Multi-Timeframe Confirmation: Primary 15m, Confirmation 1h/4h
2025-07-21 11:02:53 - TradingSystem - INFO - ✅ Database: bybit_trading_system @ localhost
2025-07-21 11:02:53 - TradingSystem - INFO - 🚀 STARTING ENHANCED ANALYSIS WITH 15m→1h/4h MTF CONFIRMATION (PARALLEL + MYSQL)
2025-07-21 11:02:53 - TradingSystem - INFO - ==========================================================================================
2025-07-21 11:02:58 - TradingSystem - INFO - 📊 Analyzing 210 symbols with MTF confirmation...
2025-07-21 11:02:58 - TradingSystem - INFO -    Primary Timeframe: 15m
2025-07-21 11:02:58 - TradingSystem - INFO -    Confirmation Timeframes: 1h, 4h
2025-07-21 11:02:58 - TradingSystem - INFO -    MTF Weight Multiplier: 1.5x
2025-07-21 11:02:58 - TradingSystem - INFO -    Database: MySQL @ localhost
2025-07-21 11:02:58 - TradingSystem - INFO - [Thread-0] [1] Analyzing ETH/USDT:USDT with 15m→1h→4h MTF...
2025-07-21 11:02:58 - TradingSystem - INFO - 📊 Analyzing ETH/USDT:USDT (15m → 1h/4h MTF)...
2025-07-21 11:02:58 - TradingSystem - INFO - [Thread-1] [2] Analyzing BTC/USDT:USDT with 15m→1h→4h MTF...
2025-07-21 11:02:58 - TradingSystem - INFO - 📊 Analyzing BTC/USDT:USDT (15m → 1h/4h MTF)...
2025-07-21 11:02:58 - TradingSystem - INFO - [Thread-2] [3] Analyzing SOL/USDT:USDT with 15m→1h→4h MTF...
2025-07-21 11:02:58 - TradingSystem - INFO - 📊 Analyzing SOL/USDT:USDT (15m → 1h/4h MTF)...
2025-07-21 11:02:58 - TradingSystem - INFO - [Thread-3] [4] Analyzing XRP/USDT:USDT with 15m→1h→4h MTF...
2025-07-21 11:02:58 - TradingSystem - INFO - 📊 Analyzing XRP/USDT:USDT (15m → 1h/4h MTF)...
2025-07-21 11:02:58 - TradingSystem - INFO - [Thread-4] [5] Analyzing DOGE/USDT:USDT with 15m→1h→4h MTF...
2025-07-21 11:02:58 - TradingSystem - INFO - 📊 Analyzing DOGE/USDT:USDT (15m → 1h/4h MTF)...
2025-07-21 11:02:58 - TradingSystem - INFO - [Thread-5] [6] Analyzing 1000PEPE/USDT:USDT with 15m→1h→4h MTF...
2025-07-21 11:02:58 - TradingSystem - INFO - 📊 Analyzing 1000PEPE/USDT:USDT (15m → 1h/4h MTF)...
2025-07-21 11:03:02 - root - INFO - ✅ All technical indicators calculated successfully
2025-07-21 11:03:02 - root - INFO - ✅ All technical indicators calculated successfully
2025-07-21 11:03:02 - root - INFO - ✅ All technical indicators calculated successfully
2025-07-21 11:03:03 - root - INFO - ✅ All technical indicators calculated successfully
2025-07-21 11:03:03 - root - INFO - ✅ All technical indicators calculated successfully
2025-07-21 11:03:03 - root - INFO - ✅ All technical indicators calculated successfully
2025-07-21 11:03:05 - TradingSystem - INFO - [Thread-0] [7] Analyzing WIF/USDT:USDT with 15m→1h→4h MTF...
2025-07-21 11:03:05 - TradingSystem - INFO - 📈 Progress: 1/210 (0.5%) - Signals: 0
2025-07-21 11:03:05 - TradingSystem - INFO - 📊 Analyzing WIF/USDT:USDT (15m → 1h/4h MTF)...
2025-07-21 11:03:06 - TradingSystem - INFO - [Thread-1] [8] Analyzing FARTCOIN/USDT:USDT with 15m→1h→4h MTF...
2025-07-21 11:03:06 - TradingSystem - INFO - 📈 Progress: 2/210 (1.0%) - Signals: 0
2025-07-21 11:03:06 - TradingSystem - INFO - 📊 Analyzing FARTCOIN/USDT:USDT (15m → 1h/4h MTF)...
2025-07-21 11:03:06 - TradingSystem - INFO - [Thread-2] [9] Analyzing SUI/USDT:USDT with 15m→1h→4h MTF...
2025-07-21 11:03:06 - TradingSystem - INFO - 📊 Analyzing SUI/USDT:USDT (15m → 1h/4h MTF)...
2025-07-21 11:03:06 - TradingSystem - INFO - 📈 Progress: 3/210 (1.4%) - Signals: 0
2025-07-21 11:03:06 - TradingSystem - INFO - [Thread-3] [10] Analyzing ADA/USDT:USDT with 15m→1h→4h MTF...
2025-07-21 11:03:06 - TradingSystem - INFO - 📈 Progress: 4/210 (1.9%) - Signals: 0
2025-07-21 11:03:06 - TradingSystem - INFO - 📊 Analyzing ADA/USDT:USDT (15m → 1h/4h MTF)...
2025-07-21 11:03:06 - TradingSystem - INFO - [Thread-4] [11] Analyzing ENA/USDT:USDT with 15m→1h→4h MTF...
2025-07-21 11:03:06 - TradingSystem - INFO - 📈 Progress: 5/210 (2.4%) - Signals: 0
2025-07-21 11:03:06 - TradingSystem - INFO - 📊 Analyzing ENA/USDT:USDT (15m → 1h/4h MTF)...
2025-07-21 11:03:06 - TradingSystem - INFO - [Thread-5] [12] Analyzing CFX/USDT:USDT with 15m→1h→4h MTF...
2025-07-21 11:03:06 - TradingSystem - INFO - 📈 Progress: 6/210 (2.9%) - Signals: 0
2025-07-21 11:03:06 - TradingSystem - INFO - 📊 Analyzing CFX/USDT:USDT (15m → 1h/4h MTF)...
2025-07-21 11:03:07 - root - INFO - ✅ All technical indicators calculated successfully
2025-07-21 11:03:07 - TradingSystem - INFO - [Thread-0] [13] Analyzing TRUMP/USDT:USDT with 15m→1h→4h MTF...
2025-07-21 11:03:07 - TradingSystem - INFO - 📈 Progress: 7/210 (3.3%) - Signals: 0
2025-07-21 11:03:07 - TradingSystem - INFO - 📊 Analyzing TRUMP/USDT:USDT (15m → 1h/4h MTF)...
2025-07-21 11:03:08 - root - INFO - ✅ All technical indicators calculated successfully
2025-07-21 11:03:08 - root - INFO - ✅ All technical indicators calculated successfully
2025-07-21 11:03:09 - TradingSystem - INFO - [Thread-1] [14] Analyzing PENGU/USDT:USDT with 15m→1h→4h MTF...
2025-07-21 11:03:09 - TradingSystem - INFO - 📈 Progress: 8/210 (3.8%) - Signals: 0
2025-07-21 11:03:09 - TradingSystem - INFO - 📊 Analyzing PENGU/USDT:USDT (15m → 1h/4h MTF)...
2025-07-21 11:03:09 - TradingSystem - INFO - [Thread-2] [15] Analyzing LTC/USDT:USDT with 15m→1h→4h MTF...
2025-07-21 11:03:09 - TradingSystem - INFO - 📈 Progress: 9/210 (4.3%) - Signals: 0
2025-07-21 11:03:09 - TradingSystem - INFO - 📊 Analyzing LTC/USDT:USDT (15m → 1h/4h MTF)...
2025-07-21 11:03:12 - root - INFO - ✅ All technical indicators calculated successfully
2025-07-21 11:03:12 - root - INFO - ✅ All technical indicators calculated successfully
2025-07-21 11:03:12 - root - INFO - ✅ All technical indicators calculated successfully
2025-07-21 11:03:12 - root - INFO - ✅ All technical indicators calculated successfully
2025-07-21 11:03:12 - root - INFO - ✅ All technical indicators calculated successfully
2025-07-21 11:03:13 - root - INFO - ✅ All technical indicators calculated successfully
2025-07-21 11:03:15 - TradingSystem - INFO - [Thread-3] [16] Analyzing OM/USDT:USDT with 15m→1h→4h MTF...
2025-07-21 11:03:15 - TradingSystem - INFO - 📈 Progress: 10/210 (4.8%) - Signals: 0
2025-07-21 11:03:15 - TradingSystem - INFO - 📊 Analyzing OM/USDT:USDT (15m → 1h/4h MTF)...
2025-07-21 11:03:15 - TradingSystem - INFO - [Thread-4] [17] Analyzing LINK/USDT:USDT with 15m→1h→4h MTF...
2025-07-21 11:03:15 - TradingSystem - INFO - 📊 Analyzing LINK/USDT:USDT (15m → 1h/4h MTF)...
2025-07-21 11:03:15 - TradingSystem - INFO - 📈 Progress: 11/210 (5.2%) - Signals: 0
2025-07-21 11:03:15 - TradingSystem - INFO - [Thread-5] [18] Analyzing 1000BONK/USDT:USDT with 15m→1h→4h MTF...
2025-07-21 11:03:15 - TradingSystem - INFO - 📊 Analyzing 1000BONK/USDT:USDT (15m → 1h/4h MTF)...
2025-07-21 11:03:15 - TradingSystem - INFO - 📈 Progress: 12/210 (5.7%) - Signals: 0
2025-07-21 11:03:16 - TradingSystem - INFO - [Thread-0] [19] Analyzing HYPE/USDT:USDT with 15m→1h→4h MTF...
2025-07-21 11:03:16 - TradingSystem - INFO - 📊 Analyzing HYPE/USDT:USDT (15m → 1h/4h MTF)...
2025-07-21 11:03:16 - TradingSystem - INFO - 📈 Progress: 13/210 (6.2%) - Signals: 0
2025-07-21 11:03:16 - TradingSystem - INFO - [Thread-1] [20] Analyzing XTZ/USDT:USDT with 15m→1h→4h MTF...
2025-07-21 11:03:16 - TradingSystem - INFO - 📊 Analyzing XTZ/USDT:USDT (15m → 1h/4h MTF)...
2025-07-21 11:03:16 - TradingSystem - INFO - 📈 Progress: 14/210 (6.7%) - Signals: 0
2025-07-21 11:03:16 - TradingSystem - INFO - [Thread-2] [21] Analyzing AVAX/USDT:USDT with 15m→1h→4h MTF...
2025-07-21 11:03:16 - TradingSystem - INFO - 📈 Progress: 15/210 (7.1%) - Signals: 0
2025-07-21 11:03:16 - TradingSystem - INFO - 📊 Analyzing AVAX/USDT:USDT (15m → 1h/4h MTF)...
2025-07-21 11:03:17 - root - INFO - ✅ All technical indicators calculated successfully
2025-07-21 11:03:17 - root - INFO - ✅ All technical indicators calculated successfully
2025-07-21 11:03:17 - root - INFO - ✅ All technical indicators calculated successfully
2025-07-21 11:03:17 - root - INFO - ✅ All technical indicators calculated successfully
2025-07-21 11:03:18 - root - INFO - ✅ All technical indicators calculated successfully
2025-07-21 11:03:19 - root - INFO - ✅ All technical indicators calculated successfully
2025-07-21 11:03:20 - TradingSystem - INFO - [Thread-3] [22] Analyzing XLM/USDT:USDT with 15m→1h→4h MTF...
2025-07-21 11:03:20 - TradingSystem - INFO - 📊 Analyzing XLM/USDT:USDT (15m → 1h/4h MTF)...
2025-07-21 11:03:20 - TradingSystem - INFO - 📈 Progress: 16/210 (7.6%) - Signals: 0
2025-07-21 11:03:20 - TradingSystem - INFO - [Thread-4] [23] Analyzing PUMPFUN/USDT:USDT with 15m→1h→4h MTF...
2025-07-21 11:03:20 - TradingSystem - INFO - 📊 Analyzing PUMPFUN/USDT:USDT (15m → 1h/4h MTF)...
2025-07-21 11:03:20 - TradingSystem - INFO - [Thread-5] [24] Analyzing POPCAT/USDT:USDT with 15m→1h→4h MTF...
2025-07-21 11:03:20 - TradingSystem - INFO - 📊 Analyzing POPCAT/USDT:USDT (15m → 1h/4h MTF)...
2025-07-21 11:03:20 - TradingSystem - INFO - 📈 Progress: 17/210 (8.1%) - Signals: 0
2025-07-21 11:03:20 - TradingSystem - INFO - 📈 Progress: 18/210 (8.6%) - Signals: 0
2025-07-21 11:03:20 - TradingSystem - INFO - [Thread-0] [25] Analyzing HBAR/USDT:USDT with 15m→1h→4h MTF...
2025-07-21 11:03:20 - TradingSystem - INFO - 📊 Analyzing HBAR/USDT:USDT (15m → 1h/4h MTF)...
2025-07-21 11:03:20 - TradingSystem - INFO - 📈 Progress: 19/210 (9.0%) - Signals: 0
2025-07-21 11:03:20 - TradingSystem - INFO - [Thread-1] [26] Analyzing 1000FLOKI/USDT:USDT with 15m→1h→4h MTF...
2025-07-21 11:03:20 - TradingSystem - INFO - 📊 Analyzing 1000FLOKI/USDT:USDT (15m → 1h/4h MTF)...
2025-07-21 11:03:20 - TradingSystem - INFO - 📈 Progress: 20/210 (9.5%) - Signals: 0
2025-07-21 11:03:21 - TradingSystem - INFO - [Thread-2] [27] Analyzing ARB/USDT:USDT with 15m→1h→4h MTF...
2025-07-21 11:03:21 - TradingSystem - INFO - 📈 Progress: 21/210 (10.0%) - Signals: 0
2025-07-21 11:03:21 - TradingSystem - INFO - 📊 Analyzing ARB/USDT:USDT (15m → 1h/4h MTF)...
2025-07-21 11:03:22 - root - INFO - ✅ All technical indicators calculated successfully
2025-07-21 11:03:22 - root - INFO - ✅ All technical indicators calculated successfully
2025-07-21 11:03:22 - root - INFO - ✅ All technical indicators calculated successfully
2025-07-21 11:03:22 - root - INFO - ✅ All technical indicators calculated successfully
2025-07-21 11:03:23 - root - INFO - ✅ All technical indicators calculated successfully
2025-07-21 11:03:23 - root - INFO - ✅ All technical indicators calculated successfully
2025-07-21 11:03:25 - TradingSystem - INFO - [Thread-3] [28] Analyzing EPIC/USDT:USDT with 15m→1h→4h MTF...
2025-07-21 11:03:25 - TradingSystem - INFO - 📈 Progress: 22/210 (10.5%) - Signals: 0
2025-07-21 11:03:25 - TradingSystem - INFO - 📊 Analyzing EPIC/USDT:USDT (15m → 1h/4h MTF)...
2025-07-21 11:03:25 - TradingSystem - INFO - [Thread-4] [29] Analyzing SEI/USDT:USDT with 15m→1h→4h MTF...
2025-07-21 11:03:25 - TradingSystem - INFO - 📈 Progress: 23/210 (11.0%) - Signals: 0
2025-07-21 11:03:25 - TradingSystem - INFO - 📊 Analyzing SEI/USDT:USDT (15m → 1h/4h MTF)...
2025-07-21 11:03:25 - TradingSystem - INFO - [Thread-5] [30] Analyzing AAVE/USDT:USDT with 15m→1h→4h MTF...
2025-07-21 11:03:25 - TradingSystem - INFO - 📈 Progress: 24/210 (11.4%) - Signals: 0
2025-07-21 11:03:25 - TradingSystem - INFO - 📊 Analyzing AAVE/USDT:USDT (15m → 1h/4h MTF)...
2025-07-21 11:03:26 - TradingSystem - INFO - [Thread-0] [31] Analyzing PNUT/USDT:USDT with 15m→1h→4h MTF...
2025-07-21 11:03:26 - TradingSystem - INFO - 📊 Analyzing PNUT/USDT:USDT (15m → 1h/4h MTF)...
2025-07-21 11:03:26 - TradingSystem - INFO - 📈 Progress: 25/210 (11.9%) - Signals: 0
2025-07-21 11:03:26 - TradingSystem - INFO - [Thread-1] [32] Analyzing ZORA/USDT:USDT with 15m→1h→4h MTF...
2025-07-21 11:03:26 - TradingSystem - INFO - 📈 Progress: 26/210 (12.4%) - Signals: 0
2025-07-21 11:03:26 - TradingSystem - INFO - 📊 Analyzing ZORA/USDT:USDT (15m → 1h/4h MTF)...
2025-07-21 11:03:26 - TradingSystem - INFO - [Thread-2] [33] Analyzing LDO/USDT:USDT with 15m→1h→4h MTF...
2025-07-21 11:03:26 - TradingSystem - INFO - 📈 Progress: 27/210 (12.9%) - Signals: 0
2025-07-21 11:03:26 - TradingSystem - INFO - 📊 Analyzing LDO/USDT:USDT (15m → 1h/4h MTF)...
2025-07-21 11:03:27 - root - INFO - ✅ All technical indicators calculated successfully
2025-07-21 11:03:27 - root - INFO - ✅ All technical indicators calculated successfully
2025-07-21 11:03:27 - root - INFO - ✅ All technical indicators calculated successfully
2025-07-21 11:03:27 - root - INFO - ✅ All technical indicators calculated successfully
2025-07-21 11:03:27 - root - INFO - ✅ All technical indicators calculated successfully
2025-07-21 11:03:28 - root - INFO - ✅ All technical indicators calculated successfully
2025-07-21 11:03:29 - TradingSystem - INFO - [Thread-3] [34] Analyzing TIA/USDT:USDT with 15m→1h→4h MTF...
2025-07-21 11:03:29 - TradingSystem - INFO - 📈 Progress: 28/210 (13.3%) - Signals: 0
2025-07-21 11:03:29 - TradingSystem - INFO - 📊 Analyzing TIA/USDT:USDT (15m → 1h/4h MTF)...
2025-07-21 11:03:30 - TradingSystem - INFO - [Thread-4] [35] Analyzing ONDO/USDT:USDT with 15m→1h→4h MTF...
2025-07-21 11:03:30 - TradingSystem - INFO - 📊 Analyzing ONDO/USDT:USDT (15m → 1h/4h MTF)...
2025-07-21 11:03:30 - TradingSystem - INFO - 📈 Progress: 29/210 (13.8%) - Signals: 0
2025-07-21 11:03:30 - TradingSystem - INFO - [Thread-5] [36] Analyzing CRV/USDT:USDT with 15m→1h→4h MTF...
2025-07-21 11:03:30 - TradingSystem - INFO - 📈 Progress: 30/210 (14.3%) - Signals: 0
2025-07-21 11:03:30 - TradingSystem - INFO - 📊 Analyzing CRV/USDT:USDT (15m → 1h/4h MTF)...
2025-07-21 11:03:30 - TradingSystem - INFO - [Thread-0] [37] Analyzing BNB/USDT:USDT with 15m→1h→4h MTF...
2025-07-21 11:03:30 - TradingSystem - INFO - 📊 Analyzing BNB/USDT:USDT (15m → 1h/4h MTF)...
2025-07-21 11:03:30 - TradingSystem - INFO - 📈 Progress: 31/210 (14.8%) - Signals: 0
2025-07-21 11:03:30 - TradingSystem - INFO - [Thread-1] [38] Analyzing WLD/USDT:USDT with 15m→1h→4h MTF...
2025-07-21 11:03:30 - TradingSystem - INFO - 📊 Analyzing WLD/USDT:USDT (15m → 1h/4h MTF)...
2025-07-21 11:03:30 - TradingSystem - INFO - 📈 Progress: 32/210 (15.2%) - Signals: 0
2025-07-21 11:03:30 - TradingSystem - INFO - [Thread-2] [39] Analyzing OP/USDT:USDT with 15m→1h→4h MTF...
2025-07-21 11:03:30 - TradingSystem - INFO - 📈 Progress: 33/210 (15.7%) - Signals: 0
2025-07-21 11:03:30 - TradingSystem - INFO - 📊 Analyzing OP/USDT:USDT (15m → 1h/4h MTF)...
2025-07-21 11:03:32 - root - INFO - ✅ All technical indicators calculated successfully
2025-07-21 11:03:32 - root - INFO - ✅ All technical indicators calculated successfully
2025-07-21 11:03:32 - root - INFO - ✅ All technical indicators calculated successfully
2025-07-21 11:03:32 - root - INFO - ✅ All technical indicators calculated successfully
2025-07-21 11:03:32 - root - INFO - ✅ All technical indicators calculated successfully
2025-07-21 11:03:32 - root - INFO - ✅ All technical indicators calculated successfully
2025-07-21 11:03:35 - TradingSystem - INFO - [Thread-3] [40] Analyzing BCH/USDT:USDT with 15m→1h→4h MTF...
2025-07-21 11:03:35 - TradingSystem - INFO - 📈 Progress: 34/210 (16.2%) - Signals: 0
2025-07-21 11:03:35 - TradingSystem - INFO - 📊 Analyzing BCH/USDT:USDT (15m → 1h/4h MTF)...
2025-07-21 11:03:35 - TradingSystem - INFO - [Thread-4] [41] Analyzing UNI/USDT:USDT with 15m→1h→4h MTF...
2025-07-21 11:03:35 - TradingSystem - INFO - 📈 Progress: 35/210 (16.7%) - Signals: 0
2025-07-21 11:03:35 - TradingSystem - INFO - 📊 Analyzing UNI/USDT:USDT (15m → 1h/4h MTF)...
2025-07-21 11:03:35 - TradingSystem - INFO - [Thread-5] [42] Analyzing SPX/USDT:USDT with 15m→1h→4h MTF...
2025-07-21 11:03:35 - TradingSystem - INFO - 📊 Analyzing SPX/USDT:USDT (15m → 1h/4h MTF)...
2025-07-21 11:03:35 - TradingSystem - INFO - 📈 Progress: 36/210 (17.1%) - Signals: 0
2025-07-21 11:03:36 - TradingSystem - INFO - [Thread-0] [43] Analyzing SHIB1000/USDT:USDT with 15m→1h→4h MTF...
2025-07-21 11:03:36 - TradingSystem - INFO - 📊 Analyzing SHIB1000/USDT:USDT (15m → 1h/4h MTF)...
2025-07-21 11:03:36 - TradingSystem - INFO - 📈 Progress: 37/210 (17.6%) - Signals: 0
2025-07-21 11:03:36 - TradingSystem - INFO - [Thread-1] [44] Analyzing VIRTUAL/USDT:USDT with 15m→1h→4h MTF...
2025-07-21 11:03:36 - TradingSystem - INFO - 📊 Analyzing VIRTUAL/USDT:USDT (15m → 1h/4h MTF)...
2025-07-21 11:03:36 - TradingSystem - INFO - 📈 Progress: 38/210 (18.1%) - Signals: 0
2025-07-21 11:03:36 - TradingSystem - INFO - [Thread-2] [45] Analyzing ETC/USDT:USDT with 15m→1h→4h MTF...
2025-07-21 11:03:36 - TradingSystem - INFO - 📈 Progress: 39/210 (18.6%) - Signals: 0
2025-07-21 11:03:36 - TradingSystem - INFO - 📊 Analyzing ETC/USDT:USDT (15m → 1h/4h MTF)...
2025-07-21 11:03:37 - root - INFO - ✅ All technical indicators calculated successfully
2025-07-21 11:03:37 - root - INFO - ✅ All technical indicators calculated successfully
2025-07-21 11:03:37 - root - INFO - ✅ All technical indicators calculated successfully
2025-07-21 11:03:37 - root - INFO - ✅ All technical indicators calculated successfully
2025-07-21 11:03:37 - root - INFO - ✅ All technical indicators calculated successfully
2025-07-21 11:03:38 - root - INFO - ✅ All technical indicators calculated successfully
2025-07-21 11:03:40 - TradingSystem - INFO - [Thread-3] [46] Analyzing NEAR/USDT:USDT with 15m→1h→4h MTF...
2025-07-21 11:03:40 - TradingSystem - INFO - 📊 Analyzing NEAR/USDT:USDT (15m → 1h/4h MTF)...
2025-07-21 11:03:40 - TradingSystem - INFO - 📈 Progress: 40/210 (19.0%) - Signals: 0
2025-07-21 11:03:40 - TradingSystem - INFO - [Thread-4] [47] Analyzing MOODENG/USDT:USDT with 15m→1h→4h MTF...
2025-07-21 11:03:40 - TradingSystem - INFO - 📈 Progress: 41/210 (19.5%) - Signals: 0
2025-07-21 11:03:40 - TradingSystem - INFO - 📊 Analyzing MOODENG/USDT:USDT (15m → 1h/4h MTF)...
2025-07-21 11:03:41 - TradingSystem - INFO - [Thread-5] [48] Analyzing DOT/USDT:USDT with 15m→1h→4h MTF...
2025-07-21 11:03:41 - TradingSystem - INFO - 📈 Progress: 42/210 (20.0%) - Signals: 0
2025-07-21 11:03:41 - TradingSystem - INFO - 📊 Analyzing DOT/USDT:USDT (15m → 1h/4h MTF)...
2025-07-21 11:03:41 - TradingSystem - INFO - [Thread-0] [49] Analyzing CKB/USDT:USDT with 15m→1h→4h MTF...
2025-07-21 11:03:41 - TradingSystem - INFO - 📈 Progress: 43/210 (20.5%) - Signals: 0
2025-07-21 11:03:41 - TradingSystem - INFO - 📊 Analyzing CKB/USDT:USDT (15m → 1h/4h MTF)...
2025-07-21 11:03:41 - TradingSystem - INFO - [Thread-1] [50] Analyzing APT/USDT:USDT with 15m→1h→4h MTF...
2025-07-21 11:03:41 - TradingSystem - INFO - 📈 Progress: 44/210 (21.0%) - Signals: 0
2025-07-21 11:03:41 - TradingSystem - INFO - 📊 Analyzing APT/USDT:USDT (15m → 1h/4h MTF)...
2025-07-21 11:03:41 - TradingSystem - INFO - [Thread-2] [51] Analyzing GALA/USDT:USDT with 15m→1h→4h MTF...
2025-07-21 11:03:41 - TradingSystem - INFO - 📊 Analyzing GALA/USDT:USDT (15m → 1h/4h MTF)...
2025-07-21 11:03:41 - TradingSystem - INFO - 📈 Progress: 45/210 (21.4%) - Signals: 0
2025-07-21 11:03:42 - root - INFO - ✅ All technical indicators calculated successfully
2025-07-21 11:03:42 - root - INFO - ✅ All technical indicators calculated successfully
2025-07-21 11:03:42 - root - INFO - ✅ All technical indicators calculated successfully
2025-07-21 11:03:42 - root - INFO - ✅ All technical indicators calculated successfully
2025-07-21 11:03:42 - root - INFO - ✅ All technical indicators calculated successfully
2025-07-21 11:03:43 - root - INFO - ✅ All technical indicators calculated successfully
2025-07-21 11:03:45 - TradingSystem - INFO - [Thread-3] [52] Analyzing ELX/USDT:USDT with 15m→1h→4h MTF...
2025-07-21 11:03:45 - TradingSystem - INFO - 📈 Progress: 46/210 (21.9%) - Signals: 0
2025-07-21 11:03:45 - TradingSystem - INFO - 📊 Analyzing ELX/USDT:USDT (15m → 1h/4h MTF)...
2025-07-21 11:03:45 - TradingSystem - INFO - [Thread-4] [53] Analyzing AI16Z/USDT:USDT with 15m→1h→4h MTF...
2025-07-21 11:03:45 - TradingSystem - INFO - 📊 Analyzing AI16Z/USDT:USDT (15m → 1h/4h MTF)...
2025-07-21 11:03:45 - TradingSystem - INFO - 📈 Progress: 47/210 (22.4%) - Signals: 0
2025-07-21 11:03:45 - TradingSystem - INFO - [Thread-5] [54] Analyzing 1000NEIROCTO/USDT:USDT with 15m→1h→4h MTF...
2025-07-21 11:03:45 - TradingSystem - INFO - 📈 Progress: 48/210 (22.9%) - Signals: 0
2025-07-21 11:03:45 - TradingSystem - INFO - 📊 Analyzing 1000NEIROCTO/USDT:USDT (15m → 1h/4h MTF)...
2025-07-21 11:03:45 - TradingSystem - INFO - [Thread-0] [55] Analyzing INJ/USDT:USDT with 15m→1h→4h MTF...
2025-07-21 11:03:45 - TradingSystem - INFO - 📈 Progress: 49/210 (23.3%) - Signals: 0
2025-07-21 11:03:45 - TradingSystem - INFO - 📊 Analyzing INJ/USDT:USDT (15m → 1h/4h MTF)...
2025-07-21 11:03:45 - TradingSystem - INFO - [Thread-1] [56] Analyzing ENS/USDT:USDT with 15m→1h→4h MTF...
2025-07-21 11:03:45 - TradingSystem - INFO - 📈 Progress: 50/210 (23.8%) - Signals: 0
2025-07-21 11:03:45 - TradingSystem - INFO - 📊 Analyzing ENS/USDT:USDT (15m → 1h/4h MTF)...
2025-07-21 11:03:45 - TradingSystem - INFO - [Thread-2] [57] Analyzing TAO/USDT:USDT with 15m→1h→4h MTF...
2025-07-21 11:03:45 - TradingSystem - INFO - 📊 Analyzing TAO/USDT:USDT (15m → 1h/4h MTF)...
2025-07-21 11:03:45 - TradingSystem - INFO - 📈 Progress: 51/210 (24.3%) - Signals: 0
2025-07-21 11:03:47 - root - INFO - ✅ All technical indicators calculated successfully
2025-07-21 11:03:47 - root - INFO - ✅ All technical indicators calculated successfully
2025-07-21 11:03:47 - root - INFO - ✅ All technical indicators calculated successfully
2025-07-21 11:03:47 - root - INFO - ✅ All technical indicators calculated successfully
2025-07-21 11:03:47 - root - INFO - ✅ All technical indicators calculated successfully
2025-07-21 11:03:48 - root - INFO - ✅ All technical indicators calculated successfully
2025-07-21 11:03:50 - TradingSystem - INFO - [Thread-3] [58] Analyzing M/USDT:USDT with 15m→1h→4h MTF...
2025-07-21 11:03:50 - TradingSystem - INFO - 📊 Analyzing M/USDT:USDT (15m → 1h/4h MTF)...
2025-07-21 11:03:50 - TradingSystem - INFO - 📈 Progress: 52/210 (24.8%) - Signals: 0
2025-07-21 11:03:50 - TradingSystem - INFO - [Thread-4] [59] Analyzing C/USDT:USDT with 15m→1h→4h MTF...
2025-07-21 11:03:50 - TradingSystem - INFO - 📈 Progress: 53/210 (25.2%) - Signals: 0
2025-07-21 11:03:50 - TradingSystem - INFO - 📊 Analyzing C/USDT:USDT (15m → 1h/4h MTF)...
2025-07-21 11:03:50 - TradingSystem - INFO - [Thread-5] [60] Analyzing TON/USDT:USDT with 15m→1h→4h MTF...
2025-07-21 11:03:50 - TradingSystem - INFO - 📊 Analyzing TON/USDT:USDT (15m → 1h/4h MTF)...
2025-07-21 11:03:50 - TradingSystem - INFO - 📈 Progress: 54/210 (25.7%) - Signals: 0
2025-07-21 11:03:51 - TradingSystem - INFO - [Thread-0] [61] Analyzing ALGO/USDT:USDT with 15m→1h→4h MTF...
2025-07-21 11:03:51 - TradingSystem - INFO - 📊 Analyzing ALGO/USDT:USDT (15m → 1h/4h MTF)...
2025-07-21 11:03:51 - TradingSystem - INFO - 📈 Progress: 55/210 (26.2%) - Signals: 0
2025-07-21 11:03:51 - TradingSystem - INFO - [Thread-1] [62] Analyzing ETHFI/USDT:USDT with 15m→1h→4h MTF...
2025-07-21 11:03:51 - TradingSystem - INFO - 📈 Progress: 56/210 (26.7%) - Signals: 0
2025-07-21 11:03:51 - TradingSystem - INFO - 📊 Analyzing ETHFI/USDT:USDT (15m → 1h/4h MTF)...
2025-07-21 11:03:51 - TradingSystem - INFO - [Thread-2] [63] Analyzing TRX/USDT:USDT with 15m→1h→4h MTF...
2025-07-21 11:03:51 - TradingSystem - INFO - 📈 Progress: 57/210 (27.1%) - Signals: 0
2025-07-21 11:03:51 - TradingSystem - INFO - 📊 Analyzing TRX/USDT:USDT (15m → 1h/4h MTF)...
2025-07-21 11:03:52 - root - INFO - ✅ All technical indicators calculated successfully
2025-07-21 11:03:52 - root - INFO - ✅ All technical indicators calculated successfully
2025-07-21 11:03:52 - root - INFO - ✅ All technical indicators calculated successfully
2025-07-21 11:03:53 - TradingSystem - INFO - [Thread-3] [64] Analyzing H/USDT:USDT with 15m→1h→4h MTF...
2025-07-21 11:03:53 - TradingSystem - INFO - 📈 Progress: 58/210 (27.6%) - Signals: 0
2025-07-21 11:03:53 - TradingSystem - INFO - 📊 Analyzing H/USDT:USDT (15m → 1h/4h MTF)...
2025-07-21 11:03:53 - root - INFO - ✅ All technical indicators calculated successfully
2025-07-21 11:03:53 - root - INFO - ✅ All technical indicators calculated successfully
2025-07-21 11:03:54 - root - INFO - ✅ All technical indicators calculated successfully
2025-07-21 11:03:54 - TradingSystem - INFO - [Thread-4] [65] Analyzing CROSS/USDT:USDT with 15m→1h→4h MTF...
2025-07-21 11:03:54 - TradingSystem - INFO - 📈 Progress: 59/210 (28.1%) - Signals: 0
2025-07-21 11:03:54 - TradingSystem - INFO - 📊 Analyzing CROSS/USDT:USDT (15m → 1h/4h MTF)...
2025-07-21 11:03:55 - TradingSystem - INFO - [Thread-5] [66] Analyzing BLUR/USDT:USDT with 15m→1h→4h MTF...
2025-07-21 11:03:55 - TradingSystem - INFO - 📈 Progress: 60/210 (28.6%) - Signals: 0
2025-07-21 11:03:55 - TradingSystem - INFO - 📊 Analyzing BLUR/USDT:USDT (15m → 1h/4h MTF)...
2025-07-21 11:03:55 - TradingSystem - INFO - [Thread-0] [67] Analyzing FIL/USDT:USDT with 15m→1h→4h MTF...
2025-07-21 11:03:55 - TradingSystem - INFO - 📈 Progress: 61/210 (29.0%) - Signals: 0
2025-07-21 11:03:55 - TradingSystem - INFO - 📊 Analyzing FIL/USDT:USDT (15m → 1h/4h MTF)...
2025-07-21 11:03:56 - TradingSystem - INFO - [Thread-1] [68] Analyzing JASMY/USDT:USDT with 15m→1h→4h MTF...
2025-07-21 11:03:56 - TradingSystem - INFO - 📈 Progress: 62/210 (29.5%) - Signals: 0
2025-07-21 11:03:56 - TradingSystem - INFO - 📊 Analyzing JASMY/USDT:USDT (15m → 1h/4h MTF)...
2025-07-21 11:03:56 - TradingSystem - INFO - [Thread-2] [69] Analyzing BRETT/USDT:USDT with 15m→1h→4h MTF...
2025-07-21 11:03:56 - TradingSystem - INFO - 📈 Progress: 63/210 (30.0%) - Signals: 0
2025-07-21 11:03:56 - TradingSystem - INFO - 📊 Analyzing BRETT/USDT:USDT (15m → 1h/4h MTF)...
2025-07-21 11:03:57 - root - INFO - ✅ All technical indicators calculated successfully
2025-07-21 11:03:57 - root - INFO - ✅ All technical indicators calculated successfully
2025-07-21 11:03:57 - root - INFO - ✅ All technical indicators calculated successfully
2025-07-21 11:03:57 - root - INFO - ✅ All technical indicators calculated successfully
2025-07-21 11:03:57 - root - INFO - ✅ All technical indicators calculated successfully
2025-07-21 11:03:58 - root - INFO - ✅ All technical indicators calculated successfully
2025-07-21 11:04:00 - TradingSystem - INFO - [Thread-3] [70] Analyzing DRIFT/USDT:USDT with 15m→1h→4h MTF...
2025-07-21 11:04:00 - TradingSystem - INFO - 📊 Analyzing DRIFT/USDT:USDT (15m → 1h/4h MTF)...
2025-07-21 11:04:00 - TradingSystem - INFO - 📈 Progress: 64/210 (30.5%) - Signals: 0
2025-07-21 11:04:00 - TradingSystem - INFO - [Thread-4] [71] Analyzing JUP/USDT:USDT with 15m→1h→4h MTF...
2025-07-21 11:04:00 - TradingSystem - INFO - 📊 Analyzing JUP/USDT:USDT (15m → 1h/4h MTF)...
2025-07-21 11:04:00 - TradingSystem - INFO - 📈 Progress: 65/210 (31.0%) - Signals: 0
2025-07-21 11:04:01 - TradingSystem - INFO - [Thread-5] [72] Analyzing ORDI/USDT:USDT with 15m→1h→4h MTF...
2025-07-21 11:04:01 - TradingSystem - INFO - 📊 Analyzing ORDI/USDT:USDT (15m → 1h/4h MTF)...
2025-07-21 11:04:01 - TradingSystem - INFO - 📈 Progress: 66/210 (31.4%) - Signals: 0
2025-07-21 11:04:01 - TradingSystem - INFO - [Thread-0] [73] Analyzing ERA/USDT:USDT with 15m→1h→4h MTF...
2025-07-21 11:04:01 - TradingSystem - INFO - 📊 Analyzing ERA/USDT:USDT (15m → 1h/4h MTF)...
2025-07-21 11:04:01 - TradingSystem - INFO - 📈 Progress: 67/210 (31.9%) - Signals: 0
2025-07-21 11:04:01 - TradingSystem - INFO - [Thread-1] [74] Analyzing RENDER/USDT:USDT with 15m→1h→4h MTF...
2025-07-21 11:04:01 - TradingSystem - INFO - 📈 Progress: 68/210 (32.4%) - Signals: 0
2025-07-21 11:04:01 - TradingSystem - INFO - 📊 Analyzing RENDER/USDT:USDT (15m → 1h/4h MTF)...
2025-07-21 11:04:01 - TradingSystem - INFO - [Thread-2] [75] Analyzing GOAT/USDT:USDT with 15m→1h→4h MTF...
2025-07-21 11:04:01 - TradingSystem - INFO - 📈 Progress: 69/210 (32.9%) - Signals: 0
2025-07-21 11:04:01 - TradingSystem - INFO - 📊 Analyzing GOAT/USDT:USDT (15m → 1h/4h MTF)...
2025-07-21 11:04:02 - root - INFO - ✅ All technical indicators calculated successfully
2025-07-21 11:04:02 - root - INFO - ✅ All technical indicators calculated successfully
2025-07-21 11:04:02 - root - INFO - ✅ All technical indicators calculated successfully
2025-07-21 11:04:02 - root - INFO - ✅ All technical indicators calculated successfully
2025-07-21 11:04:03 - root - INFO - ✅ All technical indicators calculated successfully
2025-07-21 11:04:03 - root - INFO - ✅ All technical indicators calculated successfully
2025-07-21 11:04:04 - TradingSystem - INFO - [Thread-3] [76] Analyzing APE/USDT:USDT with 15m→1h→4h MTF...
2025-07-21 11:04:04 - TradingSystem - INFO - 📊 Analyzing APE/USDT:USDT (15m → 1h/4h MTF)...
2025-07-21 11:04:04 - TradingSystem - INFO - 📈 Progress: 70/210 (33.3%) - Signals: 0
2025-07-21 11:04:05 - TradingSystem - INFO - [Thread-4] [77] Analyzing SAND/USDT:USDT with 15m→1h→4h MTF...
2025-07-21 11:04:05 - TradingSystem - INFO - 📈 Progress: 71/210 (33.8%) - Signals: 0
2025-07-21 11:04:05 - TradingSystem - INFO - 📊 Analyzing SAND/USDT:USDT (15m → 1h/4h MTF)...
2025-07-21 11:04:05 - TradingSystem - INFO - [Thread-5] [78] Analyzing INIT/USDT:USDT with 15m→1h→4h MTF...
2025-07-21 11:04:05 - TradingSystem - INFO - 📈 Progress: 72/210 (34.3%) - Signals: 0
2025-07-21 11:04:05 - TradingSystem - INFO - 📊 Analyzing INIT/USDT:USDT (15m → 1h/4h MTF)...
2025-07-21 11:04:05 - TradingSystem - INFO - [Thread-0] [79] Analyzing KAS/USDT:USDT with 15m→1h→4h MTF...
2025-07-21 11:04:05 - TradingSystem - INFO - 📈 Progress: 73/210 (34.8%) - Signals: 0
2025-07-21 11:04:05 - TradingSystem - INFO - 📊 Analyzing KAS/USDT:USDT (15m → 1h/4h MTF)...
2025-07-21 11:04:06 - TradingSystem - INFO - [Thread-1] [80] Analyzing MOVE/USDT:USDT with 15m→1h→4h MTF...
2025-07-21 11:04:06 - TradingSystem - INFO - 📈 Progress: 74/210 (35.2%) - Signals: 0
2025-07-21 11:04:06 - TradingSystem - INFO - 📊 Analyzing MOVE/USDT:USDT (15m → 1h/4h MTF)...
2025-07-21 11:04:06 - TradingSystem - INFO - [Thread-2] [81] Analyzing HYPER/USDT:USDT with 15m→1h→4h MTF...
2025-07-21 11:04:06 - TradingSystem - INFO - 📈 Progress: 75/210 (35.7%) - Signals: 0
2025-07-21 11:04:06 - TradingSystem - INFO - 📊 Analyzing HYPER/USDT:USDT (15m → 1h/4h MTF)...
2025-07-21 11:04:07 - root - INFO - ✅ All technical indicators calculated successfully
2025-07-21 11:04:07 - root - INFO - ✅ All technical indicators calculated successfully
2025-07-21 11:04:07 - root - INFO - ✅ All technical indicators calculated successfully
2025-07-21 11:04:07 - root - INFO - ✅ All technical indicators calculated successfully
2025-07-21 11:04:08 - root - INFO - ✅ All technical indicators calculated successfully
2025-07-21 11:04:08 - root - INFO - ✅ All technical indicators calculated successfully
2025-07-21 11:04:09 - TradingSystem - INFO - [Thread-3] [82] Analyzing GRASS/USDT:USDT with 15m→1h→4h MTF...
2025-07-21 11:04:09 - TradingSystem - INFO - 📈 Progress: 76/210 (36.2%) - Signals: 0
2025-07-21 11:04:09 - TradingSystem - INFO - 📊 Analyzing GRASS/USDT:USDT (15m → 1h/4h MTF)...
2025-07-21 11:04:10 - TradingSystem - INFO - [Thread-4] [83] Analyzing PHB/USDT:USDT with 15m→1h→4h MTF...
2025-07-21 11:04:10 - TradingSystem - INFO - 📊 Analyzing PHB/USDT:USDT (15m → 1h/4h MTF)...
2025-07-21 11:04:10 - TradingSystem - INFO - 📈 Progress: 77/210 (36.7%) - Signals: 0
2025-07-21 11:04:10 - TradingSystem - INFO - [Thread-5] [84] Analyzing KNC/USDT:USDT with 15m→1h→4h MTF...
2025-07-21 11:04:10 - TradingSystem - INFO - 📊 Analyzing KNC/USDT:USDT (15m → 1h/4h MTF)...
2025-07-21 11:04:10 - TradingSystem - INFO - 📈 Progress: 78/210 (37.1%) - Signals: 0
2025-07-21 11:04:10 - TradingSystem - INFO - [Thread-0] [85] Analyzing STRK/USDT:USDT with 15m→1h→4h MTF...
2025-07-21 11:04:10 - TradingSystem - INFO - 📈 Progress: 79/210 (37.6%) - Signals: 0
2025-07-21 11:04:10 - TradingSystem - INFO - 📊 Analyzing STRK/USDT:USDT (15m → 1h/4h MTF)...
2025-07-21 11:04:10 - TradingSystem - INFO - [Thread-1] [86] Analyzing PEOPLE/USDT:USDT with 15m→1h→4h MTF...
2025-07-21 11:04:10 - TradingSystem - INFO - 📈 Progress: 80/210 (38.1%) - Signals: 0
2025-07-21 11:04:10 - TradingSystem - INFO - 📊 Analyzing PEOPLE/USDT:USDT (15m → 1h/4h MTF)...
2025-07-21 11:04:11 - TradingSystem - INFO - [Thread-2] [87] Analyzing EIGEN/USDT:USDT with 15m→1h→4h MTF...
2025-07-21 11:04:11 - TradingSystem - INFO - 📈 Progress: 81/210 (38.6%) - Signals: 0
2025-07-21 11:04:11 - TradingSystem - INFO - 📊 Analyzing EIGEN/USDT:USDT (15m → 1h/4h MTF)...
2025-07-21 11:04:12 - root - INFO - ✅ All technical indicators calculated successfully
2025-07-21 11:04:12 - root - INFO - ✅ All technical indicators calculated successfully
2025-07-21 11:04:13 - root - INFO - ✅ All technical indicators calculated successfully
2025-07-21 11:04:13 - root - INFO - ✅ All technical indicators calculated successfully
2025-07-21 11:04:13 - root - INFO - ✅ All technical indicators calculated successfully
2025-07-21 11:04:13 - root - INFO - ✅ All technical indicators calculated successfully
2025-07-21 11:04:14 - TradingSystem - INFO - [Thread-3] [88] Analyzing ANIME/USDT:USDT with 15m→1h→4h MTF...
2025-07-21 11:04:14 - TradingSystem - INFO - 📊 Analyzing ANIME/USDT:USDT (15m → 1h/4h MTF)...
2025-07-21 11:04:14 - TradingSystem - INFO - 📈 Progress: 82/210 (39.0%) - Signals: 0
2025-07-21 11:04:14 - TradingSystem - INFO - [Thread-4] [89] Analyzing PENDLE/USDT:USDT with 15m→1h→4h MTF...
2025-07-21 11:04:14 - TradingSystem - INFO - 📊 Analyzing PENDLE/USDT:USDT (15m → 1h/4h MTF)...
2025-07-21 11:04:14 - TradingSystem - INFO - 📈 Progress: 83/210 (39.5%) - Signals: 0
2025-07-21 11:04:16 - TradingSystem - INFO - [Thread-5] [90] Analyzing MKR/USDT:USDT with 15m→1h→4h MTF...
2025-07-21 11:04:16 - TradingSystem - INFO - 📊 Analyzing MKR/USDT:USDT (15m → 1h/4h MTF)...
2025-07-21 11:04:16 - TradingSystem - INFO - 📈 Progress: 84/210 (40.0%) - Signals: 0
2025-07-21 11:04:16 - TradingSystem - INFO - [Thread-0] [91] Analyzing MEW/USDT:USDT with 15m→1h→4h MTF...
2025-07-21 11:04:16 - TradingSystem - INFO - 📊 Analyzing MEW/USDT:USDT (15m → 1h/4h MTF)...
2025-07-21 11:04:16 - TradingSystem - INFO - 📈 Progress: 85/210 (40.5%) - Signals: 0
2025-07-21 11:04:16 - TradingSystem - INFO - [Thread-1] [92] Analyzing STX/USDT:USDT with 15m→1h→4h MTF...
2025-07-21 11:04:16 - TradingSystem - INFO - 📈 Progress: 86/210 (41.0%) - Signals: 0
2025-07-21 11:04:16 - TradingSystem - INFO - 📊 Analyzing STX/USDT:USDT (15m → 1h/4h MTF)...
2025-07-21 11:04:16 - TradingSystem - INFO - [Thread-2] [93] Analyzing ATOM/USDT:USDT with 15m→1h→4h MTF...
2025-07-21 11:04:16 - TradingSystem - INFO - 📈 Progress: 87/210 (41.4%) - Signals: 0
2025-07-21 11:04:16 - TradingSystem - INFO - 📊 Analyzing ATOM/USDT:USDT (15m → 1h/4h MTF)...
2025-07-21 11:04:17 - root - INFO - ✅ All technical indicators calculated successfully
2025-07-21 11:04:17 - root - INFO - ✅ All technical indicators calculated successfully
2025-07-21 11:04:17 - root - INFO - ✅ All technical indicators calculated successfully
2025-07-21 11:04:17 - root - INFO - ✅ All technical indicators calculated successfully
2025-07-21 11:04:18 - root - INFO - ✅ All technical indicators calculated successfully
2025-07-21 11:04:18 - root - INFO - ✅ All technical indicators calculated successfully
2025-07-21 11:04:19 - TradingSystem - INFO - [Thread-3] [94] Analyzing USELESS/USDT:USDT with 15m→1h→4h MTF...
2025-07-21 11:04:19 - TradingSystem - INFO - 📊 Analyzing USELESS/USDT:USDT (15m → 1h/4h MTF)...
2025-07-21 11:04:19 - TradingSystem - INFO - 📈 Progress: 88/210 (41.9%) - Signals: 0
2025-07-21 11:04:21 - TradingSystem - INFO - [Thread-4] [95] Analyzing JTO/USDT:USDT with 15m→1h→4h MTF...
2025-07-21 11:04:21 - TradingSystem - INFO - 📈 Progress: 89/210 (42.4%) - Signals: 0
2025-07-21 11:04:21 - TradingSystem - INFO - 📊 Analyzing JTO/USDT:USDT (15m → 1h/4h MTF)...
2025-07-21 11:04:21 - TradingSystem - INFO - [Thread-5] [96] Analyzing AR/USDT:USDT with 15m→1h→4h MTF...
2025-07-21 11:04:22 - TradingSystem - INFO - 📈 Progress: 90/210 (42.9%) - Signals: 0
2025-07-21 11:04:22 - TradingSystem - INFO - 📊 Analyzing AR/USDT:USDT (15m → 1h/4h MTF)...
2025-07-21 11:04:22 - TradingSystem - INFO - [Thread-0] [97] Analyzing POL/USDT:USDT with 15m→1h→4h MTF...
2025-07-21 11:04:22 - TradingSystem - INFO - 📊 Analyzing POL/USDT:USDT (15m → 1h/4h MTF)...
2025-07-21 11:04:22 - TradingSystem - INFO - 📈 Progress: 91/210 (43.3%) - Signals: 0
2025-07-21 11:04:22 - TradingSystem - INFO - [Thread-1] [98] Analyzing TRB/USDT:USDT with 15m→1h→4h MTF...
2025-07-21 11:04:22 - TradingSystem - INFO - 📈 Progress: 92/210 (43.8%) - Signals: 0
2025-07-21 11:04:22 - TradingSystem - INFO - 📊 Analyzing TRB/USDT:USDT (15m → 1h/4h MTF)...
2025-07-21 11:04:22 - TradingSystem - INFO - [Thread-2] [99] Analyzing COOKIE/USDT:USDT with 15m→1h→4h MTF...
2025-07-21 11:04:22 - TradingSystem - INFO - 📈 Progress: 93/210 (44.3%) - Signals: 0
2025-07-21 11:04:22 - TradingSystem - INFO - 📊 Analyzing COOKIE/USDT:USDT (15m → 1h/4h MTF)...
2025-07-21 11:04:23 - root - INFO - ✅ All technical indicators calculated successfully
2025-07-21 11:04:23 - TradingSystem - INFO - [Thread-3] [100] Analyzing BOME/USDT:USDT with 15m→1h→4h MTF...
2025-07-21 11:04:23 - TradingSystem - INFO - 📈 Progress: 94/210 (44.8%) - Signals: 0
2025-07-21 11:04:23 - TradingSystem - INFO - 📊 Analyzing BOME/USDT:USDT (15m → 1h/4h MTF)...
2025-07-21 11:04:27 - root - INFO - ✅ All technical indicators calculated successfully
2025-07-21 11:04:27 - root - INFO - ✅ All technical indicators calculated successfully
2025-07-21 11:04:27 - root - INFO - ✅ All technical indicators calculated successfully
2025-07-21 11:04:27 - root - INFO - ✅ All technical indicators calculated successfully
2025-07-21 11:04:28 - root - INFO - ✅ All technical indicators calculated successfully
2025-07-21 11:04:28 - root - INFO - ✅ All technical indicators calculated successfully
2025-07-21 11:04:32 - TradingSystem - INFO - [Thread-4] [101] Analyzing IP/USDT:USDT with 15m→1h→4h MTF...
2025-07-21 11:04:32 - TradingSystem - INFO - 📈 Progress: 95/210 (45.2%) - Signals: 0
2025-07-21 11:04:32 - TradingSystem - INFO - 📊 Analyzing IP/USDT:USDT (15m → 1h/4h MTF)...
2025-07-21 11:04:33 - TradingSystem - INFO - [Thread-5] [102] Analyzing BLAST/USDT:USDT with 15m→1h→4h MTF...
2025-07-21 11:04:33 - TradingSystem - INFO - 📊 Analyzing BLAST/USDT:USDT (15m → 1h/4h MTF)...
2025-07-21 11:04:33 - TradingSystem - INFO - 📈 Progress: 96/210 (45.7%) - Signals: 0
2025-07-21 11:04:34 - TradingSystem - INFO - [Thread-0] [103] Analyzing A8/USDT:USDT with 15m→1h→4h MTF...
2025-07-21 11:04:34 - TradingSystem - INFO - 📈 Progress: 97/210 (46.2%) - Signals: 0
2025-07-21 11:04:34 - TradingSystem - INFO - 📊 Analyzing A8/USDT:USDT (15m → 1h/4h MTF)...
2025-07-21 11:04:34 - TradingSystem - INFO - [Thread-1] [104] Analyzing PUFFER/USDT:USDT with 15m→1h→4h MTF...
2025-07-21 11:04:34 - TradingSystem - INFO - 📈 Progress: 98/210 (46.7%) - Signals: 0
2025-07-21 11:04:34 - TradingSystem - INFO - 📊 Analyzing PUFFER/USDT:USDT (15m → 1h/4h MTF)...
2025-07-21 11:04:34 - TradingSystem - INFO - [Thread-2] [105] Analyzing LAUNCHCOIN/USDT:USDT with 15m→1h→4h MTF...
2025-07-21 11:04:34 - TradingSystem - INFO - 📈 Progress: 99/210 (47.1%) - Signals: 0
2025-07-21 11:04:34 - TradingSystem - INFO - 📊 Analyzing LAUNCHCOIN/USDT:USDT (15m → 1h/4h MTF)...
2025-07-21 11:04:34 - TradingSystem - INFO - [Thread-3] [106] Analyzing CHILLGUY/USDT:USDT with 15m→1h→4h MTF...
2025-07-21 11:04:34 - TradingSystem - INFO - 📈 Progress: 100/210 (47.6%) - Signals: 0
2025-07-21 11:04:34 - TradingSystem - INFO - 📊 Analyzing CHILLGUY/USDT:USDT (15m → 1h/4h MTF)...
2025-07-21 11:04:34 - root - INFO - ✅ All technical indicators calculated successfully
2025-07-21 11:04:35 - TradingSystem - INFO - [Thread-4] [107] Analyzing BANANA/USDT:USDT with 15m→1h→4h MTF...
2025-07-21 11:04:35 - TradingSystem - INFO - 📈 Progress: 101/210 (48.1%) - Signals: 0
2025-07-21 11:04:35 - TradingSystem - INFO - 📊 Analyzing BANANA/USDT:USDT (15m → 1h/4h MTF)...
2025-07-21 11:04:39 - root - INFO - ✅ All technical indicators calculated successfully
2025-07-21 11:04:39 - root - INFO - ✅ All technical indicators calculated successfully
2025-07-21 11:04:39 - root - INFO - ✅ All technical indicators calculated successfully
2025-07-21 11:04:39 - root - INFO - ✅ All technical indicators calculated successfully
2025-07-21 11:04:40 - root - INFO - ✅ All technical indicators calculated successfully
2025-07-21 11:04:40 - root - INFO - ✅ All technical indicators calculated successfully
2025-07-21 11:04:44 - TradingSystem - INFO - [Thread-5] [108] Analyzing SAHARA/USDT:USDT with 15m→1h→4h MTF...
2025-07-21 11:04:44 - TradingSystem - INFO - 📈 Progress: 102/210 (48.6%) - Signals: 0
2025-07-21 11:04:44 - TradingSystem - INFO - 📊 Analyzing SAHARA/USDT:USDT (15m → 1h/4h MTF)...
2025-07-21 11:04:45 - TradingSystem - INFO - [Thread-0] [109] Analyzing ACH/USDT:USDT with 15m→1h→4h MTF...
2025-07-21 11:04:45 - TradingSystem - INFO - 📊 Analyzing ACH/USDT:USDT (15m → 1h/4h MTF)...
2025-07-21 11:04:45 - TradingSystem - INFO - 📈 Progress: 103/210 (49.0%) - Signals: 0
2025-07-21 11:04:45 - TradingSystem - INFO - [Thread-1] [110] Analyzing 1000000MOG/USDT:USDT with 15m→1h→4h MTF...
2025-07-21 11:04:45 - TradingSystem - INFO - 📈 Progress: 104/210 (49.5%) - Signals: 0
2025-07-21 11:04:45 - TradingSystem - INFO - 📊 Analyzing 1000000MOG/USDT:USDT (15m → 1h/4h MTF)...
2025-07-21 11:04:45 - TradingSystem - INFO - [Thread-2] [111] Analyzing 1000TURBO/USDT:USDT with 15m→1h→4h MTF...
2025-07-21 11:04:45 - TradingSystem - INFO - 📈 Progress: 105/210 (50.0%) - Signals: 0
2025-07-21 11:04:45 - TradingSystem - INFO - 📊 Analyzing 1000TURBO/USDT:USDT (15m → 1h/4h MTF)...
2025-07-21 11:04:45 - root - INFO - ✅ All technical indicators calculated successfully
2025-07-21 11:04:46 - TradingSystem - INFO - [Thread-3] [112] Analyzing ICP/USDT:USDT with 15m→1h→4h MTF...
2025-07-21 11:04:46 - TradingSystem - INFO - 📊 Analyzing ICP/USDT:USDT (15m → 1h/4h MTF)...
2025-07-21 11:04:46 - TradingSystem - INFO - 📈 Progress: 106/210 (50.5%) - Signals: 0
2025-07-21 11:04:46 - TradingSystem - INFO - [Thread-4] [113] Analyzing S/USDT:USDT with 15m→1h→4h MTF...
2025-07-21 11:04:46 - TradingSystem - INFO - 📈 Progress: 107/210 (51.0%) - Signals: 0
2025-07-21 11:04:46 - TradingSystem - INFO - 📊 Analyzing S/USDT:USDT (15m → 1h/4h MTF)...
2025-07-21 11:04:46 - TradingSystem - INFO - [Thread-5] [114] Analyzing ALU/USDT:USDT with 15m→1h→4h MTF...
2025-07-21 11:04:46 - TradingSystem - INFO - 📊 Analyzing ALU/USDT:USDT (15m → 1h/4h MTF)...
2025-07-21 11:04:46 - TradingSystem - INFO - 📈 Progress: 108/210 (51.4%) - Signals: 0
2025-07-21 11:04:50 - root - INFO - ✅ All technical indicators calculated successfully
2025-07-21 11:04:50 - root - INFO - ✅ All technical indicators calculated successfully
2025-07-21 11:04:50 - root - INFO - ✅ All technical indicators calculated successfully
2025-07-21 11:04:50 - root - INFO - ✅ All technical indicators calculated successfully
2025-07-21 11:04:51 - root - INFO - ✅ All technical indicators calculated successfully
2025-07-21 11:04:51 - root - INFO - ✅ All technical indicators calculated successfully
2025-07-21 11:04:54 - TradingSystem - INFO - [Thread-0] [115] Analyzing FXS/USDT:USDT with 15m→1h→4h MTF...
2025-07-21 11:04:54 - TradingSystem - INFO - 📊 Analyzing FXS/USDT:USDT (15m → 1h/4h MTF)...
2025-07-21 11:04:54 - TradingSystem - INFO - 📈 Progress: 109/210 (51.9%) - Signals: 0
2025-07-21 11:04:54 - TradingSystem - INFO - [Thread-1] [116] Analyzing RUNE/USDT:USDT with 15m→1h→4h MTF...
2025-07-21 11:04:54 - TradingSystem - INFO - 📊 Analyzing RUNE/USDT:USDT (15m → 1h/4h MTF)...
2025-07-21 11:04:54 - TradingSystem - INFO - 📈 Progress: 110/210 (52.4%) - Signals: 0
2025-07-21 11:04:54 - TradingSystem - INFO - [Thread-2] [117] Analyzing PYTH/USDT:USDT with 15m→1h→4h MTF...
2025-07-21 11:04:54 - TradingSystem - INFO - 📈 Progress: 111/210 (52.9%) - Signals: 0
2025-07-21 11:04:54 - TradingSystem - INFO - 📊 Analyzing PYTH/USDT:USDT (15m → 1h/4h MTF)...
2025-07-21 11:04:55 - TradingSystem - INFO - [Thread-3] [118] Analyzing ZRO/USDT:USDT with 15m→1h→4h MTF...
2025-07-21 11:04:55 - TradingSystem - INFO - 📈 Progress: 112/210 (53.3%) - Signals: 0
2025-07-21 11:04:55 - TradingSystem - INFO - 📊 Analyzing ZRO/USDT:USDT (15m → 1h/4h MTF)...
2025-07-21 11:04:55 - TradingSystem - INFO - [Thread-4] [119] Analyzing BEAM/USDT:USDT with 15m→1h→4h MTF...
2025-07-21 11:04:55 - TradingSystem - INFO - 📈 Progress: 113/210 (53.8%) - Signals: 0
2025-07-21 11:04:55 - TradingSystem - INFO - 📊 Analyzing BEAM/USDT:USDT (15m → 1h/4h MTF)...
2025-07-21 11:04:55 - TradingSystem - INFO - [Thread-5] [120] Analyzing SWELL/USDT:USDT with 15m→1h→4h MTF...
2025-07-21 11:04:55 - TradingSystem - INFO - 📈 Progress: 114/210 (54.3%) - Signals: 0
2025-07-21 11:04:55 - TradingSystem - INFO - 📊 Analyzing SWELL/USDT:USDT (15m → 1h/4h MTF)...
2025-07-21 11:04:55 - root - INFO - ✅ All technical indicators calculated successfully
2025-07-21 11:04:56 - TradingSystem - INFO - [Thread-0] [121] Analyzing AERO/USDT:USDT with 15m→1h→4h MTF...
2025-07-21 11:04:56 - TradingSystem - INFO - 📈 Progress: 115/210 (54.8%) - Signals: 0
2025-07-21 11:04:56 - TradingSystem - INFO - 📊 Analyzing AERO/USDT:USDT (15m → 1h/4h MTF)...
2025-07-21 11:04:56 - root - INFO - ✅ All technical indicators calculated successfully
2025-07-21 11:04:56 - TradingSystem - INFO - [Thread-1] [122] Analyzing SUSHI/USDT:USDT with 15m→1h→4h MTF...
2025-07-21 11:04:56 - TradingSystem - INFO - 📈 Progress: 116/210 (55.2%) - Signals: 0
2025-07-21 11:04:56 - TradingSystem - INFO - 📊 Analyzing SUSHI/USDT:USDT (15m → 1h/4h MTF)...
2025-07-21 11:05:00 - root - INFO - ✅ All technical indicators calculated successfully
2025-07-21 11:05:00 - root - INFO - ✅ All technical indicators calculated successfully
2025-07-21 11:05:00 - root - INFO - ✅ All technical indicators calculated successfully
2025-07-21 11:05:00 - root - INFO - ✅ All technical indicators calculated successfully
2025-07-21 11:05:00 - root - INFO - ✅ All technical indicators calculated successfully
2025-07-21 11:05:01 - root - INFO - ✅ All technical indicators calculated successfully
2025-07-21 11:05:03 - TradingSystem - INFO - [Thread-2] [123] Analyzing AIXBT/USDT:USDT with 15m→1h→4h MTF...
2025-07-21 11:05:03 - TradingSystem - INFO - 📊 Analyzing AIXBT/USDT:USDT (15m → 1h/4h MTF)...
2025-07-21 11:05:03 - TradingSystem - INFO - 📈 Progress: 117/210 (55.7%) - Signals: 0
2025-07-21 11:05:04 - TradingSystem - INFO - [Thread-3] [124] Analyzing ARK/USDT:USDT with 15m→1h→4h MTF...
2025-07-21 11:05:04 - TradingSystem - INFO - 📊 Analyzing ARK/USDT:USDT (15m → 1h/4h MTF)...
2025-07-21 11:05:04 - TradingSystem - INFO - 📈 Progress: 118/210 (56.2%) - Signals: 0
2025-07-21 11:05:04 - TradingSystem - INFO - [Thread-4] [125] Analyzing NOT/USDT:USDT with 15m→1h→4h MTF...
2025-07-21 11:05:04 - TradingSystem - INFO - 📈 Progress: 119/210 (56.7%) - Signals: 0
2025-07-21 11:05:04 - TradingSystem - INFO - 📊 Analyzing NOT/USDT:USDT (15m → 1h/4h MTF)...
2025-07-21 11:05:04 - TradingSystem - INFO - [Thread-5] [126] Analyzing SOPH/USDT:USDT with 15m→1h→4h MTF...
2025-07-21 11:05:04 - TradingSystem - INFO - 📊 Analyzing SOPH/USDT:USDT (15m → 1h/4h MTF)...
2025-07-21 11:05:04 - TradingSystem - INFO - 📈 Progress: 120/210 (57.1%) - Signals: 0
2025-07-21 11:05:04 - TradingSystem - INFO - [Thread-0] [127] Analyzing RESOLV/USDT:USDT with 15m→1h→4h MTF...
2025-07-21 11:05:04 - TradingSystem - INFO - 📈 Progress: 121/210 (57.6%) - Signals: 0
2025-07-21 11:05:04 - TradingSystem - INFO - 📊 Analyzing RESOLV/USDT:USDT (15m → 1h/4h MTF)...
2025-07-21 11:05:04 - TradingSystem - INFO - [Thread-1] [128] Analyzing IOST/USDT:USDT with 15m→1h→4h MTF...
2025-07-21 11:05:04 - TradingSystem - INFO - 📈 Progress: 122/210 (58.1%) - Signals: 0
2025-07-21 11:05:04 - TradingSystem - INFO - 📊 Analyzing IOST/USDT:USDT (15m → 1h/4h MTF)...
2025-07-21 11:05:05 - root - INFO - ✅ All technical indicators calculated successfully
2025-07-21 11:05:05 - root - INFO - ✅ All technical indicators calculated successfully
2025-07-21 11:05:05 - root - INFO - ✅ All technical indicators calculated successfully
2025-07-21 11:05:06 - root - INFO - ✅ All technical indicators calculated successfully
2025-07-21 11:05:06 - TradingSystem - INFO - [Thread-2] [129] Analyzing SYRUP/USDT:USDT with 15m→1h→4h MTF...
2025-07-21 11:05:06 - TradingSystem - INFO - 📈 Progress: 123/210 (58.6%) - Signals: 0
2025-07-21 11:05:06 - TradingSystem - INFO - 📊 Analyzing SYRUP/USDT:USDT (15m → 1h/4h MTF)...
2025-07-21 11:05:07 - TradingSystem - INFO - [Thread-3] [130] Analyzing ARKM/USDT:USDT with 15m→1h→4h MTF...
2025-07-21 11:05:07 - TradingSystem - INFO - 📈 Progress: 124/210 (59.0%) - Signals: 0
2025-07-21 11:05:07 - TradingSystem - INFO - 📊 Analyzing ARKM/USDT:USDT (15m → 1h/4h MTF)...
2025-07-21 11:05:07 - TradingSystem - INFO - [Thread-4] [131] Analyzing DYDX/USDT:USDT with 15m→1h→4h MTF...
2025-07-21 11:05:07 - TradingSystem - INFO - 📊 Analyzing DYDX/USDT:USDT (15m → 1h/4h MTF)...
2025-07-21 11:05:07 - TradingSystem - INFO - 📈 Progress: 125/210 (59.5%) - Signals: 0
2025-07-21 11:05:07 - TradingSystem - INFO - [Thread-5] [132] Analyzing BERA/USDT:USDT with 15m→1h→4h MTF...
2025-07-21 11:05:07 - TradingSystem - INFO - 📈 Progress: 126/210 (60.0%) - Signals: 0
2025-07-21 11:05:07 - TradingSystem - INFO - 📊 Analyzing BERA/USDT:USDT (15m → 1h/4h MTF)...
2025-07-21 11:05:10 - root - INFO - ✅ All technical indicators calculated successfully
2025-07-21 11:05:10 - root - INFO - ✅ All technical indicators calculated successfully
2025-07-21 11:05:10 - root - INFO - ✅ All technical indicators calculated successfully
2025-07-21 11:05:10 - root - INFO - ✅ All technical indicators calculated successfully
2025-07-21 11:05:11 - root - INFO - ✅ All technical indicators calculated successfully
2025-07-21 11:05:12 - root - INFO - ✅ All technical indicators calculated successfully
2025-07-21 11:05:14 - TradingSystem - INFO - [Thread-0] [133] Analyzing MINA/USDT:USDT with 15m→1h→4h MTF...
2025-07-21 11:05:14 - TradingSystem - INFO - 📈 Progress: 127/210 (60.5%) - Signals: 0
2025-07-21 11:05:14 - TradingSystem - INFO - 📊 Analyzing MINA/USDT:USDT (15m → 1h/4h MTF)...
2025-07-21 11:05:14 - TradingSystem - INFO - [Thread-1] [134] Analyzing CVX/USDT:USDT with 15m→1h→4h MTF...
2025-07-21 11:05:14 - TradingSystem - INFO - 📊 Analyzing CVX/USDT:USDT (15m → 1h/4h MTF)...
2025-07-21 11:05:14 - TradingSystem - INFO - 📈 Progress: 128/210 (61.0%) - Signals: 0
2025-07-21 11:05:14 - TradingSystem - INFO - [Thread-2] [135] Analyzing AERGO/USDT:USDT with 15m→1h→4h MTF...
2025-07-21 11:05:14 - TradingSystem - INFO - 📊 Analyzing AERGO/USDT:USDT (15m → 1h/4h MTF)...
2025-07-21 11:05:14 - TradingSystem - INFO - 📈 Progress: 129/210 (61.4%) - Signals: 0
2025-07-21 11:05:15 - TradingSystem - INFO - [Thread-3] [136] Analyzing W/USDT:USDT with 15m→1h→4h MTF...
2025-07-21 11:05:15 - TradingSystem - INFO - 📊 Analyzing W/USDT:USDT (15m → 1h/4h MTF)...
2025-07-21 11:05:15 - TradingSystem - INFO - 📈 Progress: 130/210 (61.9%) - Signals: 0
2025-07-21 11:05:15 - TradingSystem - INFO - [Thread-4] [137] Analyzing USUAL/USDT:USDT with 15m→1h→4h MTF...
2025-07-21 11:05:15 - TradingSystem - INFO - 📈 Progress: 131/210 (62.4%) - Signals: 0
2025-07-21 11:05:15 - TradingSystem - INFO - 📊 Analyzing USUAL/USDT:USDT (15m → 1h/4h MTF)...
2025-07-21 11:05:15 - TradingSystem - INFO - [Thread-5] [138] Analyzing MELANIA/USDT:USDT with 15m→1h→4h MTF...
2025-07-21 11:05:15 - TradingSystem - INFO - 📊 Analyzing MELANIA/USDT:USDT (15m → 1h/4h MTF)...
2025-07-21 11:05:15 - TradingSystem - INFO - 📈 Progress: 132/210 (62.9%) - Signals: 0
2025-07-21 11:05:15 - root - INFO - ✅ All technical indicators calculated successfully
2025-07-21 11:05:16 - TradingSystem - INFO - [Thread-0] [139] Analyzing SPK/USDT:USDT with 15m→1h→4h MTF...
2025-07-21 11:05:16 - TradingSystem - INFO - 📈 Progress: 133/210 (63.3%) - Signals: 0
2025-07-21 11:05:16 - TradingSystem - INFO - 📊 Analyzing SPK/USDT:USDT (15m → 1h/4h MTF)...
2025-07-21 11:05:16 - root - INFO - ✅ All technical indicators calculated successfully
2025-07-21 11:05:16 - TradingSystem - INFO - [Thread-1] [140] Analyzing BIGTIME/USDT:USDT with 15m→1h→4h MTF...
2025-07-21 11:05:16 - TradingSystem - INFO - 📈 Progress: 134/210 (63.8%) - Signals: 0
2025-07-21 11:05:16 - TradingSystem - INFO - 📊 Analyzing BIGTIME/USDT:USDT (15m → 1h/4h MTF)...
2025-07-21 11:05:20 - root - INFO - ✅ All technical indicators calculated successfully
2025-07-21 11:05:20 - root - INFO - ✅ All technical indicators calculated successfully
2025-07-21 11:05:20 - root - INFO - ✅ All technical indicators calculated successfully
2025-07-21 11:05:20 - root - INFO - ✅ All technical indicators calculated successfully
2025-07-21 11:05:20 - root - INFO - ✅ All technical indicators calculated successfully
2025-07-21 11:05:22 - root - INFO - ✅ All technical indicators calculated successfully
2025-07-21 11:05:24 - TradingSystem - INFO - [Thread-2] [141] Analyzing GMT/USDT:USDT with 15m→1h→4h MTF...
2025-07-21 11:05:24 - TradingSystem - INFO - 📈 Progress: 135/210 (64.3%) - Signals: 0
2025-07-21 11:05:24 - TradingSystem - INFO - 📊 Analyzing GMT/USDT:USDT (15m → 1h/4h MTF)...
2025-07-21 11:05:24 - TradingSystem - INFO - [Thread-3] [142] Analyzing GRT/USDT:USDT with 15m→1h→4h MTF...
2025-07-21 11:05:24 - TradingSystem - INFO - 📈 Progress: 136/210 (64.8%) - Signals: 0
2025-07-21 11:05:24 - TradingSystem - INFO - 📊 Analyzing GRT/USDT:USDT (15m → 1h/4h MTF)...
2025-07-21 11:05:24 - TradingSystem - INFO - [Thread-4] [143] Analyzing NXPC/USDT:USDT with 15m→1h→4h MTF...
2025-07-21 11:05:24 - TradingSystem - INFO - 📈 Progress: 137/210 (65.2%) - Signals: 0
2025-07-21 11:05:24 - TradingSystem - INFO - 📊 Analyzing NXPC/USDT:USDT (15m → 1h/4h MTF)...
2025-07-21 11:05:24 - TradingSystem - INFO - 📈 Progress: 138/210 (65.7%) - Signals: 0
2025-07-21 11:05:24 - TradingSystem - INFO - [Thread-5] [144] Analyzing MANA/USDT:USDT with 15m→1h→4h MTF...
2025-07-21 11:05:24 - TradingSystem - INFO - 📊 Analyzing MANA/USDT:USDT (15m → 1h/4h MTF)...
2025-07-21 11:05:24 - TradingSystem - INFO - [Thread-0] [145] Analyzing IMX/USDT:USDT with 15m→1h→4h MTF...
2025-07-21 11:05:24 - TradingSystem - INFO - 📈 Progress: 139/210 (66.2%) - Signals: 0
2025-07-21 11:05:24 - TradingSystem - INFO - 📊 Analyzing IMX/USDT:USDT (15m → 1h/4h MTF)...
2025-07-21 11:05:25 - TradingSystem - INFO - [Thread-1] [146] Analyzing PLUME/USDT:USDT with 15m→1h→4h MTF...
2025-07-21 11:05:25 - TradingSystem - INFO - 📈 Progress: 140/210 (66.7%) - Signals: 0
2025-07-21 11:05:25 - TradingSystem - INFO - 📊 Analyzing PLUME/USDT:USDT (15m → 1h/4h MTF)...
2025-07-21 11:05:25 - root - INFO - ✅ All technical indicators calculated successfully
2025-07-21 11:05:26 - root - INFO - ✅ All technical indicators calculated successfully
2025-07-21 11:05:26 - TradingSystem - INFO - [Thread-2] [147] Analyzing NEIROETH/USDT:USDT with 15m→1h→4h MTF...
2025-07-21 11:05:26 - TradingSystem - INFO - 📈 Progress: 141/210 (67.1%) - Signals: 0
2025-07-21 11:05:26 - TradingSystem - INFO - 📊 Analyzing NEIROETH/USDT:USDT (15m → 1h/4h MTF)...
2025-07-21 11:05:26 - TradingSystem - INFO - [Thread-3] [148] Analyzing GRIFFAIN/USDT:USDT with 15m→1h→4h MTF...
2025-07-21 11:05:26 - TradingSystem - INFO - 📊 Analyzing GRIFFAIN/USDT:USDT (15m → 1h/4h MTF)...
2025-07-21 11:05:26 - TradingSystem - INFO - 📈 Progress: 142/210 (67.6%) - Signals: 0
2025-07-21 11:05:30 - root - INFO - ✅ All technical indicators calculated successfully
2025-07-21 11:05:30 - root - INFO - ✅ All technical indicators calculated successfully
2025-07-21 11:05:31 - root - INFO - ✅ All technical indicators calculated successfully
2025-07-21 11:05:31 - root - INFO - ✅ All technical indicators calculated successfully
2025-07-21 11:05:31 - root - INFO - ✅ All technical indicators calculated successfully
2025-07-21 11:05:31 - root - INFO - ✅ All technical indicators calculated successfully
2025-07-21 11:05:34 - TradingSystem - INFO - [Thread-4] [149] Analyzing ME/USDT:USDT with 15m→1h→4h MTF...
2025-07-21 11:05:34 - TradingSystem - INFO - 📊 Analyzing ME/USDT:USDT (15m → 1h/4h MTF)...
2025-07-21 11:05:34 - TradingSystem - INFO - [Thread-5] [150] Analyzing BABY/USDT:USDT with 15m→1h→4h MTF...
2025-07-21 11:05:34 - TradingSystem - INFO - 📊 Analyzing BABY/USDT:USDT (15m → 1h/4h MTF)...
2025-07-21 11:05:34 - TradingSystem - INFO - 📈 Progress: 143/210 (68.1%) - Signals: 0
2025-07-21 11:05:34 - TradingSystem - INFO - 📈 Progress: 144/210 (68.6%) - Signals: 0
2025-07-21 11:05:35 - TradingSystem - INFO - [Thread-0] [151] Analyzing KAIA/USDT:USDT with 15m→1h→4h MTF...
2025-07-21 11:05:35 - TradingSystem - INFO - 📊 Analyzing KAIA/USDT:USDT (15m → 1h/4h MTF)...
2025-07-21 11:05:35 - TradingSystem - INFO - 📈 Progress: 145/210 (69.0%) - Signals: 0
2025-07-21 11:05:35 - TradingSystem - INFO - [Thread-1] [152] Analyzing TAC/USDT:USDT with 15m→1h→4h MTF...
2025-07-21 11:05:35 - TradingSystem - INFO - 📊 Analyzing TAC/USDT:USDT (15m → 1h/4h MTF)...
2025-07-21 11:05:35 - TradingSystem - INFO - 📈 Progress: 146/210 (69.5%) - Signals: 0
2025-07-21 11:05:35 - TradingSystem - INFO - [Thread-2] [153] Analyzing NEO/USDT:USDT with 15m→1h→4h MTF...
2025-07-21 11:05:35 - TradingSystem - INFO - 📈 Progress: 147/210 (70.0%) - Signals: 0
2025-07-21 11:05:35 - TradingSystem - INFO - 📊 Analyzing NEO/USDT:USDT (15m → 1h/4h MTF)...
2025-07-21 11:05:35 - TradingSystem - INFO - [Thread-3] [154] Analyzing 10000WEN/USDT:USDT with 15m→1h→4h MTF...
2025-07-21 11:05:35 - TradingSystem - INFO - 📊 Analyzing 10000WEN/USDT:USDT (15m → 1h/4h MTF)...
2025-07-21 11:05:35 - TradingSystem - INFO - 📈 Progress: 148/210 (70.5%) - Signals: 0
2025-07-21 11:05:35 - root - INFO - ✅ All technical indicators calculated successfully
2025-07-21 11:05:36 - root - INFO - ✅ All technical indicators calculated successfully
2025-07-21 11:05:36 - TradingSystem - INFO - [Thread-4] [155] Analyzing DEEP/USDT:USDT with 15m→1h→4h MTF...
2025-07-21 11:05:36 - TradingSystem - INFO - 📊 Analyzing DEEP/USDT:USDT (15m → 1h/4h MTF)...
2025-07-21 11:05:36 - TradingSystem - INFO - 📈 Progress: 149/210 (71.0%) - Signals: 0
2025-07-21 11:05:36 - TradingSystem - INFO - [Thread-5] [156] Analyzing THETA/USDT:USDT with 15m→1h→4h MTF...
2025-07-21 11:05:36 - TradingSystem - INFO - 📊 Analyzing THETA/USDT:USDT (15m → 1h/4h MTF)...
2025-07-21 11:05:36 - TradingSystem - INFO - 📈 Progress: 150/210 (71.4%) - Signals: 0
2025-07-21 11:05:40 - root - INFO - ✅ All technical indicators calculated successfully
2025-07-21 11:05:40 - root - INFO - ✅ All technical indicators calculated successfully
2025-07-21 11:05:40 - root - INFO - ✅ All technical indicators calculated successfully
2025-07-21 11:05:40 - root - INFO - ✅ All technical indicators calculated successfully
2025-07-21 11:05:41 - root - INFO - ✅ All technical indicators calculated successfully
2025-07-21 11:05:41 - root - INFO - ✅ All technical indicators calculated successfully
2025-07-21 11:05:43 - TradingSystem - INFO - [Thread-0] [157] Analyzing ALT/USDT:USDT with 15m→1h→4h MTF...
2025-07-21 11:05:43 - TradingSystem - INFO - 📈 Progress: 151/210 (71.9%) - Signals: 0
2025-07-21 11:05:43 - TradingSystem - INFO - 📊 Analyzing ALT/USDT:USDT (15m → 1h/4h MTF)...
2025-07-21 11:05:43 - TradingSystem - INFO - [Thread-1] [158] Analyzing DOOD/USDT:USDT with 15m→1h→4h MTF...
2025-07-21 11:05:43 - TradingSystem - INFO - 📊 Analyzing DOOD/USDT:USDT (15m → 1h/4h MTF)...
2025-07-21 11:05:43 - TradingSystem - INFO - 📈 Progress: 152/210 (72.4%) - Signals: 0
2025-07-21 11:05:43 - TradingSystem - INFO - [Thread-2] [159] Analyzing VET/USDT:USDT with 15m→1h→4h MTF...
2025-07-21 11:05:43 - TradingSystem - INFO - 📈 Progress: 153/210 (72.9%) - Signals: 0
2025-07-21 11:05:43 - TradingSystem - INFO - 📊 Analyzing VET/USDT:USDT (15m → 1h/4h MTF)...
2025-07-21 11:05:44 - TradingSystem - INFO - [Thread-3] [160] Analyzing RAYDIUM/USDT:USDT with 15m→1h→4h MTF...
2025-07-21 11:05:44 - TradingSystem - INFO - 📊 Analyzing RAYDIUM/USDT:USDT (15m → 1h/4h MTF)...
2025-07-21 11:05:44 - TradingSystem - INFO - 📈 Progress: 154/210 (73.3%) - Signals: 0
2025-07-21 11:05:44 - TradingSystem - INFO - [Thread-4] [161] Analyzing UXLINK/USDT:USDT with 15m→1h→4h MTF...
2025-07-21 11:05:44 - TradingSystem - INFO - 📈 Progress: 155/210 (73.8%) - Signals: 0
2025-07-21 11:05:44 - TradingSystem - INFO - 📊 Analyzing UXLINK/USDT:USDT (15m → 1h/4h MTF)...
2025-07-21 11:05:44 - TradingSystem - INFO - [Thread-5] [162] Analyzing TAIKO/USDT:USDT with 15m→1h→4h MTF...
2025-07-21 11:05:44 - TradingSystem - INFO - 📈 Progress: 156/210 (74.3%) - Signals: 0
2025-07-21 11:05:44 - TradingSystem - INFO - 📊 Analyzing TAIKO/USDT:USDT (15m → 1h/4h MTF)...
2025-07-21 11:05:45 - root - INFO - ✅ All technical indicators calculated successfully
2025-07-21 11:05:45 - root - INFO - ✅ All technical indicators calculated successfully
2025-07-21 11:05:45 - root - INFO - ✅ All technical indicators calculated successfully
2025-07-21 11:05:45 - root - INFO - ✅ All technical indicators calculated successfully
2025-07-21 11:05:45 - root - INFO - ✅ All technical indicators calculated successfully
2025-07-21 11:05:46 - root - INFO - ✅ All technical indicators calculated successfully
2025-07-21 11:05:48 - TradingSystem - INFO - [Thread-0] [163] Analyzing DYM/USDT:USDT with 15m→1h→4h MTF...
2025-07-21 11:05:48 - TradingSystem - INFO - 📈 Progress: 157/210 (74.8%) - Signals: 0
2025-07-21 11:05:49 - TradingSystem - INFO - 📊 Analyzing DYM/USDT:USDT (15m → 1h/4h MTF)...
2025-07-21 11:05:49 - TradingSystem - INFO - [Thread-1] [164] Analyzing MASK/USDT:USDT with 15m→1h→4h MTF...
2025-07-21 11:05:49 - TradingSystem - INFO - 📈 Progress: 158/210 (75.2%) - Signals: 0
2025-07-21 11:05:49 - TradingSystem - INFO - 📊 Analyzing MASK/USDT:USDT (15m → 1h/4h MTF)...
2025-07-21 11:05:49 - TradingSystem - INFO - [Thread-2] [165] Analyzing WCT/USDT:USDT with 15m→1h→4h MTF...
2025-07-21 11:05:49 - TradingSystem - INFO - 📈 Progress: 159/210 (75.7%) - Signals: 0
2025-07-21 11:05:49 - TradingSystem - INFO - 📊 Analyzing WCT/USDT:USDT (15m → 1h/4h MTF)...
2025-07-21 11:05:49 - TradingSystem - INFO - [Thread-3] [166] Analyzing ZETA/USDT:USDT with 15m→1h→4h MTF...
2025-07-21 11:05:49 - TradingSystem - INFO - 📊 Analyzing ZETA/USDT:USDT (15m → 1h/4h MTF)...
2025-07-21 11:05:49 - TradingSystem - INFO - 📈 Progress: 160/210 (76.2%) - Signals: 0
2025-07-21 11:05:49 - TradingSystem - INFO - [Thread-4] [167] Analyzing COMP/USDT:USDT with 15m→1h→4h MTF...
2025-07-21 11:05:49 - TradingSystem - INFO - 📈 Progress: 161/210 (76.7%) - Signals: 0
2025-07-21 11:05:49 - TradingSystem - INFO - 📊 Analyzing COMP/USDT:USDT (15m → 1h/4h MTF)...
2025-07-21 11:05:49 - TradingSystem - INFO - [Thread-5] [168] Analyzing VELVET/USDT:USDT with 15m→1h→4h MTF...
2025-07-21 11:05:49 - TradingSystem - INFO - 📈 Progress: 162/210 (77.1%) - Signals: 0
2025-07-21 11:05:49 - TradingSystem - INFO - 📊 Analyzing VELVET/USDT:USDT (15m → 1h/4h MTF)...
2025-07-21 11:05:50 - root - INFO - ✅ All technical indicators calculated successfully
2025-07-21 11:05:50 - root - INFO - ✅ All technical indicators calculated successfully
2025-07-21 11:05:50 - root - INFO - ✅ All technical indicators calculated successfully
2025-07-21 11:05:50 - root - INFO - ✅ All technical indicators calculated successfully
2025-07-21 11:05:53 - TradingSystem - INFO - [Thread-0] [169] Analyzing BANANAS31/USDT:USDT with 15m→1h→4h MTF...
2025-07-21 11:05:53 - TradingSystem - INFO - 📊 Analyzing BANANAS31/USDT:USDT (15m → 1h/4h MTF)...
2025-07-21 11:05:53 - TradingSystem - INFO - 📈 Progress: 163/210 (77.6%) - Signals: 0
2025-07-21 11:05:53 - TradingSystem - INFO - [Thread-1] [170] Analyzing MOCA/USDT:USDT with 15m→1h→4h MTF...
2025-07-21 11:05:53 - TradingSystem - INFO - 📊 Analyzing MOCA/USDT:USDT (15m → 1h/4h MTF)...
2025-07-21 11:05:53 - TradingSystem - INFO - 📈 Progress: 164/210 (78.1%) - Signals: 0
2025-07-21 11:05:53 - TradingSystem - INFO - [Thread-2] [171] Analyzing XDC/USDT:USDT with 15m→1h→4h MTF...
2025-07-21 11:05:53 - TradingSystem - INFO - 📈 Progress: 165/210 (78.6%) - Signals: 0
2025-07-21 11:05:53 - TradingSystem - INFO - 📊 Analyzing XDC/USDT:USDT (15m → 1h/4h MTF)...
2025-07-21 11:05:53 - TradingSystem - INFO - [Thread-3] [172] Analyzing IO/USDT:USDT with 15m→1h→4h MTF...
2025-07-21 11:05:53 - TradingSystem - INFO - 📈 Progress: 166/210 (79.0%) - Signals: 0
2025-07-21 11:05:53 - TradingSystem - INFO - 📊 Analyzing IO/USDT:USDT (15m → 1h/4h MTF)...
2025-07-21 11:05:55 - root - INFO - ✅ All technical indicators calculated successfully
2025-07-21 11:05:55 - root - INFO - ✅ All technical indicators calculated successfully
2025-07-21 11:05:55 - root - INFO - ✅ All technical indicators calculated successfully
2025-07-21 11:05:56 - root - INFO - ✅ All technical indicators calculated successfully
2025-07-21 11:05:56 - root - INFO - ✅ All technical indicators calculated successfully
2025-07-21 11:05:56 - root - INFO - ✅ All technical indicators calculated successfully
2025-07-21 11:05:58 - TradingSystem - INFO - [Thread-4] [173] Analyzing ZK/USDT:USDT with 15m→1h→4h MTF...
2025-07-21 11:05:58 - TradingSystem - INFO - 📊 Analyzing ZK/USDT:USDT (15m → 1h/4h MTF)...
2025-07-21 11:05:58 - TradingSystem - INFO - 📈 Progress: 167/210 (79.5%) - Signals: 0
2025-07-21 11:05:59 - TradingSystem - INFO - [Thread-5] [174] Analyzing IOTA/USDT:USDT with 15m→1h→4h MTF...
2025-07-21 11:05:59 - TradingSystem - INFO - 📊 Analyzing IOTA/USDT:USDT (15m → 1h/4h MTF)...
2025-07-21 11:05:59 - TradingSystem - INFO - 📈 Progress: 168/210 (80.0%) - Signals: 0
2025-07-21 11:05:59 - TradingSystem - INFO - [Thread-0] [175] Analyzing KAITO/USDT:USDT with 15m→1h→4h MTF...
2025-07-21 11:05:59 - TradingSystem - INFO - 📈 Progress: 169/210 (80.5%) - Signals: 0
2025-07-21 11:05:59 - TradingSystem - INFO - 📊 Analyzing KAITO/USDT:USDT (15m → 1h/4h MTF)...
2025-07-21 11:05:59 - TradingSystem - INFO - [Thread-1] [176] Analyzing ARC/USDT:USDT with 15m→1h→4h MTF...
2025-07-21 11:05:59 - TradingSystem - INFO - 📊 Analyzing ARC/USDT:USDT (15m → 1h/4h MTF)...
2025-07-21 11:05:59 - TradingSystem - INFO - 📈 Progress: 170/210 (81.0%) - Signals: 0
2025-07-21 11:05:59 - TradingSystem - INFO - [Thread-2] [177] Analyzing 1INCH/USDT:USDT with 15m→1h→4h MTF...
2025-07-21 11:05:59 - TradingSystem - INFO - 📈 Progress: 171/210 (81.4%) - Signals: 0
2025-07-21 11:05:59 - TradingSystem - INFO - 📊 Analyzing 1INCH/USDT:USDT (15m → 1h/4h MTF)...
2025-07-21 11:05:59 - TradingSystem - INFO - [Thread-3] [178] Analyzing MNT/USDT:USDT with 15m→1h→4h MTF...
2025-07-21 11:05:59 - TradingSystem - INFO - 📈 Progress: 172/210 (81.9%) - Signals: 0
2025-07-21 11:05:59 - TradingSystem - INFO - 📊 Analyzing MNT/USDT:USDT (15m → 1h/4h MTF)...
2025-07-21 11:06:00 - root - INFO - ✅ All technical indicators calculated successfully
2025-07-21 11:06:00 - root - INFO - ✅ All technical indicators calculated successfully
2025-07-21 11:06:00 - root - INFO - ✅ All technical indicators calculated successfully
2025-07-21 11:06:00 - root - INFO - ✅ All technical indicators calculated successfully
2025-07-21 11:06:00 - root - INFO - ✅ All technical indicators calculated successfully
2025-07-21 11:06:01 - root - INFO - ✅ All technical indicators calculated successfully
2025-07-21 11:06:04 - TradingSystem - INFO - [Thread-4] [179] Analyzing SNT/USDT:USDT with 15m→1h→4h MTF...
2025-07-21 11:06:04 - TradingSystem - INFO - 📈 Progress: 173/210 (82.4%) - Signals: 0
2025-07-21 11:06:04 - TradingSystem - INFO - 📊 Analyzing SNT/USDT:USDT (15m → 1h/4h MTF)...
2025-07-21 11:06:04 - TradingSystem - INFO - [Thread-5] [180] Analyzing AGT/USDT:USDT with 15m→1h→4h MTF...
2025-07-21 11:06:04 - TradingSystem - INFO - 📈 Progress: 174/210 (82.9%) - Signals: 0
2025-07-21 11:06:04 - TradingSystem - INFO - 📊 Analyzing AGT/USDT:USDT (15m → 1h/4h MTF)...
2025-07-21 11:06:04 - TradingSystem - INFO - [Thread-0] [181] Analyzing GIGA/USDT:USDT with 15m→1h→4h MTF...
2025-07-21 11:06:04 - TradingSystem - INFO - 📈 Progress: 175/210 (83.3%) - Signals: 0
2025-07-21 11:06:04 - TradingSystem - INFO - 📊 Analyzing GIGA/USDT:USDT (15m → 1h/4h MTF)...
2025-07-21 11:06:04 - TradingSystem - INFO - [Thread-1] [182] Analyzing REZ/USDT:USDT with 15m→1h→4h MTF...
2025-07-21 11:06:04 - TradingSystem - INFO - 📈 Progress: 176/210 (83.8%) - Signals: 0
2025-07-21 11:06:04 - TradingSystem - INFO - 📊 Analyzing REZ/USDT:USDT (15m → 1h/4h MTF)...
2025-07-21 11:06:05 - TradingSystem - INFO - [Thread-2] [183] Analyzing THE/USDT:USDT with 15m→1h→4h MTF...
2025-07-21 11:06:05 - TradingSystem - INFO - 📊 Analyzing THE/USDT:USDT (15m → 1h/4h MTF)...
2025-07-21 11:06:05 - TradingSystem - INFO - 📈 Progress: 177/210 (84.3%) - Signals: 0
2025-07-21 11:06:05 - TradingSystem - INFO - [Thread-3] [184] Analyzing SOLAYER/USDT:USDT with 15m→1h→4h MTF...
2025-07-21 11:06:05 - TradingSystem - INFO - 📈 Progress: 178/210 (84.8%) - Signals: 0
2025-07-21 11:06:05 - TradingSystem - INFO - 📊 Analyzing SOLAYER/USDT:USDT (15m → 1h/4h MTF)...
2025-07-21 11:06:06 - root - INFO - ✅ All technical indicators calculated successfully
2025-07-21 11:06:06 - TradingSystem - INFO - [Thread-4] [185] Analyzing API3/USDT:USDT with 15m→1h→4h MTF...
2025-07-21 11:06:06 - TradingSystem - INFO - 📈 Progress: 179/210 (85.2%) - Signals: 0
2025-07-21 11:06:06 - TradingSystem - INFO - 📊 Analyzing API3/USDT:USDT (15m → 1h/4h MTF)...
2025-07-21 11:06:10 - root - INFO - ✅ All technical indicators calculated successfully
2025-07-21 11:06:10 - root - INFO - ✅ All technical indicators calculated successfully
2025-07-21 11:06:10 - root - INFO - ✅ All technical indicators calculated successfully
2025-07-21 11:06:11 - root - INFO - ✅ All technical indicators calculated successfully
2025-07-21 11:06:11 - root - INFO - ✅ All technical indicators calculated successfully
2025-07-21 11:06:11 - root - INFO - ✅ All technical indicators calculated successfully
2025-07-21 11:06:14 - TradingSystem - INFO - [Thread-5] [186] Analyzing NEWT/USDT:USDT with 15m→1h→4h MTF...
2025-07-21 11:06:14 - TradingSystem - INFO - 📈 Progress: 180/210 (85.7%) - Signals: 0
2025-07-21 11:06:14 - TradingSystem - INFO - 📊 Analyzing NEWT/USDT:USDT (15m → 1h/4h MTF)...
2025-07-21 11:06:14 - TradingSystem - INFO - [Thread-0] [187] Analyzing HAEDAL/USDT:USDT with 15m→1h→4h MTF...
2025-07-21 11:06:14 - TradingSystem - INFO - 📈 Progress: 181/210 (86.2%) - Signals: 0
2025-07-21 11:06:14 - TradingSystem - INFO - 📊 Analyzing HAEDAL/USDT:USDT (15m → 1h/4h MTF)...
2025-07-21 11:06:14 - TradingSystem - INFO - [Thread-1] [188] Analyzing EGLD/USDT:USDT with 15m→1h→4h MTF...
2025-07-21 11:06:14 - TradingSystem - INFO - 📊 Analyzing EGLD/USDT:USDT (15m → 1h/4h MTF)...
2025-07-21 11:06:14 - TradingSystem - INFO - 📈 Progress: 182/210 (86.7%) - Signals: 0
2025-07-21 11:06:14 - TradingSystem - INFO - [Thread-2] [189] Analyzing CAKE/USDT:USDT with 15m→1h→4h MTF...
2025-07-21 11:06:14 - TradingSystem - INFO - 📊 Analyzing CAKE/USDT:USDT (15m → 1h/4h MTF)...
2025-07-21 11:06:14 - TradingSystem - INFO - 📈 Progress: 183/210 (87.1%) - Signals: 0
2025-07-21 11:06:14 - TradingSystem - INFO - [Thread-3] [190] Analyzing AXS/USDT:USDT with 15m→1h→4h MTF...
2025-07-21 11:06:14 - TradingSystem - INFO - 📈 Progress: 184/210 (87.6%) - Signals: 0
2025-07-21 11:06:14 - TradingSystem - INFO - 📊 Analyzing AXS/USDT:USDT (15m → 1h/4h MTF)...
2025-07-21 11:06:14 - TradingSystem - INFO - [Thread-4] [191] Analyzing HUMA/USDT:USDT with 15m→1h→4h MTF...
2025-07-21 11:06:14 - TradingSystem - INFO - 📈 Progress: 185/210 (88.1%) - Signals: 0
2025-07-21 11:06:14 - TradingSystem - INFO - 📊 Analyzing HUMA/USDT:USDT (15m → 1h/4h MTF)...
2025-07-21 11:06:15 - root - INFO - ✅ All technical indicators calculated successfully
2025-07-21 11:06:15 - root - INFO - ✅ All technical indicators calculated successfully
2025-07-21 11:06:16 - root - INFO - ✅ All technical indicators calculated successfully
2025-07-21 11:06:16 - root - INFO - ✅ All technical indicators calculated successfully
2025-07-21 11:06:16 - root - INFO - ✅ All technical indicators calculated successfully
2025-07-21 11:06:16 - root - INFO - ✅ All technical indicators calculated successfully
2025-07-21 11:06:18 - TradingSystem - INFO - [Thread-5] [192] Analyzing AVAAI/USDT:USDT with 15m→1h→4h MTF...
2025-07-21 11:06:18 - TradingSystem - INFO - 📊 Analyzing AVAAI/USDT:USDT (15m → 1h/4h MTF)...
2025-07-21 11:06:18 - TradingSystem - INFO - 📈 Progress: 186/210 (88.6%) - Signals: 0
2025-07-21 11:06:18 - TradingSystem - INFO - [Thread-0] [193] Analyzing 10000QUBIC/USDT:USDT with 15m→1h→4h MTF...
2025-07-21 11:06:18 - TradingSystem - INFO - 📈 Progress: 187/210 (89.0%) - Signals: 0
2025-07-21 11:06:18 - TradingSystem - INFO - 📊 Analyzing 10000QUBIC/USDT:USDT (15m → 1h/4h MTF)...
2025-07-21 11:06:18 - TradingSystem - INFO - [Thread-1] [194] Analyzing LPT/USDT:USDT with 15m→1h→4h MTF...
2025-07-21 11:06:19 - TradingSystem - INFO - 📊 Analyzing LPT/USDT:USDT (15m → 1h/4h MTF)...
2025-07-21 11:06:19 - TradingSystem - INFO - 📈 Progress: 188/210 (89.5%) - Signals: 0
2025-07-21 11:06:19 - TradingSystem - INFO - [Thread-2] [195] Analyzing XMR/USDT:USDT with 15m→1h→4h MTF...
2025-07-21 11:06:19 - TradingSystem - INFO - 📊 Analyzing XMR/USDT:USDT (15m → 1h/4h MTF)...
2025-07-21 11:06:19 - TradingSystem - INFO - 📈 Progress: 189/210 (90.0%) - Signals: 0
2025-07-21 11:06:19 - TradingSystem - INFO - [Thread-3] [196] Analyzing LA/USDT:USDT with 15m→1h→4h MTF...
2025-07-21 11:06:19 - TradingSystem - INFO - 📊 Analyzing LA/USDT:USDT (15m → 1h/4h MTF)...
2025-07-21 11:06:19 - TradingSystem - INFO - 📈 Progress: 190/210 (90.5%) - Signals: 0
2025-07-21 11:06:19 - TradingSystem - INFO - [Thread-4] [197] Analyzing KAVA/USDT:USDT with 15m→1h→4h MTF...
2025-07-21 11:06:19 - TradingSystem - INFO - 📈 Progress: 191/210 (91.0%) - Signals: 0
2025-07-21 11:06:19 - TradingSystem - INFO - 📊 Analyzing KAVA/USDT:USDT (15m → 1h/4h MTF)...
2025-07-21 11:06:21 - root - INFO - ✅ All technical indicators calculated successfully
2025-07-21 11:06:21 - root - INFO - ✅ All technical indicators calculated successfully
2025-07-21 11:06:21 - root - INFO - ✅ All technical indicators calculated successfully
2025-07-21 11:06:21 - root - INFO - ✅ All technical indicators calculated successfully
2025-07-21 11:06:21 - root - INFO - ✅ All technical indicators calculated successfully
2025-07-21 11:06:21 - root - INFO - ✅ All technical indicators calculated successfully
2025-07-21 11:06:25 - TradingSystem - INFO - [Thread-5] [198] Analyzing ES/USDT:USDT with 15m→1h→4h MTF...
2025-07-21 11:06:25 - TradingSystem - INFO - 📊 Analyzing ES/USDT:USDT (15m → 1h/4h MTF)...
2025-07-21 11:06:25 - TradingSystem - INFO - 📈 Progress: 192/210 (91.4%) - Signals: 0
2025-07-21 11:06:25 - TradingSystem - INFO - [Thread-0] [199] Analyzing DEGEN/USDT:USDT with 15m→1h→4h MTF...
2025-07-21 11:06:25 - TradingSystem - INFO - 📈 Progress: 193/210 (91.9%) - Signals: 0
2025-07-21 11:06:25 - TradingSystem - INFO - 📊 Analyzing DEGEN/USDT:USDT (15m → 1h/4h MTF)...
2025-07-21 11:06:26 - TradingSystem - INFO - [Thread-1] [200] Analyzing SYS/USDT:USDT with 15m→1h→4h MTF...
2025-07-21 11:06:26 - TradingSystem - INFO - 📊 Analyzing SYS/USDT:USDT (15m → 1h/4h MTF)...
2025-07-21 11:06:26 - TradingSystem - INFO - 📈 Progress: 194/210 (92.4%) - Signals: 0
2025-07-21 11:06:26 - TradingSystem - INFO - [Thread-2] [201] Analyzing CELO/USDT:USDT with 15m→1h→4h MTF...
2025-07-21 11:06:26 - TradingSystem - INFO - 📈 Progress: 195/210 (92.9%) - Signals: 0
2025-07-21 11:06:26 - TradingSystem - INFO - 📊 Analyzing CELO/USDT:USDT (15m → 1h/4h MTF)...
2025-07-21 11:06:26 - TradingSystem - INFO - [Thread-3] [202] Analyzing ORDER/USDT:USDT with 15m→1h→4h MTF...
2025-07-21 11:06:26 - root - INFO - ✅ All technical indicators calculated successfully
2025-07-21 11:06:26 - TradingSystem - INFO - 📈 Progress: 196/210 (93.3%) - Signals: 0
2025-07-21 11:06:26 - TradingSystem - INFO - 📊 Analyzing ORDER/USDT:USDT (15m → 1h/4h MTF)...
2025-07-21 11:06:26 - TradingSystem - INFO - [Thread-4] [203] Analyzing SAGA/USDT:USDT with 15m→1h→4h MTF...
2025-07-21 11:06:26 - TradingSystem - INFO - 📊 Analyzing SAGA/USDT:USDT (15m → 1h/4h MTF)...
2025-07-21 11:06:26 - TradingSystem - INFO - 📈 Progress: 197/210 (93.8%) - Signals: 0
2025-07-21 11:06:27 - TradingSystem - INFO - [Thread-5] [204] Analyzing KDA/USDT:USDT with 15m→1h→4h MTF...
2025-07-21 11:06:27 - TradingSystem - INFO - 📈 Progress: 198/210 (94.3%) - Signals: 0
2025-07-21 11:06:27 - TradingSystem - INFO - 📊 Analyzing KDA/USDT:USDT (15m → 1h/4h MTF)...
2025-07-21 11:53:12 - core.exchange - ERROR - Failed to fetch ORDER/USDT:USDT data: bybit GET https://api.bybit.com/v5/market/kline?symbol=ORDERUSDT&limit=500&interval=15&category=linear
2025-07-21 11:53:12 - core.exchange - ERROR - Failed to fetch KDA/USDT:USDT data: bybit GET https://api.bybit.com/v5/market/kline?symbol=KDAUSDT&limit=500&interval=15&category=linear
2025-07-21 11:53:12 - core.exchange - ERROR - Failed to fetch CELO/USDT:USDT data: bybit GET https://api.bybit.com/v5/market/kline?symbol=CELOUSDT&limit=500&interval=15&category=linear
2025-07-21 11:53:12 - core.exchange - ERROR - Failed to fetch SYS/USDT:USDT data: bybit GET https://api.bybit.com/v5/market/kline?symbol=SYSUSDT&limit=500&interval=15&category=linear
2025-07-21 11:53:12 - core.exchange - ERROR - Failed to fetch SAGA/USDT:USDT data: bybit GET https://api.bybit.com/v5/market/kline?symbol=SAGAUSDT&limit=500&interval=15&category=linear
2025-07-21 11:53:12 - core.exchange - ERROR - Failed to fetch DEGEN/USDT:USDT data: bybit GET https://api.bybit.com/v5/market/kline?symbol=DEGENUSDT&limit=500&interval=15&category=linear
2025-07-21 11:53:12 - TradingSystem - WARNING - Insufficient 15m data for ORDER/USDT:USDT
2025-07-21 11:53:12 - TradingSystem - WARNING - Insufficient 15m data for KDA/USDT:USDT
2025-07-21 11:53:12 - TradingSystem - WARNING - Insufficient 15m data for CELO/USDT:USDT
2025-07-21 11:53:12 - TradingSystem - WARNING - Insufficient 15m data for SYS/USDT:USDT
2025-07-21 11:53:12 - TradingSystem - WARNING - Insufficient 15m data for SAGA/USDT:USDT
2025-07-21 11:53:12 - TradingSystem - WARNING - Insufficient 15m data for DEGEN/USDT:USDT
2025-07-21 11:53:12 - TradingSystem - INFO - [Thread-0] [205] Analyzing OMNI/USDT:USDT with 15m→1h→4h MTF...
2025-07-21 11:53:12 - TradingSystem - INFO - 📈 Progress: 199/210 (94.8%) - Signals: 0
2025-07-21 11:53:12 - TradingSystem - INFO - 📊 Analyzing OMNI/USDT:USDT (15m → 1h/4h MTF)...
2025-07-21 11:53:12 - TradingSystem - INFO - [Thread-1] [206] Analyzing DOGS/USDT:USDT with 15m→1h→4h MTF...
2025-07-21 11:53:12 - TradingSystem - INFO - 📈 Progress: 200/210 (95.2%) - Signals: 0
2025-07-21 11:53:12 - core.exchange - ERROR - Failed to fetch OMNI/USDT:USDT data: bybit GET https://api.bybit.com/v5/market/kline?symbol=OMNIUSDT&limit=500&interval=15&category=linear
2025-07-21 11:53:12 - TradingSystem - INFO - 📊 Analyzing DOGS/USDT:USDT (15m → 1h/4h MTF)...
2025-07-21 11:53:12 - TradingSystem - INFO - [Thread-2] [207] Analyzing HOT/USDT:USDT with 15m→1h→4h MTF...
2025-07-21 11:53:12 - TradingSystem - INFO - 📈 Progress: 201/210 (95.7%) - Signals: 0
2025-07-21 11:53:12 - TradingSystem - WARNING - Insufficient 15m data for OMNI/USDT:USDT
2025-07-21 11:53:12 - TradingSystem - INFO - 📊 Analyzing HOT/USDT:USDT (15m → 1h/4h MTF)...
2025-07-21 11:53:12 - TradingSystem - INFO - [Thread-3] [208] Analyzing FIDA/USDT:USDT with 15m→1h→4h MTF...
2025-07-21 11:53:12 - TradingSystem - INFO - 📈 Progress: 202/210 (96.2%) - Signals: 0
2025-07-21 11:53:12 - TradingSystem - INFO - 📊 Analyzing FIDA/USDT:USDT (15m → 1h/4h MTF)...
2025-07-21 11:53:12 - TradingSystem - INFO - [Thread-4] [209] Analyzing ACT/USDT:USDT with 15m→1h→4h MTF...
2025-07-21 11:53:12 - TradingSystem - INFO - 📈 Progress: 203/210 (96.7%) - Signals: 0
2025-07-21 11:53:12 - TradingSystem - INFO - 📊 Analyzing ACT/USDT:USDT (15m → 1h/4h MTF)...
2025-07-21 11:53:12 - TradingSystem - INFO - [Thread-5] [210] Analyzing MAGIC/USDT:USDT with 15m→1h→4h MTF...
2025-07-21 11:53:12 - TradingSystem - INFO - 📈 Progress: 204/210 (97.1%) - Signals: 0
2025-07-21 11:53:12 - TradingSystem - INFO - 📊 Analyzing MAGIC/USDT:USDT (15m → 1h/4h MTF)...
2025-07-21 11:53:12 - TradingSystem - INFO - 📈 Progress: 205/210 (97.6%) - Signals: 0
2025-07-21 11:53:17 - core.exchange - ERROR - Failed to fetch MAGIC/USDT:USDT data: bybit GET https://api.bybit.com/v5/market/kline?symbol=MAGICUSDT&limit=500&interval=15&category=linear
2025-07-21 11:53:17 - TradingSystem - WARNING - Insufficient 15m data for MAGIC/USDT:USDT
2025-07-21 11:53:17 - core.exchange - ERROR - Failed to fetch ACT/USDT:USDT data: bybit GET https://api.bybit.com/v5/market/kline?symbol=ACTUSDT&limit=500&interval=15&category=linear
2025-07-21 11:53:17 - TradingSystem - WARNING - Insufficient 15m data for ACT/USDT:USDT
2025-07-21 11:53:17 - core.exchange - ERROR - Failed to fetch HOT/USDT:USDT data: bybit GET https://api.bybit.com/v5/market/kline?symbol=HOTUSDT&limit=500&interval=15&category=linear
2025-07-21 11:53:17 - core.exchange - ERROR - Failed to fetch FIDA/USDT:USDT data: bybit GET https://api.bybit.com/v5/market/kline?symbol=FIDAUSDT&limit=500&interval=15&category=linear
2025-07-21 11:53:17 - TradingSystem - INFO - 📈 Progress: 206/210 (98.1%) - Signals: 0
2025-07-21 11:53:17 - core.exchange - ERROR - Failed to fetch DOGS/USDT:USDT data: bybit GET https://api.bybit.com/v5/market/kline?symbol=DOGSUSDT&limit=500&interval=15&category=linear
2025-07-21 11:53:17 - TradingSystem - WARNING - Insufficient 15m data for HOT/USDT:USDT
2025-07-21 11:53:17 - TradingSystem - WARNING - Insufficient 15m data for FIDA/USDT:USDT
2025-07-21 11:53:17 - TradingSystem - INFO - 📈 Progress: 207/210 (98.6%) - Signals: 0
2025-07-21 11:53:17 - TradingSystem - WARNING - Insufficient 15m data for DOGS/USDT:USDT
2025-07-21 11:53:17 - TradingSystem - INFO - 📈 Progress: 208/210 (99.0%) - Signals: 0
2025-07-21 11:53:17 - TradingSystem - INFO - 📈 Progress: 209/210 (99.5%) - Signals: 0
2025-07-21 11:53:17 - TradingSystem - INFO - 📈 Progress: 210/210 (100.0%) - Signals: 0
2025-07-21 11:53:17 - TradingSystem - INFO - ⚡ 15m→1h/4h MTF PARALLEL ANALYSIS COMPLETED!
2025-07-21 11:53:17 - TradingSystem - INFO -    Execution Time: 3024.9s
2025-07-21 11:53:17 - TradingSystem - INFO -    MTF Confirmations: Strong: 0, Partial: 0, None: 0
