2025-07-21 19:08:48 - TradingSystem - INFO - 🚀 COMPLETE ENHANCED SYSTEM WITH MULTI-TIMEFRAME & MYSQL DATABASE INITIALIZED!
2025-07-21 19:08:48 - TradingSystem - INFO - ✅ Multi-Timeframe Confirmation: Primary 15m, Confirmation 1h/4h
2025-07-21 19:08:48 - TradingSystem - INFO - ✅ Database: bybit_trading_system @ localhost
2025-07-21 19:08:48 - TradingSystem - INFO - 🚀 STARTING ENHANCED ANALYSIS WITH 15m→1h/4h MTF CONFIRMATION (PARALLEL + MYSQL)
2025-07-21 19:08:48 - TradingSystem - INFO - ==========================================================================================
2025-07-21 19:08:54 - TradingSystem - INFO - 📊 Analyzing 218 symbols with MTF confirmation...
2025-07-21 19:08:54 - TradingSystem - INFO -    Primary Timeframe: 15m
2025-07-21 19:08:54 - TradingSystem - INFO -    Confirmation Timeframes: 1h, 4h
2025-07-21 19:08:54 - TradingSystem - INFO -    MTF Weight Multiplier: 1.5x
2025-07-21 19:08:54 - TradingSystem - INFO -    Database: MySQL @ localhost
2025-07-21 19:10:38 - TradingSystem - WARNING - Insufficient 15m data for TA/USDT:USDT
2025-07-21 19:10:45 - visualization.charts - INFO - Chart element size: {'height': 1200, 'width': 1800}, location: {'x': 8, 'y': 8}
2025-07-21 19:10:50 - visualization.charts - INFO - ✅ Screenshot captured with Selenium: tradingview_TRBUSDTUSDT_screenshot_20250721_191047.png (Full page: 1261px)
2025-07-21 19:10:50 - visualization.charts - INFO - 📊 Chart screenshot saved: tradingview_TRBUSDTUSDT_screenshot_20250721_191047.png (no HTML saved)
2025-07-21 19:10:52 - visualization.charts - INFO - Chart element size: {'height': 1200, 'width': 1800}, location: {'x': 8, 'y': 8}
2025-07-21 19:10:57 - visualization.charts - INFO - ✅ Screenshot captured with Selenium: tradingview_POLUSDTUSDT_screenshot_20250721_191054.png (Full page: 1261px)
2025-07-21 19:10:57 - visualization.charts - INFO - 📊 Chart screenshot saved: tradingview_POLUSDTUSDT_screenshot_20250721_191054.png (no HTML saved)
2025-07-21 19:11:30 - visualization.charts - INFO - Chart element size: {'height': 1200, 'width': 1800}, location: {'x': 8, 'y': 8}
2025-07-21 19:11:34 - visualization.charts - INFO - ✅ Screenshot captured with Selenium: tradingview_DOODUSDTUSDT_screenshot_20250721_191132.png (Full page: 1261px)
2025-07-21 19:11:34 - visualization.charts - INFO - 📊 Chart screenshot saved: tradingview_DOODUSDTUSDT_screenshot_20250721_191132.png (no HTML saved)
2025-07-21 19:12:45 - visualization.charts - INFO - Chart element size: {'height': 1200, 'width': 1800}, location: {'x': 8, 'y': 8}
2025-07-21 19:12:49 - visualization.charts - INFO - ✅ Screenshot captured with Selenium: tradingview_SWARMSUSDTUSDT_screenshot_20250721_191247.png (Full page: 1261px)
2025-07-21 19:12:49 - visualization.charts - INFO - 📊 Chart screenshot saved: tradingview_SWARMSUSDTUSDT_screenshot_20250721_191247.png (no HTML saved)
2025-07-21 19:12:49 - TradingSystem - INFO - ⚡ 15m→1h/4h MTF PARALLEL ANALYSIS COMPLETED!
2025-07-21 19:12:49 - TradingSystem - INFO -    Execution Time: 240.8s
2025-07-21 19:12:49 - TradingSystem - INFO -    MTF Confirmations: Strong: 0, Partial: 0, None: 4
2025-07-21 19:12:49 - utils.database_manager - INFO - 📊 Saving results to MySQL database for scan ID: 20250721_191249
2025-07-21 19:12:49 - utils.database_manager - INFO - ✅ Created scan session: 20250721_191249 (ID: 12) - Primary: 15m, Confirmation: 1h, 4h
2025-07-21 19:12:49 - utils.database_manager - INFO - ✅ Saved 4 signals to MySQL database
2025-07-21 19:12:49 - utils.database_manager - INFO - ✅ Saved 4 opportunities to MySQL database
2025-07-21 19:12:49 - utils.database_manager - INFO - ✅ Saved market summary to MySQL database
2025-07-21 19:12:49 - utils.database_manager - INFO - 📄 MySQL Database Save Complete (Scan ID: 20250721_191249):
2025-07-21 19:12:49 - utils.database_manager - INFO -    Primary Timeframe: 15m
2025-07-21 19:12:49 - utils.database_manager - INFO -    Confirmation Timeframes: 1h, 4h
2025-07-21 19:12:49 - utils.database_manager - INFO -    Signals: 4
2025-07-21 19:12:49 - utils.database_manager - INFO -    Opportunities: 4
2025-07-21 19:12:49 - utils.database_manager - INFO -    Market Summary: ✅
2025-07-21 19:12:49 - utils.database_manager - INFO -    Performance Metrics: 0
