2025-07-16 15:52:29 - TradingSystem - INFO - Logging initialized - Level: INFO
2025-07-16 15:52:29 - TradingSystem - INFO - Log file: logs/trading_system_20250716_155229.log
2025-07-16 15:53:05 - core.exchange - INFO - ✅ Connected to Bybit TESTNET
2025-07-16 15:53:05 - utils.csv_manager - INFO - ✅ CSV files initialized in csv_exports
2025-07-16 15:53:05 - utils.csv_manager - INFO -    signals: enhanced_bybit_signals_mtf_signals.csv
2025-07-16 15:53:05 - utils.csv_manager - INFO -    opportunities: enhanced_bybit_signals_mtf_opportunities.csv
2025-07-16 15:53:05 - utils.csv_manager - INFO -    market_summary: enhanced_bybit_signals_mtf_market_summary.csv
2025-07-16 15:53:05 - utils.csv_manager - INFO -    scan_history: enhanced_bybit_signals_mtf_scan_history.csv
2025-07-16 15:53:05 - utils.csv_manager - INFO -    performance_metrics: enhanced_bybit_signals_mtf_performance.csv
2025-07-16 15:53:05 - TradingSystem - INFO - 🚀 COMPLETE ENHANCED SYSTEM WITH MULTI-TIMEFRAME INITIALIZED!
2025-07-16 15:53:05 - TradingSystem - INFO - ✅ Enhanced Technical Analysis (FIXED Ichimoku & Stochastic RSI)
2025-07-16 15:53:05 - TradingSystem - INFO - ✅ Volume Profile Analysis
2025-07-16 15:53:05 - TradingSystem - INFO - ✅ Fibonacci & Confluence Analysis
2025-07-16 15:53:05 - TradingSystem - INFO - ✅ Interactive Chart Generation
2025-07-16 15:53:05 - TradingSystem - INFO - ✅ Multi-Timeframe Confirmation (4h, 6h)
2025-07-16 15:53:05 - TradingSystem - INFO - 🚀 STARTING ENHANCED ANALYSIS WITH MULTI-TIMEFRAME CONFIRMATION (PARALLEL)
2025-07-16 15:53:05 - TradingSystem - INFO - ================================================================================
2025-07-16 15:53:10 - TradingSystem - INFO - 📊 Analyzing 4 symbols with MTF confirmation...
2025-07-16 15:53:10 - TradingSystem - INFO -    Primary Timeframe: 1h
2025-07-16 15:53:10 - TradingSystem - INFO -    Confirmation Timeframes: 4h, 6h
2025-07-16 15:53:10 - TradingSystem - INFO -    MTF Weight Multiplier: 1.5x
2025-07-16 15:53:10 - TradingSystem - INFO - [Thread-0] [1] Analyzing BTC/USDT:USDT with MTF...
2025-07-16 15:53:10 - TradingSystem - INFO - 📊 Analyzing BTC/USDT:USDT (MTF: 4h, 6h)...
2025-07-16 15:53:10 - TradingSystem - INFO - [Thread-1] [2] Analyzing AAVE/USDT:USDT with MTF...
2025-07-16 15:53:10 - TradingSystem - INFO - 📊 Analyzing AAVE/USDT:USDT (MTF: 4h, 6h)...
2025-07-16 15:53:10 - TradingSystem - INFO - [Thread-2] [3] Analyzing HMSTR/USDT:USDT with MTF...
2025-07-16 15:53:10 - TradingSystem - INFO - 📊 Analyzing HMSTR/USDT:USDT (MTF: 4h, 6h)...
2025-07-16 15:53:10 - TradingSystem - INFO - [Thread-3] [4] Analyzing DEEP/USDT:USDT with MTF...
2025-07-16 15:53:10 - TradingSystem - INFO - 📊 Analyzing DEEP/USDT:USDT (MTF: 4h, 6h)...
2025-07-16 15:53:15 - root - INFO - ✅ All technical indicators calculated successfully
2025-07-16 15:53:15 - TradingSystem - INFO - 📈 Progress: 1/4 (25.0%) - Signals: 0
2025-07-16 15:53:15 - root - INFO - ✅ All technical indicators calculated successfully
2025-07-16 15:53:16 - TradingSystem - INFO - 📈 Progress: 2/4 (50.0%) - Signals: 0
2025-07-16 15:53:16 - root - INFO - ✅ All technical indicators calculated successfully
2025-07-16 15:53:16 - root - INFO - ✅ All technical indicators calculated successfully
2025-07-16 15:53:16 - TradingSystem - INFO - 📈 Progress: 3/4 (75.0%) - Signals: 0
2025-07-16 15:53:16 - TradingSystem - INFO - 📈 Progress: 4/4 (100.0%) - Signals: 0
2025-07-16 15:53:16 - TradingSystem - INFO - ⚡ MTF PARALLEL ANALYSIS COMPLETED!
2025-07-16 15:53:16 - TradingSystem - INFO -    Execution Time: 11.7s
2025-07-16 15:53:16 - TradingSystem - INFO -    MTF Confirmations: Strong: 0, Partial: 0, None: 0
