2025-07-21 14:39:52 - TradingSystem - INFO - Logging initialized - Level: INFO
2025-07-21 14:39:52 - TradingSystem - INFO - Log file: logs/trading_system_20250721_143952.log
2025-07-21 14:39:52 - database.models - INFO - ✅ MySQL database connection successful
2025-07-21 14:39:52 - database.models - INFO - ✅ MySQL database tables created successfully
2025-07-21 14:40:44 - core.exchange - INFO - ✅ Connected to Bybit PRODUCTION
2025-07-21 14:40:44 - TradingSystem - INFO - 🚀 COMPLETE ENHANCED SYSTEM WITH MULTI-TIMEFRAME & MYSQL DATABASE INITIALIZED!
2025-07-21 14:40:44 - TradingSystem - INFO - ✅ Enhanced Technical Analysis (FIXED Ichimoku & Stochastic RSI)
2025-07-21 14:40:44 - TradingSystem - INFO - ✅ Volume Profile Analysis
2025-07-21 14:40:44 - TradingSystem - INFO - ✅ Fibonacci & Confluence Analysis
2025-07-21 14:40:44 - TradingSystem - INFO - ✅ Interactive Chart Generation
2025-07-21 14:40:44 - TradingSystem - INFO - ✅ MySQL Database Storage (Replaces CSV)
2025-07-21 14:40:44 - TradingSystem - INFO - ✅ Multi-Timeframe Confirmation: Primary 15m, Confirmation 1h/4h
2025-07-21 14:40:44 - TradingSystem - INFO - ✅ Database: bybit_trading_system @ localhost
2025-07-21 14:40:44 - TradingSystem - INFO - 🚀 STARTING ENHANCED ANALYSIS WITH 15m→1h/4h MTF CONFIRMATION (PARALLEL + MYSQL)
2025-07-21 14:40:44 - TradingSystem - INFO - ==========================================================================================
2025-07-21 14:40:54 - TradingSystem - INFO - 📊 Analyzing 214 symbols with MTF confirmation...
2025-07-21 14:40:54 - TradingSystem - INFO -    Primary Timeframe: 15m
2025-07-21 14:40:54 - TradingSystem - INFO -    Confirmation Timeframes: 1h, 4h
2025-07-21 14:40:54 - TradingSystem - INFO -    MTF Weight Multiplier: 1.5x
2025-07-21 14:40:54 - TradingSystem - INFO -    Database: MySQL @ localhost
2025-07-21 14:40:54 - TradingSystem - INFO - [Thread-0] [1] Analyzing ETH/USDT:USDT with 15m→1h→4h MTF...
2025-07-21 14:40:54 - TradingSystem - INFO - 📊 Analyzing ETH/USDT:USDT (15m → 1h/4h MTF)...
2025-07-21 14:40:54 - TradingSystem - INFO - [Thread-1] [2] Analyzing BTC/USDT:USDT with 15m→1h→4h MTF...
2025-07-21 14:40:54 - TradingSystem - INFO - 📊 Analyzing BTC/USDT:USDT (15m → 1h/4h MTF)...
2025-07-21 14:40:54 - TradingSystem - INFO - [Thread-2] [3] Analyzing SOL/USDT:USDT with 15m→1h→4h MTF...
2025-07-21 14:40:54 - TradingSystem - INFO - 📊 Analyzing SOL/USDT:USDT (15m → 1h/4h MTF)...
2025-07-21 14:40:54 - TradingSystem - INFO - [Thread-3] [4] Analyzing XRP/USDT:USDT with 15m→1h→4h MTF...
2025-07-21 14:40:54 - TradingSystem - INFO - 📊 Analyzing XRP/USDT:USDT (15m → 1h/4h MTF)...
2025-07-21 14:40:54 - TradingSystem - INFO - [Thread-4] [5] Analyzing DOGE/USDT:USDT with 15m→1h→4h MTF...
2025-07-21 14:40:54 - TradingSystem - INFO - 📊 Analyzing DOGE/USDT:USDT (15m → 1h/4h MTF)...
2025-07-21 14:40:54 - TradingSystem - INFO - [Thread-5] [6] Analyzing 1000PEPE/USDT:USDT with 15m→1h→4h MTF...
2025-07-21 14:40:54 - TradingSystem - INFO - 📊 Analyzing 1000PEPE/USDT:USDT (15m → 1h/4h MTF)...
2025-07-21 14:40:55 - root - INFO - ✅ All technical indicators calculated successfully
2025-07-21 14:40:56 - TradingSystem - INFO - [Thread-0] [7] Analyzing SUI/USDT:USDT with 15m→1h→4h MTF...
2025-07-21 14:40:56 - TradingSystem - INFO - 📊 Analyzing SUI/USDT:USDT (15m → 1h/4h MTF)...
2025-07-21 14:40:56 - TradingSystem - INFO - 📈 Progress: 1/214 (0.5%) - Signals: 0
2025-07-21 14:41:00 - root - INFO - ✅ All technical indicators calculated successfully
2025-07-21 14:41:01 - TradingSystem - INFO - [Thread-1] [8] Analyzing WIF/USDT:USDT with 15m→1h→4h MTF...
2025-07-21 14:41:01 - TradingSystem - INFO - 📈 Progress: 2/214 (0.9%) - Signals: 0
2025-07-21 14:41:01 - TradingSystem - INFO - 📊 Analyzing WIF/USDT:USDT (15m → 1h/4h MTF)...
2025-07-21 14:41:06 - root - INFO - ✅ All technical indicators calculated successfully
2025-07-21 14:41:06 - root - INFO - ✅ All technical indicators calculated successfully
2025-07-21 14:41:06 - TradingSystem - INFO - [Thread-2] [9] Analyzing FARTCOIN/USDT:USDT with 15m→1h→4h MTF...
2025-07-21 14:41:06 - TradingSystem - INFO - 📈 Progress: 3/214 (1.4%) - Signals: 0
2025-07-21 14:41:06 - TradingSystem - INFO - 📊 Analyzing FARTCOIN/USDT:USDT (15m → 1h/4h MTF)...
2025-07-21 14:41:06 - TradingSystem - INFO - [Thread-3] [10] Analyzing ADA/USDT:USDT with 15m→1h→4h MTF...
2025-07-21 14:41:06 - TradingSystem - INFO - 📈 Progress: 4/214 (1.9%) - Signals: 0
2025-07-21 14:41:06 - TradingSystem - INFO - 📊 Analyzing ADA/USDT:USDT (15m → 1h/4h MTF)...
2025-07-21 14:41:06 - root - INFO - ✅ All technical indicators calculated successfully
2025-07-21 14:41:06 - root - INFO - ✅ All technical indicators calculated successfully
2025-07-21 14:41:07 - TradingSystem - INFO - [Thread-4] [11] Analyzing ENA/USDT:USDT with 15m→1h→4h MTF...
2025-07-21 14:41:07 - TradingSystem - INFO - 📊 Analyzing ENA/USDT:USDT (15m → 1h/4h MTF)...
2025-07-21 14:41:07 - TradingSystem - INFO - 📈 Progress: 5/214 (2.3%) - Signals: 0
2025-07-21 14:41:07 - TradingSystem - INFO - [Thread-5] [12] Analyzing CFX/USDT:USDT with 15m→1h→4h MTF...
2025-07-21 14:41:07 - TradingSystem - INFO - 📈 Progress: 6/214 (2.8%) - Signals: 0
2025-07-21 14:41:07 - TradingSystem - INFO - 📊 Analyzing CFX/USDT:USDT (15m → 1h/4h MTF)...
2025-07-21 14:41:07 - root - INFO - ✅ All technical indicators calculated successfully
2025-07-21 14:41:07 - TradingSystem - INFO - [Thread-0] [13] Analyzing PENGU/USDT:USDT with 15m→1h→4h MTF...
2025-07-21 14:41:07 - TradingSystem - INFO - 📈 Progress: 7/214 (3.3%) - Signals: 0
2025-07-21 14:41:07 - TradingSystem - INFO - 📊 Analyzing PENGU/USDT:USDT (15m → 1h/4h MTF)...
2025-07-21 14:41:07 - root - INFO - ✅ All technical indicators calculated successfully
2025-07-21 14:41:08 - TradingSystem - INFO - 🔍 Running 1h, 4h confirmation for BTC/USDT:USDT...
2025-07-21 14:41:08 - analysis.multi_timeframe - INFO - 🔍 Multi-timeframe analysis for BTC/USDT:USDT
2025-07-21 14:41:10 - root - INFO - ✅ All technical indicators calculated successfully
2025-07-21 14:41:10 - root - INFO - ✅ All technical indicators calculated successfully
2025-07-21 14:41:10 - root - INFO - ✅ All technical indicators calculated successfully
2025-07-21 14:41:11 - root - INFO - ✅ All technical indicators calculated successfully
2025-07-21 14:41:11 - root - INFO - ✅ All technical indicators calculated successfully
2025-07-21 14:41:12 - TradingSystem - INFO - [Thread-1] [14] Analyzing TRUMP/USDT:USDT with 15m→1h→4h MTF...
2025-07-21 14:41:12 - TradingSystem - INFO - 📊 Analyzing TRUMP/USDT:USDT (15m → 1h/4h MTF)...
2025-07-21 14:41:12 - TradingSystem - INFO - 📈 Progress: 8/214 (3.7%) - Signals: 0
2025-07-21 14:41:12 - TradingSystem - INFO - [Thread-2] [15] Analyzing OM/USDT:USDT with 15m→1h→4h MTF...
2025-07-21 14:41:12 - TradingSystem - INFO - 📈 Progress: 9/214 (4.2%) - Signals: 0
2025-07-21 14:41:12 - TradingSystem - INFO - 📊 Analyzing OM/USDT:USDT (15m → 1h/4h MTF)...
2025-07-21 14:41:12 - TradingSystem - INFO - [Thread-3] [16] Analyzing 1000BONK/USDT:USDT with 15m→1h→4h MTF...
2025-07-21 14:41:12 - TradingSystem - INFO - 📈 Progress: 10/214 (4.7%) - Signals: 0
2025-07-21 14:41:12 - TradingSystem - INFO - 📊 Analyzing 1000BONK/USDT:USDT (15m → 1h/4h MTF)...
2025-07-21 14:41:12 - TradingSystem - INFO - [Thread-4] [17] Analyzing LTC/USDT:USDT with 15m→1h→4h MTF...
2025-07-21 14:41:12 - TradingSystem - INFO - 📊 Analyzing LTC/USDT:USDT (15m → 1h/4h MTF)...
2025-07-21 14:41:12 - TradingSystem - INFO - [Thread-5] [18] Analyzing LINK/USDT:USDT with 15m→1h→4h MTF...
2025-07-21 14:41:12 - TradingSystem - INFO - 📊 Analyzing LINK/USDT:USDT (15m → 1h/4h MTF)...
2025-07-21 14:41:12 - TradingSystem - INFO - 📈 Progress: 11/214 (5.1%) - Signals: 0
2025-07-21 14:41:12 - TradingSystem - INFO - 📈 Progress: 12/214 (5.6%) - Signals: 0
2025-07-21 14:41:16 - root - INFO - ✅ All technical indicators calculated successfully
2025-07-21 14:41:16 - root - INFO - ✅ All technical indicators calculated successfully
2025-07-21 14:41:16 - TradingSystem - INFO - [Thread-0] [19] Analyzing HYPE/USDT:USDT with 15m→1h→4h MTF...
2025-07-21 14:41:16 - TradingSystem - INFO - 📈 Progress: 13/214 (6.1%) - Signals: 0
2025-07-21 14:41:16 - TradingSystem - INFO - 📊 Analyzing HYPE/USDT:USDT (15m → 1h/4h MTF)...
2025-07-21 14:41:16 - TradingSystem - INFO - [Thread-1] [20] Analyzing AVAX/USDT:USDT with 15m→1h→4h MTF...
2025-07-21 14:41:16 - TradingSystem - INFO - 📊 Analyzing AVAX/USDT:USDT (15m → 1h/4h MTF)...
2025-07-21 14:41:16 - TradingSystem - INFO - 📈 Progress: 14/214 (6.5%) - Signals: 0
2025-07-21 14:41:17 - root - INFO - ✅ All technical indicators calculated successfully
2025-07-21 14:41:17 - analysis.multi_timeframe - INFO -    📊 Confirmation: 0/2 timeframes
2025-07-21 14:41:17 - analysis.multi_timeframe - INFO -    💪 Strength: 0.0%
2025-07-21 14:41:17 - TradingSystem - INFO -    📊 MTF Status: NONE (0/2)
2025-07-21 14:41:17 - root - INFO - ✅ All technical indicators calculated successfully
2025-07-21 14:41:17 - TradingSystem - INFO - [Thread-2] [21] Analyzing XLM/USDT:USDT with 15m→1h→4h MTF...
2025-07-21 14:41:17 - TradingSystem - INFO - 📊 Analyzing XLM/USDT:USDT (15m → 1h/4h MTF)...
2025-07-21 14:41:17 - TradingSystem - INFO - 📈 Progress: 15/214 (7.0%) - Signals: 0
2025-07-21 14:41:18 - TradingSystem - INFO - [Thread-3] [22] Analyzing POPCAT/USDT:USDT with 15m→1h→4h MTF...
2025-07-21 14:41:18 - TradingSystem - INFO - 📈 Progress: 16/214 (7.5%) - Signals: 0
2025-07-21 14:41:18 - TradingSystem - INFO - 📊 Analyzing POPCAT/USDT:USDT (15m → 1h/4h MTF)...
2025-07-21 14:41:18 - visualization.charts - INFO - Adding TP/SL boxes for sell signal: Entry=118622.1, SL=119383.233179652, TP1=117404.28691255681, TP2=116490.92709697441
2025-07-21 14:41:18 - visualization.charts - ERROR - Error adding prominent TP/SL boxes: Invalid annotation position "middle left"
2025-07-21 14:41:18 - choreographer.browsers.chromium - INFO - Chromium init'ed with kwargs {}
2025-07-21 14:41:18 - choreographer.browsers.chromium - INFO - Found chromium path: /usr/bin/google-chrome
2025-07-21 14:41:18 - choreographer.utils._tmpfile - INFO - Temp directory created: /tmp/tmpozx2u25p.
2025-07-21 14:41:18 - choreographer.browser_async - INFO - Opening browser.
2025-07-21 14:41:18 - choreographer.utils._tmpfile - INFO - Temp directory created: /tmp/tmpwugb6yrr.
2025-07-21 14:41:18 - choreographer.browsers.chromium - INFO - ldd failed. e: Command '['ldd', '/usr/bin/google-chrome']' returned non-zero exit status 1., stderr: None
2025-07-21 14:41:18 - choreographer.browsers.chromium - INFO - Temporary directory at: /tmp/tmpwugb6yrr
2025-07-21 14:41:18 - kaleido.kaleido - INFO - Conforming 1 to file:///tmp/tmpozx2u25p/index.html
2025-07-21 14:41:18 - kaleido.kaleido - INFO - Waiting on all navigates
2025-07-21 14:41:19 - root - INFO - ✅ All technical indicators calculated successfully
2025-07-21 14:41:19 - TradingSystem - INFO - 🔍 Running 1h, 4h confirmation for LTC/USDT:USDT...
2025-07-21 14:41:19 - analysis.multi_timeframe - INFO - 🔍 Multi-timeframe analysis for LTC/USDT:USDT
2025-07-21 14:41:20 - root - INFO - ✅ All technical indicators calculated successfully
2025-07-21 14:41:20 - TradingSystem - INFO - [Thread-4] [23] Analyzing PUMPFUN/USDT:USDT with 15m→1h→4h MTF...
2025-07-21 14:41:20 - TradingSystem - INFO - 📈 Progress: 17/214 (7.9%) - Signals: 0
2025-07-21 14:41:20 - TradingSystem - INFO - 📊 Analyzing PUMPFUN/USDT:USDT (15m → 1h/4h MTF)...
2025-07-21 14:41:21 - analysis.multi_timeframe - INFO -    ➖ 1h: LTC/USDT:USDT No clear signal
2025-07-21 14:41:21 - root - INFO - ✅ All technical indicators calculated successfully
2025-07-21 14:41:22 - TradingSystem - INFO - [Thread-5] [24] Analyzing HBAR/USDT:USDT with 15m→1h→4h MTF...
2025-07-21 14:41:22 - TradingSystem - INFO - 📈 Progress: 18/214 (8.4%) - Signals: 0
2025-07-21 14:41:22 - TradingSystem - INFO - 📊 Analyzing HBAR/USDT:USDT (15m → 1h/4h MTF)...
2025-07-21 14:41:22 - root - INFO - ✅ All technical indicators calculated successfully
2025-07-21 14:41:23 - TradingSystem - INFO - [Thread-0] [25] Analyzing 1000FLOKI/USDT:USDT with 15m→1h→4h MTF...
2025-07-21 14:41:23 - TradingSystem - INFO - 📈 Progress: 19/214 (8.9%) - Signals: 0
2025-07-21 14:41:23 - TradingSystem - INFO - 📊 Analyzing 1000FLOKI/USDT:USDT (15m → 1h/4h MTF)...
2025-07-21 14:41:23 - root - INFO - ✅ All technical indicators calculated successfully
2025-07-21 14:41:23 - TradingSystem - INFO - [Thread-1] [26] Analyzing AAVE/USDT:USDT with 15m→1h→4h MTF...
2025-07-21 14:41:23 - TradingSystem - INFO - 📈 Progress: 20/214 (9.3%) - Signals: 0
2025-07-21 14:41:23 - TradingSystem - INFO - 📊 Analyzing AAVE/USDT:USDT (15m → 1h/4h MTF)...
2025-07-21 14:41:26 - root - INFO - ✅ All technical indicators calculated successfully
2025-07-21 14:41:26 - TradingSystem - INFO - [Thread-2] [27] Analyzing SEI/USDT:USDT with 15m→1h→4h MTF...
2025-07-21 14:41:26 - TradingSystem - INFO - 📈 Progress: 21/214 (9.8%) - Signals: 0
2025-07-21 14:41:26 - TradingSystem - INFO - 📊 Analyzing SEI/USDT:USDT (15m → 1h/4h MTF)...
2025-07-21 14:41:27 - analysis.multi_timeframe - INFO -    📊 Confirmation: 0/2 timeframes
2025-07-21 14:41:27 - analysis.multi_timeframe - INFO -    💪 Strength: 0.0%
2025-07-21 14:41:27 - TradingSystem - INFO -    📊 MTF Status: NONE (0/2)
2025-07-21 14:41:27 - visualization.charts - INFO - Adding TP/SL boxes for sell signal: Entry=117.72, SL=119.73396715885065, TP1=114.49765254583896, TP2=112.08089195521819
2025-07-21 14:41:27 - visualization.charts - ERROR - Error adding prominent TP/SL boxes: Invalid annotation position "middle left"
2025-07-21 14:41:27 - choreographer.browsers.chromium - INFO - Chromium init'ed with kwargs {}
2025-07-21 14:41:27 - choreographer.browsers.chromium - INFO - Found chromium path: /usr/bin/google-chrome
2025-07-21 14:41:27 - choreographer.utils._tmpfile - INFO - Temp directory created: /tmp/tmpkjrr9fdb.
2025-07-21 14:41:27 - choreographer.browser_async - INFO - Opening browser.
2025-07-21 14:41:27 - choreographer.utils._tmpfile - INFO - Temp directory created: /tmp/tmpa3f4sx0z.
2025-07-21 14:41:27 - choreographer.browsers.chromium - INFO - ldd failed. e: Command '['ldd', '/usr/bin/google-chrome']' returned non-zero exit status 1., stderr: None
2025-07-21 14:41:27 - choreographer.browsers.chromium - INFO - Temporary directory at: /tmp/tmpa3f4sx0z
2025-07-21 14:41:27 - root - INFO - ✅ All technical indicators calculated successfully
2025-07-21 14:41:27 - kaleido.kaleido - INFO - Conforming 1 to file:///tmp/tmpkjrr9fdb/index.html
2025-07-21 14:41:27 - kaleido.kaleido - INFO - Waiting on all navigates
2025-07-21 14:41:27 - TradingSystem - INFO - [Thread-3] [28] Analyzing PNUT/USDT:USDT with 15m→1h→4h MTF...
2025-07-21 14:41:27 - TradingSystem - INFO - 📈 Progress: 22/214 (10.3%) - Signals: 0
2025-07-21 14:41:27 - TradingSystem - INFO - 📊 Analyzing PNUT/USDT:USDT (15m → 1h/4h MTF)...
2025-07-21 14:41:28 - root - INFO - ✅ All technical indicators calculated successfully
2025-07-21 14:41:28 - TradingSystem - INFO - [Thread-4] [29] Analyzing ARB/USDT:USDT with 15m→1h→4h MTF...
2025-07-21 14:41:28 - TradingSystem - INFO - 📈 Progress: 23/214 (10.7%) - Signals: 0
2025-07-21 14:41:28 - TradingSystem - INFO - 📊 Analyzing ARB/USDT:USDT (15m → 1h/4h MTF)...
2025-07-21 14:41:31 - root - INFO - ✅ All technical indicators calculated successfully
2025-07-21 14:41:31 - root - INFO - ✅ All technical indicators calculated successfully
2025-07-21 14:41:31 - TradingSystem - INFO - [Thread-5] [30] Analyzing ONDO/USDT:USDT with 15m→1h→4h MTF...
2025-07-21 14:41:31 - TradingSystem - INFO - 📈 Progress: 24/214 (11.2%) - Signals: 0
2025-07-21 14:41:31 - TradingSystem - INFO - 📊 Analyzing ONDO/USDT:USDT (15m → 1h/4h MTF)...
2025-07-21 14:41:31 - TradingSystem - INFO - [Thread-0] [31] Analyzing BNB/USDT:USDT with 15m→1h→4h MTF...
2025-07-21 14:41:31 - TradingSystem - INFO - 📈 Progress: 25/214 (11.7%) - Signals: 0
2025-07-21 14:41:31 - TradingSystem - INFO - 📊 Analyzing BNB/USDT:USDT (15m → 1h/4h MTF)...
2025-07-21 14:41:33 - root - INFO - ✅ All technical indicators calculated successfully
2025-07-21 14:41:33 - TradingSystem - INFO - [Thread-1] [32] Analyzing EPIC/USDT:USDT with 15m→1h→4h MTF...
2025-07-21 14:41:33 - TradingSystem - INFO - 📊 Analyzing EPIC/USDT:USDT (15m → 1h/4h MTF)...
2025-07-21 14:41:33 - TradingSystem - INFO - 📈 Progress: 26/214 (12.1%) - Signals: 0
2025-07-21 14:41:34 - root - INFO - ✅ All technical indicators calculated successfully
2025-07-21 14:41:34 - TradingSystem - INFO - 🔍 Running 1h, 4h confirmation for SEI/USDT:USDT...
2025-07-21 14:41:34 - analysis.multi_timeframe - INFO - 🔍 Multi-timeframe analysis for SEI/USDT:USDT
2025-07-21 14:41:35 - kaleido.kaleido - INFO - All navigates done, putting them all in queue.
2025-07-21 14:41:35 - kaleido.kaleido - INFO - Getting tab from queue (has 1)
2025-07-21 14:41:35 - kaleido.kaleido - INFO - Got 375A
2025-07-21 14:41:35 - kaleido._kaleido_tab - INFO - Processing bBTCUSDTUSDTb__Trading_Signal_Analysis.jpeg
2025-07-21 14:41:35 - kaleido._kaleido_tab - INFO - Sending big command for bBTCUSDTUSDTb__Trading_Signal_Analysis.jpeg.
2025-07-21 14:41:35 - kaleido._kaleido_tab - INFO - Sent big command for bBTCUSDTUSDTb__Trading_Signal_Analysis.jpeg.
2025-07-21 14:41:35 - kaleido.kaleido - INFO - Reloading tab 375A before return.
2025-07-21 14:41:39 - kaleido.kaleido - INFO - All navigates done, putting them all in queue.
2025-07-21 14:41:39 - kaleido.kaleido - INFO - Getting tab from queue (has 1)
2025-07-21 14:41:39 - kaleido.kaleido - INFO - Got EACB
2025-07-21 14:41:39 - kaleido._kaleido_tab - INFO - Processing bLTCUSDTUSDTb__Trading_Signal_Analysis.jpeg
2025-07-21 14:41:39 - kaleido._kaleido_tab - INFO - Sending big command for bLTCUSDTUSDTb__Trading_Signal_Analysis.jpeg.
2025-07-21 14:41:39 - analysis.multi_timeframe - INFO -    ✅ 1h: SEI/USDT:USDT SELL signal confirmed
2025-07-21 14:41:40 - root - INFO - ✅ All technical indicators calculated successfully
2025-07-21 14:41:40 - kaleido._kaleido_tab - INFO - Sent big command for bLTCUSDTUSDTb__Trading_Signal_Analysis.jpeg.
2025-07-21 14:41:40 - kaleido.kaleido - INFO - Reloading tab EACB before return.
2025-07-21 14:41:40 - TradingSystem - INFO - [Thread-2] [33] Analyzing ZORA/USDT:USDT with 15m→1h→4h MTF...
2025-07-21 14:41:40 - TradingSystem - INFO - 📈 Progress: 27/214 (12.6%) - Signals: 0
2025-07-21 14:41:40 - TradingSystem - INFO - 📊 Analyzing ZORA/USDT:USDT (15m → 1h/4h MTF)...
2025-07-21 14:41:40 - root - INFO - ✅ All technical indicators calculated successfully
2025-07-21 14:41:40 - TradingSystem - INFO - [Thread-3] [34] Analyzing XTZ/USDT:USDT with 15m→1h→4h MTF...
2025-07-21 14:41:40 - TradingSystem - INFO - 📊 Analyzing XTZ/USDT:USDT (15m → 1h/4h MTF)...
2025-07-21 14:41:40 - TradingSystem - INFO - 📈 Progress: 28/214 (13.1%) - Signals: 0
2025-07-21 14:41:42 - kaleido.kaleido - INFO - Putting tab 375A back (queue size: 0).
2025-07-21 14:41:42 - kaleido.kaleido - INFO - Waiting for all cleanups to finish.
2025-07-21 14:41:42 - kaleido.kaleido - INFO - Exiting Kaleido
2025-07-21 14:41:42 - choreographer.utils._tmpfile - INFO - TemporaryDirectory.cleanup() worked.
2025-07-21 14:41:42 - choreographer.utils._tmpfile - INFO - shutil.rmtree worked.
2025-07-21 14:41:42 - kaleido.kaleido - INFO - Cancelling tasks.
2025-07-21 14:41:42 - kaleido.kaleido - INFO - Exiting Kaleido/Choreo
2025-07-21 14:41:42 - choreographer.browser_async - INFO - Closing browser.
2025-07-21 14:41:42 - choreographer.utils._tmpfile - INFO - TemporaryDirectory.cleanup() worked.
2025-07-21 14:41:42 - choreographer.utils._tmpfile - INFO - shutil.rmtree worked.
2025-07-21 14:41:42 - kaleido.kaleido - INFO - Cancelling tasks.
2025-07-21 14:41:42 - kaleido.kaleido - INFO - Exiting Kaleido/Choreo
2025-07-21 14:41:42 - choreographer.browser_async - INFO - Closing browser.
2025-07-21 14:41:42 - choreographer.utils._tmpfile - INFO - TemporaryDirectory.cleanup() worked.
2025-07-21 14:41:42 - choreographer.utils._tmpfile - INFO - shutil.rmtree worked.
2025-07-21 14:41:42 - visualization.charts - INFO - 📊 Chart saved: tradingview_BTCUSDTUSDT_chart_20250721_144118.jpg
2025-07-21 14:41:42 - TradingSystem - INFO - ✅ BTC/USDT:USDT - SELL signal generated (15m base)
2025-07-21 14:41:42 - TradingSystem - INFO - [Thread-1] ✅ BTC/USDT:USDT - SELL signal (MTF: NONE)
2025-07-21 14:41:42 - TradingSystem - INFO - [Thread-4] [35] Analyzing LDO/USDT:USDT with 15m→1h→4h MTF...
2025-07-21 14:41:42 - TradingSystem - INFO - 📊 Analyzing LDO/USDT:USDT (15m → 1h/4h MTF)...
2025-07-21 14:41:42 - TradingSystem - INFO - 📈 Progress: 29/214 (13.6%) - Signals: 1
2025-07-21 14:41:46 - root - INFO - ✅ All technical indicators calculated successfully
2025-07-21 14:41:46 - TradingSystem - INFO - [Thread-5] [36] Analyzing MOODENG/USDT:USDT with 15m→1h→4h MTF...
2025-07-21 14:41:46 - TradingSystem - INFO - 📊 Analyzing MOODENG/USDT:USDT (15m → 1h/4h MTF)...
2025-07-21 14:41:46 - TradingSystem - INFO - 📈 Progress: 30/214 (14.0%) - Signals: 1
2025-07-21 14:41:49 - root - INFO - ✅ All technical indicators calculated successfully
2025-07-21 14:41:49 - TradingSystem - INFO - [Thread-0] [37] Analyzing WLD/USDT:USDT with 15m→1h→4h MTF...
2025-07-21 14:41:49 - TradingSystem - INFO - 📈 Progress: 31/214 (14.5%) - Signals: 1
2025-07-21 14:41:49 - TradingSystem - INFO - 📊 Analyzing WLD/USDT:USDT (15m → 1h/4h MTF)...
2025-07-21 14:41:50 - root - INFO - ✅ All technical indicators calculated successfully
2025-07-21 14:41:50 - analysis.multi_timeframe - INFO -    📊 Confirmation: 1/2 timeframes
2025-07-21 14:41:50 - analysis.multi_timeframe - INFO -    💪 Strength: 50.0%
2025-07-21 14:41:50 - TradingSystem - INFO -    📊 MTF Status: PARTIAL (1/2)
2025-07-21 14:41:50 - visualization.charts - INFO - Adding TP/SL boxes for sell signal: Entry=0.3613, SL=0.36799558860503406, TP1=0.3505870582319455, TP2=0.3425523519059046
2025-07-21 14:41:50 - visualization.charts - ERROR - Error adding prominent TP/SL boxes: Invalid annotation position "middle left"
2025-07-21 14:41:50 - choreographer.browsers.chromium - INFO - Chromium init'ed with kwargs {}
2025-07-21 14:41:50 - root - INFO - ✅ All technical indicators calculated successfully
2025-07-21 14:41:50 - TradingSystem - INFO - [Thread-1] [38] Analyzing OP/USDT:USDT with 15m→1h→4h MTF...
2025-07-21 14:41:50 - TradingSystem - INFO - 📊 Analyzing OP/USDT:USDT (15m → 1h/4h MTF)...
2025-07-21 14:41:50 - TradingSystem - INFO - 📈 Progress: 32/214 (15.0%) - Signals: 1
2025-07-21 14:41:50 - choreographer.browsers.chromium - INFO - Found chromium path: /usr/bin/google-chrome
2025-07-21 14:41:50 - choreographer.utils._tmpfile - INFO - Temp directory created: /tmp/tmpmllnvzsm.
2025-07-21 14:41:50 - choreographer.browser_async - INFO - Opening browser.
2025-07-21 14:41:50 - choreographer.utils._tmpfile - INFO - Temp directory created: /tmp/tmp1lsl_l_s.
2025-07-21 14:41:50 - choreographer.browsers.chromium - INFO - ldd failed. e: Command '['ldd', '/usr/bin/google-chrome']' returned non-zero exit status 1., stderr: None
2025-07-21 14:41:50 - choreographer.browsers.chromium - INFO - Temporary directory at: /tmp/tmp1lsl_l_s
2025-07-21 14:41:51 - kaleido.kaleido - INFO - Conforming 1 to file:///tmp/tmpmllnvzsm/index.html
2025-07-21 14:41:51 - TradingSystem - INFO - [Thread-2] [39] Analyzing TIA/USDT:USDT with 15m→1h→4h MTF...
2025-07-21 14:41:51 - kaleido.kaleido - INFO - Waiting on all navigates
2025-07-21 14:41:51 - TradingSystem - INFO - 📈 Progress: 33/214 (15.4%) - Signals: 1
2025-07-21 14:41:51 - TradingSystem - INFO - 📊 Analyzing TIA/USDT:USDT (15m → 1h/4h MTF)...
2025-07-21 14:41:51 - root - INFO - ✅ All technical indicators calculated successfully
2025-07-21 14:41:51 - TradingSystem - INFO - [Thread-3] [40] Analyzing ETC/USDT:USDT with 15m→1h→4h MTF...
2025-07-21 14:41:51 - TradingSystem - INFO - 📊 Analyzing ETC/USDT:USDT (15m → 1h/4h MTF)...
2025-07-21 14:41:51 - TradingSystem - INFO - 📈 Progress: 34/214 (15.9%) - Signals: 1
2025-07-21 14:41:53 - root - INFO - ✅ All technical indicators calculated successfully
2025-07-21 14:41:54 - TradingSystem - INFO - [Thread-4] [41] Analyzing CRV/USDT:USDT with 15m→1h→4h MTF...
2025-07-21 14:41:54 - TradingSystem - INFO - 📈 Progress: 35/214 (16.4%) - Signals: 1
2025-07-21 14:41:54 - TradingSystem - INFO - 📊 Analyzing CRV/USDT:USDT (15m → 1h/4h MTF)...
2025-07-21 14:41:58 - root - INFO - ✅ All technical indicators calculated successfully
2025-07-21 14:41:58 - TradingSystem - INFO - [Thread-5] [42] Analyzing SHIB1000/USDT:USDT with 15m→1h→4h MTF...
2025-07-21 14:41:58 - TradingSystem - INFO - 📈 Progress: 36/214 (16.8%) - Signals: 1
2025-07-21 14:41:58 - TradingSystem - INFO - 📊 Analyzing SHIB1000/USDT:USDT (15m → 1h/4h MTF)...
2025-07-21 14:41:58 - root - INFO - ✅ All technical indicators calculated successfully
2025-07-21 14:41:58 - TradingSystem - INFO - [Thread-0] [43] Analyzing NEAR/USDT:USDT with 15m→1h→4h MTF...
2025-07-21 14:41:58 - TradingSystem - INFO - 📈 Progress: 37/214 (17.3%) - Signals: 1
2025-07-21 14:41:58 - TradingSystem - INFO - 📊 Analyzing NEAR/USDT:USDT (15m → 1h/4h MTF)...
2025-07-21 14:41:59 - root - INFO - ✅ All technical indicators calculated successfully
2025-07-21 14:41:59 - TradingSystem - INFO - [Thread-1] [44] Analyzing SPX/USDT:USDT with 15m→1h→4h MTF...
2025-07-21 14:41:59 - TradingSystem - INFO - 📊 Analyzing SPX/USDT:USDT (15m → 1h/4h MTF)...
2025-07-21 14:41:59 - TradingSystem - INFO - 📈 Progress: 38/214 (17.8%) - Signals: 1
2025-07-21 14:42:00 - root - INFO - ✅ All technical indicators calculated successfully
2025-07-21 14:42:00 - TradingSystem - INFO - [Thread-2] [45] Analyzing VIRTUAL/USDT:USDT with 15m→1h→4h MTF...
2025-07-21 14:42:00 - TradingSystem - INFO - 📈 Progress: 39/214 (18.2%) - Signals: 1
2025-07-21 14:42:00 - TradingSystem - INFO - 📊 Analyzing VIRTUAL/USDT:USDT (15m → 1h/4h MTF)...
2025-07-21 14:42:01 - root - INFO - ✅ All technical indicators calculated successfully
2025-07-21 14:42:01 - TradingSystem - INFO - [Thread-3] [46] Analyzing BCH/USDT:USDT with 15m→1h→4h MTF...
2025-07-21 14:42:01 - TradingSystem - INFO - 📊 Analyzing BCH/USDT:USDT (15m → 1h/4h MTF)...
2025-07-21 14:42:01 - TradingSystem - INFO - 📈 Progress: 40/214 (18.7%) - Signals: 1
2025-07-21 14:42:02 - root - INFO - ✅ All technical indicators calculated successfully
2025-07-21 14:42:02 - TradingSystem - INFO - 🔍 Running 1h, 4h confirmation for SHIB1000/USDT:USDT...
2025-07-21 14:42:02 - analysis.multi_timeframe - INFO - 🔍 Multi-timeframe analysis for SHIB1000/USDT:USDT
2025-07-21 14:42:02 - root - INFO - ✅ All technical indicators calculated successfully
2025-07-21 14:42:03 - TradingSystem - INFO - [Thread-4] [47] Analyzing UNI/USDT:USDT with 15m→1h→4h MTF...
2025-07-21 14:42:03 - TradingSystem - INFO - 📊 Analyzing UNI/USDT:USDT (15m → 1h/4h MTF)...
2025-07-21 14:42:03 - TradingSystem - INFO - 📈 Progress: 41/214 (19.2%) - Signals: 1
2025-07-21 14:42:04 - kaleido.kaleido - INFO - Putting tab EACB back (queue size: 0).
2025-07-21 14:42:04 - kaleido.kaleido - INFO - Waiting for all cleanups to finish.
2025-07-21 14:42:04 - kaleido.kaleido - INFO - Exiting Kaleido
2025-07-21 14:42:04 - choreographer.utils._tmpfile - INFO - TemporaryDirectory.cleanup() worked.
2025-07-21 14:42:04 - choreographer.utils._tmpfile - INFO - shutil.rmtree worked.
2025-07-21 14:42:04 - kaleido.kaleido - INFO - Cancelling tasks.
2025-07-21 14:42:04 - kaleido.kaleido - INFO - Exiting Kaleido/Choreo
2025-07-21 14:42:04 - choreographer.browser_async - INFO - Closing browser.
2025-07-21 14:42:04 - choreographer.utils._tmpfile - INFO - TemporaryDirectory.cleanup() worked.
2025-07-21 14:42:04 - choreographer.utils._tmpfile - INFO - shutil.rmtree worked.
2025-07-21 14:42:04 - kaleido.kaleido - INFO - Cancelling tasks.
2025-07-21 14:42:04 - kaleido.kaleido - INFO - Exiting Kaleido/Choreo
2025-07-21 14:42:04 - choreographer.browser_async - INFO - Closing browser.
2025-07-21 14:42:04 - choreographer.utils._tmpfile - INFO - TemporaryDirectory.cleanup() worked.
2025-07-21 14:42:04 - choreographer.utils._tmpfile - INFO - shutil.rmtree worked.
2025-07-21 14:42:04 - visualization.charts - INFO - 📊 Chart saved: tradingview_LTCUSDTUSDT_chart_20250721_144127.jpg
2025-07-21 14:42:04 - TradingSystem - INFO - ✅ LTC/USDT:USDT - SELL signal generated (15m base)
2025-07-21 14:42:04 - TradingSystem - INFO - [Thread-4] ✅ LTC/USDT:USDT - SELL signal (MTF: NONE)
2025-07-21 14:42:04 - TradingSystem - INFO - [Thread-5] [48] Analyzing DRIFT/USDT:USDT with 15m→1h→4h MTF...
2025-07-21 14:42:04 - TradingSystem - INFO - 📊 Analyzing DRIFT/USDT:USDT (15m → 1h/4h MTF)...
2025-07-21 14:42:04 - TradingSystem - INFO - 📈 Progress: 42/214 (19.6%) - Signals: 2
2025-07-21 14:42:05 - root - INFO - ✅ All technical indicators calculated successfully
2025-07-21 14:42:06 - TradingSystem - INFO - [Thread-0] [49] Analyzing DOT/USDT:USDT with 15m→1h→4h MTF...
2025-07-21 14:42:06 - TradingSystem - INFO - 📈 Progress: 43/214 (20.1%) - Signals: 2
2025-07-21 14:42:06 - TradingSystem - INFO - 📊 Analyzing DOT/USDT:USDT (15m → 1h/4h MTF)...
2025-07-21 14:42:06 - root - INFO - ✅ All technical indicators calculated successfully
2025-07-21 14:42:07 - TradingSystem - INFO - [Thread-1] [50] Analyzing APT/USDT:USDT with 15m→1h→4h MTF...
2025-07-21 14:42:07 - TradingSystem - INFO - 📊 Analyzing APT/USDT:USDT (15m → 1h/4h MTF)...
2025-07-21 14:42:07 - TradingSystem - INFO - 📈 Progress: 44/214 (20.6%) - Signals: 2
2025-07-21 14:42:07 - root - INFO - ✅ All technical indicators calculated successfully
2025-07-21 14:42:07 - TradingSystem - INFO - [Thread-2] [51] Analyzing GALA/USDT:USDT with 15m→1h→4h MTF...
2025-07-21 14:42:07 - TradingSystem - INFO - 📈 Progress: 45/214 (21.0%) - Signals: 2
2025-07-21 14:42:07 - TradingSystem - INFO - 📊 Analyzing GALA/USDT:USDT (15m → 1h/4h MTF)...
2025-07-21 14:42:09 - root - INFO - ✅ All technical indicators calculated successfully
2025-07-21 14:42:09 - TradingSystem - INFO - [Thread-3] [52] Analyzing CKB/USDT:USDT with 15m→1h→4h MTF...
2025-07-21 14:42:09 - TradingSystem - INFO - 📊 Analyzing CKB/USDT:USDT (15m → 1h/4h MTF)...
2025-07-21 14:42:09 - TradingSystem - INFO - 📈 Progress: 46/214 (21.5%) - Signals: 2
2025-07-21 14:42:09 - kaleido.kaleido - INFO - All navigates done, putting them all in queue.
2025-07-21 14:42:09 - kaleido.kaleido - INFO - Getting tab from queue (has 1)
2025-07-21 14:42:09 - kaleido.kaleido - INFO - Got 6AD2
2025-07-21 14:42:09 - kaleido._kaleido_tab - INFO - Processing bSEIUSDTUSDTb__Trading_Signal_Analysis.jpeg
2025-07-21 14:42:09 - kaleido._kaleido_tab - INFO - Sending big command for bSEIUSDTUSDTb__Trading_Signal_Analysis.jpeg.
2025-07-21 14:42:09 - kaleido._kaleido_tab - INFO - Sent big command for bSEIUSDTUSDTb__Trading_Signal_Analysis.jpeg.
2025-07-21 14:42:09 - kaleido.kaleido - INFO - Reloading tab 6AD2 before return.
2025-07-21 14:42:10 - analysis.multi_timeframe - INFO -    ➖ 4h: SHIB1000/USDT:USDT No clear signal
2025-07-21 14:42:10 - root - INFO - ✅ All technical indicators calculated successfully
2025-07-21 14:42:10 - analysis.multi_timeframe - INFO -    📊 Confirmation: 0/2 timeframes
2025-07-21 14:42:10 - analysis.multi_timeframe - INFO -    💪 Strength: 0.0%
2025-07-21 14:42:10 - TradingSystem - INFO -    📊 MTF Status: NONE (0/2)
2025-07-21 14:42:11 - visualization.charts - INFO - Adding TP/SL boxes for sell signal: Entry=0.015682, SL=0.015985520110141392, TP1=0.015196367823773777, TP2=0.01483214369160411
2025-07-21 14:42:11 - visualization.charts - ERROR - Error adding prominent TP/SL boxes: Invalid annotation position "middle left"
2025-07-21 14:42:11 - root - INFO - ✅ All technical indicators calculated successfully
2025-07-21 14:42:11 - choreographer.browsers.chromium - INFO - Chromium init'ed with kwargs {}
2025-07-21 14:42:11 - TradingSystem - INFO - [Thread-4] [53] Analyzing AI16Z/USDT:USDT with 15m→1h→4h MTF...
2025-07-21 14:42:11 - TradingSystem - INFO - 📊 Analyzing AI16Z/USDT:USDT (15m → 1h/4h MTF)...
2025-07-21 14:42:11 - TradingSystem - INFO - 📈 Progress: 47/214 (22.0%) - Signals: 2
2025-07-21 14:42:11 - choreographer.browsers.chromium - INFO - Found chromium path: /usr/bin/google-chrome
2025-07-21 14:42:11 - choreographer.utils._tmpfile - INFO - Temp directory created: /tmp/tmpne_aij5y.
2025-07-21 14:42:11 - choreographer.browser_async - INFO - Opening browser.
2025-07-21 14:42:11 - choreographer.utils._tmpfile - INFO - Temp directory created: /tmp/tmpylslfbco.
2025-07-21 14:42:11 - choreographer.browsers.chromium - INFO - ldd failed. e: Command '['ldd', '/usr/bin/google-chrome']' returned non-zero exit status 1., stderr: None
2025-07-21 14:42:11 - choreographer.browsers.chromium - INFO - Temporary directory at: /tmp/tmpylslfbco
2025-07-21 14:42:11 - root - INFO - ✅ All technical indicators calculated successfully
2025-07-21 14:42:11 - kaleido.kaleido - INFO - Conforming 1 to file:///tmp/tmpne_aij5y/index.html
2025-07-21 14:42:11 - kaleido.kaleido - INFO - Waiting on all navigates
2025-07-21 14:42:12 - TradingSystem - INFO - 🔍 Running 1h, 4h confirmation for APT/USDT:USDT...
2025-07-21 14:42:12 - analysis.multi_timeframe - INFO - 🔍 Multi-timeframe analysis for APT/USDT:USDT
2025-07-21 14:42:12 - TradingSystem - INFO - [Thread-5] [54] Analyzing ANIME/USDT:USDT with 15m→1h→4h MTF...
2025-07-21 14:42:12 - TradingSystem - INFO - 📊 Analyzing ANIME/USDT:USDT (15m → 1h/4h MTF)...
2025-07-21 14:42:12 - TradingSystem - INFO - 📈 Progress: 48/214 (22.4%) - Signals: 2
2025-07-21 14:42:15 - root - INFO - ✅ All technical indicators calculated successfully
2025-07-21 14:42:15 - TradingSystem - INFO - [Thread-0] [55] Analyzing ELX/USDT:USDT with 15m→1h→4h MTF...
2025-07-21 14:42:15 - TradingSystem - INFO - 📊 Analyzing ELX/USDT:USDT (15m → 1h/4h MTF)...
2025-07-21 14:42:15 - TradingSystem - INFO - 📈 Progress: 49/214 (22.9%) - Signals: 2
2025-07-21 14:42:16 - root - INFO - ✅ All technical indicators calculated successfully
2025-07-21 14:42:16 - TradingSystem - INFO - [Thread-1] [56] Analyzing 1000NEIROCTO/USDT:USDT with 15m→1h→4h MTF...
2025-07-21 14:42:16 - TradingSystem - INFO - 📊 Analyzing 1000NEIROCTO/USDT:USDT (15m → 1h/4h MTF)...
2025-07-21 14:42:16 - TradingSystem - INFO - 📈 Progress: 50/214 (23.4%) - Signals: 2
2025-07-21 14:42:16 - root - INFO - ✅ All technical indicators calculated successfully
2025-07-21 14:42:17 - TradingSystem - INFO - [Thread-2] [57] Analyzing TAO/USDT:USDT with 15m→1h→4h MTF...
2025-07-21 14:42:17 - TradingSystem - INFO - 📊 Analyzing TAO/USDT:USDT (15m → 1h/4h MTF)...
2025-07-21 14:42:17 - TradingSystem - INFO - 📈 Progress: 51/214 (23.8%) - Signals: 2
2025-07-21 14:42:17 - kaleido.kaleido - INFO - Putting tab 6AD2 back (queue size: 0).
2025-07-21 14:42:17 - kaleido.kaleido - INFO - Waiting for all cleanups to finish.
2025-07-21 14:42:17 - kaleido.kaleido - INFO - Exiting Kaleido
2025-07-21 14:42:17 - choreographer.utils._tmpfile - INFO - TemporaryDirectory.cleanup() worked.
2025-07-21 14:42:17 - choreographer.utils._tmpfile - INFO - shutil.rmtree worked.
2025-07-21 14:42:17 - kaleido.kaleido - INFO - Cancelling tasks.
2025-07-21 14:42:17 - kaleido.kaleido - INFO - Exiting Kaleido/Choreo
2025-07-21 14:42:17 - choreographer.browser_async - INFO - Closing browser.
2025-07-21 14:42:17 - choreographer.utils._tmpfile - INFO - TemporaryDirectory.cleanup() worked.
2025-07-21 14:42:17 - choreographer.utils._tmpfile - INFO - shutil.rmtree worked.
2025-07-21 14:42:17 - kaleido.kaleido - INFO - Cancelling tasks.
2025-07-21 14:42:17 - kaleido.kaleido - INFO - Exiting Kaleido/Choreo
2025-07-21 14:42:17 - choreographer.browser_async - INFO - Closing browser.
2025-07-21 14:42:17 - choreographer.utils._tmpfile - INFO - TemporaryDirectory.cleanup() worked.
2025-07-21 14:42:17 - choreographer.utils._tmpfile - INFO - shutil.rmtree worked.
2025-07-21 14:42:17 - visualization.charts - INFO - 📊 Chart saved: tradingview_SEIUSDTUSDT_chart_20250721_144150.jpg
2025-07-21 14:42:17 - TradingSystem - INFO - ✅ SEI/USDT:USDT - SELL signal generated (15m base)
2025-07-21 14:42:17 - TradingSystem - INFO - [Thread-2] ✅ SEI/USDT:USDT - SELL signal (MTF: PARTIAL)
2025-07-21 14:42:17 - TradingSystem - INFO - [Thread-3] [58] Analyzing M/USDT:USDT with 15m→1h→4h MTF...
2025-07-21 14:42:17 - TradingSystem - INFO - 📊 Analyzing M/USDT:USDT (15m → 1h/4h MTF)...
2025-07-21 14:42:17 - TradingSystem - INFO - 📈 Progress: 52/214 (24.3%) - Signals: 3
2025-07-21 14:42:21 - root - INFO - ✅ All technical indicators calculated successfully
2025-07-21 14:42:21 - root - INFO - ✅ All technical indicators calculated successfully
2025-07-21 14:42:21 - analysis.multi_timeframe - INFO -    📊 Confirmation: 0/2 timeframes
2025-07-21 14:42:21 - analysis.multi_timeframe - INFO -    💪 Strength: 0.0%
2025-07-21 14:42:21 - TradingSystem - INFO -    📊 MTF Status: NONE (0/2)
2025-07-21 14:42:21 - visualization.charts - INFO - Adding TP/SL boxes for sell signal: Entry=5.463, SL=5.574883979523046, TP1=5.283985632763127, TP2=5.149724857335472
2025-07-21 14:42:21 - visualization.charts - ERROR - Error adding prominent TP/SL boxes: Invalid annotation position "middle left"
2025-07-21 14:42:21 - choreographer.browsers.chromium - INFO - Chromium init'ed with kwargs {}
2025-07-21 14:42:21 - choreographer.browsers.chromium - INFO - Found chromium path: /usr/bin/google-chrome
2025-07-21 14:42:21 - choreographer.utils._tmpfile - INFO - Temp directory created: /tmp/tmpm8t2q6py.
2025-07-21 14:42:21 - root - INFO - ✅ All technical indicators calculated successfully
2025-07-21 14:42:21 - choreographer.browser_async - INFO - Opening browser.
2025-07-21 14:42:21 - choreographer.utils._tmpfile - INFO - Temp directory created: /tmp/tmp7wi0klaz.
2025-07-21 14:42:21 - choreographer.browsers.chromium - INFO - ldd failed. e: Command '['ldd', '/usr/bin/google-chrome']' returned non-zero exit status 1., stderr: None
2025-07-21 14:42:21 - choreographer.browsers.chromium - INFO - Temporary directory at: /tmp/tmp7wi0klaz
2025-07-21 14:42:22 - TradingSystem - INFO - [Thread-4] [59] Analyzing INJ/USDT:USDT with 15m→1h→4h MTF...
2025-07-21 14:42:22 - TradingSystem - INFO - 📈 Progress: 53/214 (24.8%) - Signals: 3
2025-07-21 14:42:22 - TradingSystem - INFO - 📊 Analyzing INJ/USDT:USDT (15m → 1h/4h MTF)...
2025-07-21 14:42:22 - kaleido.kaleido - INFO - Conforming 1 to file:///tmp/tmpm8t2q6py/index.html
2025-07-21 14:42:22 - kaleido.kaleido - INFO - Waiting on all navigates
2025-07-21 14:42:22 - TradingSystem - INFO - [Thread-5] [60] Analyzing ENS/USDT:USDT with 15m→1h→4h MTF...
2025-07-21 14:42:22 - TradingSystem - INFO - 📈 Progress: 54/214 (25.2%) - Signals: 3
2025-07-21 14:42:22 - TradingSystem - INFO - 📊 Analyzing ENS/USDT:USDT (15m → 1h/4h MTF)...
2025-07-21 14:42:22 - TradingSystem - INFO - [Thread-0] [61] Analyzing TON/USDT:USDT with 15m→1h→4h MTF...
2025-07-21 14:42:22 - TradingSystem - INFO - 📊 Analyzing TON/USDT:USDT (15m → 1h/4h MTF)...
2025-07-21 14:42:22 - TradingSystem - INFO - 📈 Progress: 55/214 (25.7%) - Signals: 3
2025-07-21 14:42:23 - root - INFO - ✅ All technical indicators calculated successfully
2025-07-21 14:42:23 - TradingSystem - INFO - [Thread-1] [62] Analyzing C/USDT:USDT with 15m→1h→4h MTF...
2025-07-21 14:42:23 - TradingSystem - INFO - 📊 Analyzing C/USDT:USDT (15m → 1h/4h MTF)...
2025-07-21 14:42:23 - TradingSystem - INFO - 📈 Progress: 56/214 (26.2%) - Signals: 3
2025-07-21 14:42:25 - root - INFO - ✅ All technical indicators calculated successfully
2025-07-21 14:42:26 - root - INFO - ✅ All technical indicators calculated successfully
2025-07-21 14:42:26 - TradingSystem - INFO - [Thread-2] [63] Analyzing MOVE/USDT:USDT with 15m→1h→4h MTF...
2025-07-21 14:42:26 - TradingSystem - INFO - 📊 Analyzing MOVE/USDT:USDT (15m → 1h/4h MTF)...
2025-07-21 14:42:26 - TradingSystem - INFO - 📈 Progress: 57/214 (26.6%) - Signals: 3
2025-07-21 14:42:26 - TradingSystem - INFO - [Thread-3] [64] Analyzing TRX/USDT:USDT with 15m→1h→4h MTF...
2025-07-21 14:42:26 - TradingSystem - INFO - 📊 Analyzing TRX/USDT:USDT (15m → 1h/4h MTF)...
2025-07-21 14:42:26 - TradingSystem - INFO - 📈 Progress: 58/214 (27.1%) - Signals: 3
2025-07-21 14:42:27 - kaleido.kaleido - INFO - All navigates done, putting them all in queue.
2025-07-21 14:42:27 - kaleido.kaleido - INFO - Getting tab from queue (has 1)
2025-07-21 14:42:27 - kaleido.kaleido - INFO - Got 9CF9
2025-07-21 14:42:27 - kaleido._kaleido_tab - INFO - Processing bSHIB1000USDTUSDTb__Trading_Signal_Analysis.jpeg
2025-07-21 14:42:27 - kaleido._kaleido_tab - INFO - Sending big command for bSHIB1000USDTUSDTb__Trading_Signal_Analysis.jpeg.
2025-07-21 14:42:27 - kaleido._kaleido_tab - INFO - Sent big command for bSHIB1000USDTUSDTb__Trading_Signal_Analysis.jpeg.
2025-07-21 14:42:27 - kaleido.kaleido - INFO - Reloading tab 9CF9 before return.
2025-07-21 14:42:27 - root - INFO - ✅ All technical indicators calculated successfully
2025-07-21 14:42:28 - TradingSystem - INFO - [Thread-4] [65] Analyzing BLUR/USDT:USDT with 15m→1h→4h MTF...
2025-07-21 14:42:28 - TradingSystem - INFO - 📊 Analyzing BLUR/USDT:USDT (15m → 1h/4h MTF)...
2025-07-21 14:42:28 - TradingSystem - INFO - 📈 Progress: 59/214 (27.6%) - Signals: 3
2025-07-21 14:42:28 - root - INFO - ✅ All technical indicators calculated successfully
2025-07-21 14:42:28 - TradingSystem - INFO - [Thread-5] [66] Analyzing ALGO/USDT:USDT with 15m→1h→4h MTF...
2025-07-21 14:42:28 - TradingSystem - INFO - 📊 Analyzing ALGO/USDT:USDT (15m → 1h/4h MTF)...
2025-07-21 14:42:28 - TradingSystem - INFO - 📈 Progress: 60/214 (28.0%) - Signals: 3
2025-07-21 14:42:30 - root - INFO - ✅ All technical indicators calculated successfully
2025-07-21 14:42:31 - TradingSystem - INFO - [Thread-0] [67] Analyzing ETHFI/USDT:USDT with 15m→1h→4h MTF...
2025-07-21 14:42:31 - TradingSystem - INFO - 📊 Analyzing ETHFI/USDT:USDT (15m → 1h/4h MTF)...
2025-07-21 14:42:31 - TradingSystem - INFO - 📈 Progress: 61/214 (28.5%) - Signals: 3
2025-07-21 14:42:31 - root - INFO - ✅ All technical indicators calculated successfully
2025-07-21 14:42:31 - root - INFO - ✅ All technical indicators calculated successfully
2025-07-21 14:42:31 - TradingSystem - INFO - [Thread-1] [68] Analyzing JASMY/USDT:USDT with 15m→1h→4h MTF...
2025-07-21 14:42:31 - TradingSystem - INFO - 📊 Analyzing JASMY/USDT:USDT (15m → 1h/4h MTF)...
2025-07-21 14:42:31 - TradingSystem - INFO - 📈 Progress: 62/214 (29.0%) - Signals: 3
2025-07-21 14:42:31 - TradingSystem - INFO - 🔍 Running 1h, 4h confirmation for ALGO/USDT:USDT...
2025-07-21 14:42:31 - analysis.multi_timeframe - INFO - 🔍 Multi-timeframe analysis for ALGO/USDT:USDT
2025-07-21 14:42:33 - root - INFO - ✅ All technical indicators calculated successfully
2025-07-21 14:42:33 - TradingSystem - INFO - [Thread-2] [69] Analyzing CROSS/USDT:USDT with 15m→1h→4h MTF...
2025-07-21 14:42:33 - TradingSystem - INFO - 📈 Progress: 63/214 (29.4%) - Signals: 3
2025-07-21 14:42:33 - TradingSystem - INFO - 📊 Analyzing CROSS/USDT:USDT (15m → 1h/4h MTF)...
2025-07-21 14:42:38 - root - INFO - ✅ All technical indicators calculated successfully
2025-07-21 14:42:39 - TradingSystem - INFO - [Thread-3] [70] Analyzing JUP/USDT:USDT with 15m→1h→4h MTF...
2025-07-21 14:42:39 - TradingSystem - INFO - 📈 Progress: 64/214 (29.9%) - Signals: 3
2025-07-21 14:42:39 - TradingSystem - INFO - 📊 Analyzing JUP/USDT:USDT (15m → 1h/4h MTF)...
2025-07-21 14:42:40 - root - INFO - ✅ All technical indicators calculated successfully
2025-07-21 14:42:40 - root - INFO - ✅ All technical indicators calculated successfully
2025-07-21 14:42:40 - TradingSystem - INFO - [Thread-4] [71] Analyzing BRETT/USDT:USDT with 15m→1h→4h MTF...
2025-07-21 14:42:40 - TradingSystem - INFO - 📊 Analyzing BRETT/USDT:USDT (15m → 1h/4h MTF)...
2025-07-21 14:42:40 - TradingSystem - INFO - 📈 Progress: 65/214 (30.4%) - Signals: 3
2025-07-21 14:42:40 - TradingSystem - INFO - [Thread-5] [72] Analyzing FIL/USDT:USDT with 15m→1h→4h MTF...
2025-07-21 14:42:40 - TradingSystem - INFO - 📊 Analyzing FIL/USDT:USDT (15m → 1h/4h MTF)...
2025-07-21 14:42:40 - TradingSystem - INFO - 📈 Progress: 66/214 (30.8%) - Signals: 3
2025-07-21 14:42:41 - kaleido.kaleido - INFO - Putting tab 9CF9 back (queue size: 0).
2025-07-21 14:42:41 - kaleido.kaleido - INFO - Waiting for all cleanups to finish.
2025-07-21 14:42:41 - kaleido.kaleido - INFO - Exiting Kaleido
2025-07-21 14:42:41 - choreographer.utils._tmpfile - INFO - TemporaryDirectory.cleanup() worked.
2025-07-21 14:42:41 - choreographer.utils._tmpfile - INFO - shutil.rmtree worked.
2025-07-21 14:42:41 - kaleido.kaleido - INFO - Cancelling tasks.
2025-07-21 14:42:41 - kaleido.kaleido - INFO - Exiting Kaleido/Choreo
2025-07-21 14:42:41 - choreographer.browser_async - INFO - Closing browser.
2025-07-21 14:42:41 - choreographer.utils._tmpfile - INFO - TemporaryDirectory.cleanup() worked.
2025-07-21 14:42:41 - choreographer.utils._tmpfile - INFO - shutil.rmtree worked.
2025-07-21 14:42:41 - kaleido.kaleido - INFO - Cancelling tasks.
2025-07-21 14:42:41 - kaleido.kaleido - INFO - Exiting Kaleido/Choreo
2025-07-21 14:42:41 - choreographer.browser_async - INFO - Closing browser.
2025-07-21 14:42:41 - choreographer.utils._tmpfile - INFO - TemporaryDirectory.cleanup() worked.
2025-07-21 14:42:41 - choreographer.utils._tmpfile - INFO - shutil.rmtree worked.
2025-07-21 14:42:41 - visualization.charts - INFO - 📊 Chart saved: tradingview_SHIB1000USDTUSDT_chart_20250721_144211.jpg
2025-07-21 14:42:41 - TradingSystem - INFO - ✅ SHIB1000/USDT:USDT - SELL signal generated (15m base)
2025-07-21 14:42:41 - TradingSystem - INFO - [Thread-5] ✅ SHIB1000/USDT:USDT - SELL signal (MTF: NONE)
2025-07-21 14:42:41 - TradingSystem - INFO - [Thread-0] [73] Analyzing ORDI/USDT:USDT with 15m→1h→4h MTF...
2025-07-21 14:42:41 - TradingSystem - INFO - 📊 Analyzing ORDI/USDT:USDT (15m → 1h/4h MTF)...
2025-07-21 14:42:41 - TradingSystem - INFO - 📈 Progress: 67/214 (31.3%) - Signals: 4
2025-07-21 14:42:42 - root - INFO - ✅ All technical indicators calculated successfully
2025-07-21 14:42:42 - TradingSystem - INFO - [Thread-1] [74] Analyzing KAS/USDT:USDT with 15m→1h→4h MTF...
2025-07-21 14:42:42 - TradingSystem - INFO - 📈 Progress: 68/214 (31.8%) - Signals: 4
2025-07-21 14:42:42 - TradingSystem - INFO - 📊 Analyzing KAS/USDT:USDT (15m → 1h/4h MTF)...
2025-07-21 14:42:44 - analysis.multi_timeframe - INFO -    📊 Confirmation: 0/2 timeframes
2025-07-21 14:42:44 - analysis.multi_timeframe - INFO -    💪 Strength: 0.0%
2025-07-21 14:42:44 - TradingSystem - INFO -    📊 MTF Status: NONE (0/2)
2025-07-21 14:42:44 - visualization.charts - INFO - Adding TP/SL boxes for sell signal: Entry=0.30621666666666664, SL=0.31255819001029694, TP1=0.29607022931685817, TP2=0.28846040130450185
2025-07-21 14:42:44 - visualization.charts - ERROR - Error adding prominent TP/SL boxes: Invalid annotation position "middle left"
2025-07-21 14:42:44 - choreographer.browsers.chromium - INFO - Chromium init'ed with kwargs {}
2025-07-21 14:42:44 - choreographer.browsers.chromium - INFO - Found chromium path: /usr/bin/google-chrome
2025-07-21 14:42:44 - choreographer.utils._tmpfile - INFO - Temp directory created: /tmp/tmp21msezef.
2025-07-21 14:42:44 - choreographer.browser_async - INFO - Opening browser.
2025-07-21 14:42:44 - choreographer.utils._tmpfile - INFO - Temp directory created: /tmp/tmpsajilrqy.
2025-07-21 14:42:44 - choreographer.browsers.chromium - INFO - ldd failed. e: Command '['ldd', '/usr/bin/google-chrome']' returned non-zero exit status 1., stderr: None
2025-07-21 14:42:44 - choreographer.browsers.chromium - INFO - Temporary directory at: /tmp/tmpsajilrqy
2025-07-21 14:42:44 - kaleido.kaleido - INFO - Conforming 1 to file:///tmp/tmp21msezef/index.html
2025-07-21 14:42:44 - kaleido.kaleido - INFO - Waiting on all navigates
2025-07-21 14:42:46 - root - INFO - ✅ All technical indicators calculated successfully
2025-07-21 14:42:46 - TradingSystem - INFO - [Thread-2] [75] Analyzing APE/USDT:USDT with 15m→1h→4h MTF...
2025-07-21 14:42:46 - TradingSystem - INFO - 📈 Progress: 69/214 (32.2%) - Signals: 4
2025-07-21 14:42:46 - TradingSystem - INFO - 📊 Analyzing APE/USDT:USDT (15m → 1h/4h MTF)...
2025-07-21 14:42:46 - root - INFO - ✅ All technical indicators calculated successfully
2025-07-21 14:42:46 - TradingSystem - INFO - [Thread-3] [76] Analyzing GOAT/USDT:USDT with 15m→1h→4h MTF...
2025-07-21 14:42:46 - TradingSystem - INFO - 📊 Analyzing GOAT/USDT:USDT (15m → 1h/4h MTF)...
2025-07-21 14:42:46 - TradingSystem - INFO - 📈 Progress: 70/214 (32.7%) - Signals: 4
2025-07-21 14:42:46 - root - INFO - ✅ All technical indicators calculated successfully
2025-07-21 14:42:46 - TradingSystem - INFO - [Thread-4] [77] Analyzing RENDER/USDT:USDT with 15m→1h→4h MTF...
2025-07-21 14:42:46 - TradingSystem - INFO - 📈 Progress: 71/214 (33.2%) - Signals: 4
2025-07-21 14:42:46 - TradingSystem - INFO - 📊 Analyzing RENDER/USDT:USDT (15m → 1h/4h MTF)...
2025-07-21 14:42:47 - root - INFO - ✅ All technical indicators calculated successfully
2025-07-21 14:42:47 - TradingSystem - INFO - [Thread-5] [78] Analyzing H/USDT:USDT with 15m→1h→4h MTF...
2025-07-21 14:42:47 - TradingSystem - INFO - 📈 Progress: 72/214 (33.6%) - Signals: 4
2025-07-21 14:42:47 - TradingSystem - INFO - 📊 Analyzing H/USDT:USDT (15m → 1h/4h MTF)...
2025-07-21 14:42:50 - root - INFO - ✅ All technical indicators calculated successfully
2025-07-21 14:42:51 - kaleido.kaleido - INFO - All navigates done, putting them all in queue.
2025-07-21 14:42:51 - root - INFO - ✅ All technical indicators calculated successfully
2025-07-21 14:42:51 - kaleido.kaleido - INFO - Getting tab from queue (has 1)
2025-07-21 14:42:51 - kaleido.kaleido - INFO - Got B310
2025-07-21 14:42:51 - kaleido._kaleido_tab - INFO - Processing bAPTUSDTUSDTb__Trading_Signal_Analysis.jpeg
2025-07-21 14:42:51 - TradingSystem - INFO - [Thread-0] [79] Analyzing GRASS/USDT:USDT with 15m→1h→4h MTF...
2025-07-21 14:42:51 - kaleido._kaleido_tab - INFO - Sending big command for bAPTUSDTUSDTb__Trading_Signal_Analysis.jpeg.
2025-07-21 14:42:51 - TradingSystem - INFO - 📈 Progress: 73/214 (34.1%) - Signals: 4
2025-07-21 14:42:51 - TradingSystem - INFO - 📊 Analyzing GRASS/USDT:USDT (15m → 1h/4h MTF)...
2025-07-21 14:42:51 - kaleido._kaleido_tab - INFO - Sent big command for bAPTUSDTUSDTb__Trading_Signal_Analysis.jpeg.
2025-07-21 14:42:51 - kaleido.kaleido - INFO - Reloading tab B310 before return.
2025-07-21 14:42:51 - TradingSystem - INFO - [Thread-1] [80] Analyzing ERA/USDT:USDT with 15m→1h→4h MTF...
2025-07-21 14:42:51 - TradingSystem - INFO - 📊 Analyzing ERA/USDT:USDT (15m → 1h/4h MTF)...
2025-07-21 14:42:51 - TradingSystem - INFO - 📈 Progress: 74/214 (34.6%) - Signals: 4
2025-07-21 14:42:51 - root - INFO - ✅ All technical indicators calculated successfully
2025-07-21 14:42:52 - root - INFO - ✅ All technical indicators calculated successfully
2025-07-21 14:42:52 - TradingSystem - INFO - [Thread-2] [81] Analyzing STRK/USDT:USDT with 15m→1h→4h MTF...
2025-07-21 14:42:52 - TradingSystem - INFO - 📊 Analyzing STRK/USDT:USDT (15m → 1h/4h MTF)...
2025-07-21 14:42:52 - TradingSystem - INFO - 📈 Progress: 75/214 (35.0%) - Signals: 4
2025-07-21 14:42:52 - TradingSystem - INFO - [Thread-3] [82] Analyzing SAND/USDT:USDT with 15m→1h→4h MTF...
2025-07-21 14:42:52 - TradingSystem - INFO - 📊 Analyzing SAND/USDT:USDT (15m → 1h/4h MTF)...
2025-07-21 14:42:52 - TradingSystem - INFO - 📈 Progress: 76/214 (35.5%) - Signals: 4
2025-07-21 14:42:55 - root - INFO - ✅ All technical indicators calculated successfully
2025-07-21 14:42:55 - TradingSystem - INFO - [Thread-4] [83] Analyzing USELESS/USDT:USDT with 15m→1h→4h MTF...
2025-07-21 14:42:55 - TradingSystem - INFO - 📊 Analyzing USELESS/USDT:USDT (15m → 1h/4h MTF)...
2025-07-21 14:42:55 - TradingSystem - INFO - 📈 Progress: 77/214 (36.0%) - Signals: 4
2025-07-21 14:42:55 - root - INFO - ✅ All technical indicators calculated successfully
2025-07-21 14:42:56 - TradingSystem - INFO - [Thread-5] [84] Analyzing HYPER/USDT:USDT with 15m→1h→4h MTF...
2025-07-21 14:42:56 - TradingSystem - INFO - 📊 Analyzing HYPER/USDT:USDT (15m → 1h/4h MTF)...
2025-07-21 14:42:56 - TradingSystem - INFO - 📈 Progress: 78/214 (36.4%) - Signals: 4
2025-07-21 14:42:56 - root - INFO - ✅ All technical indicators calculated successfully
2025-07-21 14:42:56 - TradingSystem - INFO - [Thread-0] [85] Analyzing INIT/USDT:USDT with 15m→1h→4h MTF...
2025-07-21 14:42:56 - TradingSystem - INFO - 📊 Analyzing INIT/USDT:USDT (15m → 1h/4h MTF)...
2025-07-21 14:42:56 - TradingSystem - INFO - 📈 Progress: 79/214 (36.9%) - Signals: 4
2025-07-21 14:42:57 - root - INFO - ✅ All technical indicators calculated successfully
2025-07-21 14:42:57 - TradingSystem - INFO - [Thread-1] [86] Analyzing PEOPLE/USDT:USDT with 15m→1h→4h MTF...
2025-07-21 14:42:57 - TradingSystem - INFO - 📊 Analyzing PEOPLE/USDT:USDT (15m → 1h/4h MTF)...
2025-07-21 14:42:57 - TradingSystem - INFO - 📈 Progress: 80/214 (37.4%) - Signals: 4
2025-07-21 14:43:00 - root - INFO - ✅ All technical indicators calculated successfully
2025-07-21 14:43:01 - root - INFO - ✅ All technical indicators calculated successfully
2025-07-21 14:43:01 - root - INFO - ✅ All technical indicators calculated successfully
2025-07-21 14:43:01 - root - INFO - ✅ All technical indicators calculated successfully
2025-07-21 14:43:01 - kaleido.kaleido - INFO - All navigates done, putting them all in queue.
2025-07-21 14:43:01 - TradingSystem - INFO - [Thread-2] [87] Analyzing EIGEN/USDT:USDT with 15m→1h→4h MTF...
2025-07-21 14:43:01 - TradingSystem - INFO - 📈 Progress: 81/214 (37.9%) - Signals: 4
2025-07-21 14:43:01 - TradingSystem - INFO - 📊 Analyzing EIGEN/USDT:USDT (15m → 1h/4h MTF)...
2025-07-21 14:43:01 - kaleido.kaleido - INFO - Getting tab from queue (has 1)
2025-07-21 14:43:01 - kaleido.kaleido - INFO - Got AA41
2025-07-21 14:43:01 - kaleido._kaleido_tab - INFO - Processing bALGOUSDTUSDTb__Trading_Signal_Analysis.jpeg
2025-07-21 14:43:01 - kaleido._kaleido_tab - INFO - Sending big command for bALGOUSDTUSDTb__Trading_Signal_Analysis.jpeg.
2025-07-21 14:43:02 - kaleido._kaleido_tab - INFO - Sent big command for bALGOUSDTUSDTb__Trading_Signal_Analysis.jpeg.
2025-07-21 14:43:02 - TradingSystem - INFO - [Thread-3] [88] Analyzing JTO/USDT:USDT with 15m→1h→4h MTF...
2025-07-21 14:43:02 - kaleido.kaleido - INFO - Reloading tab AA41 before return.
2025-07-21 14:43:02 - TradingSystem - INFO - 📈 Progress: 82/214 (38.3%) - Signals: 4
2025-07-21 14:43:02 - TradingSystem - INFO - 📊 Analyzing JTO/USDT:USDT (15m → 1h/4h MTF)...
2025-07-21 14:43:02 - TradingSystem - INFO - [Thread-4] [89] Analyzing BLAST/USDT:USDT with 15m→1h→4h MTF...
2025-07-21 14:43:02 - TradingSystem - INFO - 📊 Analyzing BLAST/USDT:USDT (15m → 1h/4h MTF)...
2025-07-21 14:43:02 - TradingSystem - INFO - [Thread-5] [90] Analyzing PENDLE/USDT:USDT with 15m→1h→4h MTF...
2025-07-21 14:43:02 - TradingSystem - INFO - 📊 Analyzing PENDLE/USDT:USDT (15m → 1h/4h MTF)...
2025-07-21 14:43:02 - TradingSystem - INFO - 📈 Progress: 83/214 (38.8%) - Signals: 4
2025-07-21 14:43:02 - TradingSystem - INFO - 📈 Progress: 84/214 (39.3%) - Signals: 4
2025-07-21 14:43:06 - root - INFO - ✅ All technical indicators calculated successfully
2025-07-21 14:43:06 - root - INFO - ✅ All technical indicators calculated successfully
2025-07-21 14:43:07 - root - INFO - ✅ All technical indicators calculated successfully
2025-07-21 14:43:07 - TradingSystem - INFO - [Thread-0] [91] Analyzing ATOM/USDT:USDT with 15m→1h→4h MTF...
2025-07-21 14:43:07 - TradingSystem - INFO - 📈 Progress: 85/214 (39.7%) - Signals: 4
2025-07-21 14:43:07 - TradingSystem - INFO - 📊 Analyzing ATOM/USDT:USDT (15m → 1h/4h MTF)...
2025-07-21 14:43:07 - TradingSystem - INFO - [Thread-1] [92] Analyzing STX/USDT:USDT with 15m→1h→4h MTF...
2025-07-21 14:43:07 - TradingSystem - INFO - 📊 Analyzing STX/USDT:USDT (15m → 1h/4h MTF)...
2025-07-21 14:43:07 - TradingSystem - INFO - 📈 Progress: 86/214 (40.2%) - Signals: 4
2025-07-21 14:43:07 - TradingSystem - INFO - [Thread-2] [93] Analyzing TRB/USDT:USDT with 15m→1h→4h MTF...
2025-07-21 14:43:07 - TradingSystem - INFO - 📊 Analyzing TRB/USDT:USDT (15m → 1h/4h MTF)...
2025-07-21 14:43:07 - TradingSystem - INFO - 📈 Progress: 87/214 (40.7%) - Signals: 4
2025-07-21 14:43:07 - root - INFO - ✅ All technical indicators calculated successfully
2025-07-21 14:43:08 - TradingSystem - INFO - [Thread-3] [94] Analyzing MKR/USDT:USDT with 15m→1h→4h MTF...
2025-07-21 14:43:08 - TradingSystem - INFO - 📈 Progress: 88/214 (41.1%) - Signals: 4
2025-07-21 14:43:08 - TradingSystem - INFO - 📊 Analyzing MKR/USDT:USDT (15m → 1h/4h MTF)...
2025-07-21 14:43:10 - root - INFO - ✅ All technical indicators calculated successfully
2025-07-21 14:43:10 - root - INFO - ✅ All technical indicators calculated successfully
2025-07-21 14:43:11 - TradingSystem - INFO - [Thread-4] [95] Analyzing POL/USDT:USDT with 15m→1h→4h MTF...
2025-07-21 14:43:11 - TradingSystem - INFO - 📈 Progress: 89/214 (41.6%) - Signals: 4
2025-07-21 14:43:11 - TradingSystem - INFO - 📊 Analyzing POL/USDT:USDT (15m → 1h/4h MTF)...
2025-07-21 14:43:11 - TradingSystem - INFO - [Thread-5] [96] Analyzing COOKIE/USDT:USDT with 15m→1h→4h MTF...
2025-07-21 14:43:11 - TradingSystem - INFO - 📊 Analyzing COOKIE/USDT:USDT (15m → 1h/4h MTF)...
2025-07-21 14:43:11 - TradingSystem - INFO - 📈 Progress: 90/214 (42.1%) - Signals: 4
2025-07-21 14:43:11 - root - INFO - ✅ All technical indicators calculated successfully
2025-07-21 14:43:11 - TradingSystem - INFO - [Thread-0] [97] Analyzing MEW/USDT:USDT with 15m→1h→4h MTF...
2025-07-21 14:43:11 - TradingSystem - INFO - 📊 Analyzing MEW/USDT:USDT (15m → 1h/4h MTF)...
2025-07-21 14:43:11 - TradingSystem - INFO - 📈 Progress: 91/214 (42.5%) - Signals: 4
2025-07-21 14:43:11 - root - INFO - ✅ All technical indicators calculated successfully
2025-07-21 14:43:12 - TradingSystem - INFO - [Thread-1] [98] Analyzing AR/USDT:USDT with 15m→1h→4h MTF...
2025-07-21 14:43:12 - TradingSystem - INFO - 📊 Analyzing AR/USDT:USDT (15m → 1h/4h MTF)...
2025-07-21 14:43:12 - TradingSystem - INFO - 📈 Progress: 92/214 (43.0%) - Signals: 4
2025-07-21 14:43:15 - root - INFO - ✅ All technical indicators calculated successfully
2025-07-21 14:43:16 - TradingSystem - INFO - [Thread-2] [99] Analyzing A8/USDT:USDT with 15m→1h→4h MTF...
2025-07-21 14:43:16 - TradingSystem - INFO - 📊 Analyzing A8/USDT:USDT (15m → 1h/4h MTF)...
2025-07-21 14:43:16 - TradingSystem - INFO - 📈 Progress: 93/214 (43.5%) - Signals: 4
2025-07-21 14:43:16 - kaleido.kaleido - INFO - Putting tab AA41 back (queue size: 0).
2025-07-21 14:43:16 - kaleido.kaleido - INFO - Waiting for all cleanups to finish.
2025-07-21 14:43:16 - kaleido.kaleido - INFO - Exiting Kaleido
2025-07-21 14:43:16 - root - INFO - ✅ All technical indicators calculated successfully
2025-07-21 14:43:16 - root - INFO - ✅ All technical indicators calculated successfully
2025-07-21 14:43:16 - root - INFO - ✅ All technical indicators calculated successfully
2025-07-21 14:43:16 - choreographer.utils._tmpfile - INFO - TemporaryDirectory.cleanup() worked.
2025-07-21 14:43:16 - choreographer.utils._tmpfile - INFO - shutil.rmtree worked.
2025-07-21 14:43:16 - kaleido.kaleido - INFO - Cancelling tasks.
2025-07-21 14:43:16 - kaleido.kaleido - INFO - Exiting Kaleido/Choreo
2025-07-21 14:43:16 - choreographer.browser_async - INFO - Closing browser.
2025-07-21 14:43:16 - choreographer.utils._tmpfile - INFO - TemporaryDirectory.cleanup() worked.
2025-07-21 14:43:16 - choreographer.utils._tmpfile - INFO - shutil.rmtree worked.
2025-07-21 14:43:16 - kaleido.kaleido - INFO - Cancelling tasks.
2025-07-21 14:43:16 - kaleido.kaleido - INFO - Exiting Kaleido/Choreo
2025-07-21 14:43:16 - choreographer.browser_async - INFO - Closing browser.
2025-07-21 14:43:17 - TradingSystem - INFO - [Thread-3] [100] Analyzing CHILLGUY/USDT:USDT with 15m→1h→4h MTF...
2025-07-21 14:43:17 - TradingSystem - INFO - 📈 Progress: 94/214 (43.9%) - Signals: 4
2025-07-21 14:43:17 - TradingSystem - INFO - 📊 Analyzing CHILLGUY/USDT:USDT (15m → 1h/4h MTF)...
2025-07-21 14:43:17 - TradingSystem - INFO - [Thread-4] [101] Analyzing BOME/USDT:USDT with 15m→1h→4h MTF...
2025-07-21 14:43:17 - TradingSystem - INFO - 📊 Analyzing BOME/USDT:USDT (15m → 1h/4h MTF)...
2025-07-21 14:43:17 - TradingSystem - INFO - 📈 Progress: 95/214 (44.4%) - Signals: 4
2025-07-21 14:43:17 - TradingSystem - INFO - [Thread-5] [102] Analyzing BANANA/USDT:USDT with 15m→1h→4h MTF...
2025-07-21 14:43:17 - TradingSystem - INFO - 📊 Analyzing BANANA/USDT:USDT (15m → 1h/4h MTF)...
2025-07-21 14:43:17 - TradingSystem - INFO - 📈 Progress: 96/214 (44.9%) - Signals: 4
2025-07-21 14:43:17 - choreographer.utils._tmpfile - INFO - TemporaryDirectory.cleanup() worked.
2025-07-21 14:43:17 - choreographer.utils._tmpfile - INFO - shutil.rmtree worked.
2025-07-21 14:43:17 - visualization.charts - INFO - 📊 Chart saved: tradingview_ALGOUSDTUSDT_chart_20250721_144244.jpg
2025-07-21 14:43:17 - TradingSystem - INFO - ✅ ALGO/USDT:USDT - SELL signal generated (15m base)
2025-07-21 14:43:17 - TradingSystem - INFO - [Thread-5] ✅ ALGO/USDT:USDT - SELL signal (MTF: NONE)
2025-07-21 14:43:17 - TradingSystem - INFO - [Thread-0] [103] Analyzing LAUNCHCOIN/USDT:USDT with 15m→1h→4h MTF...
2025-07-21 14:43:17 - TradingSystem - INFO - 📊 Analyzing LAUNCHCOIN/USDT:USDT (15m → 1h/4h MTF)...
2025-07-21 14:43:17 - TradingSystem - INFO - 📈 Progress: 97/214 (45.3%) - Signals: 5
2025-07-21 14:43:17 - TradingSystem - INFO - Generated 5 charts (limit reached for demo)
2025-07-21 14:43:19 - kaleido.kaleido - INFO - Putting tab B310 back (queue size: 0).
2025-07-21 14:43:19 - kaleido.kaleido - INFO - Waiting for all cleanups to finish.
2025-07-21 14:43:19 - kaleido.kaleido - INFO - Exiting Kaleido
2025-07-21 14:43:19 - choreographer.utils._tmpfile - INFO - TemporaryDirectory.cleanup() worked.
2025-07-21 14:43:19 - choreographer.utils._tmpfile - INFO - shutil.rmtree worked.
2025-07-21 14:43:19 - kaleido.kaleido - INFO - Cancelling tasks.
2025-07-21 14:43:19 - kaleido.kaleido - INFO - Exiting Kaleido/Choreo
2025-07-21 14:43:19 - choreographer.browser_async - INFO - Closing browser.
2025-07-21 14:43:19 - choreographer.utils._tmpfile - INFO - TemporaryDirectory.cleanup() worked.
2025-07-21 14:43:19 - choreographer.utils._tmpfile - INFO - shutil.rmtree worked.
2025-07-21 14:43:19 - kaleido.kaleido - INFO - Cancelling tasks.
2025-07-21 14:43:19 - kaleido.kaleido - INFO - Exiting Kaleido/Choreo
2025-07-21 14:43:19 - choreographer.browser_async - INFO - Closing browser.
2025-07-21 14:43:19 - choreographer.utils._tmpfile - INFO - TemporaryDirectory.cleanup() worked.
2025-07-21 14:43:19 - choreographer.utils._tmpfile - INFO - shutil.rmtree worked.
2025-07-21 14:43:19 - visualization.charts - INFO - 📊 Chart saved: tradingview_APTUSDTUSDT_chart_20250721_144221.jpg
2025-07-21 14:43:19 - TradingSystem - INFO - ✅ APT/USDT:USDT - SELL signal generated (15m base)
2025-07-21 14:43:19 - TradingSystem - INFO - [Thread-1] ✅ APT/USDT:USDT - SELL signal (MTF: NONE)
2025-07-21 14:43:20 - root - INFO - ✅ All technical indicators calculated successfully
2025-07-21 14:43:21 - root - INFO - ✅ All technical indicators calculated successfully
2025-07-21 14:43:21 - root - INFO - ✅ All technical indicators calculated successfully
2025-07-21 14:43:21 - root - INFO - ✅ All technical indicators calculated successfully
2025-07-21 14:43:21 - root - INFO - ✅ All technical indicators calculated successfully
2025-07-21 14:43:22 - TradingSystem - INFO - ⚡ 15m→1h/4h MTF PARALLEL ANALYSIS COMPLETED!
2025-07-21 14:43:22 - TradingSystem - INFO -    Execution Time: 158.4s
2025-07-21 14:43:22 - TradingSystem - INFO -    MTF Confirmations: Strong: 0, Partial: 1, None: 4
2025-07-21 14:43:22 - utils.database_manager - INFO - 📊 Saving results to MySQL database for scan ID: 20250721_144322
2025-07-21 14:43:23 - utils.database_manager - INFO - ✅ Created scan session: 20250721_144322 (ID: 2) - Primary: 15m, Confirmation: 1h, 4h
2025-07-21 14:43:23 - utils.database_manager - INFO - ✅ Saved 5 signals to MySQL database
2025-07-21 14:43:23 - utils.database_manager - INFO - ✅ Saved 5 opportunities to MySQL database
2025-07-21 14:43:23 - utils.database_manager - INFO - ✅ Saved market summary to MySQL database
2025-07-21 14:43:23 - utils.database_manager - INFO - 📄 MySQL Database Save Complete (Scan ID: 20250721_144322):
2025-07-21 14:43:23 - utils.database_manager - INFO -    Primary Timeframe: 15m
2025-07-21 14:43:23 - utils.database_manager - INFO -    Confirmation Timeframes: 1h, 4h
2025-07-21 14:43:23 - utils.database_manager - INFO -    Signals: 5
2025-07-21 14:43:23 - utils.database_manager - INFO -    Opportunities: 5
2025-07-21 14:43:23 - utils.database_manager - INFO -    Market Summary: ✅
2025-07-21 14:43:23 - utils.database_manager - INFO -    Performance Metrics: 0
2025-07-21 14:43:23 - choreographer.utils._tmpfile - INFO - TemporaryDirectory.cleanup() worked.
2025-07-21 14:43:23 - choreographer.utils._tmpfile - INFO - shutil.rmtree worked.
2025-07-21 14:43:23 - choreographer.utils._tmpfile - INFO - TemporaryDirectory.cleanup() worked.
2025-07-21 14:43:23 - choreographer.utils._tmpfile - INFO - shutil.rmtree worked.
2025-07-21 14:43:23 - choreographer.utils._tmpfile - INFO - TemporaryDirectory.cleanup() worked.
2025-07-21 14:43:23 - choreographer.utils._tmpfile - INFO - shutil.rmtree worked.
2025-07-21 14:43:23 - choreographer.utils._tmpfile - INFO - TemporaryDirectory.cleanup() worked.
2025-07-21 14:43:23 - choreographer.utils._tmpfile - INFO - shutil.rmtree worked.
2025-07-21 14:43:23 - choreographer.utils._tmpfile - INFO - TemporaryDirectory.cleanup() worked.
2025-07-21 14:43:23 - choreographer.utils._tmpfile - INFO - shutil.rmtree worked.
2025-07-21 14:43:23 - choreographer.utils._tmpfile - INFO - TemporaryDirectory.cleanup() worked.
2025-07-21 14:43:23 - choreographer.utils._tmpfile - INFO - shutil.rmtree worked.
