2025-07-16 16:46:51 - TradingSystem - INFO - Logging initialized - Level: INFO
2025-07-16 16:46:51 - TradingSystem - INFO - Log file: logs/trading_system_20250716_164651.log
2025-07-16 16:47:27 - core.exchange - INFO - ✅ Connected to Bybit PRODUCTION
2025-07-16 16:47:27 - utils.csv_manager - INFO - ✅ CSV files initialized in csv_exports
2025-07-16 16:47:27 - utils.csv_manager - INFO -    signals: enhanced_bybit_signals_mtf_signals.csv
2025-07-16 16:47:27 - utils.csv_manager - INFO -    opportunities: enhanced_bybit_signals_mtf_opportunities.csv
2025-07-16 16:47:27 - utils.csv_manager - INFO -    market_summary: enhanced_bybit_signals_mtf_market_summary.csv
2025-07-16 16:47:27 - utils.csv_manager - INFO -    scan_history: enhanced_bybit_signals_mtf_scan_history.csv
2025-07-16 16:47:27 - utils.csv_manager - INFO -    performance_metrics: enhanced_bybit_signals_mtf_performance.csv
2025-07-16 16:47:27 - TradingSystem - INFO - 🚀 COMPLETE ENHANCED SYSTEM WITH MULTI-TIMEFRAME INITIALIZED!
2025-07-16 16:47:27 - TradingSystem - INFO - ✅ Enhanced Technical Analysis (FIXED Ichimoku & Stochastic RSI)
2025-07-16 16:47:27 - TradingSystem - INFO - ✅ Volume Profile Analysis
2025-07-16 16:47:27 - TradingSystem - INFO - ✅ Fibonacci & Confluence Analysis
2025-07-16 16:47:27 - TradingSystem - INFO - ✅ Interactive Chart Generation
2025-07-16 16:47:27 - TradingSystem - INFO - ✅ Multi-Timeframe Confirmation (1h, 4h)
2025-07-16 16:47:27 - TradingSystem - INFO - 🚀 STARTING ENHANCED ANALYSIS WITH MULTI-TIMEFRAME CONFIRMATION (PARALLEL)
2025-07-16 16:47:27 - TradingSystem - INFO - ================================================================================
2025-07-16 16:47:32 - TradingSystem - INFO - 📊 Analyzing 188 symbols with MTF confirmation...
2025-07-16 16:47:32 - TradingSystem - INFO -    Primary Timeframe: 15m
2025-07-16 16:47:32 - TradingSystem - INFO -    Confirmation Timeframes: 1h, 4h
2025-07-16 16:47:32 - TradingSystem - INFO -    MTF Weight Multiplier: 1.5x
2025-07-16 16:47:32 - TradingSystem - INFO - [Thread-0] [1] Analyzing ETH/USDT:USDT with MTF...
2025-07-16 16:47:32 - TradingSystem - INFO - 📊 Analyzing ETH/USDT:USDT (MTF: 1h, 4h)...
2025-07-16 16:47:32 - TradingSystem - INFO - [Thread-1] [2] Analyzing BTC/USDT:USDT with MTF...
2025-07-16 16:47:32 - TradingSystem - INFO - 📊 Analyzing BTC/USDT:USDT (MTF: 1h, 4h)...
2025-07-16 16:47:32 - TradingSystem - INFO - [Thread-2] [3] Analyzing SOL/USDT:USDT with MTF...
2025-07-16 16:47:32 - TradingSystem - INFO - 📊 Analyzing SOL/USDT:USDT (MTF: 1h, 4h)...
2025-07-16 16:47:32 - TradingSystem - INFO - [Thread-3] [4] Analyzing XRP/USDT:USDT with MTF...
2025-07-16 16:47:32 - TradingSystem - INFO - 📊 Analyzing XRP/USDT:USDT (MTF: 1h, 4h)...
2025-07-16 16:47:32 - TradingSystem - INFO - [Thread-4] [5] Analyzing 1000PEPE/USDT:USDT with MTF...
2025-07-16 16:47:32 - TradingSystem - INFO - 📊 Analyzing 1000PEPE/USDT:USDT (MTF: 1h, 4h)...
2025-07-16 16:47:32 - TradingSystem - INFO - [Thread-5] [6] Analyzing DOGE/USDT:USDT with MTF...
2025-07-16 16:47:32 - TradingSystem - INFO - 📊 Analyzing DOGE/USDT:USDT (MTF: 1h, 4h)...
2025-07-16 16:47:37 - root - INFO - ✅ All technical indicators calculated successfully
2025-07-16 16:47:37 - TradingSystem - INFO - [Thread-0] [7] Analyzing SUI/USDT:USDT with MTF...
2025-07-16 16:47:37 - TradingSystem - INFO - 📊 Analyzing SUI/USDT:USDT (MTF: 1h, 4h)...
2025-07-16 16:47:37 - TradingSystem - INFO - 📈 Progress: 1/188 (0.5%) - Signals: 0
2025-07-16 16:47:38 - root - INFO - ✅ All technical indicators calculated successfully
2025-07-16 16:47:38 - root - INFO - ✅ All technical indicators calculated successfully
2025-07-16 16:47:38 - root - INFO - ✅ All technical indicators calculated successfully
2025-07-16 16:47:38 - root - INFO - ✅ All technical indicators calculated successfully
2025-07-16 16:47:38 - root - INFO - ✅ All technical indicators calculated successfully
2025-07-16 16:47:39 - TradingSystem - INFO - [Thread-1] [8] Analyzing FARTCOIN/USDT:USDT with MTF...
2025-07-16 16:47:39 - TradingSystem - INFO - 📊 Analyzing FARTCOIN/USDT:USDT (MTF: 1h, 4h)...
2025-07-16 16:47:39 - TradingSystem - INFO - 📈 Progress: 2/188 (1.1%) - Signals: 0
2025-07-16 16:47:40 - TradingSystem - INFO - [Thread-2] [9] Analyzing 1000BONK/USDT:USDT with MTF...
2025-07-16 16:47:40 - TradingSystem - INFO - 📊 Analyzing 1000BONK/USDT:USDT (MTF: 1h, 4h)...
2025-07-16 16:47:40 - TradingSystem - INFO - 📈 Progress: 3/188 (1.6%) - Signals: 0
2025-07-16 16:47:41 - TradingSystem - INFO - [Thread-3] [10] Analyzing PENGU/USDT:USDT with MTF...
2025-07-16 16:47:41 - TradingSystem - INFO - 📊 Analyzing PENGU/USDT:USDT (MTF: 1h, 4h)...
2025-07-16 16:47:41 - TradingSystem - INFO - 📈 Progress: 4/188 (2.1%) - Signals: 0
2025-07-16 16:47:41 - TradingSystem - INFO - [Thread-4] [11] Analyzing PUMPFUN/USDT:USDT with MTF...
2025-07-16 16:47:41 - TradingSystem - INFO - 📈 Progress: 5/188 (2.7%) - Signals: 0
2025-07-16 16:47:41 - TradingSystem - INFO - 📊 Analyzing PUMPFUN/USDT:USDT (MTF: 1h, 4h)...
2025-07-16 16:47:41 - TradingSystem - INFO - [Thread-5] [12] Analyzing WIF/USDT:USDT with MTF...
2025-07-16 16:47:41 - TradingSystem - INFO - 📊 Analyzing WIF/USDT:USDT (MTF: 1h, 4h)...
2025-07-16 16:47:41 - TradingSystem - INFO - 📈 Progress: 6/188 (3.2%) - Signals: 0
2025-07-16 16:47:42 - root - INFO - ✅ All technical indicators calculated successfully
2025-07-16 16:47:42 - root - INFO - ✅ All technical indicators calculated successfully
2025-07-16 16:47:42 - root - INFO - ✅ All technical indicators calculated successfully
2025-07-16 16:47:43 - root - INFO - ✅ All technical indicators calculated successfully
2025-07-16 16:47:43 - root - INFO - ✅ All technical indicators calculated successfully
2025-07-16 16:47:43 - root - INFO - ✅ All technical indicators calculated successfully
2025-07-16 16:47:44 - TradingSystem - INFO - [Thread-0] [13] Analyzing ADA/USDT:USDT with MTF...
2025-07-16 16:47:44 - TradingSystem - INFO - 📈 Progress: 7/188 (3.7%) - Signals: 0
2025-07-16 16:47:44 - TradingSystem - INFO - 📊 Analyzing ADA/USDT:USDT (MTF: 1h, 4h)...
2025-07-16 16:47:46 - TradingSystem - INFO - [Thread-1] [14] Analyzing SEI/USDT:USDT with MTF...
2025-07-16 16:47:46 - TradingSystem - INFO - 📊 Analyzing SEI/USDT:USDT (MTF: 1h, 4h)...
2025-07-16 16:47:46 - TradingSystem - INFO - 📈 Progress: 8/188 (4.3%) - Signals: 0
2025-07-16 16:47:46 - TradingSystem - INFO - [Thread-2] [15] Analyzing XLM/USDT:USDT with MTF...
2025-07-16 16:47:46 - TradingSystem - INFO - 📈 Progress: 9/188 (4.8%) - Signals: 0
2025-07-16 16:47:46 - TradingSystem - INFO - 📊 Analyzing XLM/USDT:USDT (MTF: 1h, 4h)...
2025-07-16 16:47:46 - TradingSystem - INFO - [Thread-3] [16] Analyzing TRUMP/USDT:USDT with MTF...
2025-07-16 16:47:46 - TradingSystem - INFO - 📊 Analyzing TRUMP/USDT:USDT (MTF: 1h, 4h)...
2025-07-16 16:47:46 - TradingSystem - INFO - 📈 Progress: 10/188 (5.3%) - Signals: 0
2025-07-16 16:47:46 - TradingSystem - INFO - [Thread-4] [17] Analyzing HYPE/USDT:USDT with MTF...
2025-07-16 16:47:46 - TradingSystem - INFO - 📈 Progress: 11/188 (5.9%) - Signals: 0
2025-07-16 16:47:46 - TradingSystem - INFO - 📊 Analyzing HYPE/USDT:USDT (MTF: 1h, 4h)...
2025-07-16 16:47:46 - TradingSystem - INFO - [Thread-5] [18] Analyzing AAVE/USDT:USDT with MTF...
2025-07-16 16:47:46 - TradingSystem - INFO - 📊 Analyzing AAVE/USDT:USDT (MTF: 1h, 4h)...
2025-07-16 16:47:46 - TradingSystem - INFO - 📈 Progress: 12/188 (6.4%) - Signals: 0
2025-07-16 16:47:47 - root - INFO - ✅ All technical indicators calculated successfully
2025-07-16 16:47:47 - root - INFO - ✅ All technical indicators calculated successfully
2025-07-16 16:47:48 - root - INFO - ✅ All technical indicators calculated successfully
2025-07-16 16:47:48 - root - INFO - ✅ All technical indicators calculated successfully
2025-07-16 16:47:48 - root - INFO - ✅ All technical indicators calculated successfully
2025-07-16 16:47:48 - root - INFO - ✅ All technical indicators calculated successfully
2025-07-16 16:47:49 - TradingSystem - INFO - [Thread-0] [19] Analyzing ENA/USDT:USDT with MTF...
2025-07-16 16:47:49 - TradingSystem - INFO - 📊 Analyzing ENA/USDT:USDT (MTF: 1h, 4h)...
2025-07-16 16:47:49 - TradingSystem - INFO - 📈 Progress: 13/188 (6.9%) - Signals: 0
2025-07-16 16:47:50 - TradingSystem - INFO - [Thread-1] [20] Analyzing LINK/USDT:USDT with MTF...
2025-07-16 16:47:50 - TradingSystem - INFO - 📊 Analyzing LINK/USDT:USDT (MTF: 1h, 4h)...
2025-07-16 16:47:50 - TradingSystem - INFO - 📈 Progress: 14/188 (7.4%) - Signals: 0
2025-07-16 16:47:50 - TradingSystem - INFO - [Thread-2] [21] Analyzing ARB/USDT:USDT with MTF...
2025-07-16 16:47:50 - TradingSystem - INFO - 📊 Analyzing ARB/USDT:USDT (MTF: 1h, 4h)...
2025-07-16 16:47:50 - TradingSystem - INFO - 📈 Progress: 15/188 (8.0%) - Signals: 0
2025-07-16 16:47:51 - TradingSystem - INFO - [Thread-3] [22] Analyzing CRV/USDT:USDT with MTF...
2025-07-16 16:47:51 - TradingSystem - INFO - 📊 Analyzing CRV/USDT:USDT (MTF: 1h, 4h)...
2025-07-16 16:47:51 - TradingSystem - INFO - 📈 Progress: 16/188 (8.5%) - Signals: 0
2025-07-16 16:47:51 - TradingSystem - INFO - [Thread-4] [23] Analyzing HBAR/USDT:USDT with MTF...
2025-07-16 16:47:51 - TradingSystem - INFO - 📊 Analyzing HBAR/USDT:USDT (MTF: 1h, 4h)...
2025-07-16 16:47:51 - TradingSystem - INFO - 📈 Progress: 17/188 (9.0%) - Signals: 0
2025-07-16 16:47:51 - TradingSystem - INFO - [Thread-5] [24] Analyzing SPX/USDT:USDT with MTF...
2025-07-16 16:47:51 - TradingSystem - INFO - 📊 Analyzing SPX/USDT:USDT (MTF: 1h, 4h)...
2025-07-16 16:47:51 - TradingSystem - INFO - 📈 Progress: 18/188 (9.6%) - Signals: 0
2025-07-16 16:47:52 - root - INFO - ✅ All technical indicators calculated successfully
2025-07-16 16:47:52 - root - INFO - ✅ All technical indicators calculated successfully
2025-07-16 16:47:52 - root - INFO - ✅ All technical indicators calculated successfully
2025-07-16 16:47:52 - root - INFO - ✅ All technical indicators calculated successfully
2025-07-16 16:47:53 - root - INFO - ✅ All technical indicators calculated successfully
2025-07-16 16:47:53 - root - INFO - ✅ All technical indicators calculated successfully
2025-07-16 16:47:54 - TradingSystem - INFO - [Thread-0] [25] Analyzing POPCAT/USDT:USDT with MTF...
2025-07-16 16:47:54 - TradingSystem - INFO - 📊 Analyzing POPCAT/USDT:USDT (MTF: 1h, 4h)...
2025-07-16 16:47:54 - TradingSystem - INFO - 📈 Progress: 19/188 (10.1%) - Signals: 0
2025-07-16 16:47:55 - TradingSystem - INFO - [Thread-1] [26] Analyzing LTC/USDT:USDT with MTF...
2025-07-16 16:47:55 - TradingSystem - INFO - 📈 Progress: 20/188 (10.6%) - Signals: 0
2025-07-16 16:47:55 - TradingSystem - INFO - 📊 Analyzing LTC/USDT:USDT (MTF: 1h, 4h)...
2025-07-16 16:47:55 - TradingSystem - INFO - [Thread-2] [27] Analyzing THE/USDT:USDT with MTF...
2025-07-16 16:47:55 - TradingSystem - INFO - 📈 Progress: 21/188 (11.2%) - Signals: 0
2025-07-16 16:47:55 - TradingSystem - INFO - 📊 Analyzing THE/USDT:USDT (MTF: 1h, 4h)...
2025-07-16 16:47:55 - TradingSystem - INFO - [Thread-3] [28] Analyzing AVAX/USDT:USDT with MTF...
2025-07-16 16:47:55 - TradingSystem - INFO - 📈 Progress: 22/188 (11.7%) - Signals: 0
2025-07-16 16:47:55 - TradingSystem - INFO - 📊 Analyzing AVAX/USDT:USDT (MTF: 1h, 4h)...
2025-07-16 16:47:56 - TradingSystem - INFO - [Thread-4] [29] Analyzing ONDO/USDT:USDT with MTF...
2025-07-16 16:47:56 - TradingSystem - INFO - 📈 Progress: 23/188 (12.2%) - Signals: 0
2025-07-16 16:47:56 - TradingSystem - INFO - 📊 Analyzing ONDO/USDT:USDT (MTF: 1h, 4h)...
2025-07-16 16:47:56 - TradingSystem - INFO - [Thread-5] [30] Analyzing OP/USDT:USDT with MTF...
2025-07-16 16:47:56 - TradingSystem - INFO - 📈 Progress: 24/188 (12.8%) - Signals: 0
2025-07-16 16:47:56 - TradingSystem - INFO - 📊 Analyzing OP/USDT:USDT (MTF: 1h, 4h)...
2025-07-16 16:47:57 - root - INFO - ✅ All technical indicators calculated successfully
2025-07-16 16:47:57 - root - INFO - ✅ All technical indicators calculated successfully
2025-07-16 16:47:57 - root - INFO - ✅ All technical indicators calculated successfully
2025-07-16 16:47:57 - root - INFO - ✅ All technical indicators calculated successfully
2025-07-16 16:47:57 - root - INFO - ✅ All technical indicators calculated successfully
2025-07-16 16:47:58 - root - INFO - ✅ All technical indicators calculated successfully
2025-07-16 16:48:00 - TradingSystem - INFO - [Thread-0] [31] Analyzing ENS/USDT:USDT with MTF...
2025-07-16 16:48:00 - TradingSystem - INFO - 📊 Analyzing ENS/USDT:USDT (MTF: 1h, 4h)...
2025-07-16 16:48:00 - TradingSystem - INFO - 📈 Progress: 25/188 (13.3%) - Signals: 0
2025-07-16 16:48:00 - TradingSystem - INFO - [Thread-1] [32] Analyzing VIRTUAL/USDT:USDT with MTF...
2025-07-16 16:48:00 - TradingSystem - INFO - 📈 Progress: 26/188 (13.8%) - Signals: 0
2025-07-16 16:48:00 - TradingSystem - INFO - 📊 Analyzing VIRTUAL/USDT:USDT (MTF: 1h, 4h)...
2025-07-16 16:48:00 - TradingSystem - INFO - [Thread-2] [33] Analyzing NEAR/USDT:USDT with MTF...
2025-07-16 16:48:00 - TradingSystem - INFO - 📈 Progress: 27/188 (14.4%) - Signals: 0
2025-07-16 16:48:00 - TradingSystem - INFO - 📊 Analyzing NEAR/USDT:USDT (MTF: 1h, 4h)...
2025-07-16 16:48:00 - TradingSystem - INFO - [Thread-3] [34] Analyzing REZ/USDT:USDT with MTF...
2025-07-16 16:48:00 - TradingSystem - INFO - 📈 Progress: 28/188 (14.9%) - Signals: 0
2025-07-16 16:48:00 - TradingSystem - INFO - 📊 Analyzing REZ/USDT:USDT (MTF: 1h, 4h)...
2025-07-16 16:48:00 - TradingSystem - INFO - [Thread-4] [35] Analyzing UNI/USDT:USDT with MTF...
2025-07-16 16:48:00 - TradingSystem - INFO - 📈 Progress: 29/188 (15.4%) - Signals: 0
2025-07-16 16:48:01 - TradingSystem - INFO - 📊 Analyzing UNI/USDT:USDT (MTF: 1h, 4h)...
2025-07-16 16:48:01 - TradingSystem - INFO - [Thread-5] [36] Analyzing MELANIA/USDT:USDT with MTF...
2025-07-16 16:48:01 - TradingSystem - INFO - 📊 Analyzing MELANIA/USDT:USDT (MTF: 1h, 4h)...
2025-07-16 16:48:01 - TradingSystem - INFO - 📈 Progress: 30/188 (16.0%) - Signals: 0
2025-07-16 16:48:02 - root - INFO - ✅ All technical indicators calculated successfully
2025-07-16 16:48:02 - root - INFO - ✅ All technical indicators calculated successfully
2025-07-16 16:48:02 - root - INFO - ✅ All technical indicators calculated successfully
2025-07-16 16:48:02 - root - INFO - ✅ All technical indicators calculated successfully
2025-07-16 16:48:03 - root - INFO - ✅ All technical indicators calculated successfully
2025-07-16 16:48:03 - root - INFO - ✅ All technical indicators calculated successfully
2025-07-16 16:48:05 - TradingSystem - INFO - [Thread-0] [37] Analyzing MOODENG/USDT:USDT with MTF...
2025-07-16 16:48:05 - TradingSystem - INFO - 📊 Analyzing MOODENG/USDT:USDT (MTF: 1h, 4h)...
2025-07-16 16:48:05 - TradingSystem - INFO - 📈 Progress: 31/188 (16.5%) - Signals: 0
2025-07-16 16:48:05 - TradingSystem - INFO - [Thread-1] [38] Analyzing WLD/USDT:USDT with MTF...
2025-07-16 16:48:05 - TradingSystem - INFO - 📈 Progress: 32/188 (17.0%) - Signals: 0
2025-07-16 16:48:06 - TradingSystem - INFO - 📊 Analyzing WLD/USDT:USDT (MTF: 1h, 4h)...
2025-07-16 16:48:06 - TradingSystem - INFO - [Thread-2] [39] Analyzing DOT/USDT:USDT with MTF...
2025-07-16 16:48:06 - TradingSystem - INFO - 📊 Analyzing DOT/USDT:USDT (MTF: 1h, 4h)...
2025-07-16 16:48:06 - TradingSystem - INFO - 📈 Progress: 33/188 (17.6%) - Signals: 0
2025-07-16 16:48:06 - TradingSystem - INFO - [Thread-3] [40] Analyzing TIA/USDT:USDT with MTF...
2025-07-16 16:48:06 - TradingSystem - INFO - 📈 Progress: 34/188 (18.1%) - Signals: 0
2025-07-16 16:48:06 - TradingSystem - INFO - 📊 Analyzing TIA/USDT:USDT (MTF: 1h, 4h)...
2025-07-16 16:48:06 - TradingSystem - INFO - [Thread-4] [41] Analyzing GALA/USDT:USDT with MTF...
2025-07-16 16:48:06 - TradingSystem - INFO - 📊 Analyzing GALA/USDT:USDT (MTF: 1h, 4h)...
2025-07-16 16:48:06 - TradingSystem - INFO - 📈 Progress: 35/188 (18.6%) - Signals: 0
2025-07-16 16:48:06 - TradingSystem - INFO - [Thread-5] [42] Analyzing BERA/USDT:USDT with MTF...
2025-07-16 16:48:06 - TradingSystem - INFO - 📈 Progress: 36/188 (19.1%) - Signals: 0
2025-07-16 16:48:06 - TradingSystem - INFO - 📊 Analyzing BERA/USDT:USDT (MTF: 1h, 4h)...
2025-07-16 16:48:07 - root - INFO - ✅ All technical indicators calculated successfully
2025-07-16 16:48:07 - root - INFO - ✅ All technical indicators calculated successfully
2025-07-16 16:48:07 - root - INFO - ✅ All technical indicators calculated successfully
2025-07-16 16:48:08 - root - INFO - ✅ All technical indicators calculated successfully
2025-07-16 16:48:08 - root - INFO - ✅ All technical indicators calculated successfully
2025-07-16 16:48:09 - root - INFO - ✅ All technical indicators calculated successfully
2025-07-16 16:48:09 - TradingSystem - INFO - [Thread-0] [43] Analyzing INJ/USDT:USDT with MTF...
2025-07-16 16:48:09 - TradingSystem - INFO - 📊 Analyzing INJ/USDT:USDT (MTF: 1h, 4h)...
2025-07-16 16:48:09 - TradingSystem - INFO - 📈 Progress: 37/188 (19.7%) - Signals: 0
2025-07-16 16:48:10 - TradingSystem - INFO - [Thread-1] [44] Analyzing AI16Z/USDT:USDT with MTF...
2025-07-16 16:48:10 - TradingSystem - INFO - 📊 Analyzing AI16Z/USDT:USDT (MTF: 1h, 4h)...
2025-07-16 16:48:10 - TradingSystem - INFO - 📈 Progress: 38/188 (20.2%) - Signals: 0
2025-07-16 16:48:10 - TradingSystem - INFO - [Thread-2] [45] Analyzing BNB/USDT:USDT with MTF...
2025-07-16 16:48:10 - TradingSystem - INFO - 📈 Progress: 39/188 (20.7%) - Signals: 0
2025-07-16 16:48:10 - TradingSystem - INFO - 📊 Analyzing BNB/USDT:USDT (MTF: 1h, 4h)...
2025-07-16 16:48:11 - TradingSystem - INFO - [Thread-3] [46] Analyzing ETHFI/USDT:USDT with MTF...
2025-07-16 16:48:11 - TradingSystem - INFO - 📊 Analyzing ETHFI/USDT:USDT (MTF: 1h, 4h)...
2025-07-16 16:48:11 - TradingSystem - INFO - [Thread-4] [47] Analyzing M/USDT:USDT with MTF...
2025-07-16 16:48:11 - TradingSystem - INFO - 📈 Progress: 40/188 (21.3%) - Signals: 0
2025-07-16 16:48:11 - TradingSystem - INFO - 📊 Analyzing M/USDT:USDT (MTF: 1h, 4h)...
2025-07-16 16:48:11 - TradingSystem - INFO - 📈 Progress: 41/188 (21.8%) - Signals: 0
2025-07-16 16:48:11 - TradingSystem - INFO - [Thread-5] [48] Analyzing HYPER/USDT:USDT with MTF...
2025-07-16 16:48:11 - TradingSystem - INFO - 📈 Progress: 42/188 (22.3%) - Signals: 0
2025-07-16 16:48:11 - TradingSystem - INFO - 📊 Analyzing HYPER/USDT:USDT (MTF: 1h, 4h)...
2025-07-16 16:48:12 - root - INFO - ✅ All technical indicators calculated successfully
2025-07-16 16:48:12 - root - INFO - ✅ All technical indicators calculated successfully
2025-07-16 16:48:12 - root - INFO - ✅ All technical indicators calculated successfully
2025-07-16 16:48:13 - root - INFO - ✅ All technical indicators calculated successfully
2025-07-16 16:48:13 - TradingSystem - INFO - [Thread-0] [49] Analyzing 1000FLOKI/USDT:USDT with MTF...
2025-07-16 16:48:13 - TradingSystem - INFO - 📈 Progress: 43/188 (22.9%) - Signals: 0
2025-07-16 16:48:13 - TradingSystem - INFO - 📊 Analyzing 1000FLOKI/USDT:USDT (MTF: 1h, 4h)...
2025-07-16 16:48:13 - root - INFO - ✅ All technical indicators calculated successfully
2025-07-16 16:48:13 - root - INFO - ✅ All technical indicators calculated successfully
2025-07-16 16:48:15 - TradingSystem - INFO - [Thread-1] [50] Analyzing SHIB1000/USDT:USDT with MTF...
2025-07-16 16:48:15 - TradingSystem - INFO - 📊 Analyzing SHIB1000/USDT:USDT (MTF: 1h, 4h)...
2025-07-16 16:48:15 - TradingSystem - INFO - 📈 Progress: 44/188 (23.4%) - Signals: 0
2025-07-16 16:48:15 - TradingSystem - INFO - [Thread-2] [51] Analyzing TAO/USDT:USDT with MTF...
2025-07-16 16:48:15 - TradingSystem - INFO - 📈 Progress: 45/188 (23.9%) - Signals: 0
2025-07-16 16:48:15 - TradingSystem - INFO - 📊 Analyzing TAO/USDT:USDT (MTF: 1h, 4h)...
2025-07-16 16:48:15 - TradingSystem - INFO - [Thread-3] [52] Analyzing COW/USDT:USDT with MTF...
2025-07-16 16:48:15 - TradingSystem - INFO - 📈 Progress: 46/188 (24.5%) - Signals: 0
2025-07-16 16:48:15 - TradingSystem - INFO - 📊 Analyzing COW/USDT:USDT (MTF: 1h, 4h)...
2025-07-16 16:48:15 - TradingSystem - INFO - [Thread-4] [53] Analyzing APT/USDT:USDT with MTF...
2025-07-16 16:48:15 - TradingSystem - INFO - 📈 Progress: 47/188 (25.0%) - Signals: 0
2025-07-16 16:48:15 - TradingSystem - INFO - 📊 Analyzing APT/USDT:USDT (MTF: 1h, 4h)...
2025-07-16 16:48:15 - TradingSystem - INFO - [Thread-5] [54] Analyzing ALGO/USDT:USDT with MTF...
2025-07-16 16:48:15 - TradingSystem - INFO - 📈 Progress: 48/188 (25.5%) - Signals: 0
2025-07-16 16:48:15 - TradingSystem - INFO - 📊 Analyzing ALGO/USDT:USDT (MTF: 1h, 4h)...
2025-07-16 16:48:17 - root - INFO - ✅ All technical indicators calculated successfully
2025-07-16 16:48:17 - root - INFO - ✅ All technical indicators calculated successfully
2025-07-16 16:48:17 - root - INFO - ✅ All technical indicators calculated successfully
2025-07-16 16:48:17 - root - INFO - ✅ All technical indicators calculated successfully
2025-07-16 16:48:17 - root - INFO - ✅ All technical indicators calculated successfully
2025-07-16 16:48:18 - root - INFO - ✅ All technical indicators calculated successfully
2025-07-16 16:48:20 - TradingSystem - INFO - [Thread-0] [55] Analyzing PNUT/USDT:USDT with MTF...
2025-07-16 16:48:20 - TradingSystem - INFO - 📊 Analyzing PNUT/USDT:USDT (MTF: 1h, 4h)...
2025-07-16 16:48:20 - TradingSystem - INFO - 📈 Progress: 49/188 (26.1%) - Signals: 0
2025-07-16 16:48:20 - TradingSystem - INFO - [Thread-1] [56] Analyzing TON/USDT:USDT with MTF...
2025-07-16 16:48:20 - TradingSystem - INFO - 📊 Analyzing TON/USDT:USDT (MTF: 1h, 4h)...
2025-07-16 16:48:20 - TradingSystem - INFO - 📈 Progress: 50/188 (26.6%) - Signals: 0
2025-07-16 16:48:20 - TradingSystem - INFO - [Thread-2] [57] Analyzing CROSS/USDT:USDT with MTF...
2025-07-16 16:48:20 - TradingSystem - INFO - 📊 Analyzing CROSS/USDT:USDT (MTF: 1h, 4h)...
2025-07-16 16:48:20 - TradingSystem - INFO - 📈 Progress: 51/188 (27.1%) - Signals: 0
2025-07-16 16:48:21 - TradingSystem - INFO - [Thread-3] [58] Analyzing LDO/USDT:USDT with MTF...
2025-07-16 16:48:21 - TradingSystem - INFO - 📈 Progress: 52/188 (27.7%) - Signals: 0
2025-07-16 16:48:21 - TradingSystem - INFO - 📊 Analyzing LDO/USDT:USDT (MTF: 1h, 4h)...
2025-07-16 16:48:21 - TradingSystem - INFO - [Thread-4] [59] Analyzing 1000TURBO/USDT:USDT with MTF...
2025-07-16 16:48:21 - TradingSystem - INFO - 📈 Progress: 53/188 (28.2%) - Signals: 0
2025-07-16 16:48:21 - TradingSystem - INFO - 📊 Analyzing 1000TURBO/USDT:USDT (MTF: 1h, 4h)...
2025-07-16 16:48:21 - TradingSystem - INFO - [Thread-5] [60] Analyzing BRETT/USDT:USDT with MTF...
2025-07-16 16:48:21 - TradingSystem - INFO - 📈 Progress: 54/188 (28.7%) - Signals: 0
2025-07-16 16:48:21 - TradingSystem - INFO - 📊 Analyzing BRETT/USDT:USDT (MTF: 1h, 4h)...
2025-07-16 16:48:22 - root - INFO - ✅ All technical indicators calculated successfully
2025-07-16 16:48:22 - root - INFO - ✅ All technical indicators calculated successfully
2025-07-16 16:48:22 - root - INFO - ✅ All technical indicators calculated successfully
2025-07-16 16:48:22 - root - INFO - ✅ All technical indicators calculated successfully
2025-07-16 16:48:22 - root - INFO - ✅ All technical indicators calculated successfully
2025-07-16 16:48:23 - root - INFO - ✅ All technical indicators calculated successfully
2025-07-16 16:48:25 - TradingSystem - INFO - [Thread-0] [61] Analyzing ETC/USDT:USDT with MTF...
2025-07-16 16:48:25 - TradingSystem - INFO - 📊 Analyzing ETC/USDT:USDT (MTF: 1h, 4h)...
2025-07-16 16:48:25 - TradingSystem - INFO - 📈 Progress: 55/188 (29.3%) - Signals: 0
2025-07-16 16:48:25 - TradingSystem - INFO - [Thread-1] [62] Analyzing TAC/USDT:USDT with MTF...
2025-07-16 16:48:25 - TradingSystem - INFO - 📈 Progress: 56/188 (29.8%) - Signals: 0
2025-07-16 16:48:25 - TradingSystem - INFO - 📊 Analyzing TAC/USDT:USDT (MTF: 1h, 4h)...
2025-07-16 16:48:26 - TradingSystem - INFO - [Thread-2] [63] Analyzing BCH/USDT:USDT with MTF...
2025-07-16 16:48:26 - TradingSystem - INFO - 📈 Progress: 57/188 (30.3%) - Signals: 0
2025-07-16 16:48:26 - TradingSystem - INFO - 📊 Analyzing BCH/USDT:USDT (MTF: 1h, 4h)...
2025-07-16 16:48:26 - TradingSystem - INFO - [Thread-3] [64] Analyzing 1INCH/USDT:USDT with MTF...
2025-07-16 16:48:26 - TradingSystem - INFO - 📊 Analyzing 1INCH/USDT:USDT (MTF: 1h, 4h)...
2025-07-16 16:48:26 - TradingSystem - INFO - 📈 Progress: 58/188 (30.9%) - Signals: 0
2025-07-16 16:48:26 - TradingSystem - INFO - [Thread-4] [65] Analyzing LAUNCHCOIN/USDT:USDT with MTF...
2025-07-16 16:48:26 - TradingSystem - INFO - 📊 Analyzing LAUNCHCOIN/USDT:USDT (MTF: 1h, 4h)...
2025-07-16 16:48:26 - TradingSystem - INFO - 📈 Progress: 59/188 (31.4%) - Signals: 0
2025-07-16 16:48:26 - TradingSystem - INFO - [Thread-5] [66] Analyzing SERAPH/USDT:USDT with MTF...
2025-07-16 16:48:26 - TradingSystem - INFO - 📊 Analyzing SERAPH/USDT:USDT (MTF: 1h, 4h)...
2025-07-16 16:48:26 - TradingSystem - INFO - 📈 Progress: 60/188 (31.9%) - Signals: 0
2025-07-16 16:48:27 - root - INFO - ✅ All technical indicators calculated successfully
2025-07-16 16:48:27 - TradingSystem - INFO - [Thread-0] [67] Analyzing 1000000MOG/USDT:USDT with MTF...
2025-07-16 16:48:27 - TradingSystem - INFO - 📊 Analyzing 1000000MOG/USDT:USDT (MTF: 1h, 4h)...
2025-07-16 16:48:27 - TradingSystem - INFO - 📈 Progress: 61/188 (32.4%) - Signals: 0
2025-07-16 16:48:27 - root - INFO - ✅ All technical indicators calculated successfully
2025-07-16 16:48:27 - root - INFO - ✅ All technical indicators calculated successfully
2025-07-16 16:48:27 - root - INFO - ✅ All technical indicators calculated successfully
2025-07-16 16:48:27 - root - INFO - ✅ All technical indicators calculated successfully
2025-07-16 16:48:29 - root - INFO - ✅ All technical indicators calculated successfully
2025-07-16 16:48:30 - TradingSystem - INFO - [Thread-1] [68] Analyzing ORDI/USDT:USDT with MTF...
2025-07-16 16:48:30 - TradingSystem - INFO - 📈 Progress: 62/188 (33.0%) - Signals: 0
2025-07-16 16:48:30 - TradingSystem - INFO - 📊 Analyzing ORDI/USDT:USDT (MTF: 1h, 4h)...
2025-07-16 16:48:30 - TradingSystem - INFO - [Thread-2] [69] Analyzing H/USDT:USDT with MTF...
2025-07-16 16:48:30 - TradingSystem - INFO - 📈 Progress: 63/188 (33.5%) - Signals: 0
2025-07-16 16:48:30 - TradingSystem - INFO - 📊 Analyzing H/USDT:USDT (MTF: 1h, 4h)...
2025-07-16 16:48:30 - TradingSystem - INFO - [Thread-3] [70] Analyzing CUDIS/USDT:USDT with MTF...
2025-07-16 16:48:30 - TradingSystem - INFO - 📈 Progress: 64/188 (34.0%) - Signals: 0
2025-07-16 16:48:30 - TradingSystem - INFO - 📊 Analyzing CUDIS/USDT:USDT (MTF: 1h, 4h)...
2025-07-16 16:48:30 - TradingSystem - INFO - 📈 Progress: 65/188 (34.6%) - Signals: 0
2025-07-16 16:48:30 - TradingSystem - INFO - [Thread-4] [71] Analyzing EIGEN/USDT:USDT with MTF...
2025-07-16 16:48:30 - TradingSystem - INFO - 📊 Analyzing EIGEN/USDT:USDT (MTF: 1h, 4h)...
2025-07-16 16:48:30 - TradingSystem - INFO - [Thread-5] [72] Analyzing JUP/USDT:USDT with MTF...
2025-07-16 16:48:30 - TradingSystem - INFO - 📊 Analyzing JUP/USDT:USDT (MTF: 1h, 4h)...
2025-07-16 16:48:30 - TradingSystem - INFO - 📈 Progress: 66/188 (35.1%) - Signals: 0
2025-07-16 16:48:32 - root - INFO - ✅ All technical indicators calculated successfully
2025-07-16 16:48:32 - root - INFO - ✅ All technical indicators calculated successfully
2025-07-16 16:48:32 - root - INFO - ✅ All technical indicators calculated successfully
2025-07-16 16:48:32 - root - INFO - ✅ All technical indicators calculated successfully
2025-07-16 16:48:33 - root - INFO - ✅ All technical indicators calculated successfully
2025-07-16 16:48:33 - root - INFO - ✅ All technical indicators calculated successfully
2025-07-16 16:48:35 - TradingSystem - INFO - [Thread-0] [73] Analyzing ES/USDT:USDT with MTF...
2025-07-16 16:48:35 - TradingSystem - INFO - 📈 Progress: 67/188 (35.6%) - Signals: 0
2025-07-16 16:48:35 - TradingSystem - INFO - 📊 Analyzing ES/USDT:USDT (MTF: 1h, 4h)...
2025-07-16 16:48:35 - TradingSystem - INFO - [Thread-1] [74] Analyzing MOVE/USDT:USDT with MTF...
2025-07-16 16:48:35 - TradingSystem - INFO - 📈 Progress: 68/188 (36.2%) - Signals: 0
2025-07-16 16:48:35 - TradingSystem - INFO - 📊 Analyzing MOVE/USDT:USDT (MTF: 1h, 4h)...
2025-07-16 16:48:35 - TradingSystem - INFO - [Thread-2] [75] Analyzing CATI/USDT:USDT with MTF...
2025-07-16 16:48:35 - TradingSystem - INFO - 📈 Progress: 69/188 (36.7%) - Signals: 0
2025-07-16 16:48:35 - TradingSystem - INFO - 📊 Analyzing CATI/USDT:USDT (MTF: 1h, 4h)...
2025-07-16 16:48:36 - TradingSystem - INFO - [Thread-3] [76] Analyzing TRX/USDT:USDT with MTF...
2025-07-16 16:48:36 - TradingSystem - INFO - 📊 Analyzing TRX/USDT:USDT (MTF: 1h, 4h)...
2025-07-16 16:48:36 - TradingSystem - INFO - 📈 Progress: 70/188 (37.2%) - Signals: 0
2025-07-16 16:48:36 - TradingSystem - INFO - [Thread-4] [77] Analyzing RENDER/USDT:USDT with MTF...
2025-07-16 16:48:36 - TradingSystem - INFO - 📈 Progress: 71/188 (37.8%) - Signals: 0
2025-07-16 16:48:36 - TradingSystem - INFO - 📊 Analyzing RENDER/USDT:USDT (MTF: 1h, 4h)...
2025-07-16 16:48:36 - TradingSystem - INFO - [Thread-5] [78] Analyzing USELESS/USDT:USDT with MTF...
2025-07-16 16:48:36 - TradingSystem - INFO - 📈 Progress: 72/188 (38.3%) - Signals: 0
2025-07-16 16:48:36 - TradingSystem - INFO - 📊 Analyzing USELESS/USDT:USDT (MTF: 1h, 4h)...
2025-07-16 16:48:37 - TradingSystem - WARNING - Insufficient data for ES/USDT:USDT
2025-07-16 16:48:37 - TradingSystem - INFO - [Thread-0] [79] Analyzing POL/USDT:USDT with MTF...
2025-07-16 16:48:37 - TradingSystem - INFO - 📊 Analyzing POL/USDT:USDT (MTF: 1h, 4h)...
2025-07-16 16:48:37 - TradingSystem - INFO - 📈 Progress: 73/188 (38.8%) - Signals: 0
2025-07-16 16:48:37 - root - INFO - ✅ All technical indicators calculated successfully
2025-07-16 16:48:37 - root - INFO - ✅ All technical indicators calculated successfully
2025-07-16 16:48:37 - root - INFO - ✅ All technical indicators calculated successfully
2025-07-16 16:48:38 - root - INFO - ✅ All technical indicators calculated successfully
2025-07-16 16:48:38 - root - INFO - ✅ All technical indicators calculated successfully
2025-07-16 16:48:40 - TradingSystem - INFO - [Thread-1] [80] Analyzing AEVO/USDT:USDT with MTF...
2025-07-16 16:48:40 - TradingSystem - INFO - 📈 Progress: 74/188 (39.4%) - Signals: 0
2025-07-16 16:48:40 - TradingSystem - INFO - 📊 Analyzing AEVO/USDT:USDT (MTF: 1h, 4h)...
2025-07-16 16:48:40 - TradingSystem - INFO - [Thread-2] [81] Analyzing C/USDT:USDT with MTF...
2025-07-16 16:48:40 - TradingSystem - INFO - 📈 Progress: 75/188 (39.9%) - Signals: 0
2025-07-16 16:48:40 - TradingSystem - INFO - 📊 Analyzing C/USDT:USDT (MTF: 1h, 4h)...
2025-07-16 16:48:40 - TradingSystem - INFO - [Thread-3] [82] Analyzing 1000NEIROCTO/USDT:USDT with MTF...
2025-07-16 16:48:40 - TradingSystem - INFO - 📈 Progress: 76/188 (40.4%) - Signals: 0
2025-07-16 16:48:40 - TradingSystem - INFO - 📊 Analyzing 1000NEIROCTO/USDT:USDT (MTF: 1h, 4h)...
2025-07-16 16:48:40 - TradingSystem - INFO - [Thread-4] [83] Analyzing ICP/USDT:USDT with MTF...
2025-07-16 16:48:40 - TradingSystem - INFO - 📈 Progress: 77/188 (41.0%) - Signals: 0
2025-07-16 16:48:40 - TradingSystem - INFO - 📊 Analyzing ICP/USDT:USDT (MTF: 1h, 4h)...
2025-07-16 16:48:40 - TradingSystem - INFO - [Thread-5] [84] Analyzing PEOPLE/USDT:USDT with MTF...
2025-07-16 16:48:40 - TradingSystem - INFO - 📊 Analyzing PEOPLE/USDT:USDT (MTF: 1h, 4h)...
2025-07-16 16:48:40 - TradingSystem - INFO - 📈 Progress: 78/188 (41.5%) - Signals: 0
2025-07-16 16:48:42 - root - INFO - ✅ All technical indicators calculated successfully
2025-07-16 16:48:42 - TradingSystem - INFO - [Thread-0] [85] Analyzing ANIME/USDT:USDT with MTF...
2025-07-16 16:48:42 - TradingSystem - INFO - 📊 Analyzing ANIME/USDT:USDT (MTF: 1h, 4h)...
2025-07-16 16:48:42 - TradingSystem - INFO - 📈 Progress: 79/188 (42.0%) - Signals: 0
2025-07-16 16:48:42 - root - INFO - ✅ All technical indicators calculated successfully
2025-07-16 16:48:42 - root - INFO - ✅ All technical indicators calculated successfully
2025-07-16 16:48:42 - root - INFO - ✅ All technical indicators calculated successfully
2025-07-16 16:48:43 - root - INFO - ✅ All technical indicators calculated successfully
2025-07-16 16:48:43 - root - INFO - ✅ All technical indicators calculated successfully
2025-07-16 16:48:43 - TradingSystem - INFO - [Thread-1] [86] Analyzing AVAAI/USDT:USDT with MTF...
2025-07-16 16:48:43 - TradingSystem - INFO - 📈 Progress: 80/188 (42.6%) - Signals: 0
2025-07-16 16:48:43 - TradingSystem - INFO - 📊 Analyzing AVAAI/USDT:USDT (MTF: 1h, 4h)...
2025-07-16 16:48:45 - TradingSystem - INFO - [Thread-2] [87] Analyzing ATOM/USDT:USDT with MTF...
2025-07-16 16:48:45 - TradingSystem - INFO - 📈 Progress: 81/188 (43.1%) - Signals: 0
2025-07-16 16:48:45 - TradingSystem - INFO - 📊 Analyzing ATOM/USDT:USDT (MTF: 1h, 4h)...
2025-07-16 16:48:45 - TradingSystem - INFO - [Thread-3] [88] Analyzing STRK/USDT:USDT with MTF...
2025-07-16 16:48:45 - TradingSystem - INFO - 📈 Progress: 82/188 (43.6%) - Signals: 0
2025-07-16 16:48:45 - TradingSystem - INFO - 📊 Analyzing STRK/USDT:USDT (MTF: 1h, 4h)...
2025-07-16 16:48:45 - TradingSystem - INFO - [Thread-4] [89] Analyzing DOOD/USDT:USDT with MTF...
2025-07-16 16:48:45 - TradingSystem - INFO - 📊 Analyzing DOOD/USDT:USDT (MTF: 1h, 4h)...
2025-07-16 16:48:45 - TradingSystem - INFO - 📈 Progress: 83/188 (44.1%) - Signals: 0
2025-07-16 16:48:45 - TradingSystem - INFO - [Thread-5] [90] Analyzing S/USDT:USDT with MTF...
2025-07-16 16:48:45 - TradingSystem - INFO - 📊 Analyzing S/USDT:USDT (MTF: 1h, 4h)...
2025-07-16 16:48:45 - TradingSystem - INFO - 📈 Progress: 84/188 (44.7%) - Signals: 0
2025-07-16 16:48:47 - root - INFO - ✅ All technical indicators calculated successfully
2025-07-16 16:48:47 - root - INFO - ✅ All technical indicators calculated successfully
2025-07-16 16:48:47 - root - INFO - ✅ All technical indicators calculated successfully
2025-07-16 16:48:48 - root - INFO - ✅ All technical indicators calculated successfully
2025-07-16 16:48:48 - root - INFO - ✅ All technical indicators calculated successfully
2025-07-16 16:48:48 - root - INFO - ✅ All technical indicators calculated successfully
2025-07-16 16:48:50 - TradingSystem - INFO - [Thread-0] [91] Analyzing STX/USDT:USDT with MTF...
2025-07-16 16:48:50 - TradingSystem - INFO - 📈 Progress: 85/188 (45.2%) - Signals: 0
2025-07-16 16:48:50 - TradingSystem - INFO - 📊 Analyzing STX/USDT:USDT (MTF: 1h, 4h)...
2025-07-16 16:48:50 - TradingSystem - INFO - [Thread-1] [92] Analyzing BOME/USDT:USDT with MTF...
2025-07-16 16:48:50 - TradingSystem - INFO - 📊 Analyzing BOME/USDT:USDT (MTF: 1h, 4h)...
2025-07-16 16:48:50 - TradingSystem - INFO - 📈 Progress: 86/188 (45.7%) - Signals: 0
2025-07-16 16:48:50 - TradingSystem - INFO - [Thread-2] [93] Analyzing HAEDAL/USDT:USDT with MTF...
2025-07-16 16:48:50 - TradingSystem - INFO - 📊 Analyzing HAEDAL/USDT:USDT (MTF: 1h, 4h)...
2025-07-16 16:48:50 - TradingSystem - INFO - 📈 Progress: 87/188 (46.3%) - Signals: 0
2025-07-16 16:48:51 - TradingSystem - INFO - [Thread-3] [94] Analyzing KAS/USDT:USDT with MTF...
2025-07-16 16:48:51 - TradingSystem - INFO - 📈 Progress: 88/188 (46.8%) - Signals: 0
2025-07-16 16:48:51 - TradingSystem - INFO - 📊 Analyzing KAS/USDT:USDT (MTF: 1h, 4h)...
2025-07-16 16:48:51 - TradingSystem - INFO - [Thread-4] [95] Analyzing INIT/USDT:USDT with MTF...
2025-07-16 16:48:51 - TradingSystem - INFO - 📈 Progress: 89/188 (47.3%) - Signals: 0
2025-07-16 16:48:51 - TradingSystem - INFO - 📊 Analyzing INIT/USDT:USDT (MTF: 1h, 4h)...
2025-07-16 16:48:51 - TradingSystem - INFO - [Thread-5] [96] Analyzing AIN/USDT:USDT with MTF...
2025-07-16 16:48:51 - TradingSystem - INFO - 📊 Analyzing AIN/USDT:USDT (MTF: 1h, 4h)...
2025-07-16 16:48:51 - TradingSystem - INFO - 📈 Progress: 90/188 (47.9%) - Signals: 0
2025-07-16 16:48:52 - root - INFO - ✅ All technical indicators calculated successfully
2025-07-16 16:48:52 - root - INFO - ✅ All technical indicators calculated successfully
2025-07-16 16:48:52 - root - INFO - ✅ All technical indicators calculated successfully
2025-07-16 16:48:53 - root - INFO - ✅ All technical indicators calculated successfully
2025-07-16 16:48:53 - root - INFO - ✅ All technical indicators calculated successfully
2025-07-16 16:48:53 - root - INFO - ✅ All technical indicators calculated successfully
2025-07-16 16:48:55 - TradingSystem - INFO - [Thread-0] [97] Analyzing AERO/USDT:USDT with MTF...
2025-07-16 16:48:55 - TradingSystem - INFO - 📈 Progress: 91/188 (48.4%) - Signals: 0
2025-07-16 16:48:55 - TradingSystem - INFO - 📊 Analyzing AERO/USDT:USDT (MTF: 1h, 4h)...
2025-07-16 16:48:55 - TradingSystem - INFO - [Thread-1] [98] Analyzing GOAT/USDT:USDT with MTF...
2025-07-16 16:48:55 - TradingSystem - INFO - 📈 Progress: 92/188 (48.9%) - Signals: 0
2025-07-16 16:48:55 - TradingSystem - INFO - 📊 Analyzing GOAT/USDT:USDT (MTF: 1h, 4h)...
2025-07-16 16:48:56 - TradingSystem - INFO - [Thread-2] [99] Analyzing FIL/USDT:USDT with MTF...
2025-07-16 16:48:56 - TradingSystem - INFO - 📊 Analyzing FIL/USDT:USDT (MTF: 1h, 4h)...
2025-07-16 16:48:56 - TradingSystem - INFO - 📈 Progress: 93/188 (49.5%) - Signals: 0
2025-07-16 16:48:56 - TradingSystem - INFO - [Thread-3] [100] Analyzing SAND/USDT:USDT with MTF...
2025-07-16 16:48:56 - TradingSystem - INFO - 📈 Progress: 94/188 (50.0%) - Signals: 0
2025-07-16 16:48:56 - TradingSystem - INFO - 📊 Analyzing SAND/USDT:USDT (MTF: 1h, 4h)...
2025-07-16 16:48:56 - TradingSystem - INFO - [Thread-4] [101] Analyzing OMNI/USDT:USDT with MTF...
2025-07-16 16:48:56 - TradingSystem - INFO - 📈 Progress: 95/188 (50.5%) - Signals: 0
2025-07-16 16:48:56 - TradingSystem - INFO - 📊 Analyzing OMNI/USDT:USDT (MTF: 1h, 4h)...
2025-07-16 16:48:56 - TradingSystem - INFO - [Thread-5] [102] Analyzing TRB/USDT:USDT with MTF...
2025-07-16 16:48:56 - TradingSystem - INFO - 📈 Progress: 96/188 (51.1%) - Signals: 0
2025-07-16 16:48:56 - TradingSystem - INFO - 📊 Analyzing TRB/USDT:USDT (MTF: 1h, 4h)...
2025-07-16 16:48:57 - root - INFO - ✅ All technical indicators calculated successfully
2025-07-16 16:48:57 - root - INFO - ✅ All technical indicators calculated successfully
2025-07-16 16:48:57 - root - INFO - ✅ All technical indicators calculated successfully
2025-07-16 16:48:58 - root - INFO - ✅ All technical indicators calculated successfully
2025-07-16 16:48:58 - root - INFO - ✅ All technical indicators calculated successfully
2025-07-16 16:48:58 - root - INFO - ✅ All technical indicators calculated successfully
2025-07-16 16:49:01 - TradingSystem - INFO - [Thread-0] [103] Analyzing SYRUP/USDT:USDT with MTF...
2025-07-16 16:49:01 - TradingSystem - INFO - 📊 Analyzing SYRUP/USDT:USDT (MTF: 1h, 4h)...
2025-07-16 16:49:01 - TradingSystem - INFO - 📈 Progress: 97/188 (51.6%) - Signals: 0
2025-07-16 16:49:01 - TradingSystem - INFO - [Thread-1] [104] Analyzing CVX/USDT:USDT with MTF...
2025-07-16 16:49:01 - TradingSystem - INFO - 📈 Progress: 98/188 (52.1%) - Signals: 0
2025-07-16 16:49:01 - TradingSystem - INFO - 📊 Analyzing CVX/USDT:USDT (MTF: 1h, 4h)...
2025-07-16 16:49:01 - TradingSystem - INFO - [Thread-2] [105] Analyzing BANANAS31/USDT:USDT with MTF...
2025-07-16 16:49:01 - TradingSystem - INFO - 📈 Progress: 99/188 (52.7%) - Signals: 0
2025-07-16 16:49:01 - TradingSystem - INFO - 📊 Analyzing BANANAS31/USDT:USDT (MTF: 1h, 4h)...
2025-07-16 16:49:01 - TradingSystem - INFO - [Thread-3] [106] Analyzing AIXBT/USDT:USDT with MTF...
2025-07-16 16:49:01 - TradingSystem - INFO - 📈 Progress: 100/188 (53.2%) - Signals: 0
2025-07-16 16:49:01 - TradingSystem - INFO - 📊 Analyzing AIXBT/USDT:USDT (MTF: 1h, 4h)...
2025-07-16 16:49:01 - TradingSystem - INFO - 📈 Progress: 101/188 (53.7%) - Signals: 0
2025-07-16 16:49:01 - TradingSystem - INFO - [Thread-5] [107] Analyzing W/USDT:USDT with MTF...
2025-07-16 16:49:01 - TradingSystem - INFO - 📊 Analyzing W/USDT:USDT (MTF: 1h, 4h)...
2025-07-16 16:49:01 - TradingSystem - INFO - 📈 Progress: 102/188 (54.3%) - Signals: 0
2025-07-16 16:49:01 - TradingSystem - INFO - [Thread-4] [108] Analyzing HFT/USDT:USDT with MTF...
2025-07-16 16:49:01 - TradingSystem - INFO - 📊 Analyzing HFT/USDT:USDT (MTF: 1h, 4h)...
2025-07-16 16:49:02 - root - INFO - ✅ All technical indicators calculated successfully
2025-07-16 16:49:02 - root - INFO - ✅ All technical indicators calculated successfully
2025-07-16 16:49:02 - root - INFO - ✅ All technical indicators calculated successfully
2025-07-16 16:49:02 - root - INFO - ✅ All technical indicators calculated successfully
2025-07-16 16:49:02 - root - INFO - ✅ All technical indicators calculated successfully
2025-07-16 16:49:03 - root - INFO - ✅ All technical indicators calculated successfully
2025-07-16 16:49:05 - TradingSystem - INFO - [Thread-0] [109] Analyzing JTO/USDT:USDT with MTF...
2025-07-16 16:49:05 - TradingSystem - INFO - 📈 Progress: 103/188 (54.8%) - Signals: 0
2025-07-16 16:49:05 - TradingSystem - INFO - 📊 Analyzing JTO/USDT:USDT (MTF: 1h, 4h)...
2025-07-16 16:49:06 - TradingSystem - INFO - [Thread-1] [110] Analyzing PENDLE/USDT:USDT with MTF...
2025-07-16 16:49:06 - TradingSystem - INFO - 📈 Progress: 104/188 (55.3%) - Signals: 0
2025-07-16 16:49:06 - TradingSystem - INFO - 📊 Analyzing PENDLE/USDT:USDT (MTF: 1h, 4h)...
2025-07-16 16:49:06 - TradingSystem - INFO - [Thread-2] [111] Analyzing GRASS/USDT:USDT with MTF...
2025-07-16 16:49:06 - TradingSystem - INFO - 📈 Progress: 105/188 (55.9%) - Signals: 0
2025-07-16 16:49:06 - TradingSystem - INFO - 📊 Analyzing GRASS/USDT:USDT (MTF: 1h, 4h)...
2025-07-16 16:49:06 - TradingSystem - INFO - [Thread-3] [112] Analyzing USUAL/USDT:USDT with MTF...
2025-07-16 16:49:06 - TradingSystem - INFO - 📊 Analyzing USUAL/USDT:USDT (MTF: 1h, 4h)...
2025-07-16 16:49:06 - TradingSystem - INFO - 📈 Progress: 106/188 (56.4%) - Signals: 0
2025-07-16 16:49:06 - TradingSystem - INFO - [Thread-4] [113] Analyzing NEIROETH/USDT:USDT with MTF...
2025-07-16 16:49:06 - TradingSystem - INFO - 📈 Progress: 107/188 (56.9%) - Signals: 0
2025-07-16 16:49:06 - TradingSystem - INFO - 📊 Analyzing NEIROETH/USDT:USDT (MTF: 1h, 4h)...
2025-07-16 16:49:06 - TradingSystem - INFO - [Thread-5] [114] Analyzing MEW/USDT:USDT with MTF...
2025-07-16 16:49:06 - TradingSystem - INFO - 📈 Progress: 108/188 (57.4%) - Signals: 0
2025-07-16 16:49:06 - TradingSystem - INFO - 📊 Analyzing MEW/USDT:USDT (MTF: 1h, 4h)...
2025-07-16 16:49:07 - root - INFO - ✅ All technical indicators calculated successfully
2025-07-16 16:49:07 - root - INFO - ✅ All technical indicators calculated successfully
2025-07-16 16:49:07 - root - INFO - ✅ All technical indicators calculated successfully
2025-07-16 16:49:07 - root - INFO - ✅ All technical indicators calculated successfully
2025-07-16 16:49:07 - root - INFO - ✅ All technical indicators calculated successfully
2025-07-16 16:49:08 - root - INFO - ✅ All technical indicators calculated successfully
2025-07-16 16:49:10 - TradingSystem - INFO - [Thread-0] [115] Analyzing KAITO/USDT:USDT with MTF...
2025-07-16 16:49:10 - TradingSystem - INFO - 📊 Analyzing KAITO/USDT:USDT (MTF: 1h, 4h)...
2025-07-16 16:49:10 - TradingSystem - INFO - 📈 Progress: 109/188 (58.0%) - Signals: 0
2025-07-16 16:49:10 - TradingSystem - INFO - [Thread-1] [116] Analyzing OM/USDT:USDT with MTF...
2025-07-16 16:49:10 - TradingSystem - INFO - 📈 Progress: 110/188 (58.5%) - Signals: 0
2025-07-16 16:49:10 - TradingSystem - INFO - 📊 Analyzing OM/USDT:USDT (MTF: 1h, 4h)...
2025-07-16 16:49:10 - TradingSystem - INFO - [Thread-2] [117] Analyzing COOKIE/USDT:USDT with MTF...
2025-07-16 16:49:10 - TradingSystem - INFO - 📈 Progress: 111/188 (59.0%) - Signals: 0
2025-07-16 16:49:10 - TradingSystem - INFO - 📊 Analyzing COOKIE/USDT:USDT (MTF: 1h, 4h)...
2025-07-16 16:49:10 - TradingSystem - INFO - [Thread-3] [118] Analyzing BSV/USDT:USDT with MTF...
2025-07-16 16:49:10 - TradingSystem - INFO - 📊 Analyzing BSV/USDT:USDT (MTF: 1h, 4h)...
2025-07-16 16:49:10 - TradingSystem - INFO - 📈 Progress: 112/188 (59.6%) - Signals: 0
2025-07-16 16:49:10 - TradingSystem - INFO - [Thread-4] [119] Analyzing JASMY/USDT:USDT with MTF...
2025-07-16 16:49:10 - TradingSystem - INFO - 📈 Progress: 113/188 (60.1%) - Signals: 0
2025-07-16 16:49:10 - TradingSystem - INFO - 📊 Analyzing JASMY/USDT:USDT (MTF: 1h, 4h)...
2025-07-16 16:49:10 - TradingSystem - INFO - [Thread-5] [120] Analyzing VELVET/USDT:USDT with MTF...
2025-07-16 16:49:10 - TradingSystem - INFO - 📊 Analyzing VELVET/USDT:USDT (MTF: 1h, 4h)...
2025-07-16 16:49:10 - TradingSystem - INFO - 📈 Progress: 114/188 (60.6%) - Signals: 0
2025-07-16 16:49:12 - root - INFO - ✅ All technical indicators calculated successfully
2025-07-16 16:49:12 - TradingSystem - INFO - [Thread-0] [121] Analyzing NOT/USDT:USDT with MTF...
2025-07-16 16:49:12 - TradingSystem - INFO - 📈 Progress: 115/188 (61.2%) - Signals: 0
2025-07-16 16:49:12 - TradingSystem - INFO - 📊 Analyzing NOT/USDT:USDT (MTF: 1h, 4h)...
2025-07-16 16:49:12 - root - INFO - ✅ All technical indicators calculated successfully
2025-07-16 16:49:12 - root - INFO - ✅ All technical indicators calculated successfully
2025-07-16 16:49:12 - root - INFO - ✅ All technical indicators calculated successfully
2025-07-16 16:49:12 - root - INFO - ✅ All technical indicators calculated successfully
2025-07-16 16:49:12 - root - INFO - ✅ All technical indicators calculated successfully
2025-07-16 16:49:14 - TradingSystem - INFO - [Thread-1] [122] Analyzing DYDX/USDT:USDT with MTF...
2025-07-16 16:49:14 - TradingSystem - INFO - 📊 Analyzing DYDX/USDT:USDT (MTF: 1h, 4h)...
2025-07-16 16:49:14 - TradingSystem - INFO - 📈 Progress: 116/188 (61.7%) - Signals: 0
2025-07-16 16:49:14 - TradingSystem - INFO - [Thread-2] [123] Analyzing LA/USDT:USDT with MTF...
2025-07-16 16:49:14 - TradingSystem - INFO - 📈 Progress: 117/188 (62.2%) - Signals: 0
2025-07-16 16:49:14 - TradingSystem - INFO - 📊 Analyzing LA/USDT:USDT (MTF: 1h, 4h)...
2025-07-16 16:49:15 - TradingSystem - INFO - [Thread-3] [124] Analyzing APE/USDT:USDT with MTF...
2025-07-16 16:49:15 - TradingSystem - INFO - 📈 Progress: 118/188 (62.8%) - Signals: 0
2025-07-16 16:49:15 - TradingSystem - INFO - 📊 Analyzing APE/USDT:USDT (MTF: 1h, 4h)...
2025-07-16 16:49:15 - TradingSystem - INFO - [Thread-4] [125] Analyzing KNC/USDT:USDT with MTF...
2025-07-16 16:49:15 - TradingSystem - INFO - 📈 Progress: 119/188 (63.3%) - Signals: 0
2025-07-16 16:49:15 - TradingSystem - INFO - 📊 Analyzing KNC/USDT:USDT (MTF: 1h, 4h)...
2025-07-16 16:49:15 - TradingSystem - INFO - [Thread-5] [126] Analyzing TANSSI/USDT:USDT with MTF...
2025-07-16 16:49:15 - TradingSystem - INFO - 📈 Progress: 120/188 (63.8%) - Signals: 0
2025-07-16 16:49:15 - TradingSystem - INFO - 📊 Analyzing TANSSI/USDT:USDT (MTF: 1h, 4h)...
2025-07-16 16:49:17 - root - INFO - ✅ All technical indicators calculated successfully
2025-07-16 16:49:17 - root - INFO - ✅ All technical indicators calculated successfully
2025-07-16 16:49:18 - root - INFO - ✅ All technical indicators calculated successfully
2025-07-16 16:49:18 - root - INFO - ✅ All technical indicators calculated successfully
2025-07-16 16:49:18 - root - INFO - ✅ All technical indicators calculated successfully
2025-07-16 16:49:19 - root - INFO - ✅ All technical indicators calculated successfully
2025-07-16 16:49:20 - TradingSystem - INFO - [Thread-0] [127] Analyzing AR/USDT:USDT with MTF...
2025-07-16 16:49:20 - TradingSystem - INFO - 📊 Analyzing AR/USDT:USDT (MTF: 1h, 4h)...
2025-07-16 16:49:20 - TradingSystem - INFO - 📈 Progress: 121/188 (64.4%) - Signals: 0
2025-07-16 16:49:20 - TradingSystem - INFO - [Thread-1] [128] Analyzing VELO/USDT:USDT with MTF...
2025-07-16 16:49:20 - TradingSystem - INFO - 📈 Progress: 122/188 (64.9%) - Signals: 0
2025-07-16 16:49:20 - TradingSystem - INFO - 📊 Analyzing VELO/USDT:USDT (MTF: 1h, 4h)...
2025-07-16 16:49:20 - TradingSystem - INFO - [Thread-2] [129] Analyzing XAUT/USDT:USDT with MTF...
2025-07-16 16:49:20 - TradingSystem - INFO - 📊 Analyzing XAUT/USDT:USDT (MTF: 1h, 4h)...
2025-07-16 16:49:20 - TradingSystem - INFO - 📈 Progress: 123/188 (65.4%) - Signals: 0
2025-07-16 16:49:21 - TradingSystem - INFO - [Thread-3] [130] Analyzing C98/USDT:USDT with MTF...
2025-07-16 16:49:21 - TradingSystem - INFO - 📈 Progress: 124/188 (66.0%) - Signals: 0
2025-07-16 16:49:21 - TradingSystem - INFO - 📊 Analyzing C98/USDT:USDT (MTF: 1h, 4h)...
2025-07-16 16:49:21 - TradingSystem - INFO - [Thread-4] [131] Analyzing MKR/USDT:USDT with MTF...
2025-07-16 16:49:21 - TradingSystem - INFO - 📊 Analyzing MKR/USDT:USDT (MTF: 1h, 4h)...
2025-07-16 16:49:21 - TradingSystem - INFO - 📈 Progress: 125/188 (66.5%) - Signals: 0
2025-07-16 16:49:21 - TradingSystem - INFO - [Thread-5] [132] Analyzing RUNE/USDT:USDT with MTF...
2025-07-16 16:49:21 - TradingSystem - INFO - 📊 Analyzing RUNE/USDT:USDT (MTF: 1h, 4h)...
2025-07-16 16:49:21 - TradingSystem - INFO - 📈 Progress: 126/188 (67.0%) - Signals: 0
2025-07-16 16:49:22 - root - INFO - ✅ All technical indicators calculated successfully
2025-07-16 16:49:22 - root - INFO - ✅ All technical indicators calculated successfully
2025-07-16 16:49:22 - root - INFO - ✅ All technical indicators calculated successfully
2025-07-16 16:49:23 - root - INFO - ✅ All technical indicators calculated successfully
2025-07-16 16:49:23 - root - INFO - ✅ All technical indicators calculated successfully
2025-07-16 16:49:23 - root - INFO - ✅ All technical indicators calculated successfully
2025-07-16 16:49:23 - TradingSystem - INFO - [Thread-0] [133] Analyzing GRIFFAIN/USDT:USDT with MTF...
2025-07-16 16:49:23 - TradingSystem - INFO - 📈 Progress: 127/188 (67.6%) - Signals: 0
2025-07-16 16:49:23 - TradingSystem - INFO - 📊 Analyzing GRIFFAIN/USDT:USDT (MTF: 1h, 4h)...
2025-07-16 16:49:24 - TradingSystem - INFO - [Thread-1] [134] Analyzing GRT/USDT:USDT with MTF...
2025-07-16 16:49:24 - TradingSystem - INFO - 📊 Analyzing GRT/USDT:USDT (MTF: 1h, 4h)...
2025-07-16 16:49:24 - TradingSystem - INFO - 📈 Progress: 128/188 (68.1%) - Signals: 0
2025-07-16 16:49:25 - TradingSystem - INFO - [Thread-2] [135] Analyzing ORCA/USDT:USDT with MTF...
2025-07-16 16:49:25 - TradingSystem - INFO - 📊 Analyzing ORCA/USDT:USDT (MTF: 1h, 4h)...
2025-07-16 16:49:25 - TradingSystem - INFO - 📈 Progress: 129/188 (68.6%) - Signals: 0
2025-07-16 16:49:25 - TradingSystem - INFO - [Thread-3] [136] Analyzing FLOCK/USDT:USDT with MTF...
2025-07-16 16:49:25 - TradingSystem - INFO - 📊 Analyzing FLOCK/USDT:USDT (MTF: 1h, 4h)...
2025-07-16 16:49:25 - TradingSystem - INFO - 📈 Progress: 130/188 (69.1%) - Signals: 0
2025-07-16 16:49:25 - TradingSystem - INFO - [Thread-4] [137] Analyzing RESOLV/USDT:USDT with MTF...
2025-07-16 16:49:25 - TradingSystem - INFO - 📈 Progress: 131/188 (69.7%) - Signals: 0
2025-07-16 16:49:25 - TradingSystem - INFO - 📊 Analyzing RESOLV/USDT:USDT (MTF: 1h, 4h)...
2025-07-16 16:49:25 - TradingSystem - INFO - [Thread-5] [138] Analyzing DEEP/USDT:USDT with MTF...
2025-07-16 16:49:25 - TradingSystem - INFO - 📊 Analyzing DEEP/USDT:USDT (MTF: 1h, 4h)...
2025-07-16 16:49:25 - TradingSystem - INFO - 📈 Progress: 132/188 (70.2%) - Signals: 0
2025-07-16 16:49:27 - root - INFO - ✅ All technical indicators calculated successfully
2025-07-16 16:49:27 - root - INFO - ✅ All technical indicators calculated successfully
2025-07-16 16:49:27 - root - INFO - ✅ All technical indicators calculated successfully
2025-07-16 16:49:27 - root - INFO - ✅ All technical indicators calculated successfully
2025-07-16 16:49:27 - root - INFO - ✅ All technical indicators calculated successfully
2025-07-16 16:49:28 - root - INFO - ✅ All technical indicators calculated successfully
2025-07-16 16:49:29 - TradingSystem - INFO - [Thread-0] [139] Analyzing PONKE/USDT:USDT with MTF...
2025-07-16 16:49:29 - TradingSystem - INFO - 📊 Analyzing PONKE/USDT:USDT (MTF: 1h, 4h)...
2025-07-16 16:49:29 - TradingSystem - INFO - 📈 Progress: 133/188 (70.7%) - Signals: 0
2025-07-16 16:49:29 - TradingSystem - INFO - [Thread-1] [140] Analyzing ARC/USDT:USDT with MTF...
2025-07-16 16:49:29 - TradingSystem - INFO - 📈 Progress: 134/188 (71.3%) - Signals: 0
2025-07-16 16:49:29 - TradingSystem - INFO - 📊 Analyzing ARC/USDT:USDT (MTF: 1h, 4h)...
2025-07-16 16:49:30 - TradingSystem - INFO - [Thread-2] [141] Analyzing CHILLGUY/USDT:USDT with MTF...
2025-07-16 16:49:30 - TradingSystem - INFO - 📈 Progress: 135/188 (71.8%) - Signals: 0
2025-07-16 16:49:30 - TradingSystem - INFO - 📊 Analyzing CHILLGUY/USDT:USDT (MTF: 1h, 4h)...
2025-07-16 16:49:30 - TradingSystem - INFO - [Thread-3] [142] Analyzing NXPC/USDT:USDT with MTF...
2025-07-16 16:49:30 - TradingSystem - INFO - 📊 Analyzing NXPC/USDT:USDT (MTF: 1h, 4h)...
2025-07-16 16:49:30 - TradingSystem - INFO - 📈 Progress: 136/188 (72.3%) - Signals: 0
2025-07-16 16:49:30 - TradingSystem - INFO - [Thread-4] [143] Analyzing VVV/USDT:USDT with MTF...
2025-07-16 16:49:30 - TradingSystem - INFO - 📈 Progress: 137/188 (72.9%) - Signals: 0
2025-07-16 16:49:30 - TradingSystem - INFO - 📊 Analyzing VVV/USDT:USDT (MTF: 1h, 4h)...
2025-07-16 16:49:30 - TradingSystem - INFO - [Thread-5] [144] Analyzing SAHARA/USDT:USDT with MTF...
2025-07-16 16:49:30 - TradingSystem - INFO - 📊 Analyzing SAHARA/USDT:USDT (MTF: 1h, 4h)...
2025-07-16 16:49:30 - TradingSystem - INFO - 📈 Progress: 138/188 (73.4%) - Signals: 0
2025-07-16 16:49:32 - root - INFO - ✅ All technical indicators calculated successfully
2025-07-16 16:49:32 - root - INFO - ✅ All technical indicators calculated successfully
2025-07-16 16:49:32 - root - INFO - ✅ All technical indicators calculated successfully
2025-07-16 16:49:32 - root - INFO - ✅ All technical indicators calculated successfully
2025-07-16 16:49:33 - root - INFO - ✅ All technical indicators calculated successfully
2025-07-16 16:49:33 - root - INFO - ✅ All technical indicators calculated successfully
2025-07-16 16:49:35 - TradingSystem - INFO - [Thread-0] [145] Analyzing IP/USDT:USDT with MTF...
2025-07-16 16:49:35 - TradingSystem - INFO - 📊 Analyzing IP/USDT:USDT (MTF: 1h, 4h)...
2025-07-16 16:49:35 - TradingSystem - INFO - 📈 Progress: 139/188 (73.9%) - Signals: 0
2025-07-16 16:49:35 - TradingSystem - INFO - [Thread-1] [146] Analyzing MASK/USDT:USDT with MTF...
2025-07-16 16:49:35 - TradingSystem - INFO - 📊 Analyzing MASK/USDT:USDT (MTF: 1h, 4h)...
2025-07-16 16:49:35 - TradingSystem - INFO - 📈 Progress: 140/188 (74.5%) - Signals: 0
2025-07-16 16:49:35 - TradingSystem - INFO - [Thread-2] [147] Analyzing ALT/USDT:USDT with MTF...
2025-07-16 16:49:35 - TradingSystem - INFO - 📈 Progress: 141/188 (75.0%) - Signals: 0
2025-07-16 16:49:35 - TradingSystem - INFO - 📊 Analyzing ALT/USDT:USDT (MTF: 1h, 4h)...
2025-07-16 16:49:35 - TradingSystem - INFO - [Thread-3] [148] Analyzing ZK/USDT:USDT with MTF...
2025-07-16 16:49:35 - TradingSystem - INFO - 📈 Progress: 142/188 (75.5%) - Signals: 0
2025-07-16 16:49:35 - TradingSystem - INFO - 📊 Analyzing ZK/USDT:USDT (MTF: 1h, 4h)...
2025-07-16 16:49:35 - TradingSystem - INFO - 📈 Progress: 143/188 (76.1%) - Signals: 0
2025-07-16 16:49:35 - TradingSystem - INFO - [Thread-4] [149] Analyzing MORPHO/USDT:USDT with MTF...
2025-07-16 16:49:35 - TradingSystem - INFO - 📊 Analyzing MORPHO/USDT:USDT (MTF: 1h, 4h)...
2025-07-16 16:49:35 - TradingSystem - INFO - [Thread-5] [150] Analyzing XMR/USDT:USDT with MTF...
2025-07-16 16:49:35 - TradingSystem - INFO - 📊 Analyzing XMR/USDT:USDT (MTF: 1h, 4h)...
2025-07-16 16:49:35 - TradingSystem - INFO - 📈 Progress: 144/188 (76.6%) - Signals: 0
2025-07-16 16:49:37 - root - INFO - ✅ All technical indicators calculated successfully
2025-07-16 16:49:37 - root - INFO - ✅ All technical indicators calculated successfully
2025-07-16 16:49:37 - root - INFO - ✅ All technical indicators calculated successfully
2025-07-16 16:49:37 - root - INFO - ✅ All technical indicators calculated successfully
2025-07-16 16:49:38 - root - INFO - ✅ All technical indicators calculated successfully
2025-07-16 16:49:38 - root - INFO - ✅ All technical indicators calculated successfully
2025-07-16 16:49:40 - TradingSystem - INFO - [Thread-0] [151] Analyzing 1000TOSHI/USDT:USDT with MTF...
2025-07-16 16:49:40 - TradingSystem - INFO - 📊 Analyzing 1000TOSHI/USDT:USDT (MTF: 1h, 4h)...
2025-07-16 16:49:40 - TradingSystem - INFO - 📈 Progress: 145/188 (77.1%) - Signals: 0
2025-07-16 16:49:40 - TradingSystem - INFO - [Thread-1] [152] Analyzing MNT/USDT:USDT with MTF...
2025-07-16 16:49:40 - TradingSystem - INFO - 📈 Progress: 146/188 (77.7%) - Signals: 0
2025-07-16 16:49:40 - TradingSystem - INFO - 📊 Analyzing MNT/USDT:USDT (MTF: 1h, 4h)...
2025-07-16 16:49:40 - TradingSystem - INFO - [Thread-2] [153] Analyzing BANANA/USDT:USDT with MTF...
2025-07-16 16:49:40 - TradingSystem - INFO - 📊 Analyzing BANANA/USDT:USDT (MTF: 1h, 4h)...
2025-07-16 16:49:40 - TradingSystem - INFO - 📈 Progress: 147/188 (78.2%) - Signals: 0
2025-07-16 16:49:40 - TradingSystem - INFO - [Thread-3] [154] Analyzing MUBARAK/USDT:USDT with MTF...
2025-07-16 16:49:40 - TradingSystem - INFO - 📈 Progress: 148/188 (78.7%) - Signals: 0
2025-07-16 16:49:40 - TradingSystem - INFO - 📊 Analyzing MUBARAK/USDT:USDT (MTF: 1h, 4h)...
2025-07-16 16:49:40 - TradingSystem - INFO - [Thread-4] [155] Analyzing THETA/USDT:USDT with MTF...
2025-07-16 16:49:40 - TradingSystem - INFO - 📊 Analyzing THETA/USDT:USDT (MTF: 1h, 4h)...
2025-07-16 16:49:40 - TradingSystem - INFO - 📈 Progress: 149/188 (79.3%) - Signals: 0
2025-07-16 16:49:40 - TradingSystem - INFO - [Thread-5] [156] Analyzing WAL/USDT:USDT with MTF...
2025-07-16 16:49:40 - TradingSystem - INFO - 📊 Analyzing WAL/USDT:USDT (MTF: 1h, 4h)...
2025-07-16 16:49:40 - TradingSystem - INFO - 📈 Progress: 150/188 (79.8%) - Signals: 0
2025-07-16 16:49:42 - root - INFO - ✅ All technical indicators calculated successfully
2025-07-16 16:49:42 - root - INFO - ✅ All technical indicators calculated successfully
2025-07-16 16:49:42 - root - INFO - ✅ All technical indicators calculated successfully
2025-07-16 16:49:42 - root - INFO - ✅ All technical indicators calculated successfully
2025-07-16 16:49:43 - root - INFO - ✅ All technical indicators calculated successfully
2025-07-16 16:49:43 - root - INFO - ✅ All technical indicators calculated successfully
2025-07-16 16:49:44 - TradingSystem - INFO - [Thread-0] [157] Analyzing PORTAL/USDT:USDT with MTF...
2025-07-16 16:49:44 - TradingSystem - INFO - 📊 Analyzing PORTAL/USDT:USDT (MTF: 1h, 4h)...
2025-07-16 16:49:44 - TradingSystem - INFO - 📈 Progress: 151/188 (80.3%) - Signals: 0
2025-07-16 16:49:45 - TradingSystem - INFO - [Thread-1] [158] Analyzing VIC/USDT:USDT with MTF...
2025-07-16 16:49:45 - TradingSystem - INFO - 📊 Analyzing VIC/USDT:USDT (MTF: 1h, 4h)...
2025-07-16 16:49:45 - TradingSystem - INFO - 📈 Progress: 152/188 (80.9%) - Signals: 0
2025-07-16 16:49:45 - TradingSystem - INFO - [Thread-2] [159] Analyzing ZRO/USDT:USDT with MTF...
2025-07-16 16:49:45 - TradingSystem - INFO - 📊 Analyzing ZRO/USDT:USDT (MTF: 1h, 4h)...
2025-07-16 16:49:45 - TradingSystem - INFO - 📈 Progress: 153/188 (81.4%) - Signals: 0
2025-07-16 16:49:45 - TradingSystem - INFO - [Thread-3] [160] Analyzing ATH/USDT:USDT with MTF...
2025-07-16 16:49:45 - TradingSystem - INFO - 📈 Progress: 154/188 (81.9%) - Signals: 0
2025-07-16 16:49:45 - TradingSystem - INFO - 📊 Analyzing ATH/USDT:USDT (MTF: 1h, 4h)...
2025-07-16 16:49:45 - TradingSystem - INFO - [Thread-4] [161] Analyzing ARKM/USDT:USDT with MTF...
2025-07-16 16:49:45 - TradingSystem - INFO - 📈 Progress: 155/188 (82.4%) - Signals: 0
2025-07-16 16:49:45 - TradingSystem - INFO - 📊 Analyzing ARKM/USDT:USDT (MTF: 1h, 4h)...
2025-07-16 16:49:45 - TradingSystem - INFO - [Thread-5] [162] Analyzing AXS/USDT:USDT with MTF...
2025-07-16 16:49:45 - TradingSystem - INFO - 📈 Progress: 156/188 (83.0%) - Signals: 0
2025-07-16 16:49:45 - TradingSystem - INFO - 📊 Analyzing AXS/USDT:USDT (MTF: 1h, 4h)...
2025-07-16 16:49:47 - root - INFO - ✅ All technical indicators calculated successfully
2025-07-16 16:49:47 - root - INFO - ✅ All technical indicators calculated successfully
2025-07-16 16:49:47 - root - INFO - ✅ All technical indicators calculated successfully
2025-07-16 16:49:47 - root - INFO - ✅ All technical indicators calculated successfully
2025-07-16 16:49:48 - root - INFO - ✅ All technical indicators calculated successfully
2025-07-16 16:49:48 - root - INFO - ✅ All technical indicators calculated successfully
2025-07-16 16:49:48 - TradingSystem - INFO - [Thread-0] [163] Analyzing RDNT/USDT:USDT with MTF...
2025-07-16 16:49:48 - TradingSystem - INFO - 📊 Analyzing RDNT/USDT:USDT (MTF: 1h, 4h)...
2025-07-16 16:49:48 - TradingSystem - INFO - 📈 Progress: 157/188 (83.5%) - Signals: 0
2025-07-16 16:49:49 - TradingSystem - INFO - [Thread-1] [164] Analyzing HIPPO/USDT:USDT with MTF...
2025-07-16 16:49:49 - TradingSystem - INFO - 📊 Analyzing HIPPO/USDT:USDT (MTF: 1h, 4h)...
2025-07-16 16:49:49 - TradingSystem - INFO - 📈 Progress: 158/188 (84.0%) - Signals: 0
2025-07-16 16:49:50 - TradingSystem - INFO - [Thread-2] [165] Analyzing PYTH/USDT:USDT with MTF...
2025-07-16 16:49:50 - TradingSystem - INFO - 📊 Analyzing PYTH/USDT:USDT (MTF: 1h, 4h)...
2025-07-16 16:49:50 - TradingSystem - INFO - 📈 Progress: 159/188 (84.6%) - Signals: 0
2025-07-16 16:49:50 - TradingSystem - INFO - [Thread-3] [166] Analyzing IO/USDT:USDT with MTF...
2025-07-16 16:49:50 - TradingSystem - INFO - 📊 Analyzing IO/USDT:USDT (MTF: 1h, 4h)...
2025-07-16 16:49:50 - TradingSystem - INFO - 📈 Progress: 160/188 (85.1%) - Signals: 0
2025-07-16 16:49:50 - TradingSystem - INFO - [Thread-4] [167] Analyzing MAGIC/USDT:USDT with MTF...
2025-07-16 16:49:50 - TradingSystem - INFO - 📊 Analyzing MAGIC/USDT:USDT (MTF: 1h, 4h)...
2025-07-16 16:49:50 - TradingSystem - INFO - 📈 Progress: 161/188 (85.6%) - Signals: 0
2025-07-16 16:49:50 - TradingSystem - INFO - [Thread-5] [168] Analyzing LQTY/USDT:USDT with MTF...
2025-07-16 16:49:50 - TradingSystem - INFO - 📊 Analyzing LQTY/USDT:USDT (MTF: 1h, 4h)...
2025-07-16 16:49:50 - TradingSystem - INFO - 📈 Progress: 162/188 (86.2%) - Signals: 0
2025-07-16 16:49:52 - root - INFO - ✅ All technical indicators calculated successfully
2025-07-16 16:49:52 - root - INFO - ✅ All technical indicators calculated successfully
2025-07-16 16:49:52 - root - INFO - ✅ All technical indicators calculated successfully
2025-07-16 16:49:53 - root - INFO - ✅ All technical indicators calculated successfully
2025-07-16 16:49:53 - root - INFO - ✅ All technical indicators calculated successfully
2025-07-16 16:49:53 - root - INFO - ✅ All technical indicators calculated successfully
2025-07-16 16:49:55 - TradingSystem - INFO - [Thread-0] [169] Analyzing RAYDIUM/USDT:USDT with MTF...
2025-07-16 16:49:55 - TradingSystem - INFO - 📊 Analyzing RAYDIUM/USDT:USDT (MTF: 1h, 4h)...
2025-07-16 16:49:55 - TradingSystem - INFO - 📈 Progress: 163/188 (86.7%) - Signals: 0
2025-07-16 16:49:55 - TradingSystem - INFO - [Thread-1] [170] Analyzing CYBER/USDT:USDT with MTF...
2025-07-16 16:49:55 - TradingSystem - INFO - 📊 Analyzing CYBER/USDT:USDT (MTF: 1h, 4h)...
2025-07-16 16:49:55 - TradingSystem - INFO - 📈 Progress: 164/188 (87.2%) - Signals: 0
2025-07-16 16:49:55 - TradingSystem - INFO - [Thread-2] [171] Analyzing KERNEL/USDT:USDT with MTF...
2025-07-16 16:49:55 - TradingSystem - INFO - 📊 Analyzing KERNEL/USDT:USDT (MTF: 1h, 4h)...
2025-07-16 16:49:55 - TradingSystem - INFO - 📈 Progress: 165/188 (87.8%) - Signals: 0
2025-07-16 16:49:55 - TradingSystem - INFO - [Thread-3] [172] Analyzing SWARMS/USDT:USDT with MTF...
2025-07-16 16:49:55 - TradingSystem - INFO - 📈 Progress: 166/188 (88.3%) - Signals: 0
2025-07-16 16:49:55 - TradingSystem - INFO - 📊 Analyzing SWARMS/USDT:USDT (MTF: 1h, 4h)...
2025-07-16 16:49:55 - TradingSystem - INFO - [Thread-4] [173] Analyzing GIGA/USDT:USDT with MTF...
2025-07-16 16:49:55 - TradingSystem - INFO - 📊 Analyzing GIGA/USDT:USDT (MTF: 1h, 4h)...
2025-07-16 16:49:55 - TradingSystem - INFO - 📈 Progress: 167/188 (88.8%) - Signals: 0
2025-07-16 16:49:55 - TradingSystem - INFO - [Thread-5] [174] Analyzing FRAG/USDT:USDT with MTF...
2025-07-16 16:49:55 - TradingSystem - INFO - 📊 Analyzing FRAG/USDT:USDT (MTF: 1h, 4h)...
2025-07-16 16:49:55 - TradingSystem - INFO - 📈 Progress: 168/188 (89.4%) - Signals: 0
2025-07-16 16:49:57 - root - INFO - ✅ All technical indicators calculated successfully
2025-07-16 16:49:57 - root - INFO - ✅ All technical indicators calculated successfully
2025-07-16 16:49:58 - root - INFO - ✅ All technical indicators calculated successfully
2025-07-16 16:49:58 - root - INFO - ✅ All technical indicators calculated successfully
2025-07-16 16:49:58 - root - INFO - ✅ All technical indicators calculated successfully
2025-07-16 16:49:58 - root - INFO - ✅ All technical indicators calculated successfully
2025-07-16 16:49:59 - TradingSystem - INFO - [Thread-0] [175] Analyzing COMP/USDT:USDT with MTF...
2025-07-16 16:49:59 - TradingSystem - INFO - 📊 Analyzing COMP/USDT:USDT (MTF: 1h, 4h)...
2025-07-16 16:49:59 - TradingSystem - INFO - 📈 Progress: 169/188 (89.9%) - Signals: 0
2025-07-16 16:50:00 - TradingSystem - INFO - [Thread-1] [176] Analyzing KAIA/USDT:USDT with MTF...
2025-07-16 16:50:00 - TradingSystem - INFO - 📊 Analyzing KAIA/USDT:USDT (MTF: 1h, 4h)...
2025-07-16 16:50:00 - TradingSystem - INFO - 📈 Progress: 170/188 (90.4%) - Signals: 0
2025-07-16 16:50:00 - TradingSystem - INFO - [Thread-2] [177] Analyzing WCT/USDT:USDT with MTF...
2025-07-16 16:50:00 - TradingSystem - INFO - 📈 Progress: 171/188 (91.0%) - Signals: 0
2025-07-16 16:50:00 - TradingSystem - INFO - 📊 Analyzing WCT/USDT:USDT (MTF: 1h, 4h)...
2025-07-16 16:50:01 - TradingSystem - INFO - [Thread-3] [178] Analyzing IOTA/USDT:USDT with MTF...
2025-07-16 16:50:01 - TradingSystem - INFO - 📈 Progress: 172/188 (91.5%) - Signals: 0
2025-07-16 16:50:01 - TradingSystem - INFO - 📊 Analyzing IOTA/USDT:USDT (MTF: 1h, 4h)...
2025-07-16 16:50:01 - TradingSystem - INFO - [Thread-4] [179] Analyzing GMT/USDT:USDT with MTF...
2025-07-16 16:50:01 - TradingSystem - INFO - 📊 Analyzing GMT/USDT:USDT (MTF: 1h, 4h)...
2025-07-16 16:50:01 - TradingSystem - INFO - 📈 Progress: 173/188 (92.0%) - Signals: 0
2025-07-16 16:50:01 - TradingSystem - INFO - [Thread-5] [180] Analyzing SWELL/USDT:USDT with MTF...
2025-07-16 16:50:01 - TradingSystem - INFO - 📊 Analyzing SWELL/USDT:USDT (MTF: 1h, 4h)...
2025-07-16 16:50:01 - TradingSystem - INFO - 📈 Progress: 174/188 (92.6%) - Signals: 0
2025-07-16 16:50:02 - root - INFO - ✅ All technical indicators calculated successfully
2025-07-16 16:50:02 - root - INFO - ✅ All technical indicators calculated successfully
2025-07-16 16:50:02 - root - INFO - ✅ All technical indicators calculated successfully
2025-07-16 16:50:02 - root - INFO - ✅ All technical indicators calculated successfully
2025-07-16 16:50:03 - root - INFO - ✅ All technical indicators calculated successfully
2025-07-16 16:50:03 - root - INFO - ✅ All technical indicators calculated successfully
2025-07-16 16:50:05 - TradingSystem - INFO - [Thread-0] [181] Analyzing ZEREBRO/USDT:USDT with MTF...
2025-07-16 16:50:05 - TradingSystem - INFO - 📊 Analyzing ZEREBRO/USDT:USDT (MTF: 1h, 4h)...
2025-07-16 16:50:05 - TradingSystem - INFO - 📈 Progress: 175/188 (93.1%) - Signals: 0
2025-07-16 16:50:05 - TradingSystem - INFO - [Thread-1] [182] Analyzing PAXG/USDT:USDT with MTF...
2025-07-16 16:50:05 - TradingSystem - INFO - 📊 Analyzing PAXG/USDT:USDT (MTF: 1h, 4h)...
2025-07-16 16:50:05 - TradingSystem - INFO - 📈 Progress: 176/188 (93.6%) - Signals: 0
2025-07-16 16:50:05 - TradingSystem - INFO - [Thread-2] [183] Analyzing XEM/USDT:USDT with MTF...
2025-07-16 16:50:05 - TradingSystem - INFO - 📈 Progress: 177/188 (94.1%) - Signals: 0
2025-07-16 16:50:05 - TradingSystem - INFO - 📊 Analyzing XEM/USDT:USDT (MTF: 1h, 4h)...
2025-07-16 16:50:05 - TradingSystem - INFO - [Thread-3] [184] Analyzing LPT/USDT:USDT with MTF...
2025-07-16 16:50:05 - TradingSystem - INFO - 📈 Progress: 178/188 (94.7%) - Signals: 0
2025-07-16 16:50:05 - TradingSystem - INFO - 📊 Analyzing LPT/USDT:USDT (MTF: 1h, 4h)...
2025-07-16 16:50:05 - TradingSystem - INFO - [Thread-4] [185] Analyzing UMA/USDT:USDT with MTF...
2025-07-16 16:50:05 - TradingSystem - INFO - 📈 Progress: 179/188 (95.2%) - Signals: 0
2025-07-16 16:50:05 - TradingSystem - INFO - 📊 Analyzing UMA/USDT:USDT (MTF: 1h, 4h)...
2025-07-16 16:50:05 - TradingSystem - INFO - [Thread-5] [186] Analyzing HOOK/USDT:USDT with MTF...
2025-07-16 16:50:05 - TradingSystem - INFO - 📊 Analyzing HOOK/USDT:USDT (MTF: 1h, 4h)...
2025-07-16 16:50:05 - TradingSystem - INFO - 📈 Progress: 180/188 (95.7%) - Signals: 0
2025-07-16 16:50:07 - root - INFO - ✅ All technical indicators calculated successfully
2025-07-16 16:50:08 - root - INFO - ✅ All technical indicators calculated successfully
2025-07-16 16:50:08 - root - INFO - ✅ All technical indicators calculated successfully
2025-07-16 16:50:08 - root - INFO - ✅ All technical indicators calculated successfully
2025-07-16 16:50:08 - root - INFO - ✅ All technical indicators calculated successfully
2025-07-16 16:50:08 - root - INFO - ✅ All technical indicators calculated successfully
2025-07-16 16:50:10 - TradingSystem - INFO - [Thread-0] [187] Analyzing RVN/USDT:USDT with MTF...
2025-07-16 16:50:10 - TradingSystem - INFO - 📊 Analyzing RVN/USDT:USDT (MTF: 1h, 4h)...
2025-07-16 16:50:10 - TradingSystem - INFO - 📈 Progress: 181/188 (96.3%) - Signals: 0
2025-07-16 16:50:10 - TradingSystem - INFO - [Thread-1] [188] Analyzing ICNT/USDT:USDT with MTF...
2025-07-16 16:50:10 - TradingSystem - INFO - 📈 Progress: 182/188 (96.8%) - Signals: 0
2025-07-16 16:50:10 - TradingSystem - INFO - 📊 Analyzing ICNT/USDT:USDT (MTF: 1h, 4h)...
2025-07-16 16:50:10 - TradingSystem - INFO - 📈 Progress: 183/188 (97.3%) - Signals: 0
2025-07-16 16:50:11 - TradingSystem - INFO - 📈 Progress: 184/188 (97.9%) - Signals: 0
2025-07-16 16:50:11 - TradingSystem - INFO - 📈 Progress: 185/188 (98.4%) - Signals: 0
2025-07-16 16:50:11 - TradingSystem - INFO - 📈 Progress: 186/188 (98.9%) - Signals: 0
2025-07-16 16:50:12 - root - INFO - ✅ All technical indicators calculated successfully
2025-07-16 16:50:12 - root - INFO - ✅ All technical indicators calculated successfully
2025-07-16 16:50:12 - TradingSystem - INFO - 📈 Progress: 187/188 (99.5%) - Signals: 0
2025-07-16 16:50:13 - TradingSystem - INFO - 📈 Progress: 188/188 (100.0%) - Signals: 0
2025-07-16 16:50:13 - TradingSystem - INFO - ⚡ MTF PARALLEL ANALYSIS COMPLETED!
2025-07-16 16:50:13 - TradingSystem - INFO -    Execution Time: 165.7s
2025-07-16 16:50:13 - TradingSystem - INFO -    MTF Confirmations: Strong: 0, Partial: 0, None: 0
