2025-07-23 15:58:12 - TradingSystem - INFO - Loading database configuration from enhanced_config.yaml
2025-07-23 15:58:12 - TradingSystem - INFO - Database config loaded:
2025-07-23 15:58:12 - TradingSystem - INFO -    Host: localhost:3306
2025-07-23 15:58:12 - TradingSystem - INFO -    Database: bybit_trading_system
2025-07-23 15:58:12 - TradingSystem - INFO -    Username: root
2025-07-23 15:58:12 - TradingSystem - INFO -    Password: ***
2025-07-23 15:58:12 - TradingSystem - INFO - Loading system configuration from MySQL database...
2025-07-23 15:58:12 - config.config - INFO - Loading configuration 'default' from MySQL database
2025-07-23 15:58:12 - notifier.telegram - INFO - ✅ Telegram bot initialized successfully
2025-07-23 15:58:12 - TradingSystem - INFO - 🤖 AUTO-TRADING CONFIGURATION:
2025-07-23 15:58:12 - TradingSystem - INFO - ==================================================
2025-07-23 15:58:12 - TradingSystem - INFO - 📊 Trading Parameters:
2025-07-23 15:58:12 - TradingSystem - INFO -    Leverage: max
2025-07-23 15:58:12 - TradingSystem - INFO -    Risk Amount per Trade: 5.0% of account balance
2025-07-23 15:58:12 - TradingSystem - INFO -    Max Concurrent Positions: 5
2025-07-23 15:58:12 - TradingSystem - INFO -    Max Executions per Scan: 2
2025-07-23 15:58:12 - TradingSystem - INFO -    Auto-Close Profit Target: 50.0%
2025-07-23 15:58:12 - TradingSystem - INFO - ⏰ Scheduling Parameters:
2025-07-23 15:58:12 - TradingSystem - INFO -    Daily Start Time: 01:00
2025-07-23 15:58:12 - TradingSystem - INFO -    Scan Interval: 0.2 hours (900 seconds)
2025-07-23 15:58:12 - TradingSystem - INFO - 📈 Analysis Configuration:
2025-07-23 15:58:12 - TradingSystem - INFO -    Primary Timeframe: 30m
2025-07-23 15:58:12 - TradingSystem - INFO -    Confirmation Timeframes: 1h, 4h, 6h
2025-07-23 15:58:12 - TradingSystem - INFO -    MTF Confirmation Required: True
2025-07-23 15:58:12 - TradingSystem - INFO -    Min Volume 24h: $5,000,000.0
2025-07-23 15:58:12 - TradingSystem - INFO - ⚠️ Risk Management:
2025-07-23 15:58:12 - TradingSystem - INFO -    Risk per Trade: 5.0% of account balance
2025-07-23 15:58:12 - TradingSystem - INFO -    Max Total Risk Exposure: 25.0% of account balance
2025-07-23 15:58:12 - TradingSystem - INFO -    Max Leveraged Exposure: 25.0% × Max Leverage
2025-07-23 15:58:12 - TradingSystem - INFO -    Portfolio Risk Limit: 2.0%
2025-07-23 15:58:12 - TradingSystem - INFO - 🔧 Trading Mode: PRODUCTION
2025-07-23 15:58:12 - TradingSystem - INFO - 📱 Telegram Configuration:
2025-07-23 15:58:12 - TradingSystem - INFO -    Bot Token: Configured
2025-07-23 15:58:12 - TradingSystem - INFO -    User ID: 6708641837
2025-07-23 15:58:12 - TradingSystem - INFO - ==================================================
2025-07-23 15:58:12 - core.exchange - INFO - 🌍 Using API endpoint: https://api.bybitglobal.com
2025-07-23 15:58:25 - core.exchange - INFO - ✅ Connected to Bybit PRODUCTION via Global API
2025-07-23 15:58:25 - core.exchange - INFO - 🌍 API Endpoint: https://api.bybitglobal.com
2025-07-23 15:58:25 - TradingSystem - INFO - 🚀 COMPLETE ENHANCED SYSTEM WITH MULTI-TIMEFRAME & MYSQL DATABASE INITIALIZED!
2025-07-23 15:58:26 - core.exchange - INFO - ✅ Global API connection test successful
2025-07-23 15:58:26 - core.exchange - INFO - 🌍 Connected via: https://api.bybitglobal.com
2025-07-23 15:58:26 - bybit.autotrader - INFO - 🚀 Started auto-trading session: autotrader_20250723_155826
2025-07-23 15:58:26 - bybit.autotrader - INFO - ⚙️ Configuration:
2025-07-23 15:58:26 - bybit.autotrader - INFO -    Max concurrent positions: 5
2025-07-23 15:58:26 - bybit.autotrader - INFO -    Max executions per scan: 2
2025-07-23 15:58:26 - bybit.autotrader - INFO -    Risk amount per trade: 5.0%
2025-07-23 15:58:26 - bybit.autotrader - INFO -    Leverage: max
2025-07-23 15:58:26 - bybit.autotrader - INFO -    Auto-close profit target: 50.0%
2025-07-23 15:58:26 - bybit.autotrader - INFO -    Scan interval: 0.2 hours
2025-07-23 15:58:26 - bybit.autotrader - INFO - 📊 Started position monitoring
2025-07-23 15:58:26 - bybit.autotrader - INFO - 🤖 Auto-trading loop started
2025-07-23 15:58:26 - bybit.autotrader - INFO - ⏰ Next scan scheduled for: 2025-07-23 16:00:00
2025-07-23 15:58:26 - bybit.autotrader - INFO - ⏳ Waiting 1.6 minutes...
2025-07-23 16:00:00 - bybit.autotrader - INFO - ⏰ Scan time reached: 2025-07-23 16:00:00
2025-07-23 16:00:00 - bybit.autotrader - INFO - 📊 Running signal analysis...
2025-07-23 16:00:00 - TradingSystem - INFO - 🚀 STARTING OPTIMIZED ANALYSIS WITH 30m→1h/4h/6h MTF CONFIRMATION
2025-07-23 16:00:00 - TradingSystem - INFO -    📊 Charts generated ONLY for top-ranked signals (after analysis complete)
2025-07-23 16:00:00 - TradingSystem - INFO - ==========================================================================================
2025-07-23 16:00:01 - TradingSystem - INFO - 📊 Analyzing 221 symbols with MTF confirmation...
2025-07-23 16:00:01 - TradingSystem - INFO -    Primary Timeframe: 30m
2025-07-23 16:00:01 - TradingSystem - INFO -    Confirmation Timeframes: 1h, 4h, 6h
2025-07-23 16:00:01 - TradingSystem - INFO -    MTF Weight Multiplier: 1.5x
2025-07-23 16:00:01 - TradingSystem - INFO -    Database: MySQL @ localhost
2025-07-23 16:00:01 - TradingSystem - INFO -    Chart Strategy: Top 5 signals only
2025-07-23 16:00:01 - TradingSystem - INFO - 📈 PHASE 1: Signal Generation (No Charts)
2025-07-23 16:01:36 - TradingSystem - INFO - 📊 PHASE 2: Signal Ranking (0 signals in 96.5s)
2025-07-23 16:01:36 - TradingSystem - INFO - 🏆 Top 5 Signals After Ranking:
2025-07-23 16:01:36 - TradingSystem - INFO - 📊 PHASE 3: No signals found for chart generation
2025-07-23 16:01:36 - TradingSystem - INFO - ⚡ 30m→1h/4h/6h OPTIMIZED MTF ANALYSIS COMPLETED!
2025-07-23 16:01:36 - TradingSystem - INFO -    Total Execution Time: 96.5s
2025-07-23 16:01:36 - TradingSystem - INFO -    Signal Generation: 96.5s (0 signals)
2025-07-23 16:01:36 - TradingSystem - INFO -    Chart Generation: 0.0s (0 charts)
2025-07-23 16:01:36 - TradingSystem - INFO -    Chart Efficiency: 0/0 = 0.0% charted
2025-07-23 16:01:36 - TradingSystem - INFO -    MTF Confirmations: Strong: 0, Partial: 0, None: 0
2025-07-23 16:01:36 - bybit.autotrader - WARNING - No signals generated in this scan
2025-07-23 16:01:36 - bybit.autotrader - INFO - 📊 Scan complete - Signals: 0, Executed: 0
2025-07-23 16:01:37 - httpx - INFO - HTTP Request: POST https://api.telegram.org/bot8088506547:AAHZZxiY_wlh48IN4ldPNRJtM9qi7qxfLdM/sendMessage "HTTP/1.1 200 OK"
2025-07-23 16:01:37 - bybit.autotrader - INFO - ⏰ Next scan scheduled for: 2025-07-23 16:15:00
2025-07-23 16:01:37 - bybit.autotrader - INFO - ⏳ Waiting 13.4 minutes...
2025-07-23 16:15:00 - bybit.autotrader - INFO - ⏰ Scan time reached: 2025-07-23 16:15:00
2025-07-23 16:15:00 - bybit.autotrader - INFO - 📊 Running signal analysis...
2025-07-23 16:15:00 - TradingSystem - INFO - 🚀 STARTING OPTIMIZED ANALYSIS WITH 30m→1h/4h/6h MTF CONFIRMATION
2025-07-23 16:15:00 - TradingSystem - INFO -    📊 Charts generated ONLY for top-ranked signals (after analysis complete)
2025-07-23 16:15:00 - TradingSystem - INFO - ==========================================================================================
2025-07-23 16:15:02 - TradingSystem - INFO - 📊 Analyzing 219 symbols with MTF confirmation...
2025-07-23 16:15:02 - TradingSystem - INFO -    Primary Timeframe: 30m
2025-07-23 16:15:02 - TradingSystem - INFO -    Confirmation Timeframes: 1h, 4h, 6h
2025-07-23 16:15:02 - TradingSystem - INFO -    MTF Weight Multiplier: 1.5x
2025-07-23 16:15:02 - TradingSystem - INFO -    Database: MySQL @ localhost
2025-07-23 16:15:02 - TradingSystem - INFO -    Chart Strategy: Top 5 signals only
2025-07-23 16:15:02 - TradingSystem - INFO - 📈 PHASE 1: Signal Generation (No Charts)
2025-07-23 16:16:39 - TradingSystem - INFO - 📊 PHASE 2: Signal Ranking (0 signals in 99.1s)
2025-07-23 16:16:39 - TradingSystem - INFO - 🏆 Top 5 Signals After Ranking:
2025-07-23 16:16:39 - TradingSystem - INFO - 📊 PHASE 3: No signals found for chart generation
2025-07-23 16:16:39 - TradingSystem - INFO - ⚡ 30m→1h/4h/6h OPTIMIZED MTF ANALYSIS COMPLETED!
2025-07-23 16:16:39 - TradingSystem - INFO -    Total Execution Time: 99.1s
2025-07-23 16:16:39 - TradingSystem - INFO -    Signal Generation: 99.1s (0 signals)
2025-07-23 16:16:39 - TradingSystem - INFO -    Chart Generation: 0.0s (0 charts)
2025-07-23 16:16:39 - TradingSystem - INFO -    Chart Efficiency: 0/0 = 0.0% charted
2025-07-23 16:16:39 - TradingSystem - INFO -    MTF Confirmations: Strong: 0, Partial: 0, None: 0
2025-07-23 16:16:39 - bybit.autotrader - WARNING - No signals generated in this scan
2025-07-23 16:16:39 - bybit.autotrader - INFO - 📊 Scan complete - Signals: 0, Executed: 0
2025-07-23 16:16:42 - httpx - INFO - HTTP Request: POST https://api.telegram.org/bot8088506547:AAHZZxiY_wlh48IN4ldPNRJtM9qi7qxfLdM/sendMessage "HTTP/1.1 200 OK"
2025-07-23 16:16:42 - bybit.autotrader - INFO - ⏰ Next scan scheduled for: 2025-07-23 16:30:00
2025-07-23 16:16:42 - bybit.autotrader - INFO - ⏳ Waiting 13.3 minutes...
2025-07-23 16:30:00 - bybit.autotrader - INFO - ⏰ Scan time reached: 2025-07-23 16:30:00
2025-07-23 16:30:00 - bybit.autotrader - INFO - 📊 Running signal analysis...
2025-07-23 16:30:00 - TradingSystem - INFO - 🚀 STARTING OPTIMIZED ANALYSIS WITH 30m→1h/4h/6h MTF CONFIRMATION
2025-07-23 16:30:00 - TradingSystem - INFO -    📊 Charts generated ONLY for top-ranked signals (after analysis complete)
2025-07-23 16:30:00 - TradingSystem - INFO - ==========================================================================================
2025-07-23 16:30:01 - TradingSystem - INFO - 📊 Analyzing 218 symbols with MTF confirmation...
2025-07-23 16:30:01 - TradingSystem - INFO -    Primary Timeframe: 30m
2025-07-23 16:30:01 - TradingSystem - INFO -    Confirmation Timeframes: 1h, 4h, 6h
2025-07-23 16:30:01 - TradingSystem - INFO -    MTF Weight Multiplier: 1.5x
2025-07-23 16:30:01 - TradingSystem - INFO -    Database: MySQL @ localhost
2025-07-23 16:30:01 - TradingSystem - INFO -    Chart Strategy: Top 5 signals only
2025-07-23 16:30:01 - TradingSystem - INFO - 📈 PHASE 1: Signal Generation (No Charts)
2025-07-23 16:30:32 - urllib3.connectionpool - WARNING - Retrying (Retry(total=2, connect=None, read=None, redirect=None, status=None)) after connection broken by 'ReadTimeoutError("HTTPSConnectionPool(host='api.bybitglobal.com', port=443): Read timed out. (read timeout=30.0)")': /v5/market/kline?symbol=SPKUSDT&limit=500&interval=30&category=linear
2025-07-23 16:31:29 - TradingSystem - INFO - 📊 PHASE 2: Signal Ranking (0 signals in 89.2s)
2025-07-23 16:31:29 - TradingSystem - INFO - 🏆 Top 5 Signals After Ranking:
2025-07-23 16:31:29 - TradingSystem - INFO - 📊 PHASE 3: No signals found for chart generation
2025-07-23 16:31:29 - TradingSystem - INFO - ⚡ 30m→1h/4h/6h OPTIMIZED MTF ANALYSIS COMPLETED!
2025-07-23 16:31:29 - TradingSystem - INFO -    Total Execution Time: 89.2s
2025-07-23 16:31:29 - TradingSystem - INFO -    Signal Generation: 89.2s (0 signals)
2025-07-23 16:31:29 - TradingSystem - INFO -    Chart Generation: 0.0s (0 charts)
2025-07-23 16:31:29 - TradingSystem - INFO -    Chart Efficiency: 0/0 = 0.0% charted
2025-07-23 16:31:29 - TradingSystem - INFO -    MTF Confirmations: Strong: 0, Partial: 0, None: 0
2025-07-23 16:31:29 - bybit.autotrader - WARNING - No signals generated in this scan
2025-07-23 16:31:29 - bybit.autotrader - INFO - 📊 Scan complete - Signals: 0, Executed: 0
2025-07-23 16:31:31 - httpx - INFO - HTTP Request: POST https://api.telegram.org/bot8088506547:AAHZZxiY_wlh48IN4ldPNRJtM9qi7qxfLdM/sendMessage "HTTP/1.1 200 OK"
2025-07-23 16:31:31 - bybit.autotrader - INFO - ⏰ Next scan scheduled for: 2025-07-23 16:45:00
2025-07-23 16:31:31 - bybit.autotrader - INFO - ⏳ Waiting 13.5 minutes...
2025-07-23 16:38:43 - urllib3.connectionpool - WARNING - Retrying (Retry(total=2, connect=None, read=None, redirect=None, status=None)) after connection broken by 'ReadTimeoutError("HTTPSConnectionPool(host='api.bybitglobal.com', port=443): Read timed out. (read timeout=30.0)")': /v5/position/list?settleCoin=USDT&limit=200&category=linear
2025-07-23 16:38:47 - bybit.autotrader - ERROR - Error getting current positions: bybit {"retCode":10002,"retMsg":"invalid request, please check your server timestamp or recv_window param. req_timestamp[1753285093809],server_timestamp[1753285127212],recv_window[5000]","result":{},"retExtInfo":{},"time":1753285127212}
2025-07-23 16:45:00 - bybit.autotrader - INFO - ⏰ Scan time reached: 2025-07-23 16:45:00
2025-07-23 16:45:00 - bybit.autotrader - INFO - 📊 Running signal analysis...
2025-07-23 16:45:00 - TradingSystem - INFO - 🚀 STARTING OPTIMIZED ANALYSIS WITH 30m→1h/4h/6h MTF CONFIRMATION
2025-07-23 16:45:00 - TradingSystem - INFO -    📊 Charts generated ONLY for top-ranked signals (after analysis complete)
2025-07-23 16:45:00 - TradingSystem - INFO - ==========================================================================================
2025-07-23 16:45:01 - TradingSystem - INFO - 📊 Analyzing 218 symbols with MTF confirmation...
2025-07-23 16:45:01 - TradingSystem - INFO -    Primary Timeframe: 30m
2025-07-23 16:45:01 - TradingSystem - INFO -    Confirmation Timeframes: 1h, 4h, 6h
2025-07-23 16:45:01 - TradingSystem - INFO -    MTF Weight Multiplier: 1.5x
2025-07-23 16:45:01 - TradingSystem - INFO -    Database: MySQL @ localhost
2025-07-23 16:45:01 - TradingSystem - INFO -    Chart Strategy: Top 5 signals only
2025-07-23 16:45:01 - TradingSystem - INFO - 📈 PHASE 1: Signal Generation (No Charts)
2025-07-23 16:45:31 - urllib3.connectionpool - WARNING - Retrying (Retry(total=2, connect=None, read=None, redirect=None, status=None)) after connection broken by 'ReadTimeoutError("HTTPSConnectionPool(host='api.bybitglobal.com', port=443): Read timed out. (read timeout=30.0)")': /v5/position/list?settleCoin=USDT&limit=200&category=linear
2025-07-23 16:45:31 - urllib3.connectionpool - WARNING - Retrying (Retry(total=2, connect=None, read=None, redirect=None, status=None)) after connection broken by 'ReadTimeoutError("HTTPSConnectionPool(host='api.bybitglobal.com', port=443): Read timed out. (read timeout=30.0)")': /v5/market/kline?symbol=BTCUSDT&limit=500&interval=30&category=linear
2025-07-23 16:45:31 - urllib3.connectionpool - WARNING - Retrying (Retry(total=2, connect=None, read=None, redirect=None, status=None)) after connection broken by 'ReadTimeoutError("HTTPSConnectionPool(host='api.bybitglobal.com', port=443): Read timed out. (read timeout=30.0)")': /v5/market/kline?symbol=SPKUSDT&limit=500&interval=30&category=linear
2025-07-23 16:45:31 - urllib3.connectionpool - WARNING - Retrying (Retry(total=2, connect=None, read=None, redirect=None, status=None)) after connection broken by 'ReadTimeoutError("HTTPSConnectionPool(host='api.bybitglobal.com', port=443): Read timed out. (read timeout=30.0)")': /v5/market/kline?symbol=SOLUSDT&limit=500&interval=30&category=linear
2025-07-23 16:45:31 - urllib3.connectionpool - WARNING - Retrying (Retry(total=2, connect=None, read=None, redirect=None, status=None)) after connection broken by 'ReadTimeoutError("HTTPSConnectionPool(host='api.bybitglobal.com', port=443): Read timed out. (read timeout=30.0)")': /v5/market/kline?symbol=XRPUSDT&limit=500&interval=30&category=linear
2025-07-23 16:45:31 - urllib3.connectionpool - WARNING - Retrying (Retry(total=2, connect=None, read=None, redirect=None, status=None)) after connection broken by 'ReadTimeoutError("HTTPSConnectionPool(host='api.bybitglobal.com', port=443): Read timed out. (read timeout=30.0)")': /v5/market/kline?symbol=ETHUSDT&limit=500&interval=30&category=linear
2025-07-23 16:45:34 - bybit.autotrader - ERROR - Error getting current positions: bybit {"retCode":10002,"retMsg":"invalid request, please check your server timestamp or recv_window param. req_timestamp[1753285501041],server_timestamp[1753285534420],recv_window[5000]","result":{},"retExtInfo":{},"time":1753285534420}
2025-07-23 16:46:47 - TradingSystem - INFO - 📊 PHASE 2: Signal Ranking (0 signals in 107.5s)
2025-07-23 16:46:47 - TradingSystem - INFO - 🏆 Top 5 Signals After Ranking:
2025-07-23 16:46:47 - TradingSystem - INFO - 📊 PHASE 3: No signals found for chart generation
2025-07-23 16:46:47 - TradingSystem - INFO - ⚡ 30m→1h/4h/6h OPTIMIZED MTF ANALYSIS COMPLETED!
2025-07-23 16:46:47 - TradingSystem - INFO -    Total Execution Time: 107.5s
2025-07-23 16:46:47 - TradingSystem - INFO -    Signal Generation: 107.5s (0 signals)
2025-07-23 16:46:47 - TradingSystem - INFO -    Chart Generation: 0.0s (0 charts)
2025-07-23 16:46:47 - TradingSystem - INFO -    Chart Efficiency: 0/0 = 0.0% charted
2025-07-23 16:46:47 - TradingSystem - INFO -    MTF Confirmations: Strong: 0, Partial: 0, None: 0
2025-07-23 16:46:47 - bybit.autotrader - WARNING - No signals generated in this scan
2025-07-23 16:46:47 - bybit.autotrader - INFO - 📊 Scan complete - Signals: 0, Executed: 0
2025-07-23 16:46:48 - httpx - INFO - HTTP Request: POST https://api.telegram.org/bot8088506547:AAHZZxiY_wlh48IN4ldPNRJtM9qi7qxfLdM/sendMessage "HTTP/1.1 200 OK"
2025-07-23 16:46:48 - bybit.autotrader - INFO - ⏰ Next scan scheduled for: 2025-07-23 17:00:00
2025-07-23 16:46:48 - bybit.autotrader - INFO - ⏳ Waiting 13.2 minutes...
2025-07-23 16:59:39 - urllib3.connectionpool - WARNING - Retrying (Retry(total=2, connect=None, read=None, redirect=None, status=None)) after connection broken by 'ReadTimeoutError("HTTPSConnectionPool(host='api.bybitglobal.com', port=443): Read timed out. (read timeout=30.0)")': /v5/position/list?settleCoin=USDT&limit=200&category=linear
2025-07-23 17:00:00 - bybit.autotrader - INFO - ⏰ Scan time reached: 2025-07-23 17:00:00
2025-07-23 17:00:00 - bybit.autotrader - INFO - 📊 Running signal analysis...
2025-07-23 17:00:00 - TradingSystem - INFO - 🚀 STARTING OPTIMIZED ANALYSIS WITH 30m→1h/4h/6h MTF CONFIRMATION
2025-07-23 17:00:00 - TradingSystem - INFO -    📊 Charts generated ONLY for top-ranked signals (after analysis complete)
2025-07-23 17:00:00 - TradingSystem - INFO - ==========================================================================================
2025-07-23 17:00:04 - bybit.autotrader - ERROR - Error getting current positions: bybit {"retCode":10002,"retMsg":"invalid request, please check your server timestamp or recv_window param. req_timestamp[1753286349474],server_timestamp[1753286404005],recv_window[5000]","result":{},"retExtInfo":{},"time":1753286404005}
2025-07-23 17:00:41 - urllib3.connectionpool - WARNING - Retrying (Retry(total=2, connect=None, read=None, redirect=None, status=None)) after connection broken by 'ReadTimeoutError("HTTPSConnectionPool(host='api.bybitglobal.com', port=443): Read timed out. (read timeout=30.0)")': /v5/market/tickers?category=linear
2025-07-23 17:00:47 - TradingSystem - INFO - 📊 Analyzing 220 symbols with MTF confirmation...
2025-07-23 17:00:47 - TradingSystem - INFO -    Primary Timeframe: 30m
2025-07-23 17:00:47 - TradingSystem - INFO -    Confirmation Timeframes: 1h, 4h, 6h
2025-07-23 17:00:47 - TradingSystem - INFO -    MTF Weight Multiplier: 1.5x
2025-07-23 17:00:47 - TradingSystem - INFO -    Database: MySQL @ localhost
2025-07-23 17:00:47 - TradingSystem - INFO -    Chart Strategy: Top 5 signals only
2025-07-23 17:00:47 - TradingSystem - INFO - 📈 PHASE 1: Signal Generation (No Charts)
2025-07-23 17:01:24 - urllib3.connectionpool - WARNING - Retrying (Retry(total=2, connect=None, read=None, redirect=None, status=None)) after connection broken by 'NameResolutionError("<urllib3.connection.HTTPSConnection object at 0x7f31fc06e490>: Failed to resolve 'api.bybitglobal.com' ([Errno -3] Temporary failure in name resolution)")': /v5/position/list?settleCoin=USDT&limit=200&category=linear
2025-07-23 17:01:37 - urllib3.connectionpool - WARNING - Retrying (Retry(total=2, connect=None, read=None, redirect=None, status=None)) after connection broken by 'ReadTimeoutError("HTTPSConnectionPool(host='api.bybitglobal.com', port=443): Read timed out. (read timeout=30.0)")': /v5/market/kline?symbol=SPXUSDT&limit=500&interval=30&category=linear
2025-07-23 17:01:37 - urllib3.connectionpool - WARNING - Retrying (Retry(total=2, connect=None, read=None, redirect=None, status=None)) after connection broken by 'ReadTimeoutError("HTTPSConnectionPool(host='api.bybitglobal.com', port=443): Read timed out. (read timeout=30.0)")': /v5/market/kline?symbol=CFXUSDT&limit=500&interval=30&category=linear
2025-07-23 17:01:37 - urllib3.connectionpool - WARNING - Retrying (Retry(total=2, connect=None, read=None, redirect=None, status=None)) after connection broken by 'ReadTimeoutError("HTTPSConnectionPool(host='api.bybitglobal.com', port=443): Read timed out. (read timeout=30.0)")': /v5/market/kline?symbol=SHIB1000USDT&limit=500&interval=30&category=linear
2025-07-23 17:01:37 - urllib3.connectionpool - WARNING - Retrying (Retry(total=2, connect=None, read=None, redirect=None, status=None)) after connection broken by 'ReadTimeoutError("HTTPSConnectionPool(host='api.bybitglobal.com', port=443): Read timed out. (read timeout=30.0)")': /v5/market/kline?symbol=DOTUSDT&limit=500&interval=30&category=linear
2025-07-23 17:01:38 - urllib3.connectionpool - WARNING - Retrying (Retry(total=2, connect=None, read=None, redirect=None, status=None)) after connection broken by 'ReadTimeoutError("HTTPSConnectionPool(host='api.bybitglobal.com', port=443): Read timed out. (read timeout=30.0)")': /v5/market/kline?symbol=BCHUSDT&limit=500&interval=30&category=linear
2025-07-23 17:01:38 - urllib3.connectionpool - WARNING - Retrying (Retry(total=2, connect=None, read=None, redirect=None, status=None)) after connection broken by 'ReadTimeoutError("HTTPSConnectionPool(host='api.bybitglobal.com', port=443): Read timed out. (read timeout=30.0)")': /v5/market/kline?symbol=PNUTUSDT&limit=500&interval=30&category=linear
2025-07-23 17:01:44 - urllib3.connectionpool - WARNING - Retrying (Retry(total=1, connect=None, read=None, redirect=None, status=None)) after connection broken by 'NameResolutionError("<urllib3.connection.HTTPSConnection object at 0x7f31fc06ee90>: Failed to resolve 'api.bybitglobal.com' ([Errno -3] Temporary failure in name resolution)")': /v5/position/list?settleCoin=USDT&limit=200&category=linear
2025-07-23 17:01:50 - urllib3.connectionpool - WARNING - Retrying (Retry(total=1, connect=None, read=None, redirect=None, status=None)) after connection broken by 'NameResolutionError("<urllib3.connection.HTTPSConnection object at 0x7f31fc46ad50>: Failed to resolve 'api.bybitglobal.com' ([Errno -3] Temporary failure in name resolution)")': /v5/market/kline?symbol=PNUTUSDT&limit=500&interval=30&category=linear
2025-07-23 17:01:50 - urllib3.connectionpool - WARNING - Retrying (Retry(total=1, connect=None, read=None, redirect=None, status=None)) after connection broken by 'NameResolutionError("<urllib3.connection.HTTPSConnection object at 0x7f31fc46b890>: Failed to resolve 'api.bybitglobal.com' ([Errno -3] Temporary failure in name resolution)")': /v5/market/kline?symbol=BCHUSDT&limit=500&interval=30&category=linear
2025-07-23 17:01:53 - urllib3.connectionpool - WARNING - Retrying (Retry(total=1, connect=None, read=None, redirect=None, status=None)) after connection broken by 'NameResolutionError("<urllib3.connection.HTTPSConnection object at 0x7f31fc46b610>: Failed to resolve 'api.bybitglobal.com' ([Errno -3] Temporary failure in name resolution)")': /v5/market/kline?symbol=CFXUSDT&limit=500&interval=30&category=linear
2025-07-23 17:01:53 - urllib3.connectionpool - WARNING - Retrying (Retry(total=1, connect=None, read=None, redirect=None, status=None)) after connection broken by 'NameResolutionError("<urllib3.connection.HTTPSConnection object at 0x7f31fc46bb10>: Failed to resolve 'api.bybitglobal.com' ([Errno -3] Temporary failure in name resolution)")': /v5/market/kline?symbol=SHIB1000USDT&limit=500&interval=30&category=linear
2025-07-23 17:01:53 - urllib3.connectionpool - WARNING - Retrying (Retry(total=1, connect=None, read=None, redirect=None, status=None)) after connection broken by 'NameResolutionError("<urllib3.connection.HTTPSConnection object at 0x7f31fc46bc50>: Failed to resolve 'api.bybitglobal.com' ([Errno -3] Temporary failure in name resolution)")': /v5/market/kline?symbol=DOTUSDT&limit=500&interval=30&category=linear
2025-07-23 17:01:56 - urllib3.connectionpool - WARNING - Retrying (Retry(total=0, connect=None, read=None, redirect=None, status=None)) after connection broken by 'NameResolutionError("<urllib3.connection.HTTPSConnection object at 0x7f31fc46ae90>: Failed to resolve 'api.bybitglobal.com' ([Errno -3] Temporary failure in name resolution)")': /v5/position/list?settleCoin=USDT&limit=200&category=linear
2025-07-23 17:01:57 - urllib3.connectionpool - WARNING - Retrying (Retry(total=1, connect=None, read=None, redirect=None, status=None)) after connection broken by 'NameResolutionError("<urllib3.connection.HTTPSConnection object at 0x7f31fc06e710>: Failed to resolve 'api.bybitglobal.com' ([Errno -3] Temporary failure in name resolution)")': /v5/market/kline?symbol=SPXUSDT&limit=500&interval=30&category=linear
2025-07-23 17:02:02 - urllib3.connectionpool - WARNING - Retrying (Retry(total=0, connect=None, read=None, redirect=None, status=None)) after connection broken by 'NameResolutionError("<urllib3.connection.HTTPSConnection object at 0x7f31fbfa91d0>: Failed to resolve 'api.bybitglobal.com' ([Errno -3] Temporary failure in name resolution)")': /v5/market/kline?symbol=PNUTUSDT&limit=500&interval=30&category=linear
2025-07-23 17:02:02 - urllib3.connectionpool - WARNING - Retrying (Retry(total=0, connect=None, read=None, redirect=None, status=None)) after connection broken by 'NameResolutionError("<urllib3.connection.HTTPSConnection object at 0x7f31fbfa9450>: Failed to resolve 'api.bybitglobal.com' ([Errno -3] Temporary failure in name resolution)")': /v5/market/kline?symbol=BCHUSDT&limit=500&interval=30&category=linear
2025-07-23 17:02:05 - urllib3.connectionpool - WARNING - Retrying (Retry(total=0, connect=None, read=None, redirect=None, status=None)) after connection broken by 'NameResolutionError("<urllib3.connection.HTTPSConnection object at 0x7f31fbfaa850>: Failed to resolve 'api.bybitglobal.com' ([Errno -3] Temporary failure in name resolution)")': /v5/market/kline?symbol=DOTUSDT&limit=500&interval=30&category=linear
2025-07-23 17:02:05 - urllib3.connectionpool - WARNING - Retrying (Retry(total=0, connect=None, read=None, redirect=None, status=None)) after connection broken by 'NameResolutionError("<urllib3.connection.HTTPSConnection object at 0x7f31fbfaa210>: Failed to resolve 'api.bybitglobal.com' ([Errno -3] Temporary failure in name resolution)")': /v5/market/kline?symbol=CFXUSDT&limit=500&interval=30&category=linear
2025-07-23 17:02:05 - urllib3.connectionpool - WARNING - Retrying (Retry(total=0, connect=None, read=None, redirect=None, status=None)) after connection broken by 'NameResolutionError("<urllib3.connection.HTTPSConnection object at 0x7f31fbfa9810>: Failed to resolve 'api.bybitglobal.com' ([Errno -3] Temporary failure in name resolution)")': /v5/market/kline?symbol=SHIB1000USDT&limit=500&interval=30&category=linear
2025-07-23 17:02:07 - bybit.autotrader - ERROR - Error getting current positions: bybit GET https://api.bybitglobal.com/v5/position/list?settleCoin=USDT&limit=200&category=linear
2025-07-23 17:03:14 - TradingSystem - INFO - 📊 PHASE 2: Signal Ranking (0 signals in 194.8s)
2025-07-23 17:03:14 - TradingSystem - INFO - 🏆 Top 5 Signals After Ranking:
2025-07-23 17:03:14 - TradingSystem - INFO - 📊 PHASE 3: No signals found for chart generation
2025-07-23 17:03:14 - TradingSystem - INFO - ⚡ 30m→1h/4h/6h OPTIMIZED MTF ANALYSIS COMPLETED!
2025-07-23 17:03:14 - TradingSystem - INFO -    Total Execution Time: 194.8s
2025-07-23 17:03:14 - TradingSystem - INFO -    Signal Generation: 194.8s (0 signals)
2025-07-23 17:03:14 - TradingSystem - INFO -    Chart Generation: 0.0s (0 charts)
2025-07-23 17:03:14 - TradingSystem - INFO -    Chart Efficiency: 0/0 = 0.0% charted
2025-07-23 17:03:14 - TradingSystem - INFO -    MTF Confirmations: Strong: 0, Partial: 0, None: 0
2025-07-23 17:03:14 - bybit.autotrader - WARNING - No signals generated in this scan
2025-07-23 17:03:14 - bybit.autotrader - INFO - 📊 Scan complete - Signals: 0, Executed: 0
2025-07-23 17:03:15 - httpx - INFO - HTTP Request: POST https://api.telegram.org/bot8088506547:AAHZZxiY_wlh48IN4ldPNRJtM9qi7qxfLdM/sendMessage "HTTP/1.1 200 OK"
2025-07-23 17:03:15 - bybit.autotrader - INFO - ⏰ Next scan scheduled for: 2025-07-23 17:15:00
2025-07-23 17:03:15 - bybit.autotrader - INFO - ⏳ Waiting 11.7 minutes...
2025-07-23 17:08:52 - urllib3.connectionpool - WARNING - Retrying (Retry(total=2, connect=None, read=None, redirect=None, status=None)) after connection broken by 'ReadTimeoutError("HTTPSConnectionPool(host='api.bybitglobal.com', port=443): Read timed out. (read timeout=30.0)")': /v5/position/list?settleCoin=USDT&limit=200&category=linear
2025-07-23 17:08:55 - bybit.autotrader - ERROR - Error getting current positions: bybit {"retCode":10002,"retMsg":"invalid request, please check your server timestamp or recv_window param. req_timestamp[1753286902494],server_timestamp[1753286935380],recv_window[5000]","result":{},"retExtInfo":{},"time":1753286935380}
2025-07-23 17:15:00 - bybit.autotrader - INFO - ⏰ Scan time reached: 2025-07-23 17:15:00
2025-07-23 17:15:00 - bybit.autotrader - INFO - 📊 Running signal analysis...
2025-07-23 17:15:00 - TradingSystem - INFO - 🚀 STARTING OPTIMIZED ANALYSIS WITH 30m→1h/4h/6h MTF CONFIRMATION
2025-07-23 17:15:00 - TradingSystem - INFO -    📊 Charts generated ONLY for top-ranked signals (after analysis complete)
2025-07-23 17:15:00 - TradingSystem - INFO - ==========================================================================================
2025-07-23 17:15:01 - TradingSystem - INFO - 📊 Analyzing 220 symbols with MTF confirmation...
2025-07-23 17:15:01 - TradingSystem - INFO -    Primary Timeframe: 30m
2025-07-23 17:15:01 - TradingSystem - INFO -    Confirmation Timeframes: 1h, 4h, 6h
2025-07-23 17:15:01 - TradingSystem - INFO -    MTF Weight Multiplier: 1.5x
2025-07-23 17:15:01 - TradingSystem - INFO -    Database: MySQL @ localhost
2025-07-23 17:15:01 - TradingSystem - INFO -    Chart Strategy: Top 5 signals only
2025-07-23 17:15:01 - TradingSystem - INFO - 📈 PHASE 1: Signal Generation (No Charts)
2025-07-23 17:15:32 - urllib3.connectionpool - WARNING - Retrying (Retry(total=2, connect=None, read=None, redirect=None, status=None)) after connection broken by 'ReadTimeoutError("HTTPSConnectionPool(host='api.bybitglobal.com', port=443): Read timed out. (read timeout=30.0)")': /v5/market/kline?symbol=SPKUSDT&limit=500&interval=30&category=linear
2025-07-23 17:15:32 - urllib3.connectionpool - WARNING - Retrying (Retry(total=2, connect=None, read=None, redirect=None, status=None)) after connection broken by 'ReadTimeoutError("HTTPSConnectionPool(host='api.bybitglobal.com', port=443): Read timed out. (read timeout=30.0)")': /v5/market/kline?symbol=SOLUSDT&limit=500&interval=30&category=linear
2025-07-23 17:15:32 - urllib3.connectionpool - WARNING - Retrying (Retry(total=2, connect=None, read=None, redirect=None, status=None)) after connection broken by 'ReadTimeoutError("HTTPSConnectionPool(host='api.bybitglobal.com', port=443): Read timed out. (read timeout=30.0)")': /v5/market/kline?symbol=XRPUSDT&limit=500&interval=30&category=linear
2025-07-23 17:15:32 - urllib3.connectionpool - WARNING - Retrying (Retry(total=2, connect=None, read=None, redirect=None, status=None)) after connection broken by 'ReadTimeoutError("HTTPSConnectionPool(host='api.bybitglobal.com', port=443): Read timed out. (read timeout=30.0)")': /v5/market/kline?symbol=DOGEUSDT&limit=500&interval=30&category=linear
2025-07-23 17:15:32 - urllib3.connectionpool - WARNING - Retrying (Retry(total=2, connect=None, read=None, redirect=None, status=None)) after connection broken by 'ReadTimeoutError("HTTPSConnectionPool(host='api.bybitglobal.com', port=443): Read timed out. (read timeout=30.0)")': /v5/market/kline?symbol=FARTCOINUSDT&limit=500&interval=30&category=linear
2025-07-23 17:15:40 - urllib3.connectionpool - WARNING - Retrying (Retry(total=2, connect=None, read=None, redirect=None, status=None)) after connection broken by 'ReadTimeoutError("HTTPSConnectionPool(host='api.bybitglobal.com', port=443): Read timed out. (read timeout=30.0)")': /v5/market/kline?symbol=BNBUSDT&limit=500&interval=30&category=linear
2025-07-23 17:16:50 - signals.generator - INFO - ✅ Signal validated: XAUT/USDT:USDT BUY - 95% confidence, 2.5:1 R/R
2025-07-23 17:17:40 - TradingSystem - INFO - 📊 PHASE 2: Signal Ranking (1 signals in 160.2s)
2025-07-23 17:17:40 - TradingSystem - INFO - 🏆 Top 5 Signals After Ranking:
2025-07-23 17:17:40 - TradingSystem - INFO -    1. XAUT/USDT:USDT BUY - 95% conf - MTF: NONE
2025-07-23 17:17:40 - TradingSystem - INFO - 📊 PHASE 3: Chart Generation (Top 1 signals only)
2025-07-23 17:17:40 - TradingSystem - INFO - 📊 Generating charts for TOP 1 signals only...
2025-07-23 17:18:02 - TradingSystem - INFO - ✅ Chart generation complete: 1/1 charts created
2025-07-23 17:18:02 - TradingSystem - INFO - ⚡ 30m→1h/4h/6h OPTIMIZED MTF ANALYSIS COMPLETED!
2025-07-23 17:18:02 - TradingSystem - INFO -    Total Execution Time: 182.5s
2025-07-23 17:18:02 - TradingSystem - INFO -    Signal Generation: 160.2s (1 signals)
2025-07-23 17:18:02 - TradingSystem - INFO -    Chart Generation: 22.3s (1 charts)
2025-07-23 17:18:02 - TradingSystem - INFO -    Chart Efficiency: 1/1 = 100.0% charted
2025-07-23 17:18:02 - TradingSystem - INFO -    MTF Confirmations: Strong: 0, Partial: 0, None: 1
2025-07-23 17:18:02 - bybit.autotrader - INFO - 📈 Generated 1 signals
2025-07-23 17:18:02 - bybit.autotrader - INFO - 💾 Saving results to MySQL database...
2025-07-23 17:18:02 - bybit.autotrader - INFO - 🎯 Executing 1 trades (available slots: 2)
2025-07-23 17:18:02 - bybit.autotrader - INFO - 📝 Executing trade 1/1: XAUT/USDT:USDT
2025-07-23 17:18:02 - bybit.autotrader - INFO - 🚀 Placing BUY order for XAUT/USDT:USDT
2025-07-23 17:18:05 - bybit.autotrader - INFO - 💰 Risk calculation:
2025-07-23 17:18:05 - bybit.autotrader - INFO -    Account Balance: 17.96529989 USDT
2025-07-23 17:18:05 - bybit.autotrader - INFO -    Risk Percentage: 5.0%
2025-07-23 17:18:05 - bybit.autotrader - INFO -    Risk Amount: 0.8982649945000001 USDT
2025-07-23 17:18:05 - bybit.autotrader - INFO -    Position Size: 0.013346489963454814 units
2025-07-23 17:18:05 - bybit.autotrader - INFO -    Required Margin: 0.8982649945000002 USDT
2025-07-23 17:18:06 - bybit.autotrader - INFO - ✅ Entry order placed: affee8d8-7377-479c-a9e3-d3398b2118fa
2025-07-23 17:18:06 - bybit.autotrader - INFO - ✅ Trade executed: XAUT/USDT:USDT (95.0% confidence, MTF: NONE)
2025-07-23 17:18:09 - httpx - INFO - HTTP Request: POST https://api.telegram.org/bot8088506547:AAHZZxiY_wlh48IN4ldPNRJtM9qi7qxfLdM/sendMessage "HTTP/1.1 200 OK"
2025-07-23 17:18:09 - bybit.autotrader - INFO - 📊 Scan complete - Signals: 1, Executed: 1
2025-07-23 17:18:09 - httpx - INFO - HTTP Request: POST https://api.telegram.org/bot8088506547:AAHZZxiY_wlh48IN4ldPNRJtM9qi7qxfLdM/sendMessage "HTTP/1.1 200 OK"
2025-07-23 17:18:09 - bybit.autotrader - INFO - ⏰ Next scan scheduled for: 2025-07-23 17:30:00
2025-07-23 17:18:09 - bybit.autotrader - INFO - ⏳ Waiting 11.8 minutes...
2025-07-23 17:30:00 - bybit.autotrader - INFO - ⏰ Scan time reached: 2025-07-23 17:30:00
2025-07-23 17:30:00 - bybit.autotrader - INFO - 📊 Running signal analysis...
2025-07-23 17:30:00 - TradingSystem - INFO - 🚀 STARTING OPTIMIZED ANALYSIS WITH 30m→1h/4h/6h MTF CONFIRMATION
2025-07-23 17:30:00 - TradingSystem - INFO -    📊 Charts generated ONLY for top-ranked signals (after analysis complete)
2025-07-23 17:30:00 - TradingSystem - INFO - ==========================================================================================
2025-07-23 17:30:01 - TradingSystem - INFO - 📊 Analyzing 221 symbols with MTF confirmation...
2025-07-23 17:30:01 - TradingSystem - INFO -    Primary Timeframe: 30m
2025-07-23 17:30:01 - TradingSystem - INFO -    Confirmation Timeframes: 1h, 4h, 6h
2025-07-23 17:30:01 - TradingSystem - INFO -    MTF Weight Multiplier: 1.5x
2025-07-23 17:30:01 - TradingSystem - INFO -    Database: MySQL @ localhost
2025-07-23 17:30:01 - TradingSystem - INFO -    Chart Strategy: Top 5 signals only
2025-07-23 17:30:01 - TradingSystem - INFO - 📈 PHASE 1: Signal Generation (No Charts)
2025-07-23 17:30:32 - urllib3.connectionpool - WARNING - Retrying (Retry(total=2, connect=None, read=None, redirect=None, status=None)) after connection broken by 'ReadTimeoutError("HTTPSConnectionPool(host='api.bybitglobal.com', port=443): Read timed out. (read timeout=30.0)")': /v5/market/kline?symbol=SOLUSDT&limit=500&interval=30&category=linear
2025-07-23 17:30:32 - urllib3.connectionpool - WARNING - Retrying (Retry(total=2, connect=None, read=None, redirect=None, status=None)) after connection broken by 'ReadTimeoutError("HTTPSConnectionPool(host='api.bybitglobal.com', port=443): Read timed out. (read timeout=30.0)")': /v5/market/kline?symbol=SPKUSDT&limit=500&interval=30&category=linear
2025-07-23 17:31:46 - TradingSystem - INFO - 📊 PHASE 2: Signal Ranking (0 signals in 106.4s)
2025-07-23 17:31:46 - TradingSystem - INFO - 🏆 Top 5 Signals After Ranking:
2025-07-23 17:31:46 - TradingSystem - INFO - 📊 PHASE 3: No signals found for chart generation
2025-07-23 17:31:46 - TradingSystem - INFO - ⚡ 30m→1h/4h/6h OPTIMIZED MTF ANALYSIS COMPLETED!
2025-07-23 17:31:46 - TradingSystem - INFO -    Total Execution Time: 106.4s
2025-07-23 17:31:46 - TradingSystem - INFO -    Signal Generation: 106.4s (0 signals)
2025-07-23 17:31:46 - TradingSystem - INFO -    Chart Generation: 0.0s (0 charts)
2025-07-23 17:31:46 - TradingSystem - INFO -    Chart Efficiency: 0/0 = 0.0% charted
2025-07-23 17:31:46 - TradingSystem - INFO -    MTF Confirmations: Strong: 0, Partial: 0, None: 0
2025-07-23 17:31:46 - bybit.autotrader - WARNING - No signals generated in this scan
2025-07-23 17:31:46 - bybit.autotrader - INFO - 📊 Scan complete - Signals: 0, Executed: 0
2025-07-23 17:31:46 - httpx - INFO - HTTP Request: POST https://api.telegram.org/bot8088506547:AAHZZxiY_wlh48IN4ldPNRJtM9qi7qxfLdM/sendMessage "HTTP/1.1 200 OK"
2025-07-23 17:31:46 - bybit.autotrader - INFO - ⏰ Next scan scheduled for: 2025-07-23 17:45:00
2025-07-23 17:31:46 - bybit.autotrader - INFO - ⏳ Waiting 13.2 minutes...
2025-07-23 17:45:00 - bybit.autotrader - INFO - ⏰ Scan time reached: 2025-07-23 17:45:00
2025-07-23 17:45:00 - bybit.autotrader - INFO - 📊 Running signal analysis...
2025-07-23 17:45:00 - TradingSystem - INFO - 🚀 STARTING OPTIMIZED ANALYSIS WITH 30m→1h/4h/6h MTF CONFIRMATION
2025-07-23 17:45:00 - TradingSystem - INFO -    📊 Charts generated ONLY for top-ranked signals (after analysis complete)
2025-07-23 17:45:00 - TradingSystem - INFO - ==========================================================================================
2025-07-23 17:45:01 - TradingSystem - INFO - 📊 Analyzing 224 symbols with MTF confirmation...
2025-07-23 17:45:01 - TradingSystem - INFO -    Primary Timeframe: 30m
2025-07-23 17:45:01 - TradingSystem - INFO -    Confirmation Timeframes: 1h, 4h, 6h
2025-07-23 17:45:01 - TradingSystem - INFO -    MTF Weight Multiplier: 1.5x
2025-07-23 17:45:01 - TradingSystem - INFO -    Database: MySQL @ localhost
2025-07-23 17:45:01 - TradingSystem - INFO -    Chart Strategy: Top 5 signals only
2025-07-23 17:45:01 - TradingSystem - INFO - 📈 PHASE 1: Signal Generation (No Charts)
2025-07-23 17:45:32 - urllib3.connectionpool - WARNING - Retrying (Retry(total=2, connect=None, read=None, redirect=None, status=None)) after connection broken by 'ReadTimeoutError("HTTPSConnectionPool(host='api.bybitglobal.com', port=443): Read timed out. (read timeout=30.0)")': /v5/market/kline?symbol=DOGEUSDT&limit=500&interval=30&category=linear
2025-07-23 17:46:37 - TradingSystem - WARNING - Insufficient 30m data for DIA/USDT:USDT
2025-07-23 17:46:39 - TradingSystem - INFO - 📊 PHASE 2: Signal Ranking (0 signals in 99.9s)
2025-07-23 17:46:39 - TradingSystem - INFO - 🏆 Top 5 Signals After Ranking:
2025-07-23 17:46:39 - TradingSystem - INFO - 📊 PHASE 3: No signals found for chart generation
2025-07-23 17:46:39 - TradingSystem - INFO - ⚡ 30m→1h/4h/6h OPTIMIZED MTF ANALYSIS COMPLETED!
2025-07-23 17:46:39 - TradingSystem - INFO -    Total Execution Time: 99.9s
2025-07-23 17:46:39 - TradingSystem - INFO -    Signal Generation: 99.9s (0 signals)
2025-07-23 17:46:39 - TradingSystem - INFO -    Chart Generation: 0.0s (0 charts)
2025-07-23 17:46:39 - TradingSystem - INFO -    Chart Efficiency: 0/0 = 0.0% charted
2025-07-23 17:46:39 - TradingSystem - INFO -    MTF Confirmations: Strong: 0, Partial: 0, None: 0
2025-07-23 17:46:39 - bybit.autotrader - WARNING - No signals generated in this scan
2025-07-23 17:46:39 - bybit.autotrader - INFO - 📊 Scan complete - Signals: 0, Executed: 0
2025-07-23 17:46:42 - httpx - INFO - HTTP Request: POST https://api.telegram.org/bot8088506547:AAHZZxiY_wlh48IN4ldPNRJtM9qi7qxfLdM/sendMessage "HTTP/1.1 200 OK"
2025-07-23 17:46:42 - bybit.autotrader - INFO - ⏰ Next scan scheduled for: 2025-07-23 18:00:00
2025-07-23 17:46:42 - bybit.autotrader - INFO - ⏳ Waiting 13.3 minutes...
2025-07-23 17:49:42 - bybit.autotrader - INFO - 🛑 Received interrupt signal
2025-07-23 17:49:42 - bybit.autotrader - INFO - 🛑 Stopped position monitoring
2025-07-23 17:49:42 - bybit.autotrader - INFO - 🛑 Auto-trading stopped
