2025-07-23 17:49:48 - TradingSystem - INFO - 🤖 AUTO-TRADING CONFIGURATION:
2025-07-23 17:49:48 - TradingSystem - INFO - ==================================================
2025-07-23 17:49:48 - TradingSystem - INFO - 📊 Trading Parameters:
2025-07-23 17:49:48 - TradingSystem - INFO -    Leverage: max
2025-07-23 17:49:48 - TradingSystem - INFO -    Risk Amount per Trade: 5.0% of account balance
2025-07-23 17:49:48 - TradingSystem - INFO -    Max Concurrent Positions: 5
2025-07-23 17:49:48 - TradingSystem - INFO -    Max Executions per Scan: 2
2025-07-23 17:49:48 - TradingSystem - INFO -    Auto-Close Profit Target: 50.0%
2025-07-23 17:49:48 - TradingSystem - INFO - ⏰ Scheduling Parameters:
2025-07-23 17:49:48 - TradingSystem - INFO -    Daily Start Time: 01:00
2025-07-23 17:49:48 - TradingSystem - INFO -    Scan Interval: 0.2 hours (900 seconds)
2025-07-23 17:49:48 - TradingSystem - INFO - 📈 Analysis Configuration:
2025-07-23 17:49:48 - TradingSystem - INFO -    Primary Timeframe: 30m
2025-07-23 17:49:48 - TradingSystem - INFO -    Confirmation Timeframes: 1h, 4h, 6h
2025-07-23 17:49:48 - TradingSystem - INFO -    MTF Confirmation Required: True
2025-07-23 17:49:48 - TradingSystem - INFO -    Min Volume 24h: $5,000,000.0
2025-07-23 17:49:48 - TradingSystem - INFO - ⚠️ Risk Management:
2025-07-23 17:49:48 - TradingSystem - INFO -    Risk per Trade: 5.0% of account balance
2025-07-23 17:49:48 - TradingSystem - INFO -    Max Total Risk Exposure: 25.0% of account balance
2025-07-23 17:49:48 - TradingSystem - INFO -    Max Leveraged Exposure: 25.0% × Max Leverage
2025-07-23 17:49:48 - TradingSystem - INFO -    Portfolio Risk Limit: 2.0%
2025-07-23 17:49:48 - TradingSystem - INFO - 🔧 Trading Mode: PRODUCTION
2025-07-23 17:49:48 - TradingSystem - INFO - 📱 Telegram Configuration:
2025-07-23 17:49:48 - TradingSystem - INFO -    Bot Token: Configured
2025-07-23 17:49:48 - TradingSystem - INFO -    User ID: 6708641837
2025-07-23 17:49:48 - TradingSystem - INFO - ==================================================
2025-07-23 17:49:48 - core.exchange - INFO - 🌍 Using API endpoint: https://api.bybitglobal.com
2025-07-23 17:49:56 - core.exchange - INFO - ✅ Connected to Bybit PRODUCTION via Global API
2025-07-23 17:49:56 - core.exchange - INFO - 🌍 API Endpoint: https://api.bybitglobal.com
2025-07-23 17:49:56 - TradingSystem - INFO - 🚀 COMPLETE ENHANCED SYSTEM WITH MULTI-TIMEFRAME & MYSQL DATABASE INITIALIZED!
2025-07-23 17:49:58 - core.exchange - INFO - ✅ Global API connection test successful
2025-07-23 17:49:58 - core.exchange - INFO - 🌍 Connected via: https://api.bybitglobal.com
2025-07-23 17:49:58 - bybit.autotrader - INFO - 🚀 Started auto-trading session: autotrader_20250723_174958
2025-07-23 17:49:58 - bybit.autotrader - INFO - ⚙️ Configuration:
2025-07-23 17:49:58 - bybit.autotrader - INFO -    Max concurrent positions: 5
2025-07-23 17:49:58 - bybit.autotrader - INFO -    Max executions per scan: 2
2025-07-23 17:49:58 - bybit.autotrader - INFO -    Risk amount per trade: 5.0%
2025-07-23 17:49:58 - bybit.autotrader - INFO -    Leverage: max
2025-07-23 17:49:58 - bybit.autotrader - INFO -    Auto-close profit target: 50.0%
2025-07-23 17:49:58 - bybit.autotrader - INFO -    Scan interval: 0.2 hours
2025-07-23 17:49:58 - bybit.autotrader - INFO - 📊 Started position monitoring
2025-07-23 17:49:58 - bybit.autotrader - INFO - 🤖 Auto-trading loop started
2025-07-23 17:49:58 - bybit.autotrader - INFO - ⏰ Next scan scheduled for: 2025-07-23 18:00:00
2025-07-23 17:49:58 - bybit.autotrader - INFO - ⏳ Waiting 10.0 minutes...
2025-07-23 17:52:06 - urllib3.connectionpool - WARNING - Retrying (Retry(total=2, connect=None, read=None, redirect=None, status=None)) after connection broken by 'ReadTimeoutError("HTTPSConnectionPool(host='api.bybitglobal.com', port=443): Read timed out. (read timeout=30.0)")': /v5/position/list?settleCoin=USDT&limit=200&category=linear
2025-07-23 17:52:07 - bybit.autotrader - ERROR - Error getting current positions: bybit {"retCode":10002,"retMsg":"invalid request, please check your server timestamp or recv_window param. req_timestamp[1753289496232],server_timestamp[1753289527506],recv_window[5000]","result":{},"retExtInfo":{},"time":1753289527506}
2025-07-23 17:52:20 - bybit.autotrader - INFO - 🛑 Received interrupt signal
