2025-07-23 13:20:47 - TradingSystem - INFO - Loading database configuration from enhanced_config.yaml
2025-07-23 13:20:47 - TradingSystem - INFO - Database config loaded:
2025-07-23 13:20:47 - TradingSystem - INFO -    Host: localhost:3306
2025-07-23 13:20:47 - TradingSystem - INFO -    Database: bybit_trading_system
2025-07-23 13:20:47 - TradingSystem - INFO -    Username: root
2025-07-23 13:20:47 - TradingSystem - INFO -    Password: ***
2025-07-23 13:20:47 - TradingSystem - INFO - Loading system configuration from MySQL database...
2025-07-23 13:20:47 - config.config - INFO - Loading configuration 'default' from MySQL database
2025-07-23 13:20:47 - notifier.telegram - INFO - ✅ Telegram bot initialized successfully
2025-07-23 13:20:47 - TradingSystem - INFO - 🤖 AUTO-TRADING CONFIGURATION:
2025-07-23 13:20:47 - TradingSystem - INFO - ==================================================
2025-07-23 13:20:47 - TradingSystem - INFO - 📊 Trading Parameters:
2025-07-23 13:20:47 - TradingSystem - INFO -    Leverage: max
2025-07-23 13:20:47 - TradingSystem - INFO -    Risk Amount per Trade: 5.0% of account balance
2025-07-23 13:20:47 - TradingSystem - INFO -    Max Concurrent Positions: 5
2025-07-23 13:20:47 - TradingSystem - INFO -    Max Executions per Scan: 2
2025-07-23 13:20:47 - TradingSystem - INFO -    Auto-Close Profit Target: 10.0%
2025-07-23 13:20:47 - TradingSystem - INFO - ⏰ Scheduling Parameters:
2025-07-23 13:20:47 - TradingSystem - INFO -    Daily Start Time: 01:00
2025-07-23 13:20:47 - TradingSystem - INFO -    Scan Interval: 0.5 hours (1800 seconds)
2025-07-23 13:20:47 - TradingSystem - INFO - 📈 Analysis Configuration:
2025-07-23 13:20:47 - TradingSystem - INFO -    Primary Timeframe: 30m
2025-07-23 13:20:47 - TradingSystem - INFO -    Confirmation Timeframes: 1h, 4h, 6h
2025-07-23 13:20:47 - TradingSystem - INFO -    MTF Confirmation Required: True
2025-07-23 13:20:47 - TradingSystem - INFO -    Min Volume 24h: $5,000,000.0
2025-07-23 13:20:47 - TradingSystem - INFO - ⚠️ Risk Management:
2025-07-23 13:20:47 - TradingSystem - INFO -    Risk per Trade: 5.0% of account balance
2025-07-23 13:20:47 - TradingSystem - INFO -    Max Total Risk Exposure: 25.0% of account balance
2025-07-23 13:20:47 - TradingSystem - INFO -    Max Leveraged Exposure: 25.0% × Max Leverage
2025-07-23 13:20:47 - TradingSystem - INFO -    Portfolio Risk Limit: 2.0%
2025-07-23 13:20:47 - TradingSystem - INFO - 🔧 Trading Mode: PRODUCTION
2025-07-23 13:20:47 - TradingSystem - INFO - 📱 Telegram Configuration:
2025-07-23 13:20:47 - TradingSystem - INFO -    Bot Token: Configured
2025-07-23 13:20:47 - TradingSystem - INFO -    User ID: 6708641837
2025-07-23 13:20:47 - TradingSystem - INFO - ==================================================
2025-07-23 13:20:47 - core.exchange - INFO - 🌍 Using API endpoint: https://api.bybitglobal.com
2025-07-23 13:20:57 - core.exchange - INFO - ✅ Connected to Bybit PRODUCTION via Global API
2025-07-23 13:20:57 - core.exchange - INFO - 🌍 API Endpoint: https://api.bybitglobal.com
2025-07-23 13:20:57 - TradingSystem - INFO - 🚀 COMPLETE ENHANCED SYSTEM WITH MULTI-TIMEFRAME & MYSQL DATABASE INITIALIZED!
2025-07-23 13:20:59 - core.exchange - INFO - ✅ Global API connection test successful
2025-07-23 13:20:59 - core.exchange - INFO - 🌍 Connected via: https://api.bybitglobal.com
2025-07-23 13:20:59 - bybit.autotrader - INFO - 🚀 Started auto-trading session: autotrader_20250723_132059
2025-07-23 13:20:59 - bybit.autotrader - INFO - ⚙️ Configuration:
2025-07-23 13:20:59 - bybit.autotrader - INFO -    Max concurrent positions: 5
2025-07-23 13:20:59 - bybit.autotrader - INFO -    Max executions per scan: 2
2025-07-23 13:20:59 - bybit.autotrader - INFO -    Risk amount per trade: 5.0%
2025-07-23 13:20:59 - bybit.autotrader - INFO -    Leverage: max
2025-07-23 13:20:59 - bybit.autotrader - INFO -    Auto-close profit target: 10.0%
2025-07-23 13:20:59 - bybit.autotrader - INFO -    Scan interval: 0.5 hours
2025-07-23 13:20:59 - bybit.autotrader - INFO - 📊 Started position monitoring
2025-07-23 13:20:59 - bybit.autotrader - INFO - 🤖 Auto-trading loop started
2025-07-23 13:20:59 - bybit.autotrader - INFO - ⏰ Next scan scheduled for: 2025-07-23 13:30:00
2025-07-23 13:20:59 - bybit.autotrader - INFO - ⏳ Waiting 9.0 minutes...
2025-07-23 13:30:00 - bybit.autotrader - INFO - ⏰ Scan time reached: 2025-07-23 13:30:00
2025-07-23 13:30:00 - bybit.autotrader - INFO - 📊 Running signal analysis...
2025-07-23 13:30:00 - TradingSystem - INFO - 🚀 STARTING OPTIMIZED ANALYSIS WITH 30m→1h/4h/6h MTF CONFIRMATION
2025-07-23 13:30:00 - TradingSystem - INFO -    📊 Charts generated ONLY for top-ranked signals (after analysis complete)
2025-07-23 13:30:00 - TradingSystem - INFO - ==========================================================================================
2025-07-23 13:30:01 - TradingSystem - INFO - 📊 Analyzing 206 symbols with MTF confirmation...
2025-07-23 13:30:01 - TradingSystem - INFO -    Primary Timeframe: 30m
2025-07-23 13:30:01 - TradingSystem - INFO -    Confirmation Timeframes: 1h, 4h, 6h
2025-07-23 13:30:01 - TradingSystem - INFO -    MTF Weight Multiplier: 1.5x
2025-07-23 13:30:01 - TradingSystem - INFO -    Database: MySQL @ localhost
2025-07-23 13:30:01 - TradingSystem - INFO -    Chart Strategy: Top 5 signals only
2025-07-23 13:30:01 - TradingSystem - INFO - 📈 PHASE 1: Signal Generation (No Charts)
2025-07-23 13:31:46 - TradingSystem - INFO - 📊 PHASE 2: Signal Ranking (0 signals in 106.7s)
2025-07-23 13:31:46 - TradingSystem - INFO - 🏆 Top 5 Signals After Ranking:
2025-07-23 13:31:46 - TradingSystem - INFO - 📊 PHASE 3: No signals found for chart generation
2025-07-23 13:31:46 - TradingSystem - INFO - ⚡ 30m→1h/4h/6h OPTIMIZED MTF ANALYSIS COMPLETED!
2025-07-23 13:31:46 - TradingSystem - INFO -    Total Execution Time: 106.7s
2025-07-23 13:31:46 - TradingSystem - INFO -    Signal Generation: 106.7s (0 signals)
2025-07-23 13:31:46 - TradingSystem - INFO -    Chart Generation: 0.0s (0 charts)
2025-07-23 13:31:46 - TradingSystem - INFO -    Chart Efficiency: 0/0 = 0.0% charted
2025-07-23 13:31:46 - TradingSystem - INFO -    MTF Confirmations: Strong: 0, Partial: 0, None: 0
2025-07-23 13:31:46 - bybit.autotrader - WARNING - No signals generated in this scan
2025-07-23 13:31:46 - bybit.autotrader - INFO - 📊 Scan complete - Signals: 0, Executed: 0
2025-07-23 13:31:49 - httpx - INFO - HTTP Request: POST https://api.telegram.org/bot8088506547:AAHZZxiY_wlh48IN4ldPNRJtM9qi7qxfLdM/sendMessage "HTTP/1.1 200 OK"
2025-07-23 13:31:49 - bybit.autotrader - INFO - ⏰ Next scan scheduled for: 2025-07-23 14:00:00
2025-07-23 13:31:49 - bybit.autotrader - INFO - ⏳ Waiting 28.2 minutes...
2025-07-23 13:57:36 - bybit.autotrader - INFO - 🛑 Received interrupt signal
2025-07-23 13:57:38 - bybit.autotrader - INFO - 🛑 Stopped position monitoring
2025-07-23 13:57:38 - bybit.autotrader - INFO - 🛑 Auto-trading stopped
