2025-07-16 16:31:34 - TradingSystem - INFO - Logging initialized - Level: INFO
2025-07-16 16:31:34 - TradingSystem - INFO - Log file: logs/trading_system_20250716_163134.log
2025-07-16 16:32:10 - core.exchange - INFO - ✅ Connected to Bybit PRODUCTION
2025-07-16 16:32:10 - utils.csv_manager - INFO - ✅ CSV files initialized in csv_exports
2025-07-16 16:32:10 - utils.csv_manager - INFO -    signals: enhanced_bybit_signals_mtf_signals.csv
2025-07-16 16:32:10 - utils.csv_manager - INFO -    opportunities: enhanced_bybit_signals_mtf_opportunities.csv
2025-07-16 16:32:10 - utils.csv_manager - INFO -    market_summary: enhanced_bybit_signals_mtf_market_summary.csv
2025-07-16 16:32:10 - utils.csv_manager - INFO -    scan_history: enhanced_bybit_signals_mtf_scan_history.csv
2025-07-16 16:32:10 - utils.csv_manager - INFO -    performance_metrics: enhanced_bybit_signals_mtf_performance.csv
2025-07-16 16:32:10 - TradingSystem - INFO - 🚀 COMPLETE ENHANCED SYSTEM WITH MULTI-TIMEFRAME INITIALIZED!
2025-07-16 16:32:10 - TradingSystem - INFO - ✅ Enhanced Technical Analysis (FIXED Ichimoku & Stochastic RSI)
2025-07-16 16:32:10 - TradingSystem - INFO - ✅ Volume Profile Analysis
2025-07-16 16:32:10 - TradingSystem - INFO - ✅ Fibonacci & Confluence Analysis
2025-07-16 16:32:10 - TradingSystem - INFO - ✅ Interactive Chart Generation
2025-07-16 16:32:10 - TradingSystem - INFO - ✅ Multi-Timeframe Confirmation (1h, 4h)
2025-07-16 16:32:10 - TradingSystem - INFO - 🚀 STARTING ENHANCED ANALYSIS WITH MULTI-TIMEFRAME CONFIRMATION (PARALLEL)
2025-07-16 16:32:10 - TradingSystem - INFO - ================================================================================
2025-07-16 16:32:16 - TradingSystem - INFO - 📊 Analyzing 187 symbols with MTF confirmation...
2025-07-16 16:32:16 - TradingSystem - INFO -    Primary Timeframe: 15m
2025-07-16 16:32:16 - TradingSystem - INFO -    Confirmation Timeframes: 1h, 4h
2025-07-16 16:32:16 - TradingSystem - INFO -    MTF Weight Multiplier: 1.5x
2025-07-16 16:32:16 - TradingSystem - INFO - [Thread-0] [1] Analyzing ETH/USDT:USDT with MTF...
2025-07-16 16:32:16 - TradingSystem - INFO - 📊 Analyzing ETH/USDT:USDT (MTF: 1h, 4h)...
2025-07-16 16:32:16 - TradingSystem - INFO - [Thread-1] [2] Analyzing BTC/USDT:USDT with MTF...
2025-07-16 16:32:16 - TradingSystem - INFO - 📊 Analyzing BTC/USDT:USDT (MTF: 1h, 4h)...
2025-07-16 16:32:16 - TradingSystem - INFO - [Thread-2] [3] Analyzing SOL/USDT:USDT with MTF...
2025-07-16 16:32:16 - TradingSystem - INFO - 📊 Analyzing SOL/USDT:USDT (MTF: 1h, 4h)...
2025-07-16 16:32:16 - TradingSystem - INFO - [Thread-3] [4] Analyzing XRP/USDT:USDT with MTF...
2025-07-16 16:32:16 - TradingSystem - INFO - 📊 Analyzing XRP/USDT:USDT (MTF: 1h, 4h)...
2025-07-16 16:32:16 - TradingSystem - INFO - [Thread-4] [5] Analyzing 1000PEPE/USDT:USDT with MTF...
2025-07-16 16:32:16 - TradingSystem - INFO - 📊 Analyzing 1000PEPE/USDT:USDT (MTF: 1h, 4h)...
2025-07-16 16:32:16 - TradingSystem - INFO - [Thread-5] [6] Analyzing DOGE/USDT:USDT with MTF...
2025-07-16 16:32:16 - TradingSystem - INFO - 📊 Analyzing DOGE/USDT:USDT (MTF: 1h, 4h)...
2025-07-16 16:32:20 - root - INFO - ✅ All technical indicators calculated successfully
2025-07-16 16:32:20 - TradingSystem - INFO - [Thread-0] [7] Analyzing SUI/USDT:USDT with MTF...
2025-07-16 16:32:20 - TradingSystem - INFO - 📊 Analyzing SUI/USDT:USDT (MTF: 1h, 4h)...
2025-07-16 16:32:20 - TradingSystem - INFO - 📈 Progress: 1/187 (0.5%) - Signals: 0
2025-07-16 16:32:20 - root - INFO - ✅ All technical indicators calculated successfully
2025-07-16 16:32:20 - root - INFO - ✅ All technical indicators calculated successfully
2025-07-16 16:32:20 - root - INFO - ✅ All technical indicators calculated successfully
2025-07-16 16:32:21 - root - INFO - ✅ All technical indicators calculated successfully
2025-07-16 16:32:21 - root - INFO - ✅ All technical indicators calculated successfully
2025-07-16 16:32:22 - TradingSystem - INFO - [Thread-1] [8] Analyzing 1000BONK/USDT:USDT with MTF...
2025-07-16 16:32:22 - TradingSystem - INFO - 📊 Analyzing 1000BONK/USDT:USDT (MTF: 1h, 4h)...
2025-07-16 16:32:22 - TradingSystem - INFO - 📈 Progress: 2/187 (1.1%) - Signals: 0
2025-07-16 16:32:22 - TradingSystem - INFO - [Thread-2] [9] Analyzing FARTCOIN/USDT:USDT with MTF...
2025-07-16 16:32:22 - TradingSystem - INFO - 📊 Analyzing FARTCOIN/USDT:USDT (MTF: 1h, 4h)...
2025-07-16 16:32:22 - TradingSystem - INFO - 📈 Progress: 3/187 (1.6%) - Signals: 0
2025-07-16 16:32:22 - TradingSystem - INFO - [Thread-3] [10] Analyzing PENGU/USDT:USDT with MTF...
2025-07-16 16:32:22 - TradingSystem - INFO - 📈 Progress: 4/187 (2.1%) - Signals: 0
2025-07-16 16:32:22 - TradingSystem - INFO - 📊 Analyzing PENGU/USDT:USDT (MTF: 1h, 4h)...
2025-07-16 16:32:23 - TradingSystem - INFO - [Thread-4] [11] Analyzing PUMPFUN/USDT:USDT with MTF...
2025-07-16 16:32:23 - TradingSystem - INFO - 📈 Progress: 5/187 (2.7%) - Signals: 0
2025-07-16 16:32:23 - TradingSystem - INFO - 📊 Analyzing PUMPFUN/USDT:USDT (MTF: 1h, 4h)...
2025-07-16 16:32:23 - TradingSystem - INFO - [Thread-5] [12] Analyzing WIF/USDT:USDT with MTF...
2025-07-16 16:32:23 - TradingSystem - INFO - 📊 Analyzing WIF/USDT:USDT (MTF: 1h, 4h)...
2025-07-16 16:32:23 - TradingSystem - INFO - 📈 Progress: 6/187 (3.2%) - Signals: 0
2025-07-16 16:32:25 - root - INFO - ✅ All technical indicators calculated successfully
2025-07-16 16:32:25 - root - INFO - ✅ All technical indicators calculated successfully
2025-07-16 16:32:25 - root - INFO - ✅ All technical indicators calculated successfully
2025-07-16 16:32:25 - root - INFO - ✅ All technical indicators calculated successfully
2025-07-16 16:32:25 - root - INFO - ✅ All technical indicators calculated successfully
2025-07-16 16:32:25 - root - INFO - ✅ All technical indicators calculated successfully
2025-07-16 16:32:27 - TradingSystem - INFO - [Thread-0] [13] Analyzing ADA/USDT:USDT with MTF...
2025-07-16 16:32:27 - TradingSystem - INFO - 📈 Progress: 7/187 (3.7%) - Signals: 0
2025-07-16 16:32:27 - TradingSystem - INFO - 📊 Analyzing ADA/USDT:USDT (MTF: 1h, 4h)...
2025-07-16 16:32:27 - TradingSystem - INFO - [Thread-1] [14] Analyzing SEI/USDT:USDT with MTF...
2025-07-16 16:32:27 - TradingSystem - INFO - 📊 Analyzing SEI/USDT:USDT (MTF: 1h, 4h)...
2025-07-16 16:32:27 - TradingSystem - INFO - 📈 Progress: 8/187 (4.3%) - Signals: 0
2025-07-16 16:32:28 - TradingSystem - INFO - [Thread-2] [15] Analyzing XLM/USDT:USDT with MTF...
2025-07-16 16:32:28 - TradingSystem - INFO - 📊 Analyzing XLM/USDT:USDT (MTF: 1h, 4h)...
2025-07-16 16:32:28 - TradingSystem - INFO - 📈 Progress: 9/187 (4.8%) - Signals: 0
2025-07-16 16:32:28 - TradingSystem - INFO - [Thread-3] [16] Analyzing TRUMP/USDT:USDT with MTF...
2025-07-16 16:32:28 - TradingSystem - INFO - 📊 Analyzing TRUMP/USDT:USDT (MTF: 1h, 4h)...
2025-07-16 16:32:28 - TradingSystem - INFO - 📈 Progress: 10/187 (5.3%) - Signals: 0
2025-07-16 16:32:28 - TradingSystem - INFO - [Thread-4] [17] Analyzing HYPE/USDT:USDT with MTF...
2025-07-16 16:32:28 - TradingSystem - INFO - 📊 Analyzing HYPE/USDT:USDT (MTF: 1h, 4h)...
2025-07-16 16:32:28 - TradingSystem - INFO - 📈 Progress: 11/187 (5.9%) - Signals: 0
2025-07-16 16:32:28 - TradingSystem - INFO - [Thread-5] [18] Analyzing AAVE/USDT:USDT with MTF...
2025-07-16 16:32:28 - TradingSystem - INFO - 📈 Progress: 12/187 (6.4%) - Signals: 0
2025-07-16 16:32:28 - TradingSystem - INFO - 📊 Analyzing AAVE/USDT:USDT (MTF: 1h, 4h)...
2025-07-16 16:32:30 - root - INFO - ✅ All technical indicators calculated successfully
2025-07-16 16:32:30 - root - INFO - ✅ All technical indicators calculated successfully
2025-07-16 16:32:30 - root - INFO - ✅ All technical indicators calculated successfully
2025-07-16 16:32:30 - root - INFO - ✅ All technical indicators calculated successfully
2025-07-16 16:32:30 - root - INFO - ✅ All technical indicators calculated successfully
2025-07-16 16:32:30 - root - INFO - ✅ All technical indicators calculated successfully
2025-07-16 16:32:32 - TradingSystem - INFO - [Thread-0] [19] Analyzing ENA/USDT:USDT with MTF...
2025-07-16 16:32:32 - TradingSystem - INFO - 📈 Progress: 13/187 (7.0%) - Signals: 0
2025-07-16 16:32:32 - TradingSystem - INFO - 📊 Analyzing ENA/USDT:USDT (MTF: 1h, 4h)...
2025-07-16 16:32:32 - TradingSystem - INFO - [Thread-1] [20] Analyzing LINK/USDT:USDT with MTF...
2025-07-16 16:32:32 - TradingSystem - INFO - 📈 Progress: 14/187 (7.5%) - Signals: 0
2025-07-16 16:32:32 - TradingSystem - INFO - 📊 Analyzing LINK/USDT:USDT (MTF: 1h, 4h)...
2025-07-16 16:32:32 - TradingSystem - INFO - [Thread-2] [21] Analyzing ARB/USDT:USDT with MTF...
2025-07-16 16:32:32 - TradingSystem - INFO - 📊 Analyzing ARB/USDT:USDT (MTF: 1h, 4h)...
2025-07-16 16:32:32 - TradingSystem - INFO - 📈 Progress: 15/187 (8.0%) - Signals: 0
2025-07-16 16:32:33 - TradingSystem - INFO - [Thread-3] [22] Analyzing CRV/USDT:USDT with MTF...
2025-07-16 16:32:33 - TradingSystem - INFO - 📈 Progress: 16/187 (8.6%) - Signals: 0
2025-07-16 16:32:33 - TradingSystem - INFO - 📊 Analyzing CRV/USDT:USDT (MTF: 1h, 4h)...
2025-07-16 16:32:33 - TradingSystem - INFO - [Thread-4] [23] Analyzing HBAR/USDT:USDT with MTF...
2025-07-16 16:32:33 - TradingSystem - INFO - 📊 Analyzing HBAR/USDT:USDT (MTF: 1h, 4h)...
2025-07-16 16:32:33 - TradingSystem - INFO - 📈 Progress: 17/187 (9.1%) - Signals: 0
2025-07-16 16:32:33 - TradingSystem - INFO - [Thread-5] [24] Analyzing SPX/USDT:USDT with MTF...
2025-07-16 16:32:33 - TradingSystem - INFO - 📊 Analyzing SPX/USDT:USDT (MTF: 1h, 4h)...
2025-07-16 16:32:33 - TradingSystem - INFO - 📈 Progress: 18/187 (9.6%) - Signals: 0
2025-07-16 16:32:35 - root - INFO - ✅ All technical indicators calculated successfully
2025-07-16 16:32:35 - root - INFO - ✅ All technical indicators calculated successfully
2025-07-16 16:32:35 - root - INFO - ✅ All technical indicators calculated successfully
2025-07-16 16:32:35 - root - INFO - ✅ All technical indicators calculated successfully
2025-07-16 16:32:35 - root - INFO - ✅ All technical indicators calculated successfully
2025-07-16 16:32:35 - root - INFO - ✅ All technical indicators calculated successfully
2025-07-16 16:32:38 - TradingSystem - INFO - [Thread-0] [25] Analyzing POPCAT/USDT:USDT with MTF...
2025-07-16 16:32:38 - TradingSystem - INFO - 📈 Progress: 19/187 (10.2%) - Signals: 0
2025-07-16 16:32:38 - TradingSystem - INFO - 📊 Analyzing POPCAT/USDT:USDT (MTF: 1h, 4h)...
2025-07-16 16:32:38 - TradingSystem - INFO - [Thread-1] [26] Analyzing LTC/USDT:USDT with MTF...
2025-07-16 16:32:38 - TradingSystem - INFO - 📈 Progress: 20/187 (10.7%) - Signals: 0
2025-07-16 16:32:38 - TradingSystem - INFO - 📊 Analyzing LTC/USDT:USDT (MTF: 1h, 4h)...
2025-07-16 16:32:38 - TradingSystem - INFO - [Thread-2] [27] Analyzing THE/USDT:USDT with MTF...
2025-07-16 16:32:38 - TradingSystem - INFO - 📊 Analyzing THE/USDT:USDT (MTF: 1h, 4h)...
2025-07-16 16:32:38 - TradingSystem - INFO - 📈 Progress: 21/187 (11.2%) - Signals: 0
2025-07-16 16:32:38 - TradingSystem - INFO - [Thread-3] [28] Analyzing AVAX/USDT:USDT with MTF...
2025-07-16 16:32:38 - TradingSystem - INFO - 📈 Progress: 22/187 (11.8%) - Signals: 0
2025-07-16 16:32:38 - TradingSystem - INFO - 📊 Analyzing AVAX/USDT:USDT (MTF: 1h, 4h)...
2025-07-16 16:32:38 - TradingSystem - INFO - [Thread-4] [29] Analyzing ONDO/USDT:USDT with MTF...
2025-07-16 16:32:38 - TradingSystem - INFO - 📊 Analyzing ONDO/USDT:USDT (MTF: 1h, 4h)...
2025-07-16 16:32:38 - TradingSystem - INFO - 📈 Progress: 23/187 (12.3%) - Signals: 0
2025-07-16 16:32:38 - TradingSystem - INFO - [Thread-5] [30] Analyzing OP/USDT:USDT with MTF...
2025-07-16 16:32:38 - TradingSystem - INFO - 📈 Progress: 24/187 (12.8%) - Signals: 0
2025-07-16 16:32:38 - TradingSystem - INFO - 📊 Analyzing OP/USDT:USDT (MTF: 1h, 4h)...
2025-07-16 16:32:40 - root - INFO - ✅ All technical indicators calculated successfully
2025-07-16 16:32:40 - root - INFO - ✅ All technical indicators calculated successfully
2025-07-16 16:32:40 - root - INFO - ✅ All technical indicators calculated successfully
2025-07-16 16:32:40 - root - INFO - ✅ All technical indicators calculated successfully
2025-07-16 16:32:40 - root - INFO - ✅ All technical indicators calculated successfully
2025-07-16 16:32:40 - root - INFO - ✅ All technical indicators calculated successfully
2025-07-16 16:32:43 - TradingSystem - INFO - [Thread-0] [31] Analyzing ENS/USDT:USDT with MTF...
2025-07-16 16:32:43 - TradingSystem - INFO - 📊 Analyzing ENS/USDT:USDT (MTF: 1h, 4h)...
2025-07-16 16:32:43 - TradingSystem - INFO - 📈 Progress: 25/187 (13.4%) - Signals: 0
2025-07-16 16:32:43 - TradingSystem - INFO - [Thread-1] [32] Analyzing VIRTUAL/USDT:USDT with MTF...
2025-07-16 16:32:43 - TradingSystem - INFO - 📈 Progress: 26/187 (13.9%) - Signals: 0
2025-07-16 16:32:43 - TradingSystem - INFO - 📊 Analyzing VIRTUAL/USDT:USDT (MTF: 1h, 4h)...
2025-07-16 16:32:43 - TradingSystem - INFO - [Thread-2] [33] Analyzing NEAR/USDT:USDT with MTF...
2025-07-16 16:32:43 - TradingSystem - INFO - 📈 Progress: 27/187 (14.4%) - Signals: 0
2025-07-16 16:32:43 - TradingSystem - INFO - 📊 Analyzing NEAR/USDT:USDT (MTF: 1h, 4h)...
2025-07-16 16:32:43 - TradingSystem - INFO - [Thread-3] [34] Analyzing REZ/USDT:USDT with MTF...
2025-07-16 16:32:43 - TradingSystem - INFO - 📊 Analyzing REZ/USDT:USDT (MTF: 1h, 4h)...
2025-07-16 16:32:43 - TradingSystem - INFO - 📈 Progress: 28/187 (15.0%) - Signals: 0
2025-07-16 16:32:43 - TradingSystem - INFO - [Thread-4] [35] Analyzing UNI/USDT:USDT with MTF...
2025-07-16 16:32:43 - TradingSystem - INFO - 📈 Progress: 29/187 (15.5%) - Signals: 0
2025-07-16 16:32:43 - TradingSystem - INFO - 📊 Analyzing UNI/USDT:USDT (MTF: 1h, 4h)...
2025-07-16 16:32:43 - TradingSystem - INFO - [Thread-5] [36] Analyzing MELANIA/USDT:USDT with MTF...
2025-07-16 16:32:43 - TradingSystem - INFO - 📊 Analyzing MELANIA/USDT:USDT (MTF: 1h, 4h)...
2025-07-16 16:32:43 - TradingSystem - INFO - 📈 Progress: 30/187 (16.0%) - Signals: 0
2025-07-16 16:32:45 - root - INFO - ✅ All technical indicators calculated successfully
2025-07-16 16:32:45 - root - INFO - ✅ All technical indicators calculated successfully
2025-07-16 16:32:45 - root - INFO - ✅ All technical indicators calculated successfully
2025-07-16 16:32:45 - root - INFO - ✅ All technical indicators calculated successfully
2025-07-16 16:32:45 - root - INFO - ✅ All technical indicators calculated successfully
2025-07-16 16:32:46 - root - INFO - ✅ All technical indicators calculated successfully
2025-07-16 16:32:47 - TradingSystem - INFO - [Thread-0] [37] Analyzing MOODENG/USDT:USDT with MTF...
2025-07-16 16:32:47 - TradingSystem - INFO - 📈 Progress: 31/187 (16.6%) - Signals: 0
2025-07-16 16:32:47 - TradingSystem - INFO - 📊 Analyzing MOODENG/USDT:USDT (MTF: 1h, 4h)...
2025-07-16 16:32:47 - TradingSystem - INFO - [Thread-1] [38] Analyzing WLD/USDT:USDT with MTF...
2025-07-16 16:32:48 - TradingSystem - INFO - 📈 Progress: 32/187 (17.1%) - Signals: 0
2025-07-16 16:32:48 - TradingSystem - INFO - 📊 Analyzing WLD/USDT:USDT (MTF: 1h, 4h)...
2025-07-16 16:32:48 - TradingSystem - INFO - [Thread-2] [39] Analyzing DOT/USDT:USDT with MTF...
2025-07-16 16:32:48 - TradingSystem - INFO - 📈 Progress: 33/187 (17.6%) - Signals: 0
2025-07-16 16:32:48 - TradingSystem - INFO - 📊 Analyzing DOT/USDT:USDT (MTF: 1h, 4h)...
2025-07-16 16:32:48 - TradingSystem - INFO - [Thread-3] [40] Analyzing TIA/USDT:USDT with MTF...
2025-07-16 16:32:48 - TradingSystem - INFO - 📈 Progress: 34/187 (18.2%) - Signals: 0
2025-07-16 16:32:48 - TradingSystem - INFO - 📊 Analyzing TIA/USDT:USDT (MTF: 1h, 4h)...
2025-07-16 16:32:48 - TradingSystem - INFO - [Thread-4] [41] Analyzing GALA/USDT:USDT with MTF...
2025-07-16 16:32:48 - TradingSystem - INFO - 📈 Progress: 35/187 (18.7%) - Signals: 0
2025-07-16 16:32:48 - TradingSystem - INFO - 📊 Analyzing GALA/USDT:USDT (MTF: 1h, 4h)...
2025-07-16 16:32:48 - TradingSystem - INFO - [Thread-5] [42] Analyzing BERA/USDT:USDT with MTF...
2025-07-16 16:32:48 - TradingSystem - INFO - 📊 Analyzing BERA/USDT:USDT (MTF: 1h, 4h)...
2025-07-16 16:32:48 - TradingSystem - INFO - 📈 Progress: 36/187 (19.3%) - Signals: 0
2025-07-16 16:32:50 - root - INFO - ✅ All technical indicators calculated successfully
2025-07-16 16:32:50 - root - INFO - ✅ All technical indicators calculated successfully
2025-07-16 16:32:50 - root - INFO - ✅ All technical indicators calculated successfully
2025-07-16 16:32:51 - root - INFO - ✅ All technical indicators calculated successfully
2025-07-16 16:32:51 - root - INFO - ✅ All technical indicators calculated successfully
2025-07-16 16:32:51 - root - INFO - ✅ All technical indicators calculated successfully
2025-07-16 16:32:52 - TradingSystem - INFO - [Thread-0] [43] Analyzing INJ/USDT:USDT with MTF...
2025-07-16 16:32:52 - TradingSystem - INFO - 📈 Progress: 37/187 (19.8%) - Signals: 0
2025-07-16 16:32:52 - TradingSystem - INFO - 📊 Analyzing INJ/USDT:USDT (MTF: 1h, 4h)...
2025-07-16 16:32:52 - TradingSystem - INFO - [Thread-1] [44] Analyzing AI16Z/USDT:USDT with MTF...
2025-07-16 16:32:52 - TradingSystem - INFO - 📈 Progress: 38/187 (20.3%) - Signals: 0
2025-07-16 16:32:52 - TradingSystem - INFO - 📊 Analyzing AI16Z/USDT:USDT (MTF: 1h, 4h)...
2025-07-16 16:32:52 - TradingSystem - INFO - [Thread-2] [45] Analyzing BNB/USDT:USDT with MTF...
2025-07-16 16:32:52 - TradingSystem - INFO - 📈 Progress: 39/187 (20.9%) - Signals: 0
2025-07-16 16:32:52 - TradingSystem - INFO - 📊 Analyzing BNB/USDT:USDT (MTF: 1h, 4h)...
2025-07-16 16:32:53 - TradingSystem - INFO - [Thread-3] [46] Analyzing M/USDT:USDT with MTF...
2025-07-16 16:32:53 - TradingSystem - INFO - 📊 Analyzing M/USDT:USDT (MTF: 1h, 4h)...
2025-07-16 16:32:53 - TradingSystem - INFO - 📈 Progress: 40/187 (21.4%) - Signals: 0
2025-07-16 16:32:53 - TradingSystem - INFO - [Thread-4] [47] Analyzing ETHFI/USDT:USDT with MTF...
2025-07-16 16:32:53 - TradingSystem - INFO - 📊 Analyzing ETHFI/USDT:USDT (MTF: 1h, 4h)...
2025-07-16 16:32:53 - TradingSystem - INFO - 📈 Progress: 41/187 (21.9%) - Signals: 0
2025-07-16 16:32:53 - TradingSystem - INFO - [Thread-5] [48] Analyzing TAO/USDT:USDT with MTF...
2025-07-16 16:32:53 - TradingSystem - INFO - 📊 Analyzing TAO/USDT:USDT (MTF: 1h, 4h)...
2025-07-16 16:32:53 - TradingSystem - INFO - 📈 Progress: 42/187 (22.5%) - Signals: 0
2025-07-16 16:32:55 - root - INFO - ✅ All technical indicators calculated successfully
2025-07-16 16:32:55 - root - INFO - ✅ All technical indicators calculated successfully
2025-07-16 16:32:55 - root - INFO - ✅ All technical indicators calculated successfully
2025-07-16 16:32:55 - root - INFO - ✅ All technical indicators calculated successfully
2025-07-16 16:32:55 - root - INFO - ✅ All technical indicators calculated successfully
2025-07-16 16:32:56 - root - INFO - ✅ All technical indicators calculated successfully
2025-07-16 16:32:57 - TradingSystem - INFO - [Thread-0] [49] Analyzing HYPER/USDT:USDT with MTF...
2025-07-16 16:32:57 - TradingSystem - INFO - 📊 Analyzing HYPER/USDT:USDT (MTF: 1h, 4h)...
2025-07-16 16:32:57 - TradingSystem - INFO - 📈 Progress: 43/187 (23.0%) - Signals: 0
2025-07-16 16:32:57 - TradingSystem - INFO - [Thread-1] [50] Analyzing 1000FLOKI/USDT:USDT with MTF...
2025-07-16 16:32:57 - TradingSystem - INFO - 📊 Analyzing 1000FLOKI/USDT:USDT (MTF: 1h, 4h)...
2025-07-16 16:32:57 - TradingSystem - INFO - 📈 Progress: 44/187 (23.5%) - Signals: 0
2025-07-16 16:32:57 - TradingSystem - INFO - [Thread-2] [51] Analyzing COW/USDT:USDT with MTF...
2025-07-16 16:32:57 - TradingSystem - INFO - 📈 Progress: 45/187 (24.1%) - Signals: 0
2025-07-16 16:32:57 - TradingSystem - INFO - 📊 Analyzing COW/USDT:USDT (MTF: 1h, 4h)...
2025-07-16 16:32:57 - TradingSystem - INFO - [Thread-3] [52] Analyzing SHIB1000/USDT:USDT with MTF...
2025-07-16 16:32:57 - TradingSystem - INFO - 📊 Analyzing SHIB1000/USDT:USDT (MTF: 1h, 4h)...
2025-07-16 16:32:57 - TradingSystem - INFO - 📈 Progress: 46/187 (24.6%) - Signals: 0
2025-07-16 16:32:58 - TradingSystem - INFO - [Thread-4] [53] Analyzing APT/USDT:USDT with MTF...
2025-07-16 16:32:58 - TradingSystem - INFO - 📊 Analyzing APT/USDT:USDT (MTF: 1h, 4h)...
2025-07-16 16:32:58 - TradingSystem - INFO - 📈 Progress: 47/187 (25.1%) - Signals: 0
2025-07-16 16:32:58 - TradingSystem - INFO - [Thread-5] [54] Analyzing ALGO/USDT:USDT with MTF...
2025-07-16 16:32:58 - TradingSystem - INFO - 📈 Progress: 48/187 (25.7%) - Signals: 0
2025-07-16 16:32:58 - TradingSystem - INFO - 📊 Analyzing ALGO/USDT:USDT (MTF: 1h, 4h)...
2025-07-16 16:33:00 - root - INFO - ✅ All technical indicators calculated successfully
2025-07-16 16:33:00 - root - INFO - ✅ All technical indicators calculated successfully
2025-07-16 16:33:00 - root - INFO - ✅ All technical indicators calculated successfully
2025-07-16 16:33:00 - root - INFO - ✅ All technical indicators calculated successfully
2025-07-16 16:33:00 - root - INFO - ✅ All technical indicators calculated successfully
2025-07-16 16:33:00 - root - INFO - ✅ All technical indicators calculated successfully
2025-07-16 16:33:02 - TradingSystem - INFO - [Thread-0] [55] Analyzing CROSS/USDT:USDT with MTF...
2025-07-16 16:33:02 - TradingSystem - INFO - 📊 Analyzing CROSS/USDT:USDT (MTF: 1h, 4h)...
2025-07-16 16:33:02 - TradingSystem - INFO - 📈 Progress: 49/187 (26.2%) - Signals: 0
2025-07-16 16:33:03 - TradingSystem - INFO - [Thread-1] [56] Analyzing PNUT/USDT:USDT with MTF...
2025-07-16 16:33:03 - TradingSystem - INFO - 📊 Analyzing PNUT/USDT:USDT (MTF: 1h, 4h)...
2025-07-16 16:33:03 - TradingSystem - INFO - 📈 Progress: 50/187 (26.7%) - Signals: 0
2025-07-16 16:33:03 - TradingSystem - INFO - [Thread-2] [57] Analyzing TON/USDT:USDT with MTF...
2025-07-16 16:33:03 - TradingSystem - INFO - 📊 Analyzing TON/USDT:USDT (MTF: 1h, 4h)...
2025-07-16 16:33:03 - TradingSystem - INFO - 📈 Progress: 51/187 (27.3%) - Signals: 0
2025-07-16 16:33:03 - TradingSystem - INFO - [Thread-3] [58] Analyzing LDO/USDT:USDT with MTF...
2025-07-16 16:33:03 - TradingSystem - INFO - 📈 Progress: 52/187 (27.8%) - Signals: 0
2025-07-16 16:33:03 - TradingSystem - INFO - 📊 Analyzing LDO/USDT:USDT (MTF: 1h, 4h)...
2025-07-16 16:33:03 - TradingSystem - INFO - [Thread-4] [59] Analyzing 1000TURBO/USDT:USDT with MTF...
2025-07-16 16:33:03 - TradingSystem - INFO - 📊 Analyzing 1000TURBO/USDT:USDT (MTF: 1h, 4h)...
2025-07-16 16:33:03 - TradingSystem - INFO - 📈 Progress: 53/187 (28.3%) - Signals: 0
2025-07-16 16:33:03 - TradingSystem - INFO - [Thread-5] [60] Analyzing TAC/USDT:USDT with MTF...
2025-07-16 16:33:03 - TradingSystem - INFO - 📊 Analyzing TAC/USDT:USDT (MTF: 1h, 4h)...
2025-07-16 16:33:03 - TradingSystem - INFO - 📈 Progress: 54/187 (28.9%) - Signals: 0
2025-07-16 16:33:05 - root - INFO - ✅ All technical indicators calculated successfully
2025-07-16 16:33:05 - TradingSystem - INFO - [Thread-0] [61] Analyzing BRETT/USDT:USDT with MTF...
2025-07-16 16:33:05 - TradingSystem - INFO - 📊 Analyzing BRETT/USDT:USDT (MTF: 1h, 4h)...
2025-07-16 16:33:05 - TradingSystem - INFO - 📈 Progress: 55/187 (29.4%) - Signals: 0
2025-07-16 16:33:05 - root - INFO - ✅ All technical indicators calculated successfully
2025-07-16 16:33:05 - root - INFO - ✅ All technical indicators calculated successfully
2025-07-16 16:33:05 - root - INFO - ✅ All technical indicators calculated successfully
2025-07-16 16:33:05 - root - INFO - ✅ All technical indicators calculated successfully
2025-07-16 16:33:05 - root - INFO - ✅ All technical indicators calculated successfully
2025-07-16 16:33:07 - TradingSystem - INFO - [Thread-1] [62] Analyzing ETC/USDT:USDT with MTF...
2025-07-16 16:33:07 - TradingSystem - INFO - 📈 Progress: 56/187 (29.9%) - Signals: 0
2025-07-16 16:33:07 - TradingSystem - INFO - 📊 Analyzing ETC/USDT:USDT (MTF: 1h, 4h)...
2025-07-16 16:33:07 - TradingSystem - INFO - [Thread-2] [63] Analyzing BCH/USDT:USDT with MTF...
2025-07-16 16:33:07 - TradingSystem - INFO - 📊 Analyzing BCH/USDT:USDT (MTF: 1h, 4h)...
2025-07-16 16:33:07 - TradingSystem - INFO - 📈 Progress: 57/187 (30.5%) - Signals: 0
2025-07-16 16:33:07 - TradingSystem - INFO - [Thread-3] [64] Analyzing 1INCH/USDT:USDT with MTF...
2025-07-16 16:33:07 - TradingSystem - INFO - 📈 Progress: 58/187 (31.0%) - Signals: 0
2025-07-16 16:33:07 - TradingSystem - INFO - 📊 Analyzing 1INCH/USDT:USDT (MTF: 1h, 4h)...
2025-07-16 16:33:07 - TradingSystem - INFO - [Thread-4] [65] Analyzing LAUNCHCOIN/USDT:USDT with MTF...
2025-07-16 16:33:07 - TradingSystem - INFO - 📊 Analyzing LAUNCHCOIN/USDT:USDT (MTF: 1h, 4h)...
2025-07-16 16:33:07 - TradingSystem - INFO - 📈 Progress: 59/187 (31.6%) - Signals: 0
2025-07-16 16:33:07 - TradingSystem - INFO - [Thread-5] [66] Analyzing SERAPH/USDT:USDT with MTF...
2025-07-16 16:33:07 - TradingSystem - INFO - 📊 Analyzing SERAPH/USDT:USDT (MTF: 1h, 4h)...
2025-07-16 16:33:07 - TradingSystem - INFO - 📈 Progress: 60/187 (32.1%) - Signals: 0
2025-07-16 16:33:10 - root - INFO - ✅ All technical indicators calculated successfully
2025-07-16 16:33:10 - root - INFO - ✅ All technical indicators calculated successfully
2025-07-16 16:33:10 - root - INFO - ✅ All technical indicators calculated successfully
2025-07-16 16:33:10 - root - INFO - ✅ All technical indicators calculated successfully
2025-07-16 16:33:10 - root - INFO - ✅ All technical indicators calculated successfully
2025-07-16 16:33:10 - root - INFO - ✅ All technical indicators calculated successfully
2025-07-16 16:33:12 - TradingSystem - INFO - [Thread-0] [67] Analyzing 1000000MOG/USDT:USDT with MTF...
2025-07-16 16:33:12 - TradingSystem - INFO - 📊 Analyzing 1000000MOG/USDT:USDT (MTF: 1h, 4h)...
2025-07-16 16:33:12 - TradingSystem - INFO - 📈 Progress: 61/187 (32.6%) - Signals: 0
2025-07-16 16:33:12 - TradingSystem - INFO - [Thread-1] [68] Analyzing H/USDT:USDT with MTF...
2025-07-16 16:33:12 - TradingSystem - INFO - 📊 Analyzing H/USDT:USDT (MTF: 1h, 4h)...
2025-07-16 16:33:12 - TradingSystem - INFO - 📈 Progress: 62/187 (33.2%) - Signals: 0
2025-07-16 16:33:12 - TradingSystem - INFO - [Thread-2] [69] Analyzing ORDI/USDT:USDT with MTF...
2025-07-16 16:33:12 - TradingSystem - INFO - 📊 Analyzing ORDI/USDT:USDT (MTF: 1h, 4h)...
2025-07-16 16:33:12 - TradingSystem - INFO - 📈 Progress: 63/187 (33.7%) - Signals: 0
2025-07-16 16:33:13 - TradingSystem - INFO - [Thread-3] [70] Analyzing CUDIS/USDT:USDT with MTF...
2025-07-16 16:33:13 - TradingSystem - INFO - 📊 Analyzing CUDIS/USDT:USDT (MTF: 1h, 4h)...
2025-07-16 16:33:13 - TradingSystem - INFO - 📈 Progress: 64/187 (34.2%) - Signals: 0
2025-07-16 16:33:13 - TradingSystem - INFO - [Thread-4] [71] Analyzing EIGEN/USDT:USDT with MTF...
2025-07-16 16:33:13 - TradingSystem - INFO - 📈 Progress: 65/187 (34.8%) - Signals: 0
2025-07-16 16:33:13 - TradingSystem - INFO - 📊 Analyzing EIGEN/USDT:USDT (MTF: 1h, 4h)...
2025-07-16 16:33:13 - TradingSystem - INFO - [Thread-5] [72] Analyzing JUP/USDT:USDT with MTF...
2025-07-16 16:33:13 - TradingSystem - INFO - 📊 Analyzing JUP/USDT:USDT (MTF: 1h, 4h)...
2025-07-16 16:33:13 - TradingSystem - INFO - 📈 Progress: 66/187 (35.3%) - Signals: 0
2025-07-16 16:33:15 - root - INFO - ✅ All technical indicators calculated successfully
2025-07-16 16:33:15 - root - INFO - ✅ All technical indicators calculated successfully
2025-07-16 16:33:15 - root - INFO - ✅ All technical indicators calculated successfully
2025-07-16 16:33:15 - root - INFO - ✅ All technical indicators calculated successfully
2025-07-16 16:33:15 - root - INFO - ✅ All technical indicators calculated successfully
2025-07-16 16:33:16 - root - INFO - ✅ All technical indicators calculated successfully
2025-07-16 16:33:17 - TradingSystem - INFO - 🔍 Running multi-timeframe confirmation for EIGEN/USDT:USDT...
2025-07-16 16:33:17 - analysis.multi_timeframe - INFO - 🔍 Multi-timeframe analysis for EIGEN/USDT:USDT
2025-07-16 16:33:17 - TradingSystem - INFO - [Thread-0] [73] Analyzing MOVE/USDT:USDT with MTF...
2025-07-16 16:33:17 - TradingSystem - INFO - 📈 Progress: 67/187 (35.8%) - Signals: 0
2025-07-16 16:33:17 - TradingSystem - INFO - 📊 Analyzing MOVE/USDT:USDT (MTF: 1h, 4h)...
2025-07-16 16:33:18 - TradingSystem - INFO - [Thread-1] [74] Analyzing ES/USDT:USDT with MTF...
2025-07-16 16:33:18 - TradingSystem - INFO - 📊 Analyzing ES/USDT:USDT (MTF: 1h, 4h)...
2025-07-16 16:33:18 - TradingSystem - INFO - 📈 Progress: 68/187 (36.4%) - Signals: 0
2025-07-16 16:33:18 - TradingSystem - INFO - [Thread-2] [75] Analyzing TRX/USDT:USDT with MTF...
2025-07-16 16:33:18 - TradingSystem - INFO - 📈 Progress: 69/187 (36.9%) - Signals: 0
2025-07-16 16:33:18 - TradingSystem - INFO - 📊 Analyzing TRX/USDT:USDT (MTF: 1h, 4h)...
2025-07-16 16:33:18 - TradingSystem - INFO - [Thread-3] [76] Analyzing CATI/USDT:USDT with MTF...
2025-07-16 16:33:18 - TradingSystem - INFO - 📈 Progress: 70/187 (37.4%) - Signals: 0
2025-07-16 16:33:18 - TradingSystem - INFO - 📊 Analyzing CATI/USDT:USDT (MTF: 1h, 4h)...
2025-07-16 16:33:18 - TradingSystem - INFO - [Thread-4] [77] Analyzing USELESS/USDT:USDT with MTF...
2025-07-16 16:33:18 - TradingSystem - INFO - 📊 Analyzing USELESS/USDT:USDT (MTF: 1h, 4h)...
2025-07-16 16:33:18 - TradingSystem - INFO - 📈 Progress: 71/187 (38.0%) - Signals: 0
2025-07-16 16:33:20 - root - INFO - ✅ All technical indicators calculated successfully
2025-07-16 16:33:20 - analysis.multi_timeframe - INFO -    ✅ 1h: EIGEN/USDT:USDT BUY signal confirmed
2025-07-16 16:33:20 - TradingSystem - WARNING - Insufficient data for ES/USDT:USDT
2025-07-16 16:33:20 - TradingSystem - INFO - [Thread-5] [78] Analyzing RENDER/USDT:USDT with MTF...
2025-07-16 16:33:20 - TradingSystem - INFO - 📈 Progress: 72/187 (38.5%) - Signals: 0
2025-07-16 16:33:20 - TradingSystem - INFO - 📊 Analyzing RENDER/USDT:USDT (MTF: 1h, 4h)...
2025-07-16 16:33:20 - root - INFO - ✅ All technical indicators calculated successfully
2025-07-16 16:33:20 - root - INFO - ✅ All technical indicators calculated successfully
2025-07-16 16:33:20 - root - INFO - ✅ All technical indicators calculated successfully
2025-07-16 16:33:21 - TradingSystem - INFO - [Thread-0] [79] Analyzing POL/USDT:USDT with MTF...
2025-07-16 16:33:21 - TradingSystem - INFO - 📊 Analyzing POL/USDT:USDT (MTF: 1h, 4h)...
2025-07-16 16:33:21 - TradingSystem - INFO - 📈 Progress: 73/187 (39.0%) - Signals: 0
2025-07-16 16:33:21 - TradingSystem - INFO - [Thread-1] [80] Analyzing AEVO/USDT:USDT with MTF...
2025-07-16 16:33:21 - TradingSystem - INFO - 📊 Analyzing AEVO/USDT:USDT (MTF: 1h, 4h)...
2025-07-16 16:33:21 - TradingSystem - INFO - 📈 Progress: 74/187 (39.6%) - Signals: 0
2025-07-16 16:33:21 - TradingSystem - INFO - [Thread-2] [81] Analyzing C/USDT:USDT with MTF...
2025-07-16 16:33:21 - TradingSystem - INFO - 📊 Analyzing C/USDT:USDT (MTF: 1h, 4h)...
2025-07-16 16:33:21 - TradingSystem - INFO - 📈 Progress: 75/187 (40.1%) - Signals: 0
2025-07-16 16:33:21 - TradingSystem - INFO - [Thread-3] [82] Analyzing 1000NEIROCTO/USDT:USDT with MTF...
2025-07-16 16:33:21 - TradingSystem - INFO - 📊 Analyzing 1000NEIROCTO/USDT:USDT (MTF: 1h, 4h)...
2025-07-16 16:33:21 - TradingSystem - INFO - 📈 Progress: 76/187 (40.6%) - Signals: 0
2025-07-16 16:33:25 - root - INFO - ✅ All technical indicators calculated successfully
2025-07-16 16:33:25 - TradingSystem - INFO - [Thread-4] [83] Analyzing ICP/USDT:USDT with MTF...
2025-07-16 16:33:25 - TradingSystem - INFO - 📈 Progress: 77/187 (41.2%) - Signals: 0
2025-07-16 16:33:25 - TradingSystem - INFO - 📊 Analyzing ICP/USDT:USDT (MTF: 1h, 4h)...
2025-07-16 16:33:25 - root - INFO - ✅ All technical indicators calculated successfully
2025-07-16 16:33:25 - root - INFO - ✅ All technical indicators calculated successfully
2025-07-16 16:33:25 - root - INFO - ✅ All technical indicators calculated successfully
2025-07-16 16:33:25 - analysis.multi_timeframe - INFO -    ➖ 4h: EIGEN/USDT:USDT No clear signal
2025-07-16 16:33:25 - analysis.multi_timeframe - INFO -    📊 Confirmation: 1/2 timeframes
2025-07-16 16:33:25 - root - INFO - ✅ All technical indicators calculated successfully
2025-07-16 16:33:25 - analysis.multi_timeframe - INFO -    💪 Strength: 50.0%
2025-07-16 16:33:25 - TradingSystem - INFO -    📈 Confidence boosted: 90.0% → 95.0%
2025-07-16 16:33:25 - TradingSystem - INFO -    📊 MTF Status: PARTIAL (1/2)
2025-07-16 16:33:26 - TradingSystem - INFO - [Thread-5] [84] Analyzing PEOPLE/USDT:USDT with MTF...
2025-07-16 16:33:26 - TradingSystem - INFO - 📈 Progress: 78/187 (41.7%) - Signals: 0
2025-07-16 16:33:26 - TradingSystem - INFO - 📊 Analyzing PEOPLE/USDT:USDT (MTF: 1h, 4h)...
2025-07-16 16:33:26 - TradingSystem - INFO - [Thread-0] [85] Analyzing ANIME/USDT:USDT with MTF...
2025-07-16 16:33:26 - TradingSystem - INFO - 📈 Progress: 79/187 (42.2%) - Signals: 0
2025-07-16 16:33:26 - TradingSystem - INFO - 📊 Analyzing ANIME/USDT:USDT (MTF: 1h, 4h)...
2025-07-16 16:33:26 - TradingSystem - INFO - [Thread-1] [86] Analyzing AVAAI/USDT:USDT with MTF...
2025-07-16 16:33:26 - TradingSystem - INFO - 📊 Analyzing AVAAI/USDT:USDT (MTF: 1h, 4h)...
2025-07-16 16:33:26 - TradingSystem - INFO - 📈 Progress: 80/187 (42.8%) - Signals: 0
2025-07-16 16:33:26 - TradingSystem - INFO - [Thread-2] [87] Analyzing ATOM/USDT:USDT with MTF...
2025-07-16 16:33:26 - TradingSystem - INFO - 📈 Progress: 81/187 (43.3%) - Signals: 0
2025-07-16 16:33:26 - TradingSystem - INFO - 📊 Analyzing ATOM/USDT:USDT (MTF: 1h, 4h)...
2025-07-16 16:33:27 - choreographer.browsers.chromium - INFO - Chromium init'ed with kwargs {}
2025-07-16 16:33:27 - choreographer.browsers.chromium - INFO - Found chromium path: /usr/bin/google-chrome
2025-07-16 16:33:27 - choreographer.utils._tmpfile - INFO - Temp directory created: /tmp/tmp5wyc8f13.
2025-07-16 16:33:27 - choreographer.browser_async - INFO - Opening browser.
2025-07-16 16:33:27 - choreographer.utils._tmpfile - INFO - Temp directory created: /tmp/tmp91q9rv32.
2025-07-16 16:33:27 - choreographer.browsers.chromium - INFO - ldd failed. e: Command '['ldd', '/usr/bin/google-chrome']' returned non-zero exit status 1., stderr: None
2025-07-16 16:33:27 - choreographer.browsers.chromium - INFO - Temporary directory at: /tmp/tmp91q9rv32
2025-07-16 16:33:27 - kaleido.kaleido - INFO - Conforming 1 to file:///tmp/tmp5wyc8f13/index.html
2025-07-16 16:33:27 - kaleido.kaleido - INFO - Waiting on all navigates
2025-07-16 16:33:30 - root - INFO - ✅ All technical indicators calculated successfully
2025-07-16 16:33:30 - root - INFO - ✅ All technical indicators calculated successfully
2025-07-16 16:33:30 - TradingSystem - INFO - [Thread-3] [88] Analyzing STRK/USDT:USDT with MTF...
2025-07-16 16:33:30 - TradingSystem - INFO - 📊 Analyzing STRK/USDT:USDT (MTF: 1h, 4h)...
2025-07-16 16:33:30 - TradingSystem - INFO - 📈 Progress: 82/187 (43.9%) - Signals: 0
2025-07-16 16:33:30 - root - INFO - ✅ All technical indicators calculated successfully
2025-07-16 16:33:30 - root - INFO - ✅ All technical indicators calculated successfully
2025-07-16 16:33:30 - kaleido.kaleido - INFO - All navigates done, putting them all in queue.
2025-07-16 16:33:30 - kaleido.kaleido - INFO - Getting tab from queue (has 1)
2025-07-16 16:33:30 - kaleido.kaleido - INFO - Got 09D8
2025-07-16 16:33:30 - kaleido._kaleido_tab - INFO - Processing fig.jpeg
2025-07-16 16:33:30 - root - INFO - ✅ All technical indicators calculated successfully
2025-07-16 16:33:30 - kaleido._kaleido_tab - INFO - Sending big command for fig.jpeg.
2025-07-16 16:33:31 - kaleido._kaleido_tab - INFO - Sent big command for fig.jpeg.
2025-07-16 16:33:31 - kaleido.kaleido - INFO - Reloading tab 09D8 before return.
2025-07-16 16:33:31 - kaleido.kaleido - INFO - Putting tab 09D8 back (queue size: 0).
2025-07-16 16:33:31 - kaleido.kaleido - INFO - Waiting for all cleanups to finish.
2025-07-16 16:33:31 - kaleido.kaleido - INFO - Exiting Kaleido
2025-07-16 16:33:32 - choreographer.utils._tmpfile - INFO - TemporaryDirectory.cleanup() worked.
2025-07-16 16:33:32 - choreographer.utils._tmpfile - INFO - shutil.rmtree worked.
2025-07-16 16:33:32 - kaleido.kaleido - INFO - Cancelling tasks.
2025-07-16 16:33:32 - kaleido.kaleido - INFO - Exiting Kaleido/Choreo
2025-07-16 16:33:32 - choreographer.browser_async - INFO - Closing browser.
2025-07-16 16:33:32 - TradingSystem - INFO - [Thread-4] [89] Analyzing DOOD/USDT:USDT with MTF...
2025-07-16 16:33:32 - TradingSystem - INFO - 📈 Progress: 83/187 (44.4%) - Signals: 0
2025-07-16 16:33:32 - TradingSystem - INFO - 📊 Analyzing DOOD/USDT:USDT (MTF: 1h, 4h)...
2025-07-16 16:33:32 - TradingSystem - INFO - [Thread-5] [90] Analyzing S/USDT:USDT with MTF...
2025-07-16 16:33:32 - TradingSystem - INFO - 📈 Progress: 84/187 (44.9%) - Signals: 0
2025-07-16 16:33:32 - choreographer.utils._tmpfile - INFO - TemporaryDirectory.cleanup() worked.
2025-07-16 16:33:32 - TradingSystem - INFO - 📊 Analyzing S/USDT:USDT (MTF: 1h, 4h)...
2025-07-16 16:33:32 - TradingSystem - INFO - [Thread-0] [91] Analyzing BOME/USDT:USDT with MTF...
2025-07-16 16:33:32 - TradingSystem - INFO - 📈 Progress: 85/187 (45.5%) - Signals: 0
2025-07-16 16:33:32 - choreographer.utils._tmpfile - INFO - shutil.rmtree worked.
2025-07-16 16:33:32 - TradingSystem - INFO - 📊 Analyzing BOME/USDT:USDT (MTF: 1h, 4h)...
2025-07-16 16:33:32 - kaleido.kaleido - INFO - Cancelling tasks.
2025-07-16 16:33:32 - kaleido.kaleido - INFO - Exiting Kaleido/Choreo
2025-07-16 16:33:32 - choreographer.browser_async - INFO - Closing browser.
2025-07-16 16:33:32 - TradingSystem - INFO - [Thread-1] [92] Analyzing STX/USDT:USDT with MTF...
2025-07-16 16:33:32 - TradingSystem - INFO - 📊 Analyzing STX/USDT:USDT (MTF: 1h, 4h)...
2025-07-16 16:33:32 - TradingSystem - INFO - 📈 Progress: 86/187 (46.0%) - Signals: 0
2025-07-16 16:33:32 - choreographer.utils._tmpfile - INFO - TemporaryDirectory.cleanup() worked.
2025-07-16 16:33:32 - choreographer.utils._tmpfile - INFO - shutil.rmtree worked.
2025-07-16 16:33:32 - visualization.charts - INFO - 📊 Chart saved: tradingview_EIGENUSDTUSDT_chart_20250716_163327.jpg
2025-07-16 16:33:32 - TradingSystem - INFO - ✅ EIGEN/USDT:USDT - BUY signal generated
2025-07-16 16:33:32 - TradingSystem - INFO - [Thread-4] ✅ EIGEN/USDT:USDT - BUY signal (MTF: PARTIAL)
2025-07-16 16:33:32 - TradingSystem - INFO - [Thread-2] [93] Analyzing HAEDAL/USDT:USDT with MTF...
2025-07-16 16:33:32 - TradingSystem - INFO - 📊 Analyzing HAEDAL/USDT:USDT (MTF: 1h, 4h)...
2025-07-16 16:33:32 - TradingSystem - INFO - 📈 Progress: 87/187 (46.5%) - Signals: 1
2025-07-16 16:33:35 - root - INFO - ✅ All technical indicators calculated successfully
2025-07-16 16:33:35 - root - INFO - ✅ All technical indicators calculated successfully
2025-07-16 16:33:35 - root - INFO - ✅ All technical indicators calculated successfully
2025-07-16 16:33:35 - root - INFO - ✅ All technical indicators calculated successfully
2025-07-16 16:33:35 - root - INFO - ✅ All technical indicators calculated successfully
2025-07-16 16:33:36 - root - INFO - ✅ All technical indicators calculated successfully
2025-07-16 16:33:37 - TradingSystem - INFO - [Thread-3] [94] Analyzing KAS/USDT:USDT with MTF...
2025-07-16 16:33:37 - TradingSystem - INFO - 📈 Progress: 88/187 (47.1%) - Signals: 1
2025-07-16 16:33:37 - TradingSystem - INFO - 📊 Analyzing KAS/USDT:USDT (MTF: 1h, 4h)...
2025-07-16 16:33:37 - TradingSystem - INFO - [Thread-4] [95] Analyzing AIN/USDT:USDT with MTF...
2025-07-16 16:33:37 - TradingSystem - INFO - 📊 Analyzing AIN/USDT:USDT (MTF: 1h, 4h)...
2025-07-16 16:33:37 - TradingSystem - INFO - 📈 Progress: 89/187 (47.6%) - Signals: 1
2025-07-16 16:33:37 - TradingSystem - INFO - [Thread-5] [96] Analyzing INIT/USDT:USDT with MTF...
2025-07-16 16:33:37 - TradingSystem - INFO - 📈 Progress: 90/187 (48.1%) - Signals: 1
2025-07-16 16:33:37 - TradingSystem - INFO - 📊 Analyzing INIT/USDT:USDT (MTF: 1h, 4h)...
2025-07-16 16:33:37 - TradingSystem - INFO - [Thread-0] [97] Analyzing FIL/USDT:USDT with MTF...
2025-07-16 16:33:37 - TradingSystem - INFO - 📊 Analyzing FIL/USDT:USDT (MTF: 1h, 4h)...
2025-07-16 16:33:37 - TradingSystem - INFO - 📈 Progress: 91/187 (48.7%) - Signals: 1
2025-07-16 16:33:38 - TradingSystem - INFO - [Thread-1] [98] Analyzing AERO/USDT:USDT with MTF...
2025-07-16 16:33:38 - TradingSystem - INFO - 📊 Analyzing AERO/USDT:USDT (MTF: 1h, 4h)...
2025-07-16 16:33:38 - TradingSystem - INFO - 📈 Progress: 92/187 (49.2%) - Signals: 1
2025-07-16 16:33:38 - TradingSystem - INFO - [Thread-2] [99] Analyzing GOAT/USDT:USDT with MTF...
2025-07-16 16:33:38 - TradingSystem - INFO - 📊 Analyzing GOAT/USDT:USDT (MTF: 1h, 4h)...
2025-07-16 16:33:38 - TradingSystem - INFO - 📈 Progress: 93/187 (49.7%) - Signals: 1
2025-07-16 16:33:40 - root - INFO - ✅ All technical indicators calculated successfully
2025-07-16 16:33:40 - root - INFO - ✅ All technical indicators calculated successfully
2025-07-16 16:33:40 - root - INFO - ✅ All technical indicators calculated successfully
2025-07-16 16:33:40 - root - INFO - ✅ All technical indicators calculated successfully
2025-07-16 16:33:40 - root - INFO - ✅ All technical indicators calculated successfully
2025-07-16 16:33:40 - root - INFO - ✅ All technical indicators calculated successfully
2025-07-16 16:33:42 - TradingSystem - INFO - [Thread-3] [100] Analyzing OMNI/USDT:USDT with MTF...
2025-07-16 16:33:42 - TradingSystem - INFO - 📊 Analyzing OMNI/USDT:USDT (MTF: 1h, 4h)...
2025-07-16 16:33:42 - TradingSystem - INFO - 📈 Progress: 94/187 (50.3%) - Signals: 1
2025-07-16 16:33:42 - TradingSystem - INFO - [Thread-4] [101] Analyzing SAND/USDT:USDT with MTF...
2025-07-16 16:33:42 - TradingSystem - INFO - 📈 Progress: 95/187 (50.8%) - Signals: 1
2025-07-16 16:33:42 - TradingSystem - INFO - 📊 Analyzing SAND/USDT:USDT (MTF: 1h, 4h)...
2025-07-16 16:33:42 - TradingSystem - INFO - [Thread-5] [102] Analyzing BANANAS31/USDT:USDT with MTF...
2025-07-16 16:33:42 - TradingSystem - INFO - 📊 Analyzing BANANAS31/USDT:USDT (MTF: 1h, 4h)...
2025-07-16 16:33:42 - TradingSystem - INFO - 📈 Progress: 96/187 (51.3%) - Signals: 1
2025-07-16 16:33:43 - TradingSystem - INFO - [Thread-0] [103] Analyzing TRB/USDT:USDT with MTF...
2025-07-16 16:33:43 - TradingSystem - INFO - 📊 Analyzing TRB/USDT:USDT (MTF: 1h, 4h)...
2025-07-16 16:33:43 - TradingSystem - INFO - 📈 Progress: 97/187 (51.9%) - Signals: 1
2025-07-16 16:33:43 - TradingSystem - INFO - [Thread-1] [104] Analyzing SYRUP/USDT:USDT with MTF...
2025-07-16 16:33:43 - TradingSystem - INFO - 📊 Analyzing SYRUP/USDT:USDT (MTF: 1h, 4h)...
2025-07-16 16:33:43 - TradingSystem - INFO - 📈 Progress: 98/187 (52.4%) - Signals: 1
2025-07-16 16:33:43 - TradingSystem - INFO - [Thread-2] [105] Analyzing CVX/USDT:USDT with MTF...
2025-07-16 16:33:43 - TradingSystem - INFO - 📊 Analyzing CVX/USDT:USDT (MTF: 1h, 4h)...
2025-07-16 16:33:43 - TradingSystem - INFO - 📈 Progress: 99/187 (52.9%) - Signals: 1
2025-07-16 16:33:45 - root - INFO - ✅ All technical indicators calculated successfully
2025-07-16 16:33:45 - root - INFO - ✅ All technical indicators calculated successfully
2025-07-16 16:33:45 - root - INFO - ✅ All technical indicators calculated successfully
2025-07-16 16:33:45 - root - INFO - ✅ All technical indicators calculated successfully
2025-07-16 16:33:45 - root - INFO - ✅ All technical indicators calculated successfully
2025-07-16 16:33:45 - root - INFO - ✅ All technical indicators calculated successfully
2025-07-16 16:33:47 - TradingSystem - INFO - [Thread-3] [106] Analyzing AIXBT/USDT:USDT with MTF...
2025-07-16 16:33:47 - TradingSystem - INFO - 📊 Analyzing AIXBT/USDT:USDT (MTF: 1h, 4h)...
2025-07-16 16:33:47 - TradingSystem - INFO - 📈 Progress: 100/187 (53.5%) - Signals: 1
2025-07-16 16:33:48 - TradingSystem - INFO - [Thread-4] [107] Analyzing HFT/USDT:USDT with MTF...
2025-07-16 16:33:48 - TradingSystem - INFO - 📊 Analyzing HFT/USDT:USDT (MTF: 1h, 4h)...
2025-07-16 16:33:48 - TradingSystem - INFO - 📈 Progress: 101/187 (54.0%) - Signals: 1
2025-07-16 16:33:48 - TradingSystem - INFO - [Thread-5] [108] Analyzing W/USDT:USDT with MTF...
2025-07-16 16:33:48 - TradingSystem - INFO - 📊 Analyzing W/USDT:USDT (MTF: 1h, 4h)...
2025-07-16 16:33:48 - TradingSystem - INFO - 📈 Progress: 102/187 (54.5%) - Signals: 1
2025-07-16 16:33:48 - TradingSystem - INFO - [Thread-0] [109] Analyzing JTO/USDT:USDT with MTF...
2025-07-16 16:33:48 - TradingSystem - INFO - 📊 Analyzing JTO/USDT:USDT (MTF: 1h, 4h)...
2025-07-16 16:33:48 - TradingSystem - INFO - 📈 Progress: 103/187 (55.1%) - Signals: 1
2025-07-16 16:33:48 - TradingSystem - INFO - [Thread-1] [110] Analyzing GRASS/USDT:USDT with MTF...
2025-07-16 16:33:48 - TradingSystem - INFO - 📈 Progress: 104/187 (55.6%) - Signals: 1
2025-07-16 16:33:48 - TradingSystem - INFO - 📊 Analyzing GRASS/USDT:USDT (MTF: 1h, 4h)...
2025-07-16 16:33:48 - TradingSystem - INFO - [Thread-2] [111] Analyzing USUAL/USDT:USDT with MTF...
2025-07-16 16:33:48 - TradingSystem - INFO - 📊 Analyzing USUAL/USDT:USDT (MTF: 1h, 4h)...
2025-07-16 16:33:48 - TradingSystem - INFO - 📈 Progress: 105/187 (56.1%) - Signals: 1
2025-07-16 16:33:50 - root - INFO - ✅ All technical indicators calculated successfully
2025-07-16 16:33:50 - root - INFO - ✅ All technical indicators calculated successfully
2025-07-16 16:33:50 - root - INFO - ✅ All technical indicators calculated successfully
2025-07-16 16:33:50 - root - INFO - ✅ All technical indicators calculated successfully
2025-07-16 16:33:50 - root - INFO - ✅ All technical indicators calculated successfully
2025-07-16 16:33:51 - root - INFO - ✅ All technical indicators calculated successfully
2025-07-16 16:33:52 - TradingSystem - INFO - [Thread-3] [112] Analyzing PENDLE/USDT:USDT with MTF...
2025-07-16 16:33:52 - TradingSystem - INFO - 📊 Analyzing PENDLE/USDT:USDT (MTF: 1h, 4h)...
2025-07-16 16:33:52 - TradingSystem - INFO - 📈 Progress: 106/187 (56.7%) - Signals: 1
2025-07-16 16:33:53 - TradingSystem - INFO - [Thread-4] [113] Analyzing NEIROETH/USDT:USDT with MTF...
2025-07-16 16:33:53 - TradingSystem - INFO - 📈 Progress: 107/187 (57.2%) - Signals: 1
2025-07-16 16:33:53 - TradingSystem - INFO - 📊 Analyzing NEIROETH/USDT:USDT (MTF: 1h, 4h)...
2025-07-16 16:33:53 - TradingSystem - INFO - [Thread-5] [114] Analyzing MEW/USDT:USDT with MTF...
2025-07-16 16:33:53 - TradingSystem - INFO - 📊 Analyzing MEW/USDT:USDT (MTF: 1h, 4h)...
2025-07-16 16:33:53 - TradingSystem - INFO - 📈 Progress: 108/187 (57.8%) - Signals: 1
2025-07-16 16:33:53 - TradingSystem - INFO - [Thread-0] [115] Analyzing OM/USDT:USDT with MTF...
2025-07-16 16:33:53 - TradingSystem - INFO - 📈 Progress: 109/187 (58.3%) - Signals: 1
2025-07-16 16:33:53 - TradingSystem - INFO - 📊 Analyzing OM/USDT:USDT (MTF: 1h, 4h)...
2025-07-16 16:33:53 - TradingSystem - INFO - [Thread-1] [116] Analyzing KAITO/USDT:USDT with MTF...
2025-07-16 16:33:53 - TradingSystem - INFO - 📈 Progress: 110/187 (58.8%) - Signals: 1
2025-07-16 16:33:53 - TradingSystem - INFO - 📊 Analyzing KAITO/USDT:USDT (MTF: 1h, 4h)...
2025-07-16 16:33:53 - TradingSystem - INFO - [Thread-2] [117] Analyzing COOKIE/USDT:USDT with MTF...
2025-07-16 16:33:53 - TradingSystem - INFO - 📊 Analyzing COOKIE/USDT:USDT (MTF: 1h, 4h)...
2025-07-16 16:33:53 - TradingSystem - INFO - 📈 Progress: 111/187 (59.4%) - Signals: 1
2025-07-16 16:33:55 - root - INFO - ✅ All technical indicators calculated successfully
2025-07-16 16:33:55 - root - INFO - ✅ All technical indicators calculated successfully
2025-07-16 16:33:55 - choreographer.utils._tmpfile - INFO - TemporaryDirectory.cleanup() worked.
2025-07-16 16:33:55 - choreographer.utils._tmpfile - INFO - shutil.rmtree worked.
2025-07-16 16:33:55 - root - INFO - ✅ All technical indicators calculated successfully
2025-07-16 16:33:55 - root - INFO - ✅ All technical indicators calculated successfully
2025-07-16 16:33:56 - root - INFO - ✅ All technical indicators calculated successfully
2025-07-16 16:33:56 - root - INFO - ✅ All technical indicators calculated successfully
2025-07-16 16:33:57 - TradingSystem - INFO - [Thread-3] [118] Analyzing BSV/USDT:USDT with MTF...
2025-07-16 16:33:57 - TradingSystem - INFO - 📊 Analyzing BSV/USDT:USDT (MTF: 1h, 4h)...
2025-07-16 16:33:57 - TradingSystem - INFO - [Thread-4] [119] Analyzing JASMY/USDT:USDT with MTF...
2025-07-16 16:33:57 - TradingSystem - INFO - 📈 Progress: 112/187 (59.9%) - Signals: 1
2025-07-16 16:33:57 - TradingSystem - INFO - 📊 Analyzing JASMY/USDT:USDT (MTF: 1h, 4h)...
2025-07-16 16:33:57 - TradingSystem - INFO - 📈 Progress: 113/187 (60.4%) - Signals: 1
2025-07-16 16:33:57 - TradingSystem - INFO - 🔍 Running multi-timeframe confirmation for PENDLE/USDT:USDT...
2025-07-16 16:33:57 - analysis.multi_timeframe - INFO - 🔍 Multi-timeframe analysis for PENDLE/USDT:USDT
2025-07-16 16:33:57 - TradingSystem - INFO - [Thread-5] [120] Analyzing VELVET/USDT:USDT with MTF...
2025-07-16 16:33:57 - TradingSystem - INFO - 📊 Analyzing VELVET/USDT:USDT (MTF: 1h, 4h)...
2025-07-16 16:33:57 - TradingSystem - INFO - 📈 Progress: 114/187 (61.0%) - Signals: 1
2025-07-16 16:33:58 - TradingSystem - INFO - [Thread-0] [121] Analyzing NOT/USDT:USDT with MTF...
2025-07-16 16:33:58 - TradingSystem - INFO - 📊 Analyzing NOT/USDT:USDT (MTF: 1h, 4h)...
2025-07-16 16:33:58 - TradingSystem - INFO - 📈 Progress: 115/187 (61.5%) - Signals: 1
2025-07-16 16:33:58 - TradingSystem - INFO - [Thread-1] [122] Analyzing DYDX/USDT:USDT with MTF...
2025-07-16 16:33:58 - TradingSystem - INFO - 📊 Analyzing DYDX/USDT:USDT (MTF: 1h, 4h)...
2025-07-16 16:33:58 - TradingSystem - INFO - 📈 Progress: 116/187 (62.0%) - Signals: 1
2025-07-16 16:34:00 - root - INFO - ✅ All technical indicators calculated successfully
2025-07-16 16:34:00 - TradingSystem - INFO - [Thread-2] [123] Analyzing KNC/USDT:USDT with MTF...
2025-07-16 16:34:00 - TradingSystem - INFO - 📊 Analyzing KNC/USDT:USDT (MTF: 1h, 4h)...
2025-07-16 16:34:00 - TradingSystem - INFO - 📈 Progress: 117/187 (62.6%) - Signals: 1
2025-07-16 16:34:00 - analysis.multi_timeframe - INFO -    ➖ 1h: PENDLE/USDT:USDT No clear signal
2025-07-16 16:34:00 - root - INFO - ✅ All technical indicators calculated successfully
2025-07-16 16:34:00 - root - INFO - ✅ All technical indicators calculated successfully
2025-07-16 16:34:00 - root - INFO - ✅ All technical indicators calculated successfully
2025-07-16 16:34:01 - root - INFO - ✅ All technical indicators calculated successfully
2025-07-16 16:34:01 - TradingSystem - INFO - [Thread-3] [124] Analyzing TANSSI/USDT:USDT with MTF...
2025-07-16 16:34:01 - TradingSystem - INFO - 📈 Progress: 118/187 (63.1%) - Signals: 1
2025-07-16 16:34:01 - TradingSystem - INFO - 📊 Analyzing TANSSI/USDT:USDT (MTF: 1h, 4h)...
2025-07-16 16:34:01 - TradingSystem - INFO - [Thread-4] [125] Analyzing AR/USDT:USDT with MTF...
2025-07-16 16:34:01 - TradingSystem - INFO - 📊 Analyzing AR/USDT:USDT (MTF: 1h, 4h)...
2025-07-16 16:34:01 - TradingSystem - INFO - 📈 Progress: 119/187 (63.6%) - Signals: 1
2025-07-16 16:34:01 - TradingSystem - INFO - [Thread-5] [126] Analyzing APE/USDT:USDT with MTF...
2025-07-16 16:34:01 - TradingSystem - INFO - 📊 Analyzing APE/USDT:USDT (MTF: 1h, 4h)...
2025-07-16 16:34:01 - TradingSystem - INFO - 📈 Progress: 120/187 (64.2%) - Signals: 1
2025-07-16 16:34:01 - TradingSystem - INFO - [Thread-0] [127] Analyzing VELO/USDT:USDT with MTF...
2025-07-16 16:34:01 - TradingSystem - INFO - 📊 Analyzing VELO/USDT:USDT (MTF: 1h, 4h)...
2025-07-16 16:34:01 - TradingSystem - INFO - 📈 Progress: 121/187 (64.7%) - Signals: 1
2025-07-16 16:34:05 - root - INFO - ✅ All technical indicators calculated successfully
2025-07-16 16:34:05 - root - INFO - ✅ All technical indicators calculated successfully
2025-07-16 16:34:05 - analysis.multi_timeframe - INFO -    ✅ 4h: PENDLE/USDT:USDT BUY signal confirmed
2025-07-16 16:34:05 - analysis.multi_timeframe - INFO -    📊 Confirmation: 1/2 timeframes
2025-07-16 16:34:05 - analysis.multi_timeframe - INFO -    💪 Strength: 50.0%
2025-07-16 16:34:05 - TradingSystem - INFO -    📈 Confidence boosted: 80.0% → 95.0%
2025-07-16 16:34:05 - TradingSystem - INFO -    📊 MTF Status: PARTIAL (1/2)
2025-07-16 16:34:05 - root - INFO - ✅ All technical indicators calculated successfully
2025-07-16 16:34:05 - root - INFO - ✅ All technical indicators calculated successfully
2025-07-16 16:34:05 - choreographer.browsers.chromium - INFO - Chromium init'ed with kwargs {}
2025-07-16 16:34:06 - choreographer.browsers.chromium - INFO - Found chromium path: /usr/bin/google-chrome
2025-07-16 16:34:06 - choreographer.utils._tmpfile - INFO - Temp directory created: /tmp/tmp866qzgad.
2025-07-16 16:34:06 - root - INFO - ✅ All technical indicators calculated successfully
2025-07-16 16:34:06 - choreographer.browser_async - INFO - Opening browser.
2025-07-16 16:34:06 - choreographer.utils._tmpfile - INFO - Temp directory created: /tmp/tmprdp42vfp.
2025-07-16 16:34:06 - choreographer.browsers.chromium - INFO - ldd failed. e: Command '['ldd', '/usr/bin/google-chrome']' returned non-zero exit status 1., stderr: None
2025-07-16 16:34:06 - choreographer.browsers.chromium - INFO - Temporary directory at: /tmp/tmprdp42vfp
2025-07-16 16:34:06 - kaleido.kaleido - INFO - Conforming 1 to file:///tmp/tmp866qzgad/index.html
2025-07-16 16:34:06 - kaleido.kaleido - INFO - Waiting on all navigates
2025-07-16 16:34:07 - TradingSystem - INFO - [Thread-1] [128] Analyzing XAUT/USDT:USDT with MTF...
2025-07-16 16:34:07 - TradingSystem - INFO - 📈 Progress: 122/187 (65.2%) - Signals: 1
2025-07-16 16:34:07 - TradingSystem - INFO - 📊 Analyzing XAUT/USDT:USDT (MTF: 1h, 4h)...
2025-07-16 16:34:07 - TradingSystem - INFO - [Thread-2] [129] Analyzing C98/USDT:USDT with MTF...
2025-07-16 16:34:07 - TradingSystem - INFO - 📈 Progress: 123/187 (65.8%) - Signals: 1
2025-07-16 16:34:07 - TradingSystem - INFO - 📊 Analyzing C98/USDT:USDT (MTF: 1h, 4h)...
2025-07-16 16:34:07 - TradingSystem - INFO - [Thread-3] [130] Analyzing LA/USDT:USDT with MTF...
2025-07-16 16:34:07 - TradingSystem - INFO - 📈 Progress: 124/187 (66.3%) - Signals: 1
2025-07-16 16:34:07 - TradingSystem - INFO - 📊 Analyzing LA/USDT:USDT (MTF: 1h, 4h)...
2025-07-16 16:34:08 - TradingSystem - INFO - [Thread-4] [131] Analyzing MKR/USDT:USDT with MTF...
2025-07-16 16:34:08 - TradingSystem - INFO - 📈 Progress: 125/187 (66.8%) - Signals: 1
2025-07-16 16:34:08 - TradingSystem - INFO - 📊 Analyzing MKR/USDT:USDT (MTF: 1h, 4h)...
2025-07-16 16:34:08 - TradingSystem - INFO - [Thread-5] [132] Analyzing GRIFFAIN/USDT:USDT with MTF...
2025-07-16 16:34:08 - TradingSystem - INFO - 📊 Analyzing GRIFFAIN/USDT:USDT (MTF: 1h, 4h)...
2025-07-16 16:34:08 - TradingSystem - INFO - 📈 Progress: 126/187 (67.4%) - Signals: 1
2025-07-16 16:34:09 - kaleido.kaleido - INFO - All navigates done, putting them all in queue.
2025-07-16 16:34:09 - kaleido.kaleido - INFO - Getting tab from queue (has 1)
2025-07-16 16:34:09 - kaleido.kaleido - INFO - Got 3802
2025-07-16 16:34:09 - kaleido._kaleido_tab - INFO - Processing fig.jpeg
2025-07-16 16:34:09 - kaleido._kaleido_tab - INFO - Sending big command for fig.jpeg.
2025-07-16 16:34:09 - kaleido._kaleido_tab - INFO - Sent big command for fig.jpeg.
2025-07-16 16:34:09 - kaleido.kaleido - INFO - Reloading tab 3802 before return.
2025-07-16 16:34:10 - kaleido.kaleido - INFO - Putting tab 3802 back (queue size: 0).
2025-07-16 16:34:10 - kaleido.kaleido - INFO - Waiting for all cleanups to finish.
2025-07-16 16:34:10 - kaleido.kaleido - INFO - Exiting Kaleido
2025-07-16 16:34:10 - choreographer.utils._tmpfile - INFO - TemporaryDirectory.cleanup() worked.
2025-07-16 16:34:10 - choreographer.utils._tmpfile - INFO - shutil.rmtree worked.
2025-07-16 16:34:10 - kaleido.kaleido - INFO - Cancelling tasks.
2025-07-16 16:34:10 - kaleido.kaleido - INFO - Exiting Kaleido/Choreo
2025-07-16 16:34:10 - choreographer.browser_async - INFO - Closing browser.
2025-07-16 16:34:10 - choreographer.utils._tmpfile - INFO - TemporaryDirectory.cleanup() worked.
2025-07-16 16:34:10 - choreographer.utils._tmpfile - INFO - shutil.rmtree worked.
2025-07-16 16:34:10 - kaleido.kaleido - INFO - Cancelling tasks.
2025-07-16 16:34:10 - kaleido.kaleido - INFO - Exiting Kaleido/Choreo
2025-07-16 16:34:10 - choreographer.browser_async - INFO - Closing browser.
2025-07-16 16:34:10 - choreographer.utils._tmpfile - INFO - TemporaryDirectory.cleanup() worked.
2025-07-16 16:34:10 - choreographer.utils._tmpfile - INFO - shutil.rmtree worked.
2025-07-16 16:34:10 - visualization.charts - INFO - 📊 Chart saved: tradingview_PENDLEUSDTUSDT_chart_20250716_163405.jpg
2025-07-16 16:34:10 - TradingSystem - INFO - ✅ PENDLE/USDT:USDT - BUY signal generated
2025-07-16 16:34:10 - TradingSystem - INFO - [Thread-3] ✅ PENDLE/USDT:USDT - BUY signal (MTF: PARTIAL)
2025-07-16 16:34:10 - TradingSystem - INFO - [Thread-0] [133] Analyzing ORCA/USDT:USDT with MTF...
2025-07-16 16:34:10 - TradingSystem - INFO - 📊 Analyzing ORCA/USDT:USDT (MTF: 1h, 4h)...
2025-07-16 16:34:10 - TradingSystem - INFO - 📈 Progress: 127/187 (67.9%) - Signals: 2
2025-07-16 16:34:10 - root - INFO - ✅ All technical indicators calculated successfully
2025-07-16 16:34:10 - root - INFO - ✅ All technical indicators calculated successfully
2025-07-16 16:34:10 - root - INFO - ✅ All technical indicators calculated successfully
2025-07-16 16:34:11 - root - INFO - ✅ All technical indicators calculated successfully
2025-07-16 16:34:11 - root - INFO - ✅ All technical indicators calculated successfully
2025-07-16 16:34:12 - TradingSystem - INFO - [Thread-1] [134] Analyzing GRT/USDT:USDT with MTF...
2025-07-16 16:34:12 - TradingSystem - INFO - 📈 Progress: 128/187 (68.4%) - Signals: 2
2025-07-16 16:34:12 - TradingSystem - INFO - 📊 Analyzing GRT/USDT:USDT (MTF: 1h, 4h)...
2025-07-16 16:34:12 - TradingSystem - INFO - [Thread-2] [135] Analyzing RUNE/USDT:USDT with MTF...
2025-07-16 16:34:12 - TradingSystem - INFO - 📊 Analyzing RUNE/USDT:USDT (MTF: 1h, 4h)...
2025-07-16 16:34:12 - TradingSystem - INFO - 📈 Progress: 129/187 (69.0%) - Signals: 2
2025-07-16 16:34:13 - TradingSystem - INFO - [Thread-3] [136] Analyzing RESOLV/USDT:USDT with MTF...
2025-07-16 16:34:13 - TradingSystem - INFO - 📊 Analyzing RESOLV/USDT:USDT (MTF: 1h, 4h)...
2025-07-16 16:34:13 - TradingSystem - INFO - 📈 Progress: 130/187 (69.5%) - Signals: 2
2025-07-16 16:34:13 - TradingSystem - INFO - [Thread-4] [137] Analyzing FLOCK/USDT:USDT with MTF...
2025-07-16 16:34:13 - TradingSystem - INFO - 📊 Analyzing FLOCK/USDT:USDT (MTF: 1h, 4h)...
2025-07-16 16:34:13 - TradingSystem - INFO - 📈 Progress: 131/187 (70.1%) - Signals: 2
2025-07-16 16:34:13 - TradingSystem - INFO - [Thread-5] [138] Analyzing DEEP/USDT:USDT with MTF...
2025-07-16 16:34:13 - TradingSystem - INFO - 📊 Analyzing DEEP/USDT:USDT (MTF: 1h, 4h)...
2025-07-16 16:34:13 - TradingSystem - INFO - 📈 Progress: 132/187 (70.6%) - Signals: 2
2025-07-16 16:34:15 - root - INFO - ✅ All technical indicators calculated successfully
2025-07-16 16:34:15 - root - INFO - ✅ All technical indicators calculated successfully
2025-07-16 16:34:15 - root - INFO - ✅ All technical indicators calculated successfully
2025-07-16 16:34:15 - root - INFO - ✅ All technical indicators calculated successfully
2025-07-16 16:34:15 - root - INFO - ✅ All technical indicators calculated successfully
2025-07-16 16:34:16 - root - INFO - ✅ All technical indicators calculated successfully
2025-07-16 16:34:17 - TradingSystem - INFO - [Thread-0] [139] Analyzing PONKE/USDT:USDT with MTF...
2025-07-16 16:34:17 - TradingSystem - INFO - 📈 Progress: 133/187 (71.1%) - Signals: 2
2025-07-16 16:34:17 - TradingSystem - INFO - 📊 Analyzing PONKE/USDT:USDT (MTF: 1h, 4h)...
2025-07-16 16:34:18 - TradingSystem - INFO - [Thread-1] [140] Analyzing ARC/USDT:USDT with MTF...
2025-07-16 16:34:18 - TradingSystem - INFO - 📊 Analyzing ARC/USDT:USDT (MTF: 1h, 4h)...
2025-07-16 16:34:18 - TradingSystem - INFO - 📈 Progress: 134/187 (71.7%) - Signals: 2
2025-07-16 16:34:19 - TradingSystem - INFO - [Thread-2] [141] Analyzing NXPC/USDT:USDT with MTF...
2025-07-16 16:34:19 - TradingSystem - INFO - 📊 Analyzing NXPC/USDT:USDT (MTF: 1h, 4h)...
2025-07-16 16:34:19 - TradingSystem - INFO - 📈 Progress: 135/187 (72.2%) - Signals: 2
2025-07-16 16:34:19 - TradingSystem - INFO - [Thread-3] [142] Analyzing SAHARA/USDT:USDT with MTF...
2025-07-16 16:34:19 - TradingSystem - INFO - 📈 Progress: 136/187 (72.7%) - Signals: 2
2025-07-16 16:34:19 - TradingSystem - INFO - 📊 Analyzing SAHARA/USDT:USDT (MTF: 1h, 4h)...
2025-07-16 16:34:19 - TradingSystem - INFO - 🔍 Running multi-timeframe confirmation for GRT/USDT:USDT...
2025-07-16 16:34:19 - analysis.multi_timeframe - INFO - 🔍 Multi-timeframe analysis for GRT/USDT:USDT
2025-07-16 16:34:19 - TradingSystem - INFO - [Thread-4] [143] Analyzing CHILLGUY/USDT:USDT with MTF...
2025-07-16 16:34:19 - TradingSystem - INFO - 📊 Analyzing CHILLGUY/USDT:USDT (MTF: 1h, 4h)...
2025-07-16 16:34:19 - TradingSystem - INFO - 📈 Progress: 137/187 (73.3%) - Signals: 2
2025-07-16 16:34:20 - root - INFO - ✅ All technical indicators calculated successfully
2025-07-16 16:34:20 - root - INFO - ✅ All technical indicators calculated successfully
2025-07-16 16:34:20 - analysis.multi_timeframe - INFO -    ✅ 1h: GRT/USDT:USDT BUY signal confirmed
2025-07-16 16:34:20 - root - INFO - ✅ All technical indicators calculated successfully
2025-07-16 16:34:21 - root - INFO - ✅ All technical indicators calculated successfully
2025-07-16 16:34:21 - root - INFO - ✅ All technical indicators calculated successfully
2025-07-16 16:34:21 - TradingSystem - INFO - [Thread-5] [144] Analyzing VVV/USDT:USDT with MTF...
2025-07-16 16:34:21 - TradingSystem - INFO - 📈 Progress: 138/187 (73.8%) - Signals: 2
2025-07-16 16:34:21 - TradingSystem - INFO - 📊 Analyzing VVV/USDT:USDT (MTF: 1h, 4h)...
2025-07-16 16:34:22 - TradingSystem - INFO - [Thread-0] [145] Analyzing MASK/USDT:USDT with MTF...
2025-07-16 16:34:22 - TradingSystem - INFO - 📈 Progress: 139/187 (74.3%) - Signals: 2
2025-07-16 16:34:22 - TradingSystem - INFO - 📊 Analyzing MASK/USDT:USDT (MTF: 1h, 4h)...
2025-07-16 16:34:22 - TradingSystem - INFO - [Thread-1] [146] Analyzing IP/USDT:USDT with MTF...
2025-07-16 16:34:22 - TradingSystem - INFO - 📈 Progress: 140/187 (74.9%) - Signals: 2
2025-07-16 16:34:22 - TradingSystem - INFO - 📊 Analyzing IP/USDT:USDT (MTF: 1h, 4h)...
2025-07-16 16:34:22 - TradingSystem - INFO - [Thread-2] [147] Analyzing ALT/USDT:USDT with MTF...
2025-07-16 16:34:22 - TradingSystem - INFO - 📊 Analyzing ALT/USDT:USDT (MTF: 1h, 4h)...
2025-07-16 16:34:22 - TradingSystem - INFO - 📈 Progress: 141/187 (75.4%) - Signals: 2
2025-07-16 16:34:22 - TradingSystem - INFO - [Thread-3] [148] Analyzing ZK/USDT:USDT with MTF...
2025-07-16 16:34:22 - TradingSystem - INFO - 📊 Analyzing ZK/USDT:USDT (MTF: 1h, 4h)...
2025-07-16 16:34:22 - TradingSystem - INFO - 📈 Progress: 142/187 (75.9%) - Signals: 2
2025-07-16 16:34:25 - analysis.multi_timeframe - INFO -    ✅ 4h: GRT/USDT:USDT BUY signal confirmed
2025-07-16 16:34:25 - root - INFO - ✅ All technical indicators calculated successfully
2025-07-16 16:34:25 - analysis.multi_timeframe - INFO -    📊 Confirmation: 2/2 timeframes
2025-07-16 16:34:25 - analysis.multi_timeframe - INFO -    💪 Strength: 100.0%
2025-07-16 16:34:25 - TradingSystem - INFO -    📈 Confidence boosted: 90.0% → 95.0%
2025-07-16 16:34:25 - TradingSystem - INFO -    📊 MTF Status: STRONG (2/2)
2025-07-16 16:34:25 - root - INFO - ✅ All technical indicators calculated successfully
2025-07-16 16:34:25 - root - INFO - ✅ All technical indicators calculated successfully
2025-07-16 16:34:25 - root - INFO - ✅ All technical indicators calculated successfully
2025-07-16 16:34:26 - choreographer.browsers.chromium - INFO - Chromium init'ed with kwargs {}
2025-07-16 16:34:26 - root - INFO - ✅ All technical indicators calculated successfully
2025-07-16 16:34:26 - choreographer.browsers.chromium - INFO - Found chromium path: /usr/bin/google-chrome
2025-07-16 16:34:26 - choreographer.utils._tmpfile - INFO - Temp directory created: /tmp/tmpw2c4uqo8.
2025-07-16 16:34:26 - choreographer.browser_async - INFO - Opening browser.
2025-07-16 16:34:26 - choreographer.utils._tmpfile - INFO - Temp directory created: /tmp/tmpj_aj1weu.
2025-07-16 16:34:26 - choreographer.browsers.chromium - INFO - ldd failed. e: Command '['ldd', '/usr/bin/google-chrome']' returned non-zero exit status 1., stderr: None
2025-07-16 16:34:26 - choreographer.browsers.chromium - INFO - Temporary directory at: /tmp/tmpj_aj1weu
2025-07-16 16:34:27 - kaleido.kaleido - INFO - Conforming 1 to file:///tmp/tmpw2c4uqo8/index.html
2025-07-16 16:34:27 - kaleido.kaleido - INFO - Waiting on all navigates
2025-07-16 16:34:28 - TradingSystem - INFO - [Thread-4] [149] Analyzing MORPHO/USDT:USDT with MTF...
2025-07-16 16:34:28 - TradingSystem - INFO - 📈 Progress: 143/187 (76.5%) - Signals: 2
2025-07-16 16:34:28 - TradingSystem - INFO - 📊 Analyzing MORPHO/USDT:USDT (MTF: 1h, 4h)...
2025-07-16 16:34:28 - TradingSystem - INFO - [Thread-5] [150] Analyzing XMR/USDT:USDT with MTF...
2025-07-16 16:34:28 - TradingSystem - INFO - 📊 Analyzing XMR/USDT:USDT (MTF: 1h, 4h)...
2025-07-16 16:34:28 - TradingSystem - INFO - [Thread-0] [151] Analyzing BANANA/USDT:USDT with MTF...
2025-07-16 16:34:28 - TradingSystem - INFO - 📈 Progress: 144/187 (77.0%) - Signals: 2
2025-07-16 16:34:28 - TradingSystem - INFO - 📊 Analyzing BANANA/USDT:USDT (MTF: 1h, 4h)...
2025-07-16 16:34:28 - TradingSystem - INFO - [Thread-1] [152] Analyzing MUBARAK/USDT:USDT with MTF...
2025-07-16 16:34:28 - TradingSystem - INFO - 📊 Analyzing MUBARAK/USDT:USDT (MTF: 1h, 4h)...
2025-07-16 16:34:28 - TradingSystem - INFO - 📈 Progress: 145/187 (77.5%) - Signals: 2
2025-07-16 16:34:28 - TradingSystem - INFO - 📈 Progress: 146/187 (78.1%) - Signals: 2
2025-07-16 16:34:28 - TradingSystem - INFO - [Thread-2] [153] Analyzing THETA/USDT:USDT with MTF...
2025-07-16 16:34:28 - TradingSystem - INFO - 📈 Progress: 147/187 (78.6%) - Signals: 2
2025-07-16 16:34:28 - TradingSystem - INFO - 📊 Analyzing THETA/USDT:USDT (MTF: 1h, 4h)...
2025-07-16 16:34:29 - kaleido.kaleido - INFO - All navigates done, putting them all in queue.
2025-07-16 16:34:29 - kaleido.kaleido - INFO - Getting tab from queue (has 1)
2025-07-16 16:34:29 - kaleido.kaleido - INFO - Got 5E20
2025-07-16 16:34:29 - kaleido._kaleido_tab - INFO - Processing fig.jpeg
2025-07-16 16:34:29 - kaleido._kaleido_tab - INFO - Sending big command for fig.jpeg.
2025-07-16 16:34:29 - kaleido._kaleido_tab - INFO - Sent big command for fig.jpeg.
2025-07-16 16:34:29 - kaleido.kaleido - INFO - Reloading tab 5E20 before return.
2025-07-16 16:34:30 - root - INFO - ✅ All technical indicators calculated successfully
2025-07-16 16:34:30 - kaleido.kaleido - INFO - Putting tab 5E20 back (queue size: 0).
2025-07-16 16:34:30 - kaleido.kaleido - INFO - Waiting for all cleanups to finish.
2025-07-16 16:34:30 - kaleido.kaleido - INFO - Exiting Kaleido
2025-07-16 16:34:30 - root - INFO - ✅ All technical indicators calculated successfully
2025-07-16 16:34:30 - choreographer.utils._tmpfile - INFO - TemporaryDirectory.cleanup() worked.
2025-07-16 16:34:30 - choreographer.utils._tmpfile - INFO - shutil.rmtree worked.
2025-07-16 16:34:30 - kaleido.kaleido - INFO - Cancelling tasks.
2025-07-16 16:34:30 - kaleido.kaleido - INFO - Exiting Kaleido/Choreo
2025-07-16 16:34:30 - choreographer.browser_async - INFO - Closing browser.
2025-07-16 16:34:30 - root - INFO - ✅ All technical indicators calculated successfully
2025-07-16 16:34:30 - root - INFO - ✅ All technical indicators calculated successfully
2025-07-16 16:34:30 - choreographer.utils._tmpfile - INFO - TemporaryDirectory.cleanup() worked.
2025-07-16 16:34:30 - root - INFO - ✅ All technical indicators calculated successfully
2025-07-16 16:34:30 - choreographer.utils._tmpfile - INFO - shutil.rmtree worked.
2025-07-16 16:34:30 - kaleido.kaleido - INFO - Cancelling tasks.
2025-07-16 16:34:30 - kaleido.kaleido - INFO - Exiting Kaleido/Choreo
2025-07-16 16:34:30 - choreographer.browser_async - INFO - Closing browser.
2025-07-16 16:34:33 - TradingSystem - INFO - [Thread-3] [154] Analyzing VIC/USDT:USDT with MTF...
2025-07-16 16:34:33 - TradingSystem - INFO - 📈 Progress: 148/187 (79.1%) - Signals: 2
2025-07-16 16:34:33 - TradingSystem - INFO - 📊 Analyzing VIC/USDT:USDT (MTF: 1h, 4h)...
2025-07-16 16:34:33 - TradingSystem - INFO - 📈 Progress: 149/187 (79.7%) - Signals: 2
2025-07-16 16:34:33 - TradingSystem - INFO - [Thread-4] [155] Analyzing MNT/USDT:USDT with MTF...
2025-07-16 16:34:33 - TradingSystem - INFO - 📊 Analyzing MNT/USDT:USDT (MTF: 1h, 4h)...
2025-07-16 16:34:33 - TradingSystem - INFO - [Thread-5] [156] Analyzing WAL/USDT:USDT with MTF...
2025-07-16 16:34:33 - TradingSystem - INFO - 📊 Analyzing WAL/USDT:USDT (MTF: 1h, 4h)...
2025-07-16 16:34:33 - TradingSystem - INFO - 📈 Progress: 150/187 (80.2%) - Signals: 2
2025-07-16 16:34:33 - TradingSystem - INFO - [Thread-0] [157] Analyzing PORTAL/USDT:USDT with MTF...
2025-07-16 16:34:33 - TradingSystem - INFO - 📊 Analyzing PORTAL/USDT:USDT (MTF: 1h, 4h)...
2025-07-16 16:34:33 - TradingSystem - INFO - 📈 Progress: 151/187 (80.7%) - Signals: 2
2025-07-16 16:34:33 - TradingSystem - INFO - [Thread-1] [158] Analyzing AXS/USDT:USDT with MTF...
2025-07-16 16:34:33 - TradingSystem - INFO - 📈 Progress: 152/187 (81.3%) - Signals: 2
2025-07-16 16:34:33 - TradingSystem - INFO - 📊 Analyzing AXS/USDT:USDT (MTF: 1h, 4h)...
2025-07-16 16:34:33 - choreographer.utils._tmpfile - INFO - TemporaryDirectory.cleanup() worked.
2025-07-16 16:34:33 - choreographer.utils._tmpfile - INFO - shutil.rmtree worked.
2025-07-16 16:34:33 - visualization.charts - INFO - 📊 Chart saved: tradingview_GRTUSDTUSDT_chart_20250716_163426.jpg
2025-07-16 16:34:33 - TradingSystem - INFO - ✅ GRT/USDT:USDT - BUY signal generated
2025-07-16 16:34:33 - TradingSystem - INFO - [Thread-1] ✅ GRT/USDT:USDT - BUY signal (MTF: STRONG)
2025-07-16 16:34:33 - TradingSystem - INFO - [Thread-2] [159] Analyzing ATH/USDT:USDT with MTF...
2025-07-16 16:34:33 - TradingSystem - INFO - 📊 Analyzing ATH/USDT:USDT (MTF: 1h, 4h)...
2025-07-16 16:34:33 - TradingSystem - INFO - 📈 Progress: 153/187 (81.8%) - Signals: 3
2025-07-16 16:34:35 - root - INFO - ✅ All technical indicators calculated successfully
2025-07-16 16:34:35 - root - INFO - ✅ All technical indicators calculated successfully
2025-07-16 16:34:35 - root - INFO - ✅ All technical indicators calculated successfully
2025-07-16 16:34:35 - root - INFO - ✅ All technical indicators calculated successfully
2025-07-16 16:34:36 - root - INFO - ✅ All technical indicators calculated successfully
2025-07-16 16:34:36 - TradingSystem - INFO - [Thread-3] [160] Analyzing ZRO/USDT:USDT with MTF...
2025-07-16 16:34:36 - TradingSystem - INFO - 📈 Progress: 154/187 (82.4%) - Signals: 3
2025-07-16 16:34:36 - TradingSystem - INFO - 📊 Analyzing ZRO/USDT:USDT (MTF: 1h, 4h)...
2025-07-16 16:34:36 - root - INFO - ✅ All technical indicators calculated successfully
2025-07-16 16:34:37 - TradingSystem - INFO - [Thread-4] [161] Analyzing ARKM/USDT:USDT with MTF...
2025-07-16 16:34:37 - TradingSystem - INFO - 📊 Analyzing ARKM/USDT:USDT (MTF: 1h, 4h)...
2025-07-16 16:34:37 - TradingSystem - INFO - 📈 Progress: 155/187 (82.9%) - Signals: 3
2025-07-16 16:34:38 - TradingSystem - INFO - [Thread-5] [162] Analyzing 1000TOSHI/USDT:USDT with MTF...
2025-07-16 16:34:38 - TradingSystem - INFO - 📈 Progress: 156/187 (83.4%) - Signals: 3
2025-07-16 16:34:38 - TradingSystem - INFO - 📊 Analyzing 1000TOSHI/USDT:USDT (MTF: 1h, 4h)...
2025-07-16 16:34:38 - TradingSystem - INFO - [Thread-0] [163] Analyzing MAGIC/USDT:USDT with MTF...
2025-07-16 16:34:38 - TradingSystem - INFO - 📊 Analyzing MAGIC/USDT:USDT (MTF: 1h, 4h)...
2025-07-16 16:34:38 - TradingSystem - INFO - 📈 Progress: 157/187 (84.0%) - Signals: 3
2025-07-16 16:34:38 - TradingSystem - INFO - [Thread-1] [164] Analyzing HIPPO/USDT:USDT with MTF...
2025-07-16 16:34:38 - TradingSystem - INFO - 📈 Progress: 158/187 (84.5%) - Signals: 3
2025-07-16 16:34:38 - TradingSystem - INFO - 📊 Analyzing HIPPO/USDT:USDT (MTF: 1h, 4h)...
2025-07-16 16:34:38 - TradingSystem - INFO - [Thread-2] [165] Analyzing RDNT/USDT:USDT with MTF...
2025-07-16 16:34:38 - TradingSystem - INFO - 📊 Analyzing RDNT/USDT:USDT (MTF: 1h, 4h)...
2025-07-16 16:34:38 - TradingSystem - INFO - 📈 Progress: 159/187 (85.0%) - Signals: 3
2025-07-16 16:34:40 - root - INFO - ✅ All technical indicators calculated successfully
2025-07-16 16:34:40 - root - INFO - ✅ All technical indicators calculated successfully
2025-07-16 16:34:40 - root - INFO - ✅ All technical indicators calculated successfully
2025-07-16 16:34:40 - root - INFO - ✅ All technical indicators calculated successfully
2025-07-16 16:34:41 - root - INFO - ✅ All technical indicators calculated successfully
2025-07-16 16:34:41 - root - INFO - ✅ All technical indicators calculated successfully
2025-07-16 16:34:42 - TradingSystem - INFO - [Thread-3] [166] Analyzing UMA/USDT:USDT with MTF...
2025-07-16 16:34:42 - TradingSystem - INFO - 📈 Progress: 160/187 (85.6%) - Signals: 3
2025-07-16 16:34:42 - TradingSystem - INFO - 📊 Analyzing UMA/USDT:USDT (MTF: 1h, 4h)...
2025-07-16 16:34:42 - TradingSystem - INFO - [Thread-4] [167] Analyzing PYTH/USDT:USDT with MTF...
2025-07-16 16:34:42 - TradingSystem - INFO - 📈 Progress: 161/187 (86.1%) - Signals: 3
2025-07-16 16:34:42 - TradingSystem - INFO - 📊 Analyzing PYTH/USDT:USDT (MTF: 1h, 4h)...
2025-07-16 16:34:42 - TradingSystem - INFO - [Thread-5] [168] Analyzing IO/USDT:USDT with MTF...
2025-07-16 16:34:42 - TradingSystem - INFO - 📊 Analyzing IO/USDT:USDT (MTF: 1h, 4h)...
2025-07-16 16:34:43 - TradingSystem - INFO - 📈 Progress: 162/187 (86.6%) - Signals: 3
2025-07-16 16:34:43 - TradingSystem - INFO - [Thread-0] [169] Analyzing LQTY/USDT:USDT with MTF...
2025-07-16 16:34:43 - TradingSystem - INFO - 📊 Analyzing LQTY/USDT:USDT (MTF: 1h, 4h)...
2025-07-16 16:34:43 - TradingSystem - INFO - 📈 Progress: 163/187 (87.2%) - Signals: 3
2025-07-16 16:34:43 - TradingSystem - INFO - [Thread-1] [170] Analyzing RAYDIUM/USDT:USDT with MTF...
2025-07-16 16:34:43 - TradingSystem - INFO - 📊 Analyzing RAYDIUM/USDT:USDT (MTF: 1h, 4h)...
2025-07-16 16:34:43 - TradingSystem - INFO - 📈 Progress: 164/187 (87.7%) - Signals: 3
2025-07-16 16:34:43 - TradingSystem - INFO - [Thread-2] [171] Analyzing KERNEL/USDT:USDT with MTF...
2025-07-16 16:34:43 - TradingSystem - INFO - 📊 Analyzing KERNEL/USDT:USDT (MTF: 1h, 4h)...
2025-07-16 16:34:43 - TradingSystem - INFO - 📈 Progress: 165/187 (88.2%) - Signals: 3
2025-07-16 16:34:45 - root - INFO - ✅ All technical indicators calculated successfully
2025-07-16 16:34:45 - root - INFO - ✅ All technical indicators calculated successfully
2025-07-16 16:34:45 - root - INFO - ✅ All technical indicators calculated successfully
2025-07-16 16:34:45 - root - INFO - ✅ All technical indicators calculated successfully
2025-07-16 16:34:45 - root - INFO - ✅ All technical indicators calculated successfully
2025-07-16 16:34:46 - root - INFO - ✅ All technical indicators calculated successfully
2025-07-16 16:34:47 - TradingSystem - INFO - [Thread-3] [172] Analyzing CYBER/USDT:USDT with MTF...
2025-07-16 16:34:47 - TradingSystem - INFO - 📈 Progress: 166/187 (88.8%) - Signals: 3
2025-07-16 16:34:47 - TradingSystem - INFO - 📊 Analyzing CYBER/USDT:USDT (MTF: 1h, 4h)...
2025-07-16 16:34:47 - TradingSystem - INFO - [Thread-4] [173] Analyzing SWARMS/USDT:USDT with MTF...
2025-07-16 16:34:47 - TradingSystem - INFO - 🔍 Running multi-timeframe confirmation for LQTY/USDT:USDT...
2025-07-16 16:34:47 - TradingSystem - INFO - 📈 Progress: 167/187 (89.3%) - Signals: 3
2025-07-16 16:34:47 - TradingSystem - INFO - 📊 Analyzing SWARMS/USDT:USDT (MTF: 1h, 4h)...
2025-07-16 16:34:47 - analysis.multi_timeframe - INFO - 🔍 Multi-timeframe analysis for LQTY/USDT:USDT
2025-07-16 16:34:48 - TradingSystem - INFO - [Thread-5] [174] Analyzing FRAG/USDT:USDT with MTF...
2025-07-16 16:34:48 - TradingSystem - INFO - 📊 Analyzing FRAG/USDT:USDT (MTF: 1h, 4h)...
2025-07-16 16:34:48 - TradingSystem - INFO - 📈 Progress: 168/187 (89.8%) - Signals: 3
2025-07-16 16:34:48 - TradingSystem - INFO - [Thread-0] [175] Analyzing WCT/USDT:USDT with MTF...
2025-07-16 16:34:48 - TradingSystem - INFO - 📊 Analyzing WCT/USDT:USDT (MTF: 1h, 4h)...
2025-07-16 16:34:48 - TradingSystem - INFO - 📈 Progress: 169/187 (90.4%) - Signals: 3
2025-07-16 16:34:48 - TradingSystem - INFO - [Thread-1] [176] Analyzing GIGA/USDT:USDT with MTF...
2025-07-16 16:34:48 - TradingSystem - INFO - 📊 Analyzing GIGA/USDT:USDT (MTF: 1h, 4h)...
2025-07-16 16:34:48 - TradingSystem - INFO - 📈 Progress: 170/187 (90.9%) - Signals: 3
2025-07-16 16:34:50 - analysis.multi_timeframe - INFO -    ✅ 1h: LQTY/USDT:USDT BUY signal confirmed
2025-07-16 16:34:50 - root - INFO - ✅ All technical indicators calculated successfully
2025-07-16 16:34:50 - root - INFO - ✅ All technical indicators calculated successfully
2025-07-16 16:34:50 - root - INFO - ✅ All technical indicators calculated successfully
2025-07-16 16:34:50 - root - INFO - ✅ All technical indicators calculated successfully
2025-07-16 16:34:50 - root - INFO - ✅ All technical indicators calculated successfully
2025-07-16 16:34:51 - TradingSystem - INFO - [Thread-2] [177] Analyzing IOTA/USDT:USDT with MTF...
2025-07-16 16:34:51 - TradingSystem - INFO - 📊 Analyzing IOTA/USDT:USDT (MTF: 1h, 4h)...
2025-07-16 16:34:51 - TradingSystem - INFO - 📈 Progress: 171/187 (91.4%) - Signals: 3
2025-07-16 16:34:52 - TradingSystem - INFO - [Thread-3] [178] Analyzing COMP/USDT:USDT with MTF...
2025-07-16 16:34:52 - TradingSystem - INFO - 📈 Progress: 172/187 (92.0%) - Signals: 3
2025-07-16 16:34:52 - TradingSystem - INFO - 📊 Analyzing COMP/USDT:USDT (MTF: 1h, 4h)...
2025-07-16 16:34:52 - TradingSystem - INFO - [Thread-4] [179] Analyzing KAIA/USDT:USDT with MTF...
2025-07-16 16:34:52 - TradingSystem - INFO - 📊 Analyzing KAIA/USDT:USDT (MTF: 1h, 4h)...
2025-07-16 16:34:52 - TradingSystem - INFO - 📈 Progress: 173/187 (92.5%) - Signals: 3
2025-07-16 16:34:52 - TradingSystem - INFO - [Thread-5] [180] Analyzing GMT/USDT:USDT with MTF...
2025-07-16 16:34:52 - TradingSystem - INFO - 📈 Progress: 174/187 (93.0%) - Signals: 3
2025-07-16 16:34:52 - TradingSystem - INFO - 📊 Analyzing GMT/USDT:USDT (MTF: 1h, 4h)...
2025-07-16 16:34:52 - TradingSystem - INFO - [Thread-0] [181] Analyzing ZEREBRO/USDT:USDT with MTF...
2025-07-16 16:34:52 - TradingSystem - INFO - 📊 Analyzing ZEREBRO/USDT:USDT (MTF: 1h, 4h)...
2025-07-16 16:34:52 - TradingSystem - INFO - 📈 Progress: 175/187 (93.6%) - Signals: 3
2025-07-16 16:34:55 - root - INFO - ✅ All technical indicators calculated successfully
2025-07-16 16:34:55 - analysis.multi_timeframe - INFO -    ➖ 4h: LQTY/USDT:USDT No clear signal
2025-07-16 16:34:55 - root - INFO - ✅ All technical indicators calculated successfully
2025-07-16 16:34:55 - root - INFO - ✅ All technical indicators calculated successfully
2025-07-16 16:34:55 - analysis.multi_timeframe - INFO -    📊 Confirmation: 1/2 timeframes
2025-07-16 16:34:55 - analysis.multi_timeframe - INFO -    💪 Strength: 50.0%
2025-07-16 16:34:55 - TradingSystem - INFO -    📈 Confidence boosted: 83.0% → 95.0%
2025-07-16 16:34:55 - TradingSystem - INFO -    📊 MTF Status: PARTIAL (1/2)
2025-07-16 16:34:55 - root - INFO - ✅ All technical indicators calculated successfully
2025-07-16 16:34:56 - choreographer.browsers.chromium - INFO - Chromium init'ed with kwargs {}
2025-07-16 16:34:56 - choreographer.browsers.chromium - INFO - Found chromium path: /usr/bin/google-chrome
2025-07-16 16:34:56 - choreographer.utils._tmpfile - INFO - Temp directory created: /tmp/tmpgs_9po9y.
2025-07-16 16:34:56 - choreographer.browser_async - INFO - Opening browser.
2025-07-16 16:34:56 - choreographer.utils._tmpfile - INFO - Temp directory created: /tmp/tmpsqlwke2k.
2025-07-16 16:34:56 - root - INFO - ✅ All technical indicators calculated successfully
2025-07-16 16:34:56 - choreographer.browsers.chromium - INFO - ldd failed. e: Command '['ldd', '/usr/bin/google-chrome']' returned non-zero exit status 1., stderr: None
2025-07-16 16:34:56 - choreographer.browsers.chromium - INFO - Temporary directory at: /tmp/tmpsqlwke2k
2025-07-16 16:34:56 - kaleido.kaleido - INFO - Conforming 1 to file:///tmp/tmpgs_9po9y/index.html
2025-07-16 16:34:56 - kaleido.kaleido - INFO - Waiting on all navigates
2025-07-16 16:34:57 - TradingSystem - INFO - [Thread-1] [182] Analyzing SWELL/USDT:USDT with MTF...
2025-07-16 16:34:57 - TradingSystem - INFO - 📊 Analyzing SWELL/USDT:USDT (MTF: 1h, 4h)...
2025-07-16 16:34:57 - TradingSystem - INFO - 📈 Progress: 176/187 (94.1%) - Signals: 3
2025-07-16 16:34:58 - TradingSystem - INFO - [Thread-2] [183] Analyzing XEM/USDT:USDT with MTF...
2025-07-16 16:34:58 - TradingSystem - INFO - 📊 Analyzing XEM/USDT:USDT (MTF: 1h, 4h)...
2025-07-16 16:34:58 - TradingSystem - INFO - 📈 Progress: 177/187 (94.7%) - Signals: 3
2025-07-16 16:34:58 - TradingSystem - INFO - [Thread-3] [184] Analyzing LPT/USDT:USDT with MTF...
2025-07-16 16:34:58 - TradingSystem - INFO - 📈 Progress: 178/187 (95.2%) - Signals: 3
2025-07-16 16:34:58 - TradingSystem - INFO - 📊 Analyzing LPT/USDT:USDT (MTF: 1h, 4h)...
2025-07-16 16:34:58 - TradingSystem - INFO - [Thread-4] [185] Analyzing PAXG/USDT:USDT with MTF...
2025-07-16 16:34:58 - TradingSystem - INFO - 📊 Analyzing PAXG/USDT:USDT (MTF: 1h, 4h)...
2025-07-16 16:34:58 - TradingSystem - INFO - 📈 Progress: 179/187 (95.7%) - Signals: 3
2025-07-16 16:34:58 - TradingSystem - INFO - [Thread-5] [186] Analyzing RVN/USDT:USDT with MTF...
2025-07-16 16:34:58 - TradingSystem - INFO - 📊 Analyzing RVN/USDT:USDT (MTF: 1h, 4h)...
2025-07-16 16:34:58 - TradingSystem - INFO - 📈 Progress: 180/187 (96.3%) - Signals: 3
2025-07-16 16:34:58 - kaleido.kaleido - INFO - All navigates done, putting them all in queue.
2025-07-16 16:34:58 - kaleido.kaleido - INFO - Getting tab from queue (has 1)
2025-07-16 16:34:58 - kaleido.kaleido - INFO - Got 2465
2025-07-16 16:34:58 - kaleido._kaleido_tab - INFO - Processing fig.jpeg
2025-07-16 16:34:58 - kaleido._kaleido_tab - INFO - Sending big command for fig.jpeg.
2025-07-16 16:34:59 - kaleido._kaleido_tab - INFO - Sent big command for fig.jpeg.
2025-07-16 16:34:59 - kaleido.kaleido - INFO - Reloading tab 2465 before return.
2025-07-16 16:34:59 - kaleido.kaleido - INFO - Putting tab 2465 back (queue size: 0).
2025-07-16 16:34:59 - kaleido.kaleido - INFO - Waiting for all cleanups to finish.
2025-07-16 16:34:59 - kaleido.kaleido - INFO - Exiting Kaleido
2025-07-16 16:34:59 - choreographer.utils._tmpfile - INFO - TemporaryDirectory.cleanup() worked.
2025-07-16 16:34:59 - choreographer.utils._tmpfile - INFO - shutil.rmtree worked.
2025-07-16 16:34:59 - kaleido.kaleido - INFO - Cancelling tasks.
2025-07-16 16:34:59 - kaleido.kaleido - INFO - Exiting Kaleido/Choreo
2025-07-16 16:34:59 - choreographer.browser_async - INFO - Closing browser.
2025-07-16 16:34:59 - choreographer.utils._tmpfile - INFO - TemporaryDirectory.cleanup() worked.
2025-07-16 16:34:59 - choreographer.utils._tmpfile - INFO - shutil.rmtree worked.
2025-07-16 16:34:59 - kaleido.kaleido - INFO - Cancelling tasks.
2025-07-16 16:34:59 - kaleido.kaleido - INFO - Exiting Kaleido/Choreo
2025-07-16 16:34:59 - choreographer.browser_async - INFO - Closing browser.
2025-07-16 16:34:59 - choreographer.utils._tmpfile - INFO - TemporaryDirectory.cleanup() worked.
2025-07-16 16:34:59 - choreographer.utils._tmpfile - INFO - shutil.rmtree worked.
2025-07-16 16:34:59 - visualization.charts - INFO - 📊 Chart saved: tradingview_LQTYUSDTUSDT_chart_20250716_163456.jpg
2025-07-16 16:34:59 - TradingSystem - INFO - ✅ LQTY/USDT:USDT - BUY signal generated
2025-07-16 16:34:59 - TradingSystem - INFO - [Thread-0] ✅ LQTY/USDT:USDT - BUY signal (MTF: PARTIAL)
2025-07-16 16:34:59 - TradingSystem - INFO - [Thread-0] [187] Analyzing HOOK/USDT:USDT with MTF...
2025-07-16 16:34:59 - TradingSystem - INFO - 📊 Analyzing HOOK/USDT:USDT (MTF: 1h, 4h)...
2025-07-16 16:34:59 - TradingSystem - INFO - 📈 Progress: 181/187 (96.8%) - Signals: 4
2025-07-16 16:35:00 - root - INFO - ✅ All technical indicators calculated successfully
2025-07-16 16:35:00 - root - INFO - ✅ All technical indicators calculated successfully
2025-07-16 16:35:00 - root - INFO - ✅ All technical indicators calculated successfully
2025-07-16 16:35:00 - root - INFO - ✅ All technical indicators calculated successfully
2025-07-16 16:35:00 - root - INFO - ✅ All technical indicators calculated successfully
2025-07-16 16:35:02 - TradingSystem - INFO - 📈 Progress: 182/187 (97.3%) - Signals: 4
2025-07-16 16:35:02 - TradingSystem - INFO - 📈 Progress: 183/187 (97.9%) - Signals: 4
2025-07-16 16:35:02 - TradingSystem - INFO - 📈 Progress: 184/187 (98.4%) - Signals: 4
2025-07-16 16:35:03 - TradingSystem - INFO - 📈 Progress: 185/187 (98.9%) - Signals: 4
2025-07-16 16:35:03 - TradingSystem - INFO - 📈 Progress: 186/187 (99.5%) - Signals: 4
2025-07-16 16:35:05 - root - INFO - ✅ All technical indicators calculated successfully
2025-07-16 16:35:05 - TradingSystem - INFO - 📈 Progress: 187/187 (100.0%) - Signals: 4
2025-07-16 16:35:05 - TradingSystem - INFO - ⚡ MTF PARALLEL ANALYSIS COMPLETED!
2025-07-16 16:35:05 - TradingSystem - INFO -    Execution Time: 175.5s
2025-07-16 16:35:05 - TradingSystem - INFO -    MTF Confirmations: Strong: 1, Partial: 3, None: 0
2025-07-16 16:35:05 - utils.csv_manager - INFO - 📊 Exporting results for scan ID: 20250716_163505
2025-07-16 16:35:05 - utils.csv_manager - INFO - ✅ Appended 4 signals to enhanced_bybit_signals_mtf_signals.csv
2025-07-16 16:35:05 - utils.csv_manager - INFO - ✅ Appended 4 opportunities to enhanced_bybit_signals_mtf_opportunities.csv
2025-07-16 16:35:05 - utils.csv_manager - INFO - ✅ Appended market summary to enhanced_bybit_signals_mtf_market_summary.csv
2025-07-16 16:35:05 - utils.csv_manager - INFO - ✅ Appended scan history to enhanced_bybit_signals_mtf_scan_history.csv
2025-07-16 16:35:05 - utils.csv_manager - INFO - 📄 CSV Export Complete (Scan ID: 20250716_163505):
2025-07-16 16:35:05 - utils.csv_manager - INFO -    Signals: enhanced_bybit_signals_mtf_signals.csv (0.0MB, 4 rows)
2025-07-16 16:35:05 - utils.csv_manager - INFO -    Opportunities: enhanced_bybit_signals_mtf_opportunities.csv (0.0MB, 4 rows)
2025-07-16 16:35:05 - utils.csv_manager - INFO -    Market Summary: enhanced_bybit_signals_mtf_market_summary.csv (0.0MB, 1 rows)
2025-07-16 16:35:05 - utils.csv_manager - INFO -    Scan History: enhanced_bybit_signals_mtf_scan_history.csv (0.0MB, 1 rows)
2025-07-16 16:35:05 - choreographer.utils._tmpfile - INFO - TemporaryDirectory.cleanup() worked.
2025-07-16 16:35:05 - choreographer.utils._tmpfile - INFO - shutil.rmtree worked.
2025-07-16 16:35:05 - choreographer.utils._tmpfile - INFO - TemporaryDirectory.cleanup() worked.
2025-07-16 16:35:05 - choreographer.utils._tmpfile - INFO - shutil.rmtree worked.
2025-07-16 16:35:05 - choreographer.utils._tmpfile - INFO - TemporaryDirectory.cleanup() worked.
2025-07-16 16:35:05 - choreographer.utils._tmpfile - INFO - shutil.rmtree worked.
