2025-07-23 12:10:28 - TradingSystem - INFO - Loading database configuration from enhanced_config.yaml
2025-07-23 12:10:28 - TradingSystem - INFO - Database config loaded:
2025-07-23 12:10:28 - TradingSystem - INFO -    Host: localhost:3306
2025-07-23 12:10:28 - TradingSystem - INFO -    Database: bybit_trading_system
2025-07-23 12:10:28 - TradingSystem - INFO -    Username: root
2025-07-23 12:10:28 - TradingSystem - INFO -    Password: ***
2025-07-23 12:10:28 - TradingSystem - INFO - Loading system configuration from MySQL database...
2025-07-23 12:10:28 - config.config - INFO - Loading configuration 'default' from MySQL database
2025-07-23 12:10:28 - notifier.telegram - INFO - ✅ Telegram bot initialized successfully
2025-07-23 12:10:28 - TradingSystem - INFO - 🤖 AUTO-TRADING CONFIGURATION:
2025-07-23 12:10:28 - TradingSystem - INFO - ==================================================
2025-07-23 12:10:28 - TradingSystem - INFO - 📊 Trading Parameters:
2025-07-23 12:10:28 - TradingSystem - INFO -    Leverage: max
2025-07-23 12:10:28 - TradingSystem - INFO -    Risk Amount per Trade: 5.0% of account balance
2025-07-23 12:10:28 - TradingSystem - INFO -    Max Concurrent Positions: 5
2025-07-23 12:10:28 - TradingSystem - INFO -    Max Executions per Scan: 2
2025-07-23 12:10:28 - TradingSystem - INFO -    Auto-Close Profit Target: 10.0%
2025-07-23 12:10:28 - TradingSystem - INFO - ⏰ Scheduling Parameters:
2025-07-23 12:10:28 - TradingSystem - INFO -    Daily Start Time: 01:00
2025-07-23 12:10:28 - TradingSystem - INFO -    Scan Interval: 0.5 hours (1800 seconds)
2025-07-23 12:10:28 - TradingSystem - INFO - 📈 Analysis Configuration:
2025-07-23 12:10:28 - TradingSystem - INFO -    Primary Timeframe: 30m
2025-07-23 12:10:28 - TradingSystem - INFO -    Confirmation Timeframes: 1h, 4h, 6h
2025-07-23 12:10:28 - TradingSystem - INFO -    MTF Confirmation Required: True
2025-07-23 12:10:28 - TradingSystem - INFO -    Min Volume 24h: $5,000,000.0
2025-07-23 12:10:28 - TradingSystem - INFO - ⚠️ Risk Management:
2025-07-23 12:10:28 - TradingSystem - INFO -    Risk per Trade: 5.0% of account balance
2025-07-23 12:10:28 - TradingSystem - INFO -    Max Total Risk Exposure: 25.0% of account balance
2025-07-23 12:10:28 - TradingSystem - INFO -    Max Leveraged Exposure: 25.0% × Max Leverage
2025-07-23 12:10:28 - TradingSystem - INFO -    Portfolio Risk Limit: 2.0%
2025-07-23 12:10:28 - TradingSystem - INFO - 🔧 Trading Mode: PRODUCTION
2025-07-23 12:10:28 - TradingSystem - INFO - 📱 Telegram Configuration:
2025-07-23 12:10:28 - TradingSystem - INFO -    Bot Token: Configured
2025-07-23 12:10:28 - TradingSystem - INFO -    User ID: 6708641837
2025-07-23 12:10:28 - TradingSystem - INFO - ==================================================
2025-07-23 12:10:28 - core.exchange - INFO - 🌍 Using API endpoint: https://api.bybitglobal.com
2025-07-23 12:10:38 - core.exchange - INFO - ✅ Connected to Bybit PRODUCTION via Global API
2025-07-23 12:10:38 - core.exchange - INFO - 🌍 API Endpoint: https://api.bybitglobal.com
2025-07-23 12:10:38 - TradingSystem - INFO - 🚀 COMPLETE ENHANCED SYSTEM WITH MULTI-TIMEFRAME & MYSQL DATABASE INITIALIZED!
2025-07-23 12:10:40 - core.exchange - INFO - ✅ Global API connection test successful
2025-07-23 12:10:40 - core.exchange - INFO - 🌍 Connected via: https://api.bybitglobal.com
2025-07-23 12:10:40 - bybit.autotrader - INFO - 🚀 Started auto-trading session: autotrader_20250723_121040
2025-07-23 12:10:40 - bybit.autotrader - INFO - ⚙️ Configuration:
2025-07-23 12:10:40 - bybit.autotrader - INFO -    Max concurrent positions: 5
2025-07-23 12:10:40 - bybit.autotrader - INFO -    Max executions per scan: 2
2025-07-23 12:10:40 - bybit.autotrader - INFO -    Risk amount per trade: 5.0%
2025-07-23 12:10:40 - bybit.autotrader - INFO -    Leverage: max
2025-07-23 12:10:40 - bybit.autotrader - INFO -    Auto-close profit target: 10.0%
2025-07-23 12:10:40 - bybit.autotrader - INFO -    Scan interval: 0.5 hours
2025-07-23 12:10:40 - bybit.autotrader - INFO - 📊 Started position monitoring
2025-07-23 12:10:40 - bybit.autotrader - INFO - 🤖 Auto-trading loop started
2025-07-23 12:10:40 - bybit.autotrader - INFO - ⏰ Next scan scheduled for: 2025-07-23 12:30:00
2025-07-23 12:10:40 - bybit.autotrader - INFO - ⏳ Waiting 19.3 minutes...
2025-07-23 12:14:44 - urllib3.connectionpool - WARNING - Retrying (Retry(total=2, connect=None, read=None, redirect=None, status=None)) after connection broken by 'ReadTimeoutError("HTTPSConnectionPool(host='api.bybitglobal.com', port=443): Read timed out. (read timeout=30.0)")': /v5/position/list?settleCoin=USDT&limit=200&category=linear
2025-07-23 12:14:47 - bybit.autotrader - ERROR - Error getting current positions: bybit {"retCode":10002,"retMsg":"invalid request, please check your server timestamp or recv_window param. req_timestamp[1753269254324],server_timestamp[1753269287505],recv_window[5000]","result":{},"retExtInfo":{},"time":1753269287505}
