2025-07-23 12:22:08 - TradingSystem - INFO - Loading database configuration from enhanced_config.yaml
2025-07-23 12:22:08 - TradingSystem - INFO - Database config loaded:
2025-07-23 12:22:08 - TradingSystem - INFO -    Host: localhost:3306
2025-07-23 12:22:08 - TradingSystem - INFO -    Database: bybit_trading_system
2025-07-23 12:22:08 - TradingSystem - INFO -    Username: root
2025-07-23 12:22:08 - TradingSystem - INFO -    Password: ***
2025-07-23 12:22:08 - TradingSystem - INFO - Loading system configuration from MySQL database...
2025-07-23 12:22:08 - config.config - INFO - Loading configuration 'default' from MySQL database
2025-07-23 12:22:08 - notifier.telegram - INFO - ✅ Telegram bot initialized successfully
2025-07-23 12:22:08 - TradingSystem - INFO - 🤖 AUTO-TRADING CONFIGURATION:
2025-07-23 12:22:08 - TradingSystem - INFO - ==================================================
2025-07-23 12:22:08 - TradingSystem - INFO - 📊 Trading Parameters:
2025-07-23 12:22:08 - TradingSystem - INFO -    Leverage: max
2025-07-23 12:22:08 - TradingSystem - INFO -    Risk Amount per Trade: 5.0% of account balance
2025-07-23 12:22:08 - TradingSystem - INFO -    Max Concurrent Positions: 5
2025-07-23 12:22:08 - TradingSystem - INFO -    Max Executions per Scan: 2
2025-07-23 12:22:08 - TradingSystem - INFO -    Auto-Close Profit Target: 10.0%
2025-07-23 12:22:08 - TradingSystem - INFO - ⏰ Scheduling Parameters:
2025-07-23 12:22:08 - TradingSystem - INFO -    Daily Start Time: 01:00
2025-07-23 12:22:08 - TradingSystem - INFO -    Scan Interval: 0.5 hours (1800 seconds)
2025-07-23 12:22:08 - TradingSystem - INFO - 📈 Analysis Configuration:
2025-07-23 12:22:08 - TradingSystem - INFO -    Primary Timeframe: 30m
2025-07-23 12:22:08 - TradingSystem - INFO -    Confirmation Timeframes: 1h, 4h, 6h
2025-07-23 12:22:08 - TradingSystem - INFO -    MTF Confirmation Required: True
2025-07-23 12:22:08 - TradingSystem - INFO -    Min Volume 24h: $5,000,000.0
2025-07-23 12:22:08 - TradingSystem - INFO - ⚠️ Risk Management:
2025-07-23 12:22:08 - TradingSystem - INFO -    Risk per Trade: 5.0% of account balance
2025-07-23 12:22:08 - TradingSystem - INFO -    Max Total Risk Exposure: 25.0% of account balance
2025-07-23 12:22:08 - TradingSystem - INFO -    Max Leveraged Exposure: 25.0% × Max Leverage
2025-07-23 12:22:08 - TradingSystem - INFO -    Portfolio Risk Limit: 2.0%
2025-07-23 12:22:08 - TradingSystem - INFO - 🔧 Trading Mode: PRODUCTION
2025-07-23 12:22:08 - TradingSystem - INFO - 📱 Telegram Configuration:
2025-07-23 12:22:08 - TradingSystem - INFO -    Bot Token: Configured
2025-07-23 12:22:08 - TradingSystem - INFO -    User ID: 6708641837
2025-07-23 12:22:08 - TradingSystem - INFO - ==================================================
2025-07-23 12:22:08 - core.exchange - INFO - 🌍 Using API endpoint: https://api.bybitglobal.com
2025-07-23 12:22:16 - core.exchange - WARNING - Market loading attempt 1 failed: bybit {"retCode":10002,"retMsg":"invalid request, please check your server timestamp or recv_window param. req_timestamp[1753269728758],server_timestamp[1753269736586],recv_window[5000]","result":{},"retExtInfo":{},"time":1753269736586}
2025-07-23 12:22:25 - core.exchange - INFO - ✅ Connected to Bybit PRODUCTION via Global API
2025-07-23 12:22:25 - core.exchange - INFO - 🌍 API Endpoint: https://api.bybitglobal.com
2025-07-23 12:22:25 - TradingSystem - INFO - 🚀 COMPLETE ENHANCED SYSTEM WITH MULTI-TIMEFRAME & MYSQL DATABASE INITIALIZED!
2025-07-23 12:22:27 - core.exchange - INFO - ✅ Global API connection test successful
2025-07-23 12:22:27 - core.exchange - INFO - 🌍 Connected via: https://api.bybitglobal.com
2025-07-23 12:22:27 - bybit.autotrader - INFO - 🚀 Started auto-trading session: autotrader_20250723_122227
2025-07-23 12:22:27 - bybit.autotrader - INFO - ⚙️ Configuration:
2025-07-23 12:22:27 - bybit.autotrader - INFO -    Max concurrent positions: 5
2025-07-23 12:22:27 - bybit.autotrader - INFO -    Max executions per scan: 2
2025-07-23 12:22:27 - bybit.autotrader - INFO -    Risk amount per trade: 5.0%
2025-07-23 12:22:27 - bybit.autotrader - INFO -    Leverage: max
2025-07-23 12:22:27 - bybit.autotrader - INFO -    Auto-close profit target: 10.0%
2025-07-23 12:22:27 - bybit.autotrader - INFO -    Scan interval: 0.5 hours
2025-07-23 12:22:27 - bybit.autotrader - INFO - 📊 Started position monitoring
2025-07-23 12:22:27 - bybit.autotrader - INFO - 🤖 Auto-trading loop started
2025-07-23 12:22:27 - bybit.autotrader - INFO - ⏰ Next scan scheduled for: 2025-07-23 12:30:00
2025-07-23 12:22:27 - bybit.autotrader - INFO - ⏳ Waiting 7.5 minutes...
2025-07-23 12:30:00 - bybit.autotrader - INFO - ⏰ Scan time reached: 2025-07-23 12:30:00
2025-07-23 12:30:00 - bybit.autotrader - INFO - 📊 Running signal analysis...
2025-07-23 12:30:00 - TradingSystem - INFO - 🚀 STARTING OPTIMIZED ANALYSIS WITH 30m→1h/4h/6h MTF CONFIRMATION
2025-07-23 12:30:00 - TradingSystem - INFO -    📊 Charts generated ONLY for top-ranked signals (after analysis complete)
2025-07-23 12:30:00 - TradingSystem - INFO - ==========================================================================================
2025-07-23 12:30:01 - TradingSystem - INFO - 📊 Analyzing 206 symbols with MTF confirmation...
2025-07-23 12:30:01 - TradingSystem - INFO -    Primary Timeframe: 30m
2025-07-23 12:30:01 - TradingSystem - INFO -    Confirmation Timeframes: 1h, 4h, 6h
2025-07-23 12:30:01 - TradingSystem - INFO -    MTF Weight Multiplier: 1.5x
2025-07-23 12:30:01 - TradingSystem - INFO -    Database: MySQL @ localhost
2025-07-23 12:30:01 - TradingSystem - INFO -    Chart Strategy: Top 5 signals only
2025-07-23 12:30:01 - TradingSystem - INFO - 📈 PHASE 1: Signal Generation (No Charts)
2025-07-23 12:30:36 - analysis.multi_timeframe - WARNING -    Insufficient 4h data for C/USDT:USDT
2025-07-23 12:30:37 - analysis.multi_timeframe - WARNING -    Insufficient 6h data for C/USDT:USDT
2025-07-23 12:31:23 - analysis.multi_timeframe - WARNING -    Insufficient 4h data for ERA/USDT:USDT
2025-07-23 12:31:24 - analysis.multi_timeframe - WARNING -    Insufficient 6h data for ERA/USDT:USDT
2025-07-23 12:31:31 - analysis.multi_timeframe - WARNING -    Insufficient 4h data for TA/USDT:USDT
2025-07-23 12:31:31 - analysis.multi_timeframe - WARNING -    Insufficient 6h data for TA/USDT:USDT
2025-07-23 12:32:27 - analysis.multi_timeframe - WARNING -    Insufficient 4h data for TAC/USDT:USDT
2025-07-23 12:32:28 - analysis.multi_timeframe - WARNING -    Insufficient 6h data for TAC/USDT:USDT
2025-07-23 12:32:33 - TradingSystem - INFO - 📊 PHASE 2: Signal Ranking (195 signals in 153.2s)
2025-07-23 12:32:33 - TradingSystem - INFO - 🏆 Top 5 Signals After Ranking:
2025-07-23 12:32:33 - TradingSystem - INFO -    1. MOODENG/USDT:USDT BUY - 95% conf - MTF: STRONG
2025-07-23 12:32:33 - TradingSystem - INFO -    2. LAUNCHCOIN/USDT:USDT SELL - 95% conf - MTF: STRONG
2025-07-23 12:32:33 - TradingSystem - INFO -    3. BERA/USDT:USDT BUY - 95% conf - MTF: STRONG
2025-07-23 12:32:33 - TradingSystem - INFO -    4. CROSS/USDT:USDT BUY - 95% conf - MTF: STRONG
2025-07-23 12:32:33 - TradingSystem - INFO -    5. MAGIC/USDT:USDT SELL - 95% conf - MTF: STRONG
2025-07-23 12:32:33 - TradingSystem - INFO - 📊 PHASE 3: Chart Generation (Top 5 signals only)
2025-07-23 12:32:33 - TradingSystem - INFO - 📊 Generating charts for TOP 5 signals only...
2025-07-23 12:34:02 - TradingSystem - INFO - ✅ Chart generation complete: 5/5 charts created
2025-07-23 12:34:02 - TradingSystem - INFO - ⚡ 30m→1h/4h/6h OPTIMIZED MTF ANALYSIS COMPLETED!
2025-07-23 12:34:02 - TradingSystem - INFO -    Total Execution Time: 242.9s
2025-07-23 12:34:02 - TradingSystem - INFO -    Signal Generation: 153.2s (195 signals)
2025-07-23 12:34:02 - TradingSystem - INFO -    Chart Generation: 89.7s (5 charts)
2025-07-23 12:34:02 - TradingSystem - INFO -    Chart Efficiency: 5/195 = 2.6% charted
2025-07-23 12:34:02 - TradingSystem - INFO -    MTF Confirmations: Strong: 10, Partial: 21, None: 164
2025-07-23 12:34:02 - bybit.autotrader - INFO - 📈 Generated 195 signals
2025-07-23 12:34:02 - bybit.autotrader - INFO - 💾 Saving results to MySQL database...
2025-07-23 12:34:04 - bybit.autotrader - INFO - 🎯 Executing 2 trades (available slots: 2)
2025-07-23 12:34:04 - bybit.autotrader - INFO - 📝 Executing trade 1/2: MOODENG/USDT:USDT
2025-07-23 12:34:04 - bybit.autotrader - INFO - 🚀 Placing BUY order for MOODENG/USDT:USDT
2025-07-23 12:34:05 - bybit.autotrader - INFO - 💰 Risk calculation:
2025-07-23 12:34:05 - bybit.autotrader - INFO -    Account Balance: 14.68494097 USDT
2025-07-23 12:34:05 - bybit.autotrader - INFO -    Risk Percentage: 5.0%
2025-07-23 12:34:05 - bybit.autotrader - INFO -    Risk Amount: 0.7342470485 USDT
2025-07-23 12:34:05 - bybit.autotrader - INFO -    Position Size: 167.52803265332847 units
2025-07-23 12:34:05 - bybit.autotrader - INFO -    Required Margin: 0.7342470485 USDT
2025-07-23 12:34:06 - bybit.autotrader - INFO - ✅ Entry order placed: 7c276527-9953-422c-b781-e4162a762911
2025-07-23 12:34:06 - bybit.autotrader - INFO - ✅ Trade executed: MOODENG/USDT:USDT (95.0% confidence, MTF: STRONG)
2025-07-23 12:34:07 - httpx - INFO - HTTP Request: POST https://api.telegram.org/bot8088506547:AAHZZxiY_wlh48IN4ldPNRJtM9qi7qxfLdM/sendMessage "HTTP/1.1 200 OK"
2025-07-23 12:34:07 - bybit.autotrader - INFO - 📝 Executing trade 2/2: BERA/USDT:USDT
2025-07-23 12:34:07 - bybit.autotrader - INFO - 🚀 Placing BUY order for BERA/USDT:USDT
2025-07-23 12:34:08 - bybit.autotrader - INFO - 💰 Risk calculation:
2025-07-23 12:34:08 - bybit.autotrader - INFO -    Account Balance: 13.91315991 USDT
2025-07-23 12:34:08 - bybit.autotrader - INFO -    Risk Percentage: 5.0%
2025-07-23 12:34:08 - bybit.autotrader - INFO -    Risk Amount: 0.6956579955 USDT
2025-07-23 12:34:08 - bybit.autotrader - INFO -    Position Size: 21.408933488939 units
2025-07-23 12:34:08 - bybit.autotrader - INFO -    Required Margin: 0.6956579955 USDT
2025-07-23 12:34:09 - bybit.autotrader - INFO - ✅ Entry order placed: edf0100c-1422-47e9-bbdf-770b68f92ac1
2025-07-23 12:34:09 - bybit.autotrader - INFO - ✅ Trade executed: BERA/USDT:USDT (95.0% confidence, MTF: STRONG)
2025-07-23 12:34:10 - httpx - INFO - HTTP Request: POST https://api.telegram.org/bot8088506547:AAHZZxiY_wlh48IN4ldPNRJtM9qi7qxfLdM/sendMessage "HTTP/1.1 200 OK"
2025-07-23 12:34:10 - bybit.autotrader - INFO - 📊 Scan complete - Signals: 195, Executed: 2
2025-07-23 12:34:11 - httpx - INFO - HTTP Request: POST https://api.telegram.org/bot8088506547:AAHZZxiY_wlh48IN4ldPNRJtM9qi7qxfLdM/sendMessage "HTTP/1.1 200 OK"
2025-07-23 12:34:11 - bybit.autotrader - INFO - ⏰ Next scan scheduled for: 2025-07-23 13:00:00
2025-07-23 12:34:11 - bybit.autotrader - INFO - ⏳ Waiting 25.8 minutes...
2025-07-23 12:39:51 - urllib3.connectionpool - WARNING - Retrying (Retry(total=2, connect=None, read=None, redirect=None, status=None)) after connection broken by 'ReadTimeoutError("HTTPSConnectionPool(host='api.bybitglobal.com', port=443): Read timed out. (read timeout=30.0)")': /v5/position/list?settleCoin=USDT&limit=200&category=linear
2025-07-23 12:40:00 - bybit.autotrader - ERROR - Error getting current positions: bybit {"retCode":10002,"retMsg":"invalid request, please check your server timestamp or recv_window param. req_timestamp[1753270761643],server_timestamp[1753270800547],recv_window[5000]","result":{},"retExtInfo":{},"time":1753270800547}
2025-07-23 12:44:38 - urllib3.connectionpool - WARNING - Retrying (Retry(total=2, connect=None, read=None, redirect=None, status=None)) after connection broken by 'ReadTimeoutError("HTTPSConnectionPool(host='api.bybitglobal.com', port=443): Read timed out. (read timeout=30.0)")': /v5/position/list?settleCoin=USDT&limit=200&category=linear
2025-07-23 12:44:41 - bybit.autotrader - ERROR - Error getting current positions: bybit {"retCode":10002,"retMsg":"invalid request, please check your server timestamp or recv_window param. req_timestamp[1753271048277],server_timestamp[1753271081541],recv_window[5000]","result":{},"retExtInfo":{},"time":1753271081541}
2025-07-23 13:00:00 - bybit.autotrader - INFO - ⏰ Scan time reached: 2025-07-23 13:00:00
2025-07-23 13:00:00 - bybit.autotrader - INFO - 📊 Running signal analysis...
2025-07-23 13:00:00 - TradingSystem - INFO - 🚀 STARTING OPTIMIZED ANALYSIS WITH 30m→1h/4h/6h MTF CONFIRMATION
2025-07-23 13:00:00 - TradingSystem - INFO -    📊 Charts generated ONLY for top-ranked signals (after analysis complete)
2025-07-23 13:00:00 - TradingSystem - INFO - ==========================================================================================
2025-07-23 13:00:01 - TradingSystem - INFO - 📊 Analyzing 206 symbols with MTF confirmation...
2025-07-23 13:00:01 - TradingSystem - INFO -    Primary Timeframe: 30m
2025-07-23 13:00:01 - TradingSystem - INFO -    Confirmation Timeframes: 1h, 4h, 6h
2025-07-23 13:00:01 - TradingSystem - INFO -    MTF Weight Multiplier: 1.5x
2025-07-23 13:00:01 - TradingSystem - INFO -    Database: MySQL @ localhost
2025-07-23 13:00:01 - TradingSystem - INFO -    Chart Strategy: Top 5 signals only
2025-07-23 13:00:01 - TradingSystem - INFO - 📈 PHASE 1: Signal Generation (No Charts)
2025-07-23 13:00:32 - urllib3.connectionpool - WARNING - Retrying (Retry(total=2, connect=None, read=None, redirect=None, status=None)) after connection broken by 'ReadTimeoutError("HTTPSConnectionPool(host='api.bybitglobal.com', port=443): Read timed out. (read timeout=30.0)")': /v5/market/kline?symbol=BTCUSDT&limit=500&interval=30&category=linear
2025-07-23 13:00:32 - urllib3.connectionpool - WARNING - Retrying (Retry(total=2, connect=None, read=None, redirect=None, status=None)) after connection broken by 'ReadTimeoutError("HTTPSConnectionPool(host='api.bybitglobal.com', port=443): Read timed out. (read timeout=30.0)")': /v5/market/kline?symbol=SPKUSDT&limit=500&interval=30&category=linear
2025-07-23 13:00:32 - urllib3.connectionpool - WARNING - Retrying (Retry(total=2, connect=None, read=None, redirect=None, status=None)) after connection broken by 'ReadTimeoutError("HTTPSConnectionPool(host='api.bybitglobal.com', port=443): Read timed out. (read timeout=30.0)")': /v5/market/kline?symbol=XRPUSDT&limit=500&interval=30&category=linear
2025-07-23 13:00:32 - urllib3.connectionpool - WARNING - Retrying (Retry(total=2, connect=None, read=None, redirect=None, status=None)) after connection broken by 'ReadTimeoutError("HTTPSConnectionPool(host='api.bybitglobal.com', port=443): Read timed out. (read timeout=30.0)")': /v5/position/list?settleCoin=USDT&limit=200&category=linear
2025-07-23 13:00:32 - urllib3.connectionpool - WARNING - Retrying (Retry(total=2, connect=None, read=None, redirect=None, status=None)) after connection broken by 'ReadTimeoutError("HTTPSConnectionPool(host='api.bybitglobal.com', port=443): Read timed out. (read timeout=30.0)")': /v5/market/kline?symbol=DOGEUSDT&limit=500&interval=30&category=linear
2025-07-23 13:00:33 - bybit.autotrader - ERROR - Error getting current positions: bybit {"retCode":10002,"retMsg":"invalid request, please check your server timestamp or recv_window param. req_timestamp[1753272002263],server_timestamp[1753272032914],recv_window[5000]","result":{},"retExtInfo":{},"time":1753272032914}
2025-07-23 13:00:58 - analysis.multi_timeframe - WARNING -    Insufficient 6h data for C/USDT:USDT
2025-07-23 13:01:57 - analysis.multi_timeframe - WARNING -    Insufficient 4h data for TA/USDT:USDT
2025-07-23 13:01:58 - analysis.multi_timeframe - WARNING -    Insufficient 6h data for TA/USDT:USDT
2025-07-23 13:02:55 - analysis.multi_timeframe - WARNING -    Insufficient 6h data for TAC/USDT:USDT
2025-07-23 13:03:03 - TradingSystem - INFO - 📊 PHASE 2: Signal Ranking (200 signals in 183.2s)
2025-07-23 13:03:03 - TradingSystem - INFO - 🏆 Top 5 Signals After Ranking:
2025-07-23 13:03:03 - TradingSystem - INFO -    1. MOODENG/USDT:USDT BUY - 95% conf - MTF: STRONG
2025-07-23 13:03:03 - TradingSystem - INFO -    2. BERA/USDT:USDT BUY - 95% conf - MTF: STRONG
2025-07-23 13:03:03 - TradingSystem - INFO -    3. REZ/USDT:USDT BUY - 95% conf - MTF: STRONG
2025-07-23 13:03:03 - TradingSystem - INFO -    4. FXS/USDT:USDT BUY - 95% conf - MTF: STRONG
2025-07-23 13:03:03 - TradingSystem - INFO -    5. NXPC/USDT:USDT BUY - 95% conf - MTF: STRONG
2025-07-23 13:03:03 - TradingSystem - INFO - 📊 PHASE 3: Chart Generation (Top 5 signals only)
2025-07-23 13:03:03 - TradingSystem - INFO - 📊 Generating charts for TOP 5 signals only...
2025-07-23 13:04:23 - TradingSystem - INFO - ✅ Chart generation complete: 5/5 charts created
2025-07-23 13:04:23 - TradingSystem - INFO - ⚡ 30m→1h/4h/6h OPTIMIZED MTF ANALYSIS COMPLETED!
2025-07-23 13:04:23 - TradingSystem - INFO -    Total Execution Time: 263.9s
2025-07-23 13:04:23 - TradingSystem - INFO -    Signal Generation: 183.2s (200 signals)
2025-07-23 13:04:23 - TradingSystem - INFO -    Chart Generation: 80.7s (5 charts)
2025-07-23 13:04:23 - TradingSystem - INFO -    Chart Efficiency: 5/200 = 2.5% charted
2025-07-23 13:04:23 - TradingSystem - INFO -    MTF Confirmations: Strong: 7, Partial: 20, None: 173
2025-07-23 13:04:23 - bybit.autotrader - INFO - 📈 Generated 200 signals
2025-07-23 13:04:23 - bybit.autotrader - INFO - 💾 Saving results to MySQL database...
2025-07-23 13:04:24 - bybit.autotrader - INFO - 🎯 Executing 2 trades (available slots: 2)
2025-07-23 13:04:24 - bybit.autotrader - INFO - 📝 Executing trade 1/2: MOODENG/USDT:USDT
2025-07-23 13:04:24 - bybit.autotrader - INFO - 🚀 Placing BUY order for MOODENG/USDT:USDT
2025-07-23 13:04:26 - bybit.autotrader - INFO - 💰 Risk calculation:
2025-07-23 13:04:26 - bybit.autotrader - INFO -    Account Balance: 13.94666105 USDT
2025-07-23 13:04:26 - bybit.autotrader - INFO -    Risk Percentage: 5.0%
2025-07-23 13:04:26 - bybit.autotrader - INFO -    Risk Amount: 0.6973330525 USDT
2025-07-23 13:04:26 - bybit.autotrader - INFO -    Position Size: 159.67395784258204 units
2025-07-23 13:04:26 - bybit.autotrader - INFO -    Required Margin: 0.6973330525 USDT
2025-07-23 13:04:27 - bybit.autotrader - INFO - ✅ Entry order placed: a8fbfb3c-f759-4c4a-95f7-ecd0101f5e12
2025-07-23 13:04:27 - bybit.autotrader - INFO - ✅ Trade executed: MOODENG/USDT:USDT (95.0% confidence, MTF: STRONG)
2025-07-23 13:04:27 - httpx - INFO - HTTP Request: POST https://api.telegram.org/bot8088506547:AAHZZxiY_wlh48IN4ldPNRJtM9qi7qxfLdM/sendMessage "HTTP/1.1 200 OK"
2025-07-23 13:04:27 - bybit.autotrader - INFO - 📝 Executing trade 2/2: FXS/USDT:USDT
2025-07-23 13:04:27 - bybit.autotrader - INFO - 🚀 Placing BUY order for FXS/USDT:USDT
2025-07-23 13:04:29 - bybit.autotrader - INFO - 💰 Risk calculation:
2025-07-23 13:04:29 - bybit.autotrader - INFO -    Account Balance: 13.21446699 USDT
2025-07-23 13:04:29 - bybit.autotrader - INFO -    Risk Percentage: 5.0%
2025-07-23 13:04:29 - bybit.autotrader - INFO -    Risk Amount: 0.6607233495 USDT
2025-07-23 13:04:29 - bybit.autotrader - INFO -    Position Size: 4.397709385489623 units
2025-07-23 13:04:29 - bybit.autotrader - INFO -    Required Margin: 0.6607233495 USDT
2025-07-23 13:04:30 - bybit.autotrader - INFO - ✅ Entry order placed: 6dcf1f1b-4f95-454c-8bdb-a68ebef252f0
2025-07-23 13:04:30 - bybit.autotrader - INFO - ✅ Trade executed: FXS/USDT:USDT (95.0% confidence, MTF: STRONG)
2025-07-23 13:04:30 - httpx - INFO - HTTP Request: POST https://api.telegram.org/bot8088506547:AAHZZxiY_wlh48IN4ldPNRJtM9qi7qxfLdM/sendMessage "HTTP/1.1 200 OK"
2025-07-23 13:04:30 - bybit.autotrader - INFO - 📊 Scan complete - Signals: 200, Executed: 2
2025-07-23 13:04:31 - httpx - INFO - HTTP Request: POST https://api.telegram.org/bot8088506547:AAHZZxiY_wlh48IN4ldPNRJtM9qi7qxfLdM/sendMessage "HTTP/1.1 200 OK"
2025-07-23 13:04:31 - bybit.autotrader - INFO - ⏰ Next scan scheduled for: 2025-07-23 13:30:00
2025-07-23 13:04:31 - bybit.autotrader - INFO - ⏳ Waiting 25.5 minutes...
2025-07-23 13:14:50 - urllib3.connectionpool - WARNING - Retrying (Retry(total=2, connect=None, read=None, redirect=None, status=None)) after connection broken by 'ReadTimeoutError("HTTPSConnectionPool(host='api.bybitglobal.com', port=443): Read timed out. (read timeout=30.0)")': /v5/position/list?settleCoin=USDT&limit=200&category=linear
2025-07-23 13:14:53 - bybit.autotrader - ERROR - Error getting current positions: bybit {"retCode":10002,"retMsg":"invalid request, please check your server timestamp or recv_window param. req_timestamp[1753272860248],server_timestamp[1753272893296],recv_window[5000]","result":{},"retExtInfo":{},"time":1753272893296}
2025-07-23 13:20:38 - bybit.autotrader - INFO - 🛑 Received interrupt signal
2025-07-23 13:20:43 - bybit.autotrader - INFO - 🛑 Stopped position monitoring
2025-07-23 13:20:43 - bybit.autotrader - INFO - 🛑 Auto-trading stopped
