2025-07-23 03:49:14 - TradingSystem - INFO - Loading database configuration from enhanced_config.yaml
2025-07-23 03:49:14 - TradingSystem - INFO - Database config loaded:
2025-07-23 03:49:14 - TradingSystem - INFO -    Host: localhost:3306
2025-07-23 03:49:14 - TradingSystem - INFO -    Database: bybit_trading_system
2025-07-23 03:49:14 - TradingSystem - INFO -    Username: root
2025-07-23 03:49:14 - TradingSystem - INFO -    Password: ***
2025-07-23 03:49:14 - TradingSystem - INFO - Loading system configuration from MySQL database...
2025-07-23 03:49:14 - config.config - ERROR - Error loading configuration from MySQL database: (pymysql.err.ProgrammingError) (1146, "Table 'bybit_trading_system.system_config' doesn't exist")
[SQL: SELECT system_config.id AS system_config_id, system_config.config_name AS system_config_config_name, system_config.api_key AS system_config_api_key, system_config.api_secret AS system_config_api_secret, system_config.demo_api_key AS system_config_demo_api_key, system_config.demo_api_secret AS system_config_demo_api_secret, system_config.sandbox_mode AS system_config_sandbox_mode, system_config.encryption_password AS system_config_encryption_password, system_config.min_volume_24h AS system_config_min_volume_24h, system_config.max_symbols_scan AS system_config_max_symbols_scan, system_config.timeframe AS system_config_timeframe, system_config.confirmation_timeframes AS system_config_confirmation_timeframes, system_config.mtf_confirmation_required AS system_config_mtf_confirmation_required, system_config.mtf_weight_multiplier AS system_config_mtf_weight_multiplier, system_config.max_requests_per_second AS system_config_max_requests_per_second, system_config.api_timeout AS system_config_api_timeout, system_config.max_portfolio_risk AS system_config_max_portfolio_risk, system_config.max_daily_trades AS system_config_max_daily_trades, system_config.max_single_position_risk AS system_config_max_single_position_risk, system_config.max_workers AS system_config_max_workers, system_config.cache_ttl_seconds AS system_config_cache_ttl_seconds, system_config.max_cache_size AS system_config_max_cache_size, system_config.ml_training_samples AS system_config_ml_training_samples, system_config.ml_profitable_rate AS system_config_ml_profitable_rate, system_config.show_charts AS system_config_show_charts, system_config.save_charts AS system_config_save_charts, system_config.charts_per_batch AS system_config_charts_per_batch, system_config.chart_width AS system_config_chart_width, system_config.chart_height AS system_config_chart_height, system_config.stoch_rsi_window AS system_config_stoch_rsi_window, system_config.stoch_rsi_smooth_k AS system_config_stoch_rsi_smooth_k, system_config.stoch_rsi_smooth_d AS system_config_stoch_rsi_smooth_d, system_config.ichimoku_window1 AS system_config_ichimoku_window1, system_config.ichimoku_window2 AS system_config_ichimoku_window2, system_config.ichimoku_window3 AS system_config_ichimoku_window3, system_config.ohlcv_limit_primary AS system_config_ohlcv_limit_primary, system_config.ohlcv_limit_mtf AS system_config_ohlcv_limit_mtf, system_config.ohlcv_limit_analysis AS system_config_ohlcv_limit_analysis, system_config.telegram_id AS system_config_telegram_id, system_config.telegram_bot_token AS system_config_telegram_bot_token, system_config.leverage AS system_config_leverage, system_config.risk_amount AS system_config_risk_amount, system_config.max_concurrent_positions AS system_config_max_concurrent_positions, system_config.max_execution_per_trade AS system_config_max_execution_per_trade, system_config.day_trade_start_hour AS system_config_day_trade_start_hour, system_config.scan_interval AS system_config_scan_interval, system_config.auto_close_profit_at AS system_config_auto_close_profit_at, system_config.created_at AS system_config_created_at, system_config.updated_at AS system_config_updated_at, system_config.is_active AS system_config_is_active 
FROM system_config 
WHERE system_config.config_name = %(config_name_1)s AND system_config.is_active = true 
 LIMIT %(param_1)s]
[parameters: {'config_name_1': 'default', 'param_1': 1}]
(Background on this error at: https://sqlalche.me/e/20/f405)
2025-07-23 03:49:14 - config.config - WARNING - Using fallback configuration with 30m primary, 1h/4h/6h confirmation
2025-07-23 03:49:15 - notifier.telegram - INFO - ✅ Telegram bot initialized successfully
2025-07-23 03:49:15 - notifier.telegram - INFO - ✅ Telegram bot initialized successfully
2025-07-23 03:49:15 - notifier.telegram - INFO - 🔄 Entering Bootstrap Mode - API credentials needed
2025-07-23 03:49:16 - httpx - INFO - HTTP Request: POST https://api.telegram.org/bot8088506547:AAHZZxiY_wlh48IN4ldPNRJtM9qi7qxfLdM/sendMessage "HTTP/1.1 200 OK"
2025-07-23 03:49:16 - notifier.telegram - INFO - 📱 Bootstrap notification sent to Telegram user: 6708641837
2025-07-23 03:49:16 - notifier.telegram - INFO - 🤖 Starting Telegram bot polling...
2025-07-23 03:49:16 - httpx - INFO - HTTP Request: POST https://api.telegram.org/bot8088506547:AAHZZxiY_wlh48IN4ldPNRJtM9qi7qxfLdM/getMe "HTTP/1.1 200 OK"
2025-07-23 03:49:16 - telegram.ext.Application - INFO - Application started
2025-07-23 03:49:16 - httpx - INFO - HTTP Request: POST https://api.telegram.org/bot8088506547:AAHZZxiY_wlh48IN4ldPNRJtM9qi7qxfLdM/deleteWebhook "HTTP/1.1 200 OK"
2025-07-23 03:49:16 - notifier.telegram - INFO - ✅ Telegram bot is now running
2025-07-23 03:49:27 - httpx - INFO - HTTP Request: POST https://api.telegram.org/bot8088506547:AAHZZxiY_wlh48IN4ldPNRJtM9qi7qxfLdM/getUpdates "HTTP/1.1 200 OK"
2025-07-23 03:49:37 - httpx - INFO - HTTP Request: POST https://api.telegram.org/bot8088506547:AAHZZxiY_wlh48IN4ldPNRJtM9qi7qxfLdM/getUpdates "HTTP/1.1 200 OK"
2025-07-23 03:49:47 - httpx - INFO - HTTP Request: POST https://api.telegram.org/bot8088506547:AAHZZxiY_wlh48IN4ldPNRJtM9qi7qxfLdM/getUpdates "HTTP/1.1 200 OK"
2025-07-23 03:49:58 - httpx - INFO - HTTP Request: POST https://api.telegram.org/bot8088506547:AAHZZxiY_wlh48IN4ldPNRJtM9qi7qxfLdM/getUpdates "HTTP/1.1 200 OK"
2025-07-23 03:50:00 - httpx - INFO - HTTP Request: POST https://api.telegram.org/bot8088506547:AAHZZxiY_wlh48IN4ldPNRJtM9qi7qxfLdM/getUpdates "HTTP/1.1 200 OK"
2025-07-23 03:50:01 - httpx - INFO - HTTP Request: POST https://api.telegram.org/bot8088506547:AAHZZxiY_wlh48IN4ldPNRJtM9qi7qxfLdM/answerCallbackQuery "HTTP/1.1 200 OK"
2025-07-23 03:50:01 - httpx - INFO - HTTP Request: POST https://api.telegram.org/bot8088506547:AAHZZxiY_wlh48IN4ldPNRJtM9qi7qxfLdM/editMessageText "HTTP/1.1 200 OK"
2025-07-23 03:50:10 - httpx - INFO - HTTP Request: POST https://api.telegram.org/bot8088506547:AAHZZxiY_wlh48IN4ldPNRJtM9qi7qxfLdM/getUpdates "HTTP/1.1 200 OK"
2025-07-23 03:50:18 - httpx - INFO - HTTP Request: POST https://api.telegram.org/bot8088506547:AAHZZxiY_wlh48IN4ldPNRJtM9qi7qxfLdM/getUpdates "HTTP/1.1 200 OK"
2025-07-23 03:50:19 - httpx - INFO - HTTP Request: POST https://api.telegram.org/bot8088506547:AAHZZxiY_wlh48IN4ldPNRJtM9qi7qxfLdM/deleteMessage "HTTP/1.1 200 OK"
2025-07-23 03:50:20 - httpx - INFO - HTTP Request: POST https://api.telegram.org/bot8088506547:AAHZZxiY_wlh48IN4ldPNRJtM9qi7qxfLdM/sendMessage "HTTP/1.1 200 OK"
2025-07-23 03:50:29 - httpx - INFO - HTTP Request: POST https://api.telegram.org/bot8088506547:AAHZZxiY_wlh48IN4ldPNRJtM9qi7qxfLdM/getUpdates "HTTP/1.1 200 OK"
2025-07-23 03:50:30 - httpx - INFO - HTTP Request: POST https://api.telegram.org/bot8088506547:AAHZZxiY_wlh48IN4ldPNRJtM9qi7qxfLdM/getUpdates "HTTP/1.1 200 OK"
2025-07-23 03:50:32 - httpx - INFO - HTTP Request: POST https://api.telegram.org/bot8088506547:AAHZZxiY_wlh48IN4ldPNRJtM9qi7qxfLdM/deleteMessage "HTTP/1.1 200 OK"
2025-07-23 03:50:32 - httpx - INFO - HTTP Request: POST https://api.telegram.org/bot8088506547:AAHZZxiY_wlh48IN4ldPNRJtM9qi7qxfLdM/sendMessage "HTTP/1.1 200 OK"
2025-07-23 03:50:51 - httpx - INFO - HTTP Request: POST https://api.telegram.org/bot8088506547:AAHZZxiY_wlh48IN4ldPNRJtM9qi7qxfLdM/getUpdates "HTTP/1.1 200 OK"
2025-07-23 03:50:53 - httpx - INFO - HTTP Request: POST https://api.telegram.org/bot8088506547:AAHZZxiY_wlh48IN4ldPNRJtM9qi7qxfLdM/deleteMessage "HTTP/1.1 200 OK"
2025-07-23 03:50:53 - httpx - INFO - HTTP Request: POST https://api.telegram.org/bot8088506547:AAHZZxiY_wlh48IN4ldPNRJtM9qi7qxfLdM/sendMessage "HTTP/1.1 200 OK"
2025-07-23 03:50:58 - httpx - INFO - HTTP Request: POST https://api.telegram.org/bot8088506547:AAHZZxiY_wlh48IN4ldPNRJtM9qi7qxfLdM/getUpdates "HTTP/1.1 200 OK"
2025-07-23 03:50:58 - httpx - INFO - HTTP Request: POST https://api.telegram.org/bot8088506547:AAHZZxiY_wlh48IN4ldPNRJtM9qi7qxfLdM/deleteMessage "HTTP/1.1 200 OK"
2025-07-23 03:50:58 - httpx - INFO - HTTP Request: POST https://api.telegram.org/bot8088506547:AAHZZxiY_wlh48IN4ldPNRJtM9qi7qxfLdM/sendMessage "HTTP/1.1 200 OK"
2025-07-23 03:51:01 - httpx - INFO - HTTP Request: POST https://api.telegram.org/bot8088506547:AAHZZxiY_wlh48IN4ldPNRJtM9qi7qxfLdM/getUpdates "HTTP/1.1 200 OK"
2025-07-23 03:51:01 - httpx - INFO - HTTP Request: POST https://api.telegram.org/bot8088506547:AAHZZxiY_wlh48IN4ldPNRJtM9qi7qxfLdM/answerCallbackQuery "HTTP/1.1 200 OK"
2025-07-23 03:51:01 - config.config - ERROR - Configuration 'default' not found for update
2025-07-23 03:51:01 - notifier.telegram - ERROR - ❌ Failed to save encrypted API keys to database
2025-07-23 03:51:01 - httpx - INFO - HTTP Request: POST https://api.telegram.org/bot8088506547:AAHZZxiY_wlh48IN4ldPNRJtM9qi7qxfLdM/editMessageText "HTTP/1.1 200 OK"
2025-07-23 03:51:11 - httpx - INFO - HTTP Request: POST https://api.telegram.org/bot8088506547:AAHZZxiY_wlh48IN4ldPNRJtM9qi7qxfLdM/getUpdates "HTTP/1.1 200 OK"
2025-07-23 03:51:21 - httpx - INFO - HTTP Request: POST https://api.telegram.org/bot8088506547:AAHZZxiY_wlh48IN4ldPNRJtM9qi7qxfLdM/getUpdates "HTTP/1.1 200 OK"
2025-07-23 03:51:32 - httpx - INFO - HTTP Request: POST https://api.telegram.org/bot8088506547:AAHZZxiY_wlh48IN4ldPNRJtM9qi7qxfLdM/getUpdates "HTTP/1.1 200 OK"
