2025-07-22 21:12:23 - TradingSystem - INFO - Loading database configuration from enhanced_config.yaml
2025-07-22 21:12:23 - TradingSystem - INFO - Database config loaded:
2025-07-22 21:12:23 - TradingSystem - INFO -    Host: localhost:3306
2025-07-22 21:12:23 - TradingSystem - INFO -    Database: bybit_trading_system
2025-07-22 21:12:23 - TradingSystem - INFO -    Username: root
2025-07-22 21:12:23 - TradingSystem - INFO -    Password: ***
2025-07-22 21:12:23 - TradingSystem - INFO - Loading system configuration from MySQL database...
2025-07-22 21:12:24 - config.config - INFO - Loading configuration 'default' from MySQL database
2025-07-22 21:12:24 - notifier.telegram - INFO - ✅ Telegram bot initialized successfully
2025-07-22 21:12:24 - notifier.telegram - INFO - ✅ Telegram bot initialized successfully
2025-07-22 21:12:24 - notifier.telegram - INFO - 🔄 Entering Bootstrap Mode - API credentials needed
2025-07-22 21:12:25 - httpx - INFO - HTTP Request: POST https://api.telegram.org/bot8088506547:AAHZZxiY_wlh48IN4ldPNRJtM9qi7qxfLdM/sendMessage "HTTP/1.1 200 OK"
2025-07-22 21:12:25 - notifier.telegram - INFO - 📱 Bootstrap notification sent to Telegram user: 6708641837
2025-07-22 21:12:25 - notifier.telegram - INFO - 🤖 Starting Telegram bot polling...
2025-07-22 21:12:26 - httpx - INFO - HTTP Request: POST https://api.telegram.org/bot8088506547:AAHZZxiY_wlh48IN4ldPNRJtM9qi7qxfLdM/getMe "HTTP/1.1 200 OK"
2025-07-22 21:12:26 - telegram.ext.Application - INFO - Application started
2025-07-22 21:12:26 - httpx - INFO - HTTP Request: POST https://api.telegram.org/bot8088506547:AAHZZxiY_wlh48IN4ldPNRJtM9qi7qxfLdM/deleteWebhook "HTTP/1.1 200 OK"
2025-07-22 21:12:26 - notifier.telegram - INFO - ✅ Telegram bot is now running
2025-07-22 21:12:37 - httpx - INFO - HTTP Request: POST https://api.telegram.org/bot8088506547:AAHZZxiY_wlh48IN4ldPNRJtM9qi7qxfLdM/getUpdates "HTTP/1.1 200 OK"
2025-07-22 21:12:47 - httpx - INFO - HTTP Request: POST https://api.telegram.org/bot8088506547:AAHZZxiY_wlh48IN4ldPNRJtM9qi7qxfLdM/getUpdates "HTTP/1.1 200 OK"
2025-07-22 21:12:58 - httpx - INFO - HTTP Request: POST https://api.telegram.org/bot8088506547:AAHZZxiY_wlh48IN4ldPNRJtM9qi7qxfLdM/getUpdates "HTTP/1.1 200 OK"
2025-07-22 21:13:08 - httpx - INFO - HTTP Request: POST https://api.telegram.org/bot8088506547:AAHZZxiY_wlh48IN4ldPNRJtM9qi7qxfLdM/getUpdates "HTTP/1.1 200 OK"
2025-07-22 21:13:16 - httpx - INFO - HTTP Request: POST https://api.telegram.org/bot8088506547:AAHZZxiY_wlh48IN4ldPNRJtM9qi7qxfLdM/getUpdates "HTTP/1.1 200 OK"
2025-07-22 21:13:18 - httpx - INFO - HTTP Request: POST https://api.telegram.org/bot8088506547:AAHZZxiY_wlh48IN4ldPNRJtM9qi7qxfLdM/answerCallbackQuery "HTTP/1.1 200 OK"
2025-07-22 21:13:19 - httpx - INFO - HTTP Request: POST https://api.telegram.org/bot8088506547:AAHZZxiY_wlh48IN4ldPNRJtM9qi7qxfLdM/editMessageText "HTTP/1.1 200 OK"
2025-07-22 21:13:26 - httpx - INFO - HTTP Request: POST https://api.telegram.org/bot8088506547:AAHZZxiY_wlh48IN4ldPNRJtM9qi7qxfLdM/getUpdates "HTTP/1.1 200 OK"
2025-07-22 21:13:27 - httpx - INFO - HTTP Request: POST https://api.telegram.org/bot8088506547:AAHZZxiY_wlh48IN4ldPNRJtM9qi7qxfLdM/deleteMessage "HTTP/1.1 200 OK"
2025-07-22 21:13:27 - httpx - INFO - HTTP Request: POST https://api.telegram.org/bot8088506547:AAHZZxiY_wlh48IN4ldPNRJtM9qi7qxfLdM/sendMessage "HTTP/1.1 200 OK"
2025-07-22 21:13:35 - httpx - INFO - HTTP Request: POST https://api.telegram.org/bot8088506547:AAHZZxiY_wlh48IN4ldPNRJtM9qi7qxfLdM/getUpdates "HTTP/1.1 200 OK"
2025-07-22 21:13:38 - httpx - INFO - HTTP Request: POST https://api.telegram.org/bot8088506547:AAHZZxiY_wlh48IN4ldPNRJtM9qi7qxfLdM/deleteMessage "HTTP/1.1 200 OK"
2025-07-22 21:13:38 - httpx - INFO - HTTP Request: POST https://api.telegram.org/bot8088506547:AAHZZxiY_wlh48IN4ldPNRJtM9qi7qxfLdM/sendMessage "HTTP/1.1 200 OK"
2025-07-22 21:13:45 - httpx - INFO - HTTP Request: POST https://api.telegram.org/bot8088506547:AAHZZxiY_wlh48IN4ldPNRJtM9qi7qxfLdM/getUpdates "HTTP/1.1 200 OK"
2025-07-22 21:13:46 - httpx - INFO - HTTP Request: POST https://api.telegram.org/bot8088506547:AAHZZxiY_wlh48IN4ldPNRJtM9qi7qxfLdM/deleteMessage "HTTP/1.1 200 OK"
2025-07-22 21:13:46 - httpx - INFO - HTTP Request: POST https://api.telegram.org/bot8088506547:AAHZZxiY_wlh48IN4ldPNRJtM9qi7qxfLdM/sendMessage "HTTP/1.1 200 OK"
2025-07-22 21:13:50 - httpx - INFO - HTTP Request: POST https://api.telegram.org/bot8088506547:AAHZZxiY_wlh48IN4ldPNRJtM9qi7qxfLdM/getUpdates "HTTP/1.1 200 OK"
2025-07-22 21:13:50 - httpx - INFO - HTTP Request: POST https://api.telegram.org/bot8088506547:AAHZZxiY_wlh48IN4ldPNRJtM9qi7qxfLdM/deleteMessage "HTTP/1.1 200 OK"
2025-07-22 21:13:51 - httpx - INFO - HTTP Request: POST https://api.telegram.org/bot8088506547:AAHZZxiY_wlh48IN4ldPNRJtM9qi7qxfLdM/sendMessage "HTTP/1.1 200 OK"
2025-07-22 21:13:57 - httpx - INFO - HTTP Request: POST https://api.telegram.org/bot8088506547:AAHZZxiY_wlh48IN4ldPNRJtM9qi7qxfLdM/getUpdates "HTTP/1.1 200 OK"
2025-07-22 21:13:59 - httpx - INFO - HTTP Request: POST https://api.telegram.org/bot8088506547:AAHZZxiY_wlh48IN4ldPNRJtM9qi7qxfLdM/answerCallbackQuery "HTTP/1.1 200 OK"
2025-07-22 21:13:59 - config.config - INFO - Updated configuration 'default' in MySQL database
2025-07-22 21:13:59 - notifier.telegram - INFO - ✅ API keys encrypted and saved to database
2025-07-22 21:13:59 - httpx - INFO - HTTP Request: POST https://api.telegram.org/bot8088506547:AAHZZxiY_wlh48IN4ldPNRJtM9qi7qxfLdM/editMessageText "HTTP/1.1 200 OK"
2025-07-22 21:13:59 - notifier.telegram - INFO - ✅ API configuration completed and saved
2025-07-22 21:14:02 - httpx - INFO - HTTP Request: POST https://api.telegram.org/bot8088506547:AAHZZxiY_wlh48IN4ldPNRJtM9qi7qxfLdM/getUpdates "HTTP/1.1 200 OK"
2025-07-22 21:14:02 - telegram.ext.Application - INFO - Application is stopping. This might take a moment.
2025-07-22 21:14:02 - telegram.ext.Application - INFO - Application.stop() complete
2025-07-22 21:14:02 - notifier.telegram - INFO - 🛑 Telegram bot stopped
