2025-07-23 11:16:19 - TradingSystem - INFO - Loading database configuration from enhanced_config.yaml
2025-07-23 11:16:19 - TradingSystem - INFO - Database config loaded:
2025-07-23 11:16:19 - TradingSystem - INFO -    Host: localhost:3306
2025-07-23 11:16:19 - TradingSystem - INFO -    Database: bybit_trading_system
2025-07-23 11:16:19 - TradingSystem - INFO -    Username: root
2025-07-23 11:16:19 - TradingSystem - INFO -    Password: ***
2025-07-23 11:16:19 - TradingSystem - INFO - Loading system configuration from MySQL database...
2025-07-23 11:16:19 - config.config - INFO - Loading configuration 'default' from MySQL database
2025-07-23 11:16:19 - notifier.telegram - INFO - ✅ Telegram bot initialized successfully
2025-07-23 11:16:19 - TradingSystem - INFO - 🤖 AUTO-TRADING CONFIGURATION:
2025-07-23 11:16:19 - TradingSystem - INFO - ==================================================
2025-07-23 11:16:19 - TradingSystem - INFO - 📊 Trading Parameters:
2025-07-23 11:16:19 - TradingSystem - INFO -    Leverage: max
2025-07-23 11:16:19 - TradingSystem - INFO -    Risk Amount per Trade: 5.0% of account balance
2025-07-23 11:16:19 - TradingSystem - INFO -    Max Concurrent Positions: 5
2025-07-23 11:16:19 - TradingSystem - INFO -    Max Executions per Scan: 2
2025-07-23 11:16:19 - TradingSystem - INFO -    Auto-Close Profit Target: 10.0%
2025-07-23 11:16:19 - TradingSystem - INFO - ⏰ Scheduling Parameters:
2025-07-23 11:16:19 - TradingSystem - INFO -    Daily Start Time: 01:00
2025-07-23 11:16:19 - TradingSystem - INFO -    Scan Interval: 0.5 hours (1800 seconds)
2025-07-23 11:16:19 - TradingSystem - INFO - 📈 Analysis Configuration:
2025-07-23 11:16:19 - TradingSystem - INFO -    Primary Timeframe: 30m
2025-07-23 11:16:19 - TradingSystem - INFO -    Confirmation Timeframes: 1h, 4h, 6h
2025-07-23 11:16:19 - TradingSystem - INFO -    MTF Confirmation Required: True
2025-07-23 11:16:19 - TradingSystem - INFO -    Min Volume 24h: $5,000,000.0
2025-07-23 11:16:19 - TradingSystem - INFO - ⚠️ Risk Management:
2025-07-23 11:16:19 - TradingSystem - INFO -    Risk per Trade: 5.0% of account balance
2025-07-23 11:16:19 - TradingSystem - INFO -    Max Total Risk Exposure: 25.0% of account balance
2025-07-23 11:16:19 - TradingSystem - INFO -    Max Leveraged Exposure: 25.0% × Max Leverage
2025-07-23 11:16:19 - TradingSystem - INFO -    Portfolio Risk Limit: 2.0%
2025-07-23 11:16:19 - TradingSystem - INFO - 🔧 Trading Mode: PRODUCTION
2025-07-23 11:16:19 - TradingSystem - INFO - 📱 Telegram Configuration:
2025-07-23 11:16:19 - TradingSystem - INFO -    Bot Token: Configured
2025-07-23 11:16:19 - TradingSystem - INFO -    User ID: 6708641837
2025-07-23 11:16:19 - TradingSystem - INFO - ==================================================
2025-07-23 11:16:19 - core.exchange - INFO - 🌍 Using API endpoint: https://api.bybitglobal.com
2025-07-23 11:16:26 - core.exchange - WARNING - Market loading attempt 1 failed: bybit {"retCode":10002,"retMsg":"invalid request, please check your server timestamp or recv_window param. req_timestamp[1753265779545],server_timestamp[1753265786705],recv_window[5000]","result":{},"retExtInfo":{},"time":1753265786705}
2025-07-23 11:16:37 - core.exchange - INFO - ✅ Connected to Bybit PRODUCTION via Global API
2025-07-23 11:16:37 - core.exchange - INFO - 🌍 API Endpoint: https://api.bybitglobal.com
2025-07-23 11:16:37 - TradingSystem - INFO - 🚀 COMPLETE ENHANCED SYSTEM WITH MULTI-TIMEFRAME & MYSQL DATABASE INITIALIZED!
2025-07-23 11:16:40 - core.exchange - INFO - ✅ Global API connection test successful
2025-07-23 11:16:40 - core.exchange - INFO - 🌍 Connected via: https://api.bybitglobal.com
2025-07-23 11:16:40 - bybit.autotrader - INFO - 🚀 Started auto-trading session: autotrader_20250723_111640
2025-07-23 11:16:40 - bybit.autotrader - INFO - ⚙️ Configuration:
2025-07-23 11:16:40 - bybit.autotrader - INFO -    Max concurrent positions: 5
2025-07-23 11:16:40 - bybit.autotrader - INFO -    Max executions per scan: 2
2025-07-23 11:16:40 - bybit.autotrader - INFO -    Risk amount per trade: 5.0%
2025-07-23 11:16:40 - bybit.autotrader - INFO -    Leverage: max
2025-07-23 11:16:40 - bybit.autotrader - INFO -    Auto-close profit target: 10.0%
2025-07-23 11:16:40 - bybit.autotrader - INFO -    Scan interval: 0.5 hours
2025-07-23 11:16:40 - bybit.autotrader - INFO - 📊 Started position monitoring
2025-07-23 11:16:40 - bybit.autotrader - INFO - 🤖 Auto-trading loop started
2025-07-23 11:16:40 - bybit.autotrader - INFO - ⏰ Next scan scheduled for: 2025-07-23 11:30:00
2025-07-23 11:16:40 - bybit.autotrader - INFO - ⏳ Waiting 13.3 minutes...
2025-07-23 11:30:00 - bybit.autotrader - INFO - ⏰ Scan time reached: 2025-07-23 11:30:00
2025-07-23 11:30:00 - bybit.autotrader - INFO - 📊 Running signal analysis...
2025-07-23 11:30:00 - TradingSystem - INFO - 🚀 STARTING OPTIMIZED ANALYSIS WITH 30m→1h/4h/6h MTF CONFIRMATION
2025-07-23 11:30:00 - TradingSystem - INFO -    📊 Charts generated ONLY for top-ranked signals (after analysis complete)
2025-07-23 11:30:00 - TradingSystem - INFO - ==========================================================================================
2025-07-23 11:30:01 - TradingSystem - INFO - 📊 Analyzing 203 symbols with MTF confirmation...
2025-07-23 11:30:01 - TradingSystem - INFO -    Primary Timeframe: 30m
2025-07-23 11:30:01 - TradingSystem - INFO -    Confirmation Timeframes: 1h, 4h, 6h
2025-07-23 11:30:01 - TradingSystem - INFO -    MTF Weight Multiplier: 1.5x
2025-07-23 11:30:01 - TradingSystem - INFO -    Database: MySQL @ localhost
2025-07-23 11:30:01 - TradingSystem - INFO -    Chart Strategy: Top 5 signals only
2025-07-23 11:30:01 - TradingSystem - INFO - 📈 PHASE 1: Signal Generation (No Charts)
2025-07-23 11:30:44 - analysis.multi_timeframe - WARNING -    Insufficient 4h data for C/USDT:USDT
2025-07-23 11:30:45 - analysis.multi_timeframe - WARNING -    Insufficient 6h data for C/USDT:USDT
2025-07-23 11:31:40 - analysis.multi_timeframe - WARNING -    Insufficient 4h data for TA/USDT:USDT
2025-07-23 11:31:40 - analysis.multi_timeframe - WARNING -    Insufficient 4h data for ERA/USDT:USDT
2025-07-23 11:31:41 - analysis.multi_timeframe - WARNING -    Insufficient 6h data for ERA/USDT:USDT
2025-07-23 11:31:41 - analysis.multi_timeframe - WARNING -    Insufficient 6h data for TA/USDT:USDT
2025-07-23 11:32:57 - analysis.multi_timeframe - WARNING -    Insufficient 4h data for TAC/USDT:USDT
2025-07-23 11:32:58 - analysis.multi_timeframe - WARNING -    Insufficient 6h data for TAC/USDT:USDT
2025-07-23 11:33:01 - TradingSystem - INFO - 📊 PHASE 2: Signal Ranking (192 signals in 181.1s)
2025-07-23 11:33:01 - TradingSystem - INFO - 🏆 Top 5 Signals After Ranking:
2025-07-23 11:33:01 - TradingSystem - INFO -    1. MOODENG/USDT:USDT BUY - 95% conf - MTF: STRONG
2025-07-23 11:33:01 - TradingSystem - INFO -    2. XLM/USDT:USDT SELL - 95% conf - MTF: STRONG
2025-07-23 11:33:01 - TradingSystem - INFO -    3. SAHARA/USDT:USDT BUY - 95% conf - MTF: STRONG
2025-07-23 11:33:01 - TradingSystem - INFO -    4. M/USDT:USDT BUY - 95% conf - MTF: STRONG
2025-07-23 11:33:01 - TradingSystem - INFO -    5. HOME/USDT:USDT BUY - 95% conf - MTF: STRONG
2025-07-23 11:33:01 - TradingSystem - INFO - 📊 PHASE 3: Chart Generation (Top 5 signals only)
2025-07-23 11:33:01 - TradingSystem - INFO - 📊 Generating charts for TOP 5 signals only...
2025-07-23 11:34:43 - TradingSystem - INFO - ✅ Chart generation complete: 5/5 charts created
2025-07-23 11:34:43 - TradingSystem - INFO - ⚡ 30m→1h/4h/6h OPTIMIZED MTF ANALYSIS COMPLETED!
2025-07-23 11:34:43 - TradingSystem - INFO -    Total Execution Time: 283.5s
2025-07-23 11:34:43 - TradingSystem - INFO -    Signal Generation: 181.1s (192 signals)
2025-07-23 11:34:43 - TradingSystem - INFO -    Chart Generation: 102.4s (5 charts)
2025-07-23 11:34:43 - TradingSystem - INFO -    Chart Efficiency: 5/192 = 2.6% charted
2025-07-23 11:34:43 - TradingSystem - INFO -    MTF Confirmations: Strong: 10, Partial: 35, None: 147
2025-07-23 11:34:43 - bybit.autotrader - INFO - 📈 Generated 192 signals
2025-07-23 11:34:43 - bybit.autotrader - INFO - 💾 Saving results to MySQL database...
2025-07-23 11:34:45 - bybit.autotrader - INFO - 🎯 Executing 2 trades (available slots: 2)
2025-07-23 11:34:45 - bybit.autotrader - INFO - 📝 Executing trade 1/2: XLM/USDT:USDT
2025-07-23 11:34:45 - bybit.autotrader - INFO - 🚀 Placing SELL order for XLM/USDT:USDT
2025-07-23 11:34:48 - bybit.autotrader - INFO - 💰 Risk calculation:
2025-07-23 11:34:48 - bybit.autotrader - INFO -    Account Balance: 15.37899857 USDT
2025-07-23 11:34:48 - bybit.autotrader - INFO -    Risk Percentage: 5.0%
2025-07-23 11:34:48 - bybit.autotrader - INFO -    Risk Amount: 0.7689499285000001 USDT
2025-07-23 11:34:48 - bybit.autotrader - INFO -    Position Size: 82.95752907478533 units
2025-07-23 11:34:48 - bybit.autotrader - INFO -    Required Margin: 0.7689499285000001 USDT
2025-07-23 11:34:49 - bybit.autotrader - INFO - ✅ Entry order placed: d24560ae-2fa6-4778-b43f-3e6ca1a85dcf
2025-07-23 11:34:49 - bybit.autotrader - INFO - ✅ Trade executed: XLM/USDT:USDT (95.0% confidence, MTF: STRONG)
2025-07-23 11:34:50 - httpx - INFO - HTTP Request: POST https://api.telegram.org/bot8088506547:AAHZZxiY_wlh48IN4ldPNRJtM9qi7qxfLdM/sendMessage "HTTP/1.1 200 OK"
2025-07-23 11:34:50 - bybit.autotrader - INFO - 📝 Executing trade 2/2: MOODENG/USDT:USDT
2025-07-23 11:34:50 - bybit.autotrader - INFO - 🚀 Placing BUY order for MOODENG/USDT:USDT
2025-07-23 11:34:51 - bybit.autotrader - INFO - 💰 Risk calculation:
2025-07-23 11:34:51 - bybit.autotrader - INFO -    Account Balance: 14.57670203 USDT
2025-07-23 11:34:51 - bybit.autotrader - INFO -    Risk Percentage: 5.0%
2025-07-23 11:34:51 - bybit.autotrader - INFO -    Risk Amount: 0.7288351015000001 USDT
2025-07-23 11:34:51 - bybit.autotrader - INFO -    Position Size: 166.97899823867286 units
2025-07-23 11:34:51 - bybit.autotrader - INFO -    Required Margin: 0.7288351015000001 USDT
2025-07-23 11:34:51 - bybit.autotrader - INFO - ✅ Entry order placed: 4563a323-e1ae-467a-9cb8-36d3e08e7cae
2025-07-23 11:34:51 - bybit.autotrader - INFO - ✅ Trade executed: MOODENG/USDT:USDT (95.0% confidence, MTF: STRONG)
2025-07-23 11:34:52 - httpx - INFO - HTTP Request: POST https://api.telegram.org/bot8088506547:AAHZZxiY_wlh48IN4ldPNRJtM9qi7qxfLdM/sendMessage "HTTP/1.1 200 OK"
2025-07-23 11:34:52 - bybit.autotrader - INFO - 📊 Scan complete - Signals: 192, Executed: 2
2025-07-23 11:34:52 - httpx - INFO - HTTP Request: POST https://api.telegram.org/bot8088506547:AAHZZxiY_wlh48IN4ldPNRJtM9qi7qxfLdM/sendMessage "HTTP/1.1 200 OK"
2025-07-23 11:34:52 - bybit.autotrader - INFO - ⏰ Next scan scheduled for: 2025-07-23 12:00:00
2025-07-23 11:34:52 - bybit.autotrader - INFO - ⏳ Waiting 25.1 minutes...
2025-07-23 11:39:42 - urllib3.connectionpool - WARNING - Retrying (Retry(total=2, connect=None, read=None, redirect=None, status=None)) after connection broken by 'ReadTimeoutError("HTTPSConnectionPool(host='api.bybitglobal.com', port=443): Read timed out. (read timeout=30.0)")': /v5/position/list?settleCoin=USDT&limit=200&category=linear
2025-07-23 11:39:46 - bybit.autotrader - ERROR - Error getting current positions: bybit {"retCode":10002,"retMsg":"invalid request, please check your server timestamp or recv_window param. req_timestamp[1753267152010],server_timestamp[1753267186306],recv_window[5000]","result":{},"retExtInfo":{},"time":1753267186306}
2025-07-23 11:54:58 - bybit.autotrader - INFO - 🛑 Received interrupt signal
2025-07-23 11:55:03 - bybit.autotrader - INFO - 🛑 Stopped position monitoring
2025-07-23 11:55:03 - bybit.autotrader - INFO - 🛑 Auto-trading stopped
