2025-07-16 15:58:06 - TradingSystem - INFO - Logging initialized - Level: INFO
2025-07-16 15:58:06 - TradingSystem - INFO - Log file: logs/trading_system_20250716_155806.log
2025-07-16 15:58:42 - core.exchange - INFO - ✅ Connected to Bybit PRODUCTION
2025-07-16 15:58:42 - utils.csv_manager - INFO - ✅ CSV files initialized in csv_exports
2025-07-16 15:58:42 - utils.csv_manager - INFO -    signals: enhanced_bybit_signals_mtf_signals.csv
2025-07-16 15:58:42 - utils.csv_manager - INFO -    opportunities: enhanced_bybit_signals_mtf_opportunities.csv
2025-07-16 15:58:42 - utils.csv_manager - INFO -    market_summary: enhanced_bybit_signals_mtf_market_summary.csv
2025-07-16 15:58:42 - utils.csv_manager - INFO -    scan_history: enhanced_bybit_signals_mtf_scan_history.csv
2025-07-16 15:58:42 - utils.csv_manager - INFO -    performance_metrics: enhanced_bybit_signals_mtf_performance.csv
2025-07-16 15:58:42 - TradingSystem - INFO - 🚀 COMPLETE ENHANCED SYSTEM WITH MULTI-TIMEFRAME INITIALIZED!
2025-07-16 15:58:42 - TradingSystem - INFO - ✅ Enhanced Technical Analysis (FIXED Ichimoku & Stochastic RSI)
2025-07-16 15:58:42 - TradingSystem - INFO - ✅ Volume Profile Analysis
2025-07-16 15:58:42 - TradingSystem - INFO - ✅ Fibonacci & Confluence Analysis
2025-07-16 15:58:42 - TradingSystem - INFO - ✅ Interactive Chart Generation
2025-07-16 15:58:42 - TradingSystem - INFO - ✅ Multi-Timeframe Confirmation (1h, 4h)
2025-07-16 15:58:42 - TradingSystem - INFO - 🚀 STARTING ENHANCED ANALYSIS WITH MULTI-TIMEFRAME CONFIRMATION (PARALLEL)
2025-07-16 15:58:42 - TradingSystem - INFO - ================================================================================
2025-07-16 15:58:47 - TradingSystem - INFO - 📊 Analyzing 132 symbols with MTF confirmation...
2025-07-16 15:58:47 - TradingSystem - INFO -    Primary Timeframe: 15m
2025-07-16 15:58:47 - TradingSystem - INFO -    Confirmation Timeframes: 1h, 4h
2025-07-16 15:58:47 - TradingSystem - INFO -    MTF Weight Multiplier: 1.5x
2025-07-16 15:58:47 - TradingSystem - INFO - [Thread-0] [1] Analyzing ETH/USDT:USDT with MTF...
2025-07-16 15:58:47 - TradingSystem - INFO - 📊 Analyzing ETH/USDT:USDT (MTF: 1h, 4h)...
2025-07-16 15:58:47 - TradingSystem - INFO - [Thread-1] [2] Analyzing BTC/USDT:USDT with MTF...
2025-07-16 15:58:47 - TradingSystem - INFO - 📊 Analyzing BTC/USDT:USDT (MTF: 1h, 4h)...
2025-07-16 15:58:47 - TradingSystem - INFO - [Thread-2] [3] Analyzing SOL/USDT:USDT with MTF...
2025-07-16 15:58:47 - TradingSystem - INFO - 📊 Analyzing SOL/USDT:USDT (MTF: 1h, 4h)...
2025-07-16 15:58:47 - TradingSystem - INFO - [Thread-3] [4] Analyzing XRP/USDT:USDT with MTF...
2025-07-16 15:58:47 - TradingSystem - INFO - 📊 Analyzing XRP/USDT:USDT (MTF: 1h, 4h)...
2025-07-16 15:58:47 - TradingSystem - INFO - [Thread-4] [5] Analyzing 1000PEPE/USDT:USDT with MTF...
2025-07-16 15:58:47 - TradingSystem - INFO - 📊 Analyzing 1000PEPE/USDT:USDT (MTF: 1h, 4h)...
2025-07-16 15:58:47 - TradingSystem - INFO - [Thread-5] [6] Analyzing DOGE/USDT:USDT with MTF...
2025-07-16 15:58:47 - TradingSystem - INFO - 📊 Analyzing DOGE/USDT:USDT (MTF: 1h, 4h)...
2025-07-16 15:58:52 - root - INFO - ✅ All technical indicators calculated successfully
2025-07-16 15:58:52 - TradingSystem - INFO - [Thread-0] [7] Analyzing SUI/USDT:USDT with MTF...
2025-07-16 15:58:52 - TradingSystem - INFO - 📈 Progress: 1/132 (0.8%) - Signals: 0
2025-07-16 15:58:52 - TradingSystem - INFO - 📊 Analyzing SUI/USDT:USDT (MTF: 1h, 4h)...
2025-07-16 15:58:52 - root - INFO - ✅ All technical indicators calculated successfully
2025-07-16 15:58:53 - root - INFO - ✅ All technical indicators calculated successfully
2025-07-16 15:58:53 - root - INFO - ✅ All technical indicators calculated successfully
2025-07-16 15:58:53 - root - INFO - ✅ All technical indicators calculated successfully
2025-07-16 15:58:53 - root - INFO - ✅ All technical indicators calculated successfully
2025-07-16 15:58:54 - TradingSystem - INFO - [Thread-1] [8] Analyzing 1000BONK/USDT:USDT with MTF...
2025-07-16 15:58:54 - TradingSystem - INFO - 📊 Analyzing 1000BONK/USDT:USDT (MTF: 1h, 4h)...
2025-07-16 15:58:54 - TradingSystem - INFO - 📈 Progress: 2/132 (1.5%) - Signals: 0
2025-07-16 15:58:55 - TradingSystem - INFO - [Thread-2] [9] Analyzing FARTCOIN/USDT:USDT with MTF...
2025-07-16 15:58:55 - TradingSystem - INFO - 📈 Progress: 3/132 (2.3%) - Signals: 0
2025-07-16 15:58:55 - TradingSystem - INFO - 📊 Analyzing FARTCOIN/USDT:USDT (MTF: 1h, 4h)...
2025-07-16 15:58:55 - TradingSystem - INFO - [Thread-3] [10] Analyzing PENGU/USDT:USDT with MTF...
2025-07-16 15:58:55 - TradingSystem - INFO - 📈 Progress: 4/132 (3.0%) - Signals: 0
2025-07-16 15:58:55 - TradingSystem - INFO - 📊 Analyzing PENGU/USDT:USDT (MTF: 1h, 4h)...
2025-07-16 15:58:55 - TradingSystem - INFO - [Thread-4] [11] Analyzing PUMPFUN/USDT:USDT with MTF...
2025-07-16 15:58:55 - TradingSystem - INFO - 📊 Analyzing PUMPFUN/USDT:USDT (MTF: 1h, 4h)...
2025-07-16 15:58:55 - TradingSystem - INFO - 📈 Progress: 5/132 (3.8%) - Signals: 0
2025-07-16 15:58:55 - TradingSystem - INFO - [Thread-5] [12] Analyzing WIF/USDT:USDT with MTF...
2025-07-16 15:58:55 - TradingSystem - INFO - 📈 Progress: 6/132 (4.5%) - Signals: 0
2025-07-16 15:58:55 - TradingSystem - INFO - 📊 Analyzing WIF/USDT:USDT (MTF: 1h, 4h)...
2025-07-16 15:58:57 - root - INFO - ✅ All technical indicators calculated successfully
2025-07-16 15:58:57 - root - INFO - ✅ All technical indicators calculated successfully
2025-07-16 15:58:57 - root - INFO - ✅ All technical indicators calculated successfully
2025-07-16 15:58:57 - root - INFO - ✅ All technical indicators calculated successfully
2025-07-16 15:58:58 - root - INFO - ✅ All technical indicators calculated successfully
2025-07-16 15:58:58 - root - INFO - ✅ All technical indicators calculated successfully
2025-07-16 15:59:00 - TradingSystem - INFO - [Thread-0] [13] Analyzing ADA/USDT:USDT with MTF...
2025-07-16 15:59:00 - TradingSystem - INFO - 📊 Analyzing ADA/USDT:USDT (MTF: 1h, 4h)...
2025-07-16 15:59:00 - TradingSystem - INFO - 📈 Progress: 7/132 (5.3%) - Signals: 0
2025-07-16 15:59:00 - TradingSystem - INFO - [Thread-1] [14] Analyzing SEI/USDT:USDT with MTF...
2025-07-16 15:59:00 - TradingSystem - INFO - 📈 Progress: 8/132 (6.1%) - Signals: 0
2025-07-16 15:59:00 - TradingSystem - INFO - 📊 Analyzing SEI/USDT:USDT (MTF: 1h, 4h)...
2025-07-16 15:59:00 - TradingSystem - INFO - 🔍 Running multi-timeframe confirmation for PENGU/USDT:USDT...
2025-07-16 15:59:00 - analysis.multi_timeframe - INFO - 🔍 Multi-timeframe analysis for PENGU/USDT:USDT
2025-07-16 15:59:00 - TradingSystem - INFO - [Thread-2] [15] Analyzing XLM/USDT:USDT with MTF...
2025-07-16 15:59:00 - TradingSystem - INFO - 📊 Analyzing XLM/USDT:USDT (MTF: 1h, 4h)...
2025-07-16 15:59:00 - TradingSystem - INFO - 📈 Progress: 9/132 (6.8%) - Signals: 0
2025-07-16 15:59:01 - TradingSystem - INFO - 🔍 Running multi-timeframe confirmation for SUI/USDT:USDT...
2025-07-16 15:59:01 - analysis.multi_timeframe - INFO - 🔍 Multi-timeframe analysis for SUI/USDT:USDT
2025-07-16 15:59:01 - TradingSystem - INFO - [Thread-3] [16] Analyzing TRUMP/USDT:USDT with MTF...
2025-07-16 15:59:01 - TradingSystem - INFO - 📈 Progress: 10/132 (7.6%) - Signals: 0
2025-07-16 15:59:01 - TradingSystem - INFO - 📊 Analyzing TRUMP/USDT:USDT (MTF: 1h, 4h)...
2025-07-16 15:59:02 - root - INFO - ✅ All technical indicators calculated successfully
2025-07-16 15:59:02 - root - INFO - ✅ All technical indicators calculated successfully
2025-07-16 15:59:02 - root - INFO - ✅ All technical indicators calculated successfully
2025-07-16 15:59:02 - root - INFO - ✅ All technical indicators calculated successfully
2025-07-16 15:59:04 - TradingSystem - INFO - [Thread-4] [17] Analyzing HYPE/USDT:USDT with MTF...
2025-07-16 15:59:04 - TradingSystem - INFO - 📊 Analyzing HYPE/USDT:USDT (MTF: 1h, 4h)...
2025-07-16 15:59:04 - TradingSystem - INFO - 📈 Progress: 11/132 (8.3%) - Signals: 0
2025-07-16 15:59:04 - TradingSystem - INFO - [Thread-5] [18] Analyzing AAVE/USDT:USDT with MTF...
2025-07-16 15:59:04 - TradingSystem - INFO - 📊 Analyzing AAVE/USDT:USDT (MTF: 1h, 4h)...
2025-07-16 15:59:04 - TradingSystem - INFO - 📈 Progress: 12/132 (9.1%) - Signals: 0
2025-07-16 15:59:04 - TradingSystem - INFO - [Thread-0] [19] Analyzing ENA/USDT:USDT with MTF...
2025-07-16 15:59:04 - TradingSystem - INFO - 📊 Analyzing ENA/USDT:USDT (MTF: 1h, 4h)...
2025-07-16 15:59:04 - TradingSystem - INFO - 📈 Progress: 13/132 (9.8%) - Signals: 0
2025-07-16 15:59:04 - TradingSystem - INFO - [Thread-1] [20] Analyzing LINK/USDT:USDT with MTF...
2025-07-16 15:59:04 - TradingSystem - INFO - 📊 Analyzing LINK/USDT:USDT (MTF: 1h, 4h)...
2025-07-16 15:59:04 - TradingSystem - INFO - 📈 Progress: 14/132 (10.6%) - Signals: 0
2025-07-16 15:59:07 - root - INFO - ✅ All technical indicators calculated successfully
2025-07-16 15:59:07 - root - INFO - ✅ All technical indicators calculated successfully
2025-07-16 15:59:07 - root - INFO - ✅ All technical indicators calculated successfully
2025-07-16 15:59:07 - analysis.multi_timeframe - INFO -    ➖ 4h: SUI/USDT:USDT No clear signal
2025-07-16 15:59:07 - analysis.multi_timeframe - INFO -    📊 Confirmation: 0/2 timeframes
2025-07-16 15:59:07 - analysis.multi_timeframe - INFO -    💪 Strength: 0.0%
2025-07-16 15:59:07 - TradingSystem - INFO -    📊 MTF Status: NONE (0/2)
2025-07-16 15:59:07 - root - INFO - ✅ All technical indicators calculated successfully
2025-07-16 15:59:08 - analysis.multi_timeframe - INFO -    ➖ 4h: PENGU/USDT:USDT No clear signal
2025-07-16 15:59:08 - analysis.multi_timeframe - INFO -    📊 Confirmation: 0/2 timeframes
2025-07-16 15:59:08 - analysis.multi_timeframe - INFO -    💪 Strength: 0.0%
2025-07-16 15:59:08 - TradingSystem - INFO -    📊 MTF Status: NONE (0/2)
2025-07-16 15:59:09 - TradingSystem - INFO - [Thread-2] [21] Analyzing ARB/USDT:USDT with MTF...
2025-07-16 15:59:09 - TradingSystem - INFO - 📊 Analyzing ARB/USDT:USDT (MTF: 1h, 4h)...
2025-07-16 15:59:09 - TradingSystem - INFO - 📈 Progress: 15/132 (11.4%) - Signals: 0
2025-07-16 15:59:09 - TradingSystem - INFO - [Thread-3] [22] Analyzing CRV/USDT:USDT with MTF...
2025-07-16 15:59:09 - TradingSystem - INFO - 📈 Progress: 16/132 (12.1%) - Signals: 0
2025-07-16 15:59:09 - TradingSystem - INFO - 📊 Analyzing CRV/USDT:USDT (MTF: 1h, 4h)...
2025-07-16 15:59:09 - TradingSystem - INFO - [Thread-4] [23] Analyzing HBAR/USDT:USDT with MTF...
2025-07-16 15:59:09 - TradingSystem - INFO - 📊 Analyzing HBAR/USDT:USDT (MTF: 1h, 4h)...
2025-07-16 15:59:09 - TradingSystem - INFO - 📈 Progress: 17/132 (12.9%) - Signals: 0
2025-07-16 15:59:09 - TradingSystem - INFO - [Thread-5] [24] Analyzing SPX/USDT:USDT with MTF...
2025-07-16 15:59:09 - TradingSystem - INFO - 📊 Analyzing SPX/USDT:USDT (MTF: 1h, 4h)...
2025-07-16 15:59:09 - TradingSystem - INFO - 📈 Progress: 18/132 (13.6%) - Signals: 0
2025-07-16 15:59:09 - TradingSystem - INFO - ✅ SUI/USDT:USDT - SELL signal generated
2025-07-16 15:59:09 - TradingSystem - INFO - [Thread-0] ✅ SUI/USDT:USDT - SELL signal (MTF: NONE)
2025-07-16 15:59:09 - TradingSystem - INFO - [Thread-0] [25] Analyzing THE/USDT:USDT with MTF...
2025-07-16 15:59:09 - TradingSystem - INFO - 📊 Analyzing THE/USDT:USDT (MTF: 1h, 4h)...
2025-07-16 15:59:09 - TradingSystem - INFO - 📈 Progress: 19/132 (14.4%) - Signals: 1
2025-07-16 15:59:10 - TradingSystem - INFO - ✅ PENGU/USDT:USDT - SELL signal generated
2025-07-16 15:59:10 - TradingSystem - INFO - [Thread-3] ✅ PENGU/USDT:USDT - SELL signal (MTF: NONE)
2025-07-16 15:59:10 - TradingSystem - INFO - [Thread-1] [26] Analyzing LTC/USDT:USDT with MTF...
2025-07-16 15:59:10 - TradingSystem - INFO - 📊 Analyzing LTC/USDT:USDT (MTF: 1h, 4h)...
2025-07-16 15:59:10 - TradingSystem - INFO - 📈 Progress: 20/132 (15.2%) - Signals: 2
2025-07-16 15:59:12 - root - INFO - ✅ All technical indicators calculated successfully
2025-07-16 15:59:12 - root - INFO - ✅ All technical indicators calculated successfully
2025-07-16 15:59:12 - root - INFO - ✅ All technical indicators calculated successfully
2025-07-16 15:59:12 - root - INFO - ✅ All technical indicators calculated successfully
2025-07-16 15:59:13 - root - INFO - ✅ All technical indicators calculated successfully
2025-07-16 15:59:13 - root - INFO - ✅ All technical indicators calculated successfully
2025-07-16 15:59:15 - TradingSystem - INFO - [Thread-2] [27] Analyzing POPCAT/USDT:USDT with MTF...
2025-07-16 15:59:15 - TradingSystem - INFO - 📈 Progress: 21/132 (15.9%) - Signals: 2
2025-07-16 15:59:15 - TradingSystem - INFO - 📊 Analyzing POPCAT/USDT:USDT (MTF: 1h, 4h)...
2025-07-16 15:59:15 - TradingSystem - INFO - [Thread-3] [28] Analyzing AVAX/USDT:USDT with MTF...
2025-07-16 15:59:15 - TradingSystem - INFO - 📊 Analyzing AVAX/USDT:USDT (MTF: 1h, 4h)...
2025-07-16 15:59:15 - TradingSystem - INFO - 📈 Progress: 22/132 (16.7%) - Signals: 2
2025-07-16 15:59:15 - TradingSystem - INFO - [Thread-4] [29] Analyzing ONDO/USDT:USDT with MTF...
2025-07-16 15:59:15 - TradingSystem - INFO - 📊 Analyzing ONDO/USDT:USDT (MTF: 1h, 4h)...
2025-07-16 15:59:15 - TradingSystem - INFO - 📈 Progress: 23/132 (17.4%) - Signals: 2
2025-07-16 15:59:16 - TradingSystem - INFO - [Thread-5] [30] Analyzing OP/USDT:USDT with MTF...
2025-07-16 15:59:16 - TradingSystem - INFO - 📈 Progress: 24/132 (18.2%) - Signals: 2
2025-07-16 15:59:16 - TradingSystem - INFO - 📊 Analyzing OP/USDT:USDT (MTF: 1h, 4h)...
2025-07-16 15:59:16 - TradingSystem - INFO - [Thread-0] [31] Analyzing ENS/USDT:USDT with MTF...
2025-07-16 15:59:16 - TradingSystem - INFO - 📈 Progress: 25/132 (18.9%) - Signals: 2
2025-07-16 15:59:16 - TradingSystem - INFO - 📈 Progress: 26/132 (19.7%) - Signals: 2
2025-07-16 15:59:16 - TradingSystem - INFO - 📊 Analyzing ENS/USDT:USDT (MTF: 1h, 4h)...
2025-07-16 15:59:16 - TradingSystem - INFO - [Thread-1] [32] Analyzing VIRTUAL/USDT:USDT with MTF...
2025-07-16 15:59:16 - TradingSystem - INFO - 📊 Analyzing VIRTUAL/USDT:USDT (MTF: 1h, 4h)...
2025-07-16 15:59:17 - root - INFO - ✅ All technical indicators calculated successfully
2025-07-16 15:59:17 - root - INFO - ✅ All technical indicators calculated successfully
2025-07-16 15:59:17 - root - INFO - ✅ All technical indicators calculated successfully
2025-07-16 15:59:17 - root - INFO - ✅ All technical indicators calculated successfully
2025-07-16 15:59:18 - root - INFO - ✅ All technical indicators calculated successfully
2025-07-16 15:59:18 - root - INFO - ✅ All technical indicators calculated successfully
2025-07-16 15:59:21 - TradingSystem - INFO - [Thread-2] [33] Analyzing NEAR/USDT:USDT with MTF...
2025-07-16 15:59:21 - TradingSystem - INFO - 📈 Progress: 27/132 (20.5%) - Signals: 2
2025-07-16 15:59:21 - TradingSystem - INFO - 📊 Analyzing NEAR/USDT:USDT (MTF: 1h, 4h)...
2025-07-16 15:59:21 - TradingSystem - INFO - [Thread-3] [34] Analyzing UNI/USDT:USDT with MTF...
2025-07-16 15:59:21 - TradingSystem - INFO - 📊 Analyzing UNI/USDT:USDT (MTF: 1h, 4h)...
2025-07-16 15:59:21 - TradingSystem - INFO - 📈 Progress: 28/132 (21.2%) - Signals: 2
2025-07-16 15:59:21 - TradingSystem - INFO - [Thread-4] [35] Analyzing REZ/USDT:USDT with MTF...
2025-07-16 15:59:21 - TradingSystem - INFO - 📊 Analyzing REZ/USDT:USDT (MTF: 1h, 4h)...
2025-07-16 15:59:21 - TradingSystem - INFO - 📈 Progress: 29/132 (22.0%) - Signals: 2
2025-07-16 15:59:21 - TradingSystem - INFO - [Thread-5] [36] Analyzing MELANIA/USDT:USDT with MTF...
2025-07-16 15:59:21 - TradingSystem - INFO - 📊 Analyzing MELANIA/USDT:USDT (MTF: 1h, 4h)...
2025-07-16 15:59:21 - TradingSystem - INFO - 📈 Progress: 30/132 (22.7%) - Signals: 2
2025-07-16 15:59:21 - TradingSystem - INFO - [Thread-0] [37] Analyzing MOODENG/USDT:USDT with MTF...
2025-07-16 15:59:21 - TradingSystem - INFO - 📈 Progress: 31/132 (23.5%) - Signals: 2
2025-07-16 15:59:21 - TradingSystem - INFO - 📈 Progress: 32/132 (24.2%) - Signals: 2
2025-07-16 15:59:21 - TradingSystem - INFO - [Thread-1] [38] Analyzing WLD/USDT:USDT with MTF...
2025-07-16 15:59:21 - TradingSystem - INFO - 📊 Analyzing MOODENG/USDT:USDT (MTF: 1h, 4h)...
2025-07-16 15:59:21 - TradingSystem - INFO - 📊 Analyzing WLD/USDT:USDT (MTF: 1h, 4h)...
2025-07-16 15:59:22 - root - INFO - ✅ All technical indicators calculated successfully
2025-07-16 15:59:22 - root - INFO - ✅ All technical indicators calculated successfully
2025-07-16 15:59:22 - root - INFO - ✅ All technical indicators calculated successfully
2025-07-16 15:59:23 - root - INFO - ✅ All technical indicators calculated successfully
2025-07-16 15:59:23 - root - INFO - ✅ All technical indicators calculated successfully
2025-07-16 15:59:23 - root - INFO - ✅ All technical indicators calculated successfully
2025-07-16 15:59:26 - TradingSystem - INFO - [Thread-2] [39] Analyzing DOT/USDT:USDT with MTF...
2025-07-16 15:59:26 - TradingSystem - INFO - 📊 Analyzing DOT/USDT:USDT (MTF: 1h, 4h)...
2025-07-16 15:59:26 - TradingSystem - INFO - 📈 Progress: 33/132 (25.0%) - Signals: 2
2025-07-16 15:59:26 - TradingSystem - INFO - [Thread-3] [40] Analyzing TIA/USDT:USDT with MTF...
2025-07-16 15:59:26 - TradingSystem - INFO - 📈 Progress: 34/132 (25.8%) - Signals: 2
2025-07-16 15:59:26 - TradingSystem - INFO - 📊 Analyzing TIA/USDT:USDT (MTF: 1h, 4h)...
2025-07-16 15:59:27 - TradingSystem - INFO - [Thread-4] [41] Analyzing GALA/USDT:USDT with MTF...
2025-07-16 15:59:27 - TradingSystem - INFO - 📊 Analyzing GALA/USDT:USDT (MTF: 1h, 4h)...
2025-07-16 15:59:27 - TradingSystem - INFO - 📈 Progress: 35/132 (26.5%) - Signals: 2
2025-07-16 15:59:27 - TradingSystem - INFO - [Thread-5] [42] Analyzing BERA/USDT:USDT with MTF...
2025-07-16 15:59:27 - TradingSystem - INFO - 📈 Progress: 36/132 (27.3%) - Signals: 2
2025-07-16 15:59:27 - TradingSystem - INFO - 📊 Analyzing BERA/USDT:USDT (MTF: 1h, 4h)...
2025-07-16 15:59:27 - TradingSystem - INFO - [Thread-0] [43] Analyzing AI16Z/USDT:USDT with MTF...
2025-07-16 15:59:27 - TradingSystem - INFO - 📈 Progress: 37/132 (28.0%) - Signals: 2
2025-07-16 15:59:27 - TradingSystem - INFO - 📊 Analyzing AI16Z/USDT:USDT (MTF: 1h, 4h)...
2025-07-16 15:59:27 - TradingSystem - INFO - [Thread-1] [44] Analyzing INJ/USDT:USDT with MTF...
2025-07-16 15:59:27 - TradingSystem - INFO - 📈 Progress: 38/132 (28.8%) - Signals: 2
2025-07-16 15:59:27 - TradingSystem - INFO - 📊 Analyzing INJ/USDT:USDT (MTF: 1h, 4h)...
2025-07-16 15:59:27 - root - INFO - ✅ All technical indicators calculated successfully
2025-07-16 15:59:27 - TradingSystem - INFO - [Thread-2] [45] Analyzing M/USDT:USDT with MTF...
2025-07-16 15:59:27 - TradingSystem - INFO - 📊 Analyzing M/USDT:USDT (MTF: 1h, 4h)...
2025-07-16 15:59:27 - TradingSystem - INFO - 📈 Progress: 39/132 (29.5%) - Signals: 2
2025-07-16 15:59:32 - root - INFO - ✅ All technical indicators calculated successfully
2025-07-16 15:59:32 - root - INFO - ✅ All technical indicators calculated successfully
2025-07-16 15:59:33 - root - INFO - ✅ All technical indicators calculated successfully
2025-07-16 15:59:33 - root - INFO - ✅ All technical indicators calculated successfully
2025-07-16 15:59:33 - root - INFO - ✅ All technical indicators calculated successfully
2025-07-16 15:59:33 - root - INFO - ✅ All technical indicators calculated successfully
2025-07-16 15:59:36 - TradingSystem - INFO - [Thread-3] [46] Analyzing ETHFI/USDT:USDT with MTF...
2025-07-16 15:59:36 - TradingSystem - INFO - 📈 Progress: 40/132 (30.3%) - Signals: 2
2025-07-16 15:59:36 - TradingSystem - INFO - 📊 Analyzing ETHFI/USDT:USDT (MTF: 1h, 4h)...
2025-07-16 15:59:36 - TradingSystem - INFO - [Thread-4] [47] Analyzing TAO/USDT:USDT with MTF...
2025-07-16 15:59:36 - TradingSystem - INFO - 📈 Progress: 41/132 (31.1%) - Signals: 2
2025-07-16 15:59:36 - TradingSystem - INFO - 📊 Analyzing TAO/USDT:USDT (MTF: 1h, 4h)...
2025-07-16 15:59:36 - TradingSystem - INFO - [Thread-5] [48] Analyzing CROSS/USDT:USDT with MTF...
2025-07-16 15:59:36 - TradingSystem - INFO - 📈 Progress: 42/132 (31.8%) - Signals: 2
2025-07-16 15:59:36 - TradingSystem - INFO - 📊 Analyzing CROSS/USDT:USDT (MTF: 1h, 4h)...
2025-07-16 15:59:36 - TradingSystem - INFO - [Thread-0] [49] Analyzing HYPER/USDT:USDT with MTF...
2025-07-16 15:59:36 - TradingSystem - INFO - 📈 Progress: 43/132 (32.6%) - Signals: 2
2025-07-16 15:59:36 - TradingSystem - INFO - 📊 Analyzing HYPER/USDT:USDT (MTF: 1h, 4h)...
2025-07-16 15:59:36 - TradingSystem - INFO - [Thread-1] [50] Analyzing COW/USDT:USDT with MTF...
2025-07-16 15:59:36 - TradingSystem - INFO - 📈 Progress: 44/132 (33.3%) - Signals: 2
2025-07-16 15:59:36 - TradingSystem - INFO - 📊 Analyzing COW/USDT:USDT (MTF: 1h, 4h)...
2025-07-16 15:59:36 - TradingSystem - INFO - [Thread-2] [51] Analyzing 1000FLOKI/USDT:USDT with MTF...
2025-07-16 15:59:36 - TradingSystem - INFO - 📊 Analyzing 1000FLOKI/USDT:USDT (MTF: 1h, 4h)...
2025-07-16 15:59:36 - TradingSystem - INFO - 📈 Progress: 45/132 (34.1%) - Signals: 2
2025-07-16 15:59:37 - root - INFO - ✅ All technical indicators calculated successfully
2025-07-16 15:59:37 - root - INFO - ✅ All technical indicators calculated successfully
2025-07-16 15:59:37 - root - INFO - ✅ All technical indicators calculated successfully
2025-07-16 15:59:37 - root - INFO - ✅ All technical indicators calculated successfully
2025-07-16 15:59:38 - root - INFO - ✅ All technical indicators calculated successfully
2025-07-16 15:59:38 - root - INFO - ✅ All technical indicators calculated successfully
2025-07-16 15:59:40 - TradingSystem - INFO - [Thread-3] [52] Analyzing BNB/USDT:USDT with MTF...
2025-07-16 15:59:40 - TradingSystem - INFO - 📈 Progress: 46/132 (34.8%) - Signals: 2
2025-07-16 15:59:40 - TradingSystem - INFO - 📊 Analyzing BNB/USDT:USDT (MTF: 1h, 4h)...
2025-07-16 15:59:40 - TradingSystem - INFO - 🔍 Running multi-timeframe confirmation for TAO/USDT:USDT...
2025-07-16 15:59:40 - analysis.multi_timeframe - INFO - 🔍 Multi-timeframe analysis for TAO/USDT:USDT
2025-07-16 15:59:40 - TradingSystem - INFO - [Thread-4] [53] Analyzing SHIB1000/USDT:USDT with MTF...
2025-07-16 15:59:40 - TradingSystem - INFO - 📊 Analyzing SHIB1000/USDT:USDT (MTF: 1h, 4h)...
2025-07-16 15:59:40 - TradingSystem - INFO - 📈 Progress: 47/132 (35.6%) - Signals: 2
2025-07-16 15:59:40 - TradingSystem - INFO - [Thread-5] [54] Analyzing APT/USDT:USDT with MTF...
2025-07-16 15:59:40 - TradingSystem - INFO - 📊 Analyzing APT/USDT:USDT (MTF: 1h, 4h)...
2025-07-16 15:59:40 - TradingSystem - INFO - 📈 Progress: 48/132 (36.4%) - Signals: 2
2025-07-16 15:59:40 - TradingSystem - INFO - [Thread-0] [55] Analyzing ALGO/USDT:USDT with MTF...
2025-07-16 15:59:40 - TradingSystem - INFO - 📈 Progress: 49/132 (37.1%) - Signals: 2
2025-07-16 15:59:40 - TradingSystem - INFO - 📊 Analyzing ALGO/USDT:USDT (MTF: 1h, 4h)...
2025-07-16 15:59:40 - TradingSystem - INFO - [Thread-1] [56] Analyzing PNUT/USDT:USDT with MTF...
2025-07-16 15:59:40 - TradingSystem - INFO - 📊 Analyzing PNUT/USDT:USDT (MTF: 1h, 4h)...
2025-07-16 15:59:40 - TradingSystem - INFO - 📈 Progress: 50/132 (37.9%) - Signals: 2
2025-07-16 15:59:42 - root - INFO - ✅ All technical indicators calculated successfully
2025-07-16 15:59:42 - root - INFO - ✅ All technical indicators calculated successfully
2025-07-16 15:59:42 - root - INFO - ✅ All technical indicators calculated successfully
2025-07-16 15:59:43 - root - INFO - ✅ All technical indicators calculated successfully
2025-07-16 15:59:43 - root - INFO - ✅ All technical indicators calculated successfully
2025-07-16 15:59:44 - TradingSystem - INFO - [Thread-2] [57] Analyzing TON/USDT:USDT with MTF...
2025-07-16 15:59:44 - TradingSystem - INFO - 📈 Progress: 51/132 (38.6%) - Signals: 2
2025-07-16 15:59:44 - TradingSystem - INFO - 📊 Analyzing TON/USDT:USDT (MTF: 1h, 4h)...
2025-07-16 15:59:44 - TradingSystem - INFO - [Thread-3] [58] Analyzing LDO/USDT:USDT with MTF...
2025-07-16 15:59:44 - TradingSystem - INFO - 📈 Progress: 52/132 (39.4%) - Signals: 2
2025-07-16 15:59:44 - TradingSystem - INFO - 📊 Analyzing LDO/USDT:USDT (MTF: 1h, 4h)...
2025-07-16 15:59:45 - TradingSystem - INFO - [Thread-4] [59] Analyzing 1000TURBO/USDT:USDT with MTF...
2025-07-16 15:59:45 - TradingSystem - INFO - 📈 Progress: 53/132 (40.2%) - Signals: 2
2025-07-16 15:59:45 - TradingSystem - INFO - 📊 Analyzing 1000TURBO/USDT:USDT (MTF: 1h, 4h)...
2025-07-16 15:59:45 - TradingSystem - INFO - [Thread-5] [60] Analyzing TAC/USDT:USDT with MTF...
2025-07-16 15:59:45 - TradingSystem - INFO - 📊 Analyzing TAC/USDT:USDT (MTF: 1h, 4h)...
2025-07-16 15:59:45 - TradingSystem - INFO - 📈 Progress: 54/132 (40.9%) - Signals: 2
2025-07-16 15:59:45 - TradingSystem - INFO - [Thread-0] [61] Analyzing BRETT/USDT:USDT with MTF...
2025-07-16 15:59:45 - TradingSystem - INFO - 📊 Analyzing BRETT/USDT:USDT (MTF: 1h, 4h)...
2025-07-16 15:59:45 - TradingSystem - INFO - 📈 Progress: 55/132 (41.7%) - Signals: 2
2025-07-16 15:59:47 - root - INFO - ✅ All technical indicators calculated successfully
2025-07-16 15:59:47 - TradingSystem - INFO - [Thread-1] [62] Analyzing BCH/USDT:USDT with MTF...
2025-07-16 15:59:47 - TradingSystem - INFO - 📊 Analyzing BCH/USDT:USDT (MTF: 1h, 4h)...
2025-07-16 15:59:47 - TradingSystem - INFO - 📈 Progress: 56/132 (42.4%) - Signals: 2
2025-07-16 15:59:47 - root - INFO - ✅ All technical indicators calculated successfully
2025-07-16 15:59:47 - root - INFO - ✅ All technical indicators calculated successfully
2025-07-16 15:59:47 - analysis.multi_timeframe - INFO -    📊 Confirmation: 0/2 timeframes
2025-07-16 15:59:47 - analysis.multi_timeframe - INFO -    💪 Strength: 0.0%
2025-07-16 15:59:47 - TradingSystem - INFO -    📊 MTF Status: NONE (0/2)
2025-07-16 15:59:47 - root - INFO - ✅ All technical indicators calculated successfully
2025-07-16 15:59:47 - root - INFO - ✅ All technical indicators calculated successfully
2025-07-16 15:59:49 - TradingSystem - INFO - ✅ TAO/USDT:USDT - SELL signal generated
2025-07-16 15:59:49 - TradingSystem - INFO - [Thread-4] ✅ TAO/USDT:USDT - SELL signal (MTF: NONE)
2025-07-16 15:59:49 - TradingSystem - INFO - [Thread-2] [63] Analyzing ETC/USDT:USDT with MTF...
2025-07-16 15:59:49 - TradingSystem - INFO - 📊 Analyzing ETC/USDT:USDT (MTF: 1h, 4h)...
2025-07-16 15:59:49 - TradingSystem - INFO - 📈 Progress: 57/132 (43.2%) - Signals: 3
2025-07-16 15:59:49 - TradingSystem - INFO - [Thread-3] [64] Analyzing 1INCH/USDT:USDT with MTF...
2025-07-16 15:59:49 - TradingSystem - INFO - 📊 Analyzing 1INCH/USDT:USDT (MTF: 1h, 4h)...
2025-07-16 15:59:49 - TradingSystem - INFO - 📈 Progress: 58/132 (43.9%) - Signals: 3
2025-07-16 15:59:49 - TradingSystem - INFO - [Thread-4] [65] Analyzing LAUNCHCOIN/USDT:USDT with MTF...
2025-07-16 15:59:49 - TradingSystem - INFO - 📈 Progress: 59/132 (44.7%) - Signals: 3
2025-07-16 15:59:49 - TradingSystem - INFO - 📊 Analyzing LAUNCHCOIN/USDT:USDT (MTF: 1h, 4h)...
2025-07-16 15:59:49 - TradingSystem - INFO - 🔍 Running multi-timeframe confirmation for 1000TURBO/USDT:USDT...
2025-07-16 15:59:49 - analysis.multi_timeframe - INFO - 🔍 Multi-timeframe analysis for 1000TURBO/USDT:USDT
2025-07-16 15:59:49 - TradingSystem - INFO - [Thread-5] [66] Analyzing SERAPH/USDT:USDT with MTF...
2025-07-16 15:59:49 - TradingSystem - INFO - 📊 Analyzing SERAPH/USDT:USDT (MTF: 1h, 4h)...
2025-07-16 15:59:49 - TradingSystem - INFO - 📈 Progress: 60/132 (45.5%) - Signals: 3
2025-07-16 15:59:52 - root - INFO - ✅ All technical indicators calculated successfully
2025-07-16 15:59:52 - analysis.multi_timeframe - INFO -    ➖ 1h: 1000TURBO/USDT:USDT No clear signal
2025-07-16 15:59:52 - root - INFO - ✅ All technical indicators calculated successfully
2025-07-16 15:59:52 - root - INFO - ✅ All technical indicators calculated successfully
2025-07-16 15:59:52 - root - INFO - ✅ All technical indicators calculated successfully
2025-07-16 15:59:53 - root - INFO - ✅ All technical indicators calculated successfully
2025-07-16 15:59:54 - TradingSystem - INFO - [Thread-0] [67] Analyzing 1000000MOG/USDT:USDT with MTF...
2025-07-16 15:59:54 - TradingSystem - INFO - 📊 Analyzing 1000000MOG/USDT:USDT (MTF: 1h, 4h)...
2025-07-16 15:59:54 - TradingSystem - INFO - 📈 Progress: 61/132 (46.2%) - Signals: 3
2025-07-16 15:59:54 - TradingSystem - INFO - [Thread-1] [68] Analyzing H/USDT:USDT with MTF...
2025-07-16 15:59:54 - TradingSystem - INFO - 📈 Progress: 62/132 (47.0%) - Signals: 3
2025-07-16 15:59:54 - TradingSystem - INFO - 📊 Analyzing H/USDT:USDT (MTF: 1h, 4h)...
2025-07-16 15:59:54 - TradingSystem - INFO - 🔍 Running multi-timeframe confirmation for 1INCH/USDT:USDT...
2025-07-16 15:59:54 - analysis.multi_timeframe - INFO - 🔍 Multi-timeframe analysis for 1INCH/USDT:USDT
2025-07-16 15:59:54 - TradingSystem - INFO - [Thread-2] [69] Analyzing ORDI/USDT:USDT with MTF...
2025-07-16 15:59:54 - TradingSystem - INFO - 📈 Progress: 63/132 (47.7%) - Signals: 3
2025-07-16 15:59:54 - TradingSystem - INFO - 📊 Analyzing ORDI/USDT:USDT (MTF: 1h, 4h)...
2025-07-16 15:59:54 - TradingSystem - INFO - 🔍 Running multi-timeframe confirmation for BCH/USDT:USDT...
2025-07-16 15:59:54 - analysis.multi_timeframe - INFO - 🔍 Multi-timeframe analysis for BCH/USDT:USDT
2025-07-16 15:59:57 - root - INFO - ✅ All technical indicators calculated successfully
2025-07-16 15:59:57 - analysis.multi_timeframe - INFO -    ➖ 4h: 1000TURBO/USDT:USDT No clear signal
2025-07-16 15:59:57 - analysis.multi_timeframe - INFO -    ✅ 1h: 1INCH/USDT:USDT SELL signal confirmed
2025-07-16 15:59:57 - analysis.multi_timeframe - INFO -    📊 Confirmation: 0/2 timeframes
2025-07-16 15:59:57 - analysis.multi_timeframe - INFO -    💪 Strength: 0.0%
2025-07-16 15:59:57 - TradingSystem - INFO -    📊 MTF Status: NONE (0/2)
2025-07-16 15:59:57 - root - INFO - ✅ All technical indicators calculated successfully
2025-07-16 15:59:57 - root - INFO - ✅ All technical indicators calculated successfully
2025-07-16 15:59:58 - TradingSystem - INFO - ✅ 1000TURBO/USDT:USDT - SELL signal generated
2025-07-16 15:59:58 - TradingSystem - INFO - [Thread-4] ✅ 1000TURBO/USDT:USDT - SELL signal (MTF: NONE)
2025-07-16 15:59:58 - TradingSystem - INFO - [Thread-3] [70] Analyzing CUDIS/USDT:USDT with MTF...
2025-07-16 15:59:58 - TradingSystem - INFO - 📊 Analyzing CUDIS/USDT:USDT (MTF: 1h, 4h)...
2025-07-16 15:59:58 - TradingSystem - INFO - 📈 Progress: 64/132 (48.5%) - Signals: 4
2025-07-16 15:59:58 - TradingSystem - INFO - [Thread-4] [71] Analyzing MOVE/USDT:USDT with MTF...
2025-07-16 15:59:58 - TradingSystem - INFO - 📈 Progress: 65/132 (49.2%) - Signals: 4
2025-07-16 15:59:58 - TradingSystem - INFO - 📊 Analyzing MOVE/USDT:USDT (MTF: 1h, 4h)...
2025-07-16 15:59:59 - TradingSystem - INFO - [Thread-5] [72] Analyzing EIGEN/USDT:USDT with MTF...
2025-07-16 15:59:59 - TradingSystem - INFO - 📊 Analyzing EIGEN/USDT:USDT (MTF: 1h, 4h)...
2025-07-16 15:59:59 - TradingSystem - INFO - 📈 Progress: 66/132 (50.0%) - Signals: 4
2025-07-16 15:59:59 - TradingSystem - INFO - [Thread-0] [73] Analyzing TRX/USDT:USDT with MTF...
2025-07-16 15:59:59 - TradingSystem - INFO - 📊 Analyzing TRX/USDT:USDT (MTF: 1h, 4h)...
2025-07-16 15:59:59 - TradingSystem - INFO - 📈 Progress: 67/132 (50.8%) - Signals: 4
2025-07-16 16:00:02 - analysis.multi_timeframe - INFO -    ➖ 4h: BCH/USDT:USDT No clear signal
2025-07-16 16:00:02 - root - INFO - ✅ All technical indicators calculated successfully
2025-07-16 16:00:02 - analysis.multi_timeframe - INFO -    📊 Confirmation: 0/2 timeframes
2025-07-16 16:00:02 - analysis.multi_timeframe - INFO -    💪 Strength: 0.0%
2025-07-16 16:00:02 - TradingSystem - INFO -    📊 MTF Status: NONE (0/2)
2025-07-16 16:00:02 - root - INFO - ✅ All technical indicators calculated successfully
2025-07-16 16:00:02 - analysis.multi_timeframe - INFO -    ➖ 4h: 1INCH/USDT:USDT No clear signal
2025-07-16 16:00:02 - analysis.multi_timeframe - INFO -    📊 Confirmation: 1/2 timeframes
2025-07-16 16:00:02 - analysis.multi_timeframe - INFO -    💪 Strength: 50.0%
2025-07-16 16:00:02 - TradingSystem - INFO -    📈 Confidence boosted: 88.0% → 95.0%
2025-07-16 16:00:02 - TradingSystem - INFO -    📊 MTF Status: PARTIAL (1/2)
2025-07-16 16:00:03 - root - INFO - ✅ All technical indicators calculated successfully
2025-07-16 16:00:03 - root - INFO - ✅ All technical indicators calculated successfully
2025-07-16 16:00:03 - TradingSystem - INFO - ✅ BCH/USDT:USDT - SELL signal generated
2025-07-16 16:00:03 - TradingSystem - INFO - [Thread-1] ✅ BCH/USDT:USDT - SELL signal (MTF: NONE)
2025-07-16 16:00:03 - TradingSystem - INFO - [Thread-1] [74] Analyzing JUP/USDT:USDT with MTF...
2025-07-16 16:00:03 - TradingSystem - INFO - 📊 Analyzing JUP/USDT:USDT (MTF: 1h, 4h)...
2025-07-16 16:00:03 - TradingSystem - INFO - 📈 Progress: 68/132 (51.5%) - Signals: 5
2025-07-16 16:00:03 - TradingSystem - INFO - Generated 5 charts (limit reached for demo)
2025-07-16 16:00:04 - TradingSystem - INFO - ✅ 1INCH/USDT:USDT - SELL signal generated
2025-07-16 16:00:04 - TradingSystem - INFO - [Thread-3] ✅ 1INCH/USDT:USDT - SELL signal (MTF: PARTIAL)
2025-07-16 16:00:07 - root - INFO - ✅ All technical indicators calculated successfully
2025-07-16 16:00:07 - TradingSystem - INFO - ⚡ MTF PARALLEL ANALYSIS COMPLETED!
2025-07-16 16:00:07 - TradingSystem - INFO -    Execution Time: 85.5s
2025-07-16 16:00:07 - TradingSystem - INFO -    MTF Confirmations: Strong: 0, Partial: 0, None: 5
2025-07-16 16:00:07 - utils.csv_manager - INFO - 📊 Exporting results for scan ID: 20250716_160007
2025-07-16 16:00:07 - utils.csv_manager - INFO - ✅ Appended 5 signals to enhanced_bybit_signals_mtf_signals.csv
2025-07-16 16:00:07 - utils.csv_manager - INFO - ✅ Appended 5 opportunities to enhanced_bybit_signals_mtf_opportunities.csv
2025-07-16 16:00:07 - utils.csv_manager - INFO - ✅ Appended market summary to enhanced_bybit_signals_mtf_market_summary.csv
2025-07-16 16:00:07 - utils.csv_manager - INFO - ✅ Appended scan history to enhanced_bybit_signals_mtf_scan_history.csv
2025-07-16 16:00:07 - utils.csv_manager - INFO - 📄 CSV Export Complete (Scan ID: 20250716_160007):
2025-07-16 16:00:07 - utils.csv_manager - INFO -    Signals: enhanced_bybit_signals_mtf_signals.csv (0.0MB, 5 rows)
2025-07-16 16:00:07 - utils.csv_manager - INFO -    Opportunities: enhanced_bybit_signals_mtf_opportunities.csv (0.0MB, 5 rows)
2025-07-16 16:00:07 - utils.csv_manager - INFO -    Market Summary: enhanced_bybit_signals_mtf_market_summary.csv (0.0MB, 1 rows)
2025-07-16 16:00:07 - utils.csv_manager - INFO -    Scan History: enhanced_bybit_signals_mtf_scan_history.csv (0.0MB, 1 rows)
