2025-07-21 18:04:54 - TradingSystem - INFO - 🚀 COMPLETE ENHANCED SYSTEM WITH MULTI-TIMEFRAME & MYSQL DATABASE INITIALIZED!
2025-07-21 18:04:54 - TradingSystem - INFO - ✅ Multi-Timeframe Confirmation: Primary 15m, Confirmation 1h/4h
2025-07-21 18:04:54 - TradingSystem - INFO - ✅ Database: bybit_trading_system @ localhost
2025-07-21 18:04:54 - TradingSystem - INFO - 🚀 STARTING ENHANCED ANALYSIS WITH 15m→1h/4h MTF CONFIRMATION (PARALLEL + MYSQL)
2025-07-21 18:04:54 - TradingSystem - INFO - ==========================================================================================
2025-07-21 18:04:59 - TradingSystem - INFO - 📊 Analyzing 223 symbols with MTF confirmation...
2025-07-21 18:04:59 - TradingSystem - INFO -    Primary Timeframe: 15m
2025-07-21 18:04:59 - TradingSystem - INFO -    Confirmation Timeframes: 1h, 4h
2025-07-21 18:04:59 - TradingSystem - INFO -    MTF Weight Multiplier: 1.5x
2025-07-21 18:04:59 - TradingSystem - INFO -    Database: MySQL @ localhost
2025-07-21 18:06:49 - TradingSystem - WARNING - Insufficient 15m data for TA/USDT:USDT
2025-07-21 18:08:56 - visualization.charts - ERROR - Error adding Fibonacci levels: Invalid annotation position "middle right"
2025-07-21 18:09:11 - visualization.charts - INFO - Chart element size: {'height': 1200, 'width': 1800}, location: {'x': 8, 'y': 8}
2025-07-21 18:09:15 - visualization.charts - INFO - ✅ Screenshot captured with Selenium: tradingview_DOGUSDTUSDT_screenshot_20250721_180913.png (Full page: 1261px)
2025-07-21 18:09:15 - visualization.charts - INFO - 📊 Chart saved: HTML=tradingview_DOGUSDTUSDT_chart_20250721_180856.html, Screenshot=charts/tradingview_DOGUSDTUSDT_screenshot_20250721_180913.png
2025-07-21 18:09:16 - TradingSystem - INFO - ⚡ 15m→1h/4h MTF PARALLEL ANALYSIS COMPLETED!
2025-07-21 18:09:16 - TradingSystem - INFO -    Execution Time: 261.2s
2025-07-21 18:09:16 - TradingSystem - INFO -    MTF Confirmations: Strong: 0, Partial: 1, None: 0
2025-07-21 18:09:16 - utils.database_manager - INFO - 📊 Saving results to MySQL database for scan ID: 20250721_180916
2025-07-21 18:09:16 - utils.database_manager - INFO - ✅ Created scan session: 20250721_180916 (ID: 9) - Primary: 15m, Confirmation: 1h, 4h
2025-07-21 18:09:16 - utils.database_manager - INFO - ✅ Saved 1 signals to MySQL database
2025-07-21 18:09:16 - utils.database_manager - INFO - ✅ Saved 1 opportunities to MySQL database
2025-07-21 18:09:16 - utils.database_manager - INFO - ✅ Saved market summary to MySQL database
2025-07-21 18:09:16 - utils.database_manager - INFO - 📄 MySQL Database Save Complete (Scan ID: 20250721_180916):
2025-07-21 18:09:16 - utils.database_manager - INFO -    Primary Timeframe: 15m
2025-07-21 18:09:16 - utils.database_manager - INFO -    Confirmation Timeframes: 1h, 4h
2025-07-21 18:09:16 - utils.database_manager - INFO -    Signals: 1
2025-07-21 18:09:16 - utils.database_manager - INFO -    Opportunities: 1
2025-07-21 18:09:16 - utils.database_manager - INFO -    Market Summary: ✅
2025-07-21 18:09:16 - utils.database_manager - INFO -    Performance Metrics: 0
