2025-07-23 03:51:45 - TradingSystem - INFO - Loading database configuration from enhanced_config.yaml
2025-07-23 03:51:45 - TradingSystem - INFO - Database config loaded:
2025-07-23 03:51:45 - TradingSystem - INFO -    Host: localhost:3306
2025-07-23 03:51:45 - TradingSystem - INFO -    Database: bybit_trading_system
2025-07-23 03:51:45 - TradingSystem - INFO -    Username: root
2025-07-23 03:51:45 - TradingSystem - INFO -    Password: ***
2025-07-23 03:51:45 - TradingSystem - INFO - Loading system configuration from MySQL database...
2025-07-23 03:51:45 - config.config - INFO - Configuration 'default' not found, creating default
2025-07-23 03:51:45 - config.config - INFO - Created default configuration 'default' in MySQL database
2025-07-23 03:51:45 - notifier.telegram - INFO - ✅ Telegram bot initialized successfully
2025-07-23 03:51:45 - notifier.telegram - INFO - ✅ Telegram bot initialized successfully
2025-07-23 03:51:45 - notifier.telegram - INFO - 🔄 Entering Bootstrap Mode - API credentials needed
2025-07-23 03:51:47 - httpx - INFO - HTTP Request: POST https://api.telegram.org/bot8088506547:AAHZZxiY_wlh48IN4ldPNRJtM9qi7qxfLdM/sendMessage "HTTP/1.1 200 OK"
2025-07-23 03:51:47 - notifier.telegram - INFO - 📱 Bootstrap notification sent to Telegram user: 6708641837
2025-07-23 03:51:47 - notifier.telegram - INFO - 🤖 Starting Telegram bot polling...
2025-07-23 03:51:47 - httpx - INFO - HTTP Request: POST https://api.telegram.org/bot8088506547:AAHZZxiY_wlh48IN4ldPNRJtM9qi7qxfLdM/getMe "HTTP/1.1 200 OK"
2025-07-23 03:51:47 - telegram.ext.Application - INFO - Application started
2025-07-23 03:51:47 - httpx - INFO - HTTP Request: POST https://api.telegram.org/bot8088506547:AAHZZxiY_wlh48IN4ldPNRJtM9qi7qxfLdM/deleteWebhook "HTTP/1.1 200 OK"
2025-07-23 03:51:47 - notifier.telegram - INFO - ✅ Telegram bot is now running
2025-07-23 03:51:53 - httpx - INFO - HTTP Request: POST https://api.telegram.org/bot8088506547:AAHZZxiY_wlh48IN4ldPNRJtM9qi7qxfLdM/getUpdates "HTTP/1.1 200 OK"
2025-07-23 03:51:54 - httpx - INFO - HTTP Request: POST https://api.telegram.org/bot8088506547:AAHZZxiY_wlh48IN4ldPNRJtM9qi7qxfLdM/answerCallbackQuery "HTTP/1.1 200 OK"
2025-07-23 03:51:54 - httpx - INFO - HTTP Request: POST https://api.telegram.org/bot8088506547:AAHZZxiY_wlh48IN4ldPNRJtM9qi7qxfLdM/editMessageText "HTTP/1.1 200 OK"
2025-07-23 03:52:03 - httpx - INFO - HTTP Request: POST https://api.telegram.org/bot8088506547:AAHZZxiY_wlh48IN4ldPNRJtM9qi7qxfLdM/getUpdates "HTTP/1.1 200 OK"
2025-07-23 03:52:10 - httpx - INFO - HTTP Request: POST https://api.telegram.org/bot8088506547:AAHZZxiY_wlh48IN4ldPNRJtM9qi7qxfLdM/getUpdates "HTTP/1.1 200 OK"
2025-07-23 03:52:11 - httpx - INFO - HTTP Request: POST https://api.telegram.org/bot8088506547:AAHZZxiY_wlh48IN4ldPNRJtM9qi7qxfLdM/deleteMessage "HTTP/1.1 200 OK"
2025-07-23 03:52:11 - httpx - INFO - HTTP Request: POST https://api.telegram.org/bot8088506547:AAHZZxiY_wlh48IN4ldPNRJtM9qi7qxfLdM/sendMessage "HTTP/1.1 200 OK"
2025-07-23 03:52:18 - httpx - INFO - HTTP Request: POST https://api.telegram.org/bot8088506547:AAHZZxiY_wlh48IN4ldPNRJtM9qi7qxfLdM/getUpdates "HTTP/1.1 200 OK"
2025-07-23 03:52:20 - httpx - INFO - HTTP Request: POST https://api.telegram.org/bot8088506547:AAHZZxiY_wlh48IN4ldPNRJtM9qi7qxfLdM/deleteMessage "HTTP/1.1 200 OK"
2025-07-23 03:52:20 - httpx - INFO - HTTP Request: POST https://api.telegram.org/bot8088506547:AAHZZxiY_wlh48IN4ldPNRJtM9qi7qxfLdM/sendMessage "HTTP/1.1 200 OK"
2025-07-23 03:52:25 - httpx - INFO - HTTP Request: POST https://api.telegram.org/bot8088506547:AAHZZxiY_wlh48IN4ldPNRJtM9qi7qxfLdM/getUpdates "HTTP/1.1 200 OK"
2025-07-23 03:52:26 - httpx - INFO - HTTP Request: POST https://api.telegram.org/bot8088506547:AAHZZxiY_wlh48IN4ldPNRJtM9qi7qxfLdM/deleteMessage "HTTP/1.1 200 OK"
2025-07-23 03:52:26 - httpx - INFO - HTTP Request: POST https://api.telegram.org/bot8088506547:AAHZZxiY_wlh48IN4ldPNRJtM9qi7qxfLdM/sendMessage "HTTP/1.1 200 OK"
2025-07-23 03:52:30 - httpx - INFO - HTTP Request: POST https://api.telegram.org/bot8088506547:AAHZZxiY_wlh48IN4ldPNRJtM9qi7qxfLdM/getUpdates "HTTP/1.1 200 OK"
2025-07-23 03:52:30 - httpx - INFO - HTTP Request: POST https://api.telegram.org/bot8088506547:AAHZZxiY_wlh48IN4ldPNRJtM9qi7qxfLdM/deleteMessage "HTTP/1.1 200 OK"
2025-07-23 03:52:31 - httpx - INFO - HTTP Request: POST https://api.telegram.org/bot8088506547:AAHZZxiY_wlh48IN4ldPNRJtM9qi7qxfLdM/sendMessage "HTTP/1.1 200 OK"
2025-07-23 03:52:32 - httpx - INFO - HTTP Request: POST https://api.telegram.org/bot8088506547:AAHZZxiY_wlh48IN4ldPNRJtM9qi7qxfLdM/getUpdates "HTTP/1.1 200 OK"
2025-07-23 03:52:32 - httpx - INFO - HTTP Request: POST https://api.telegram.org/bot8088506547:AAHZZxiY_wlh48IN4ldPNRJtM9qi7qxfLdM/answerCallbackQuery "HTTP/1.1 200 OK"
2025-07-23 03:52:32 - config.config - INFO - Updated configuration 'default' in MySQL database
2025-07-23 03:52:32 - notifier.telegram - INFO - ✅ API keys encrypted and saved to database
2025-07-23 03:52:33 - httpx - INFO - HTTP Request: POST https://api.telegram.org/bot8088506547:AAHZZxiY_wlh48IN4ldPNRJtM9qi7qxfLdM/editMessageText "HTTP/1.1 200 OK"
2025-07-23 03:52:33 - notifier.telegram - INFO - ✅ API configuration completed and saved
2025-07-23 03:52:38 - httpx - INFO - HTTP Request: POST https://api.telegram.org/bot8088506547:AAHZZxiY_wlh48IN4ldPNRJtM9qi7qxfLdM/getUpdates "HTTP/1.1 200 OK"
2025-07-23 03:52:38 - telegram.ext.Application - INFO - Application is stopping. This might take a moment.
2025-07-23 03:52:38 - telegram.ext.Application - INFO - Application.stop() complete
2025-07-23 03:52:38 - notifier.telegram - INFO - 🛑 Telegram bot stopped
