2025-07-16 16:06:20 - TradingSystem - INFO - Logging initialized - Level: INFO
2025-07-16 16:06:20 - TradingSystem - INFO - Log file: logs/trading_system_20250716_160620.log
2025-07-16 16:06:56 - core.exchange - INFO - ✅ Connected to Bybit PRODUCTION
2025-07-16 16:06:56 - utils.csv_manager - INFO - ✅ CSV files initialized in csv_exports
2025-07-16 16:06:56 - utils.csv_manager - INFO -    signals: enhanced_bybit_signals_mtf_signals.csv
2025-07-16 16:06:56 - utils.csv_manager - INFO -    opportunities: enhanced_bybit_signals_mtf_opportunities.csv
2025-07-16 16:06:56 - utils.csv_manager - INFO -    market_summary: enhanced_bybit_signals_mtf_market_summary.csv
2025-07-16 16:06:56 - utils.csv_manager - INFO -    scan_history: enhanced_bybit_signals_mtf_scan_history.csv
2025-07-16 16:06:56 - utils.csv_manager - INFO -    performance_metrics: enhanced_bybit_signals_mtf_performance.csv
2025-07-16 16:06:56 - TradingSystem - INFO - 🚀 COMPLETE ENHANCED SYSTEM WITH MULTI-TIMEFRAME INITIALIZED!
2025-07-16 16:06:56 - TradingSystem - INFO - ✅ Enhanced Technical Analysis (FIXED Ichimoku & Stochastic RSI)
2025-07-16 16:06:56 - TradingSystem - INFO - ✅ Volume Profile Analysis
2025-07-16 16:06:56 - TradingSystem - INFO - ✅ Fibonacci & Confluence Analysis
2025-07-16 16:06:56 - TradingSystem - INFO - ✅ Interactive Chart Generation
2025-07-16 16:06:56 - TradingSystem - INFO - ✅ Multi-Timeframe Confirmation (1h, 4h)
2025-07-16 16:06:56 - TradingSystem - INFO - 🚀 STARTING ENHANCED ANALYSIS WITH MULTI-TIMEFRAME CONFIRMATION (PARALLEL)
2025-07-16 16:06:56 - TradingSystem - INFO - ================================================================================
2025-07-16 16:07:01 - TradingSystem - INFO - 📊 Analyzing 189 symbols with MTF confirmation...
2025-07-16 16:07:01 - TradingSystem - INFO -    Primary Timeframe: 15m
2025-07-16 16:07:01 - TradingSystem - INFO -    Confirmation Timeframes: 1h, 4h
2025-07-16 16:07:01 - TradingSystem - INFO -    MTF Weight Multiplier: 1.5x
2025-07-16 16:07:01 - TradingSystem - INFO - [Thread-0] [1] Analyzing ETH/USDT:USDT with MTF...
2025-07-16 16:07:01 - TradingSystem - INFO - 📊 Analyzing ETH/USDT:USDT (MTF: 1h, 4h)...
2025-07-16 16:07:01 - TradingSystem - INFO - [Thread-1] [2] Analyzing BTC/USDT:USDT with MTF...
2025-07-16 16:07:01 - TradingSystem - INFO - 📊 Analyzing BTC/USDT:USDT (MTF: 1h, 4h)...
2025-07-16 16:07:01 - TradingSystem - INFO - [Thread-2] [3] Analyzing SOL/USDT:USDT with MTF...
2025-07-16 16:07:01 - TradingSystem - INFO - 📊 Analyzing SOL/USDT:USDT (MTF: 1h, 4h)...
2025-07-16 16:07:01 - TradingSystem - INFO - [Thread-3] [4] Analyzing XRP/USDT:USDT with MTF...
2025-07-16 16:07:01 - TradingSystem - INFO - 📊 Analyzing XRP/USDT:USDT (MTF: 1h, 4h)...
2025-07-16 16:07:01 - TradingSystem - INFO - [Thread-5] [5] Analyzing DOGE/USDT:USDT with MTF...
2025-07-16 16:07:01 - TradingSystem - INFO - 📊 Analyzing DOGE/USDT:USDT (MTF: 1h, 4h)...
2025-07-16 16:07:01 - TradingSystem - INFO - [Thread-4] [6] Analyzing 1000PEPE/USDT:USDT with MTF...
2025-07-16 16:07:01 - TradingSystem - INFO - 📊 Analyzing 1000PEPE/USDT:USDT (MTF: 1h, 4h)...
2025-07-16 16:07:05 - root - INFO - ✅ All technical indicators calculated successfully
2025-07-16 16:07:06 - TradingSystem - INFO - [Thread-0] [7] Analyzing SUI/USDT:USDT with MTF...
2025-07-16 16:07:06 - TradingSystem - INFO - 📊 Analyzing SUI/USDT:USDT (MTF: 1h, 4h)...
2025-07-16 16:07:06 - TradingSystem - INFO - 📈 Progress: 1/189 (0.5%) - Signals: 0
2025-07-16 16:07:06 - root - INFO - ✅ All technical indicators calculated successfully
2025-07-16 16:07:06 - root - INFO - ✅ All technical indicators calculated successfully
2025-07-16 16:07:06 - root - INFO - ✅ All technical indicators calculated successfully
2025-07-16 16:07:06 - root - INFO - ✅ All technical indicators calculated successfully
2025-07-16 16:07:07 - root - INFO - ✅ All technical indicators calculated successfully
2025-07-16 16:07:08 - TradingSystem - INFO - [Thread-1] [8] Analyzing 1000BONK/USDT:USDT with MTF...
2025-07-16 16:07:08 - TradingSystem - INFO - 📊 Analyzing 1000BONK/USDT:USDT (MTF: 1h, 4h)...
2025-07-16 16:07:08 - TradingSystem - INFO - 📈 Progress: 2/189 (1.1%) - Signals: 0
2025-07-16 16:07:08 - TradingSystem - INFO - [Thread-2] [9] Analyzing FARTCOIN/USDT:USDT with MTF...
2025-07-16 16:07:08 - TradingSystem - INFO - 📈 Progress: 3/189 (1.6%) - Signals: 0
2025-07-16 16:07:08 - TradingSystem - INFO - 📊 Analyzing FARTCOIN/USDT:USDT (MTF: 1h, 4h)...
2025-07-16 16:07:08 - TradingSystem - INFO - [Thread-3] [10] Analyzing PENGU/USDT:USDT with MTF...
2025-07-16 16:07:08 - TradingSystem - INFO - 📊 Analyzing PENGU/USDT:USDT (MTF: 1h, 4h)...
2025-07-16 16:07:08 - TradingSystem - INFO - 📈 Progress: 4/189 (2.1%) - Signals: 0
2025-07-16 16:07:08 - TradingSystem - INFO - [Thread-4] [11] Analyzing PUMPFUN/USDT:USDT with MTF...
2025-07-16 16:07:08 - TradingSystem - INFO - 📈 Progress: 5/189 (2.6%) - Signals: 0
2025-07-16 16:07:08 - TradingSystem - INFO - 📊 Analyzing PUMPFUN/USDT:USDT (MTF: 1h, 4h)...
2025-07-16 16:07:08 - TradingSystem - INFO - [Thread-5] [12] Analyzing WIF/USDT:USDT with MTF...
2025-07-16 16:07:08 - TradingSystem - INFO - 📊 Analyzing WIF/USDT:USDT (MTF: 1h, 4h)...
2025-07-16 16:07:08 - TradingSystem - INFO - 📈 Progress: 6/189 (3.2%) - Signals: 0
2025-07-16 16:07:11 - root - INFO - ✅ All technical indicators calculated successfully
2025-07-16 16:07:11 - root - INFO - ✅ All technical indicators calculated successfully
2025-07-16 16:07:11 - root - INFO - ✅ All technical indicators calculated successfully
2025-07-16 16:07:11 - root - INFO - ✅ All technical indicators calculated successfully
2025-07-16 16:07:11 - root - INFO - ✅ All technical indicators calculated successfully
2025-07-16 16:07:11 - root - INFO - ✅ All technical indicators calculated successfully
2025-07-16 16:07:12 - TradingSystem - INFO - [Thread-0] [13] Analyzing ADA/USDT:USDT with MTF...
2025-07-16 16:07:12 - TradingSystem - INFO - 📈 Progress: 7/189 (3.7%) - Signals: 0
2025-07-16 16:07:12 - TradingSystem - INFO - 📊 Analyzing ADA/USDT:USDT (MTF: 1h, 4h)...
2025-07-16 16:07:13 - TradingSystem - INFO - 📈 Progress: 8/189 (4.2%) - Signals: 0
2025-07-16 16:07:13 - TradingSystem - INFO - [Thread-1] [14] Analyzing SEI/USDT:USDT with MTF...
2025-07-16 16:07:13 - TradingSystem - INFO - 📊 Analyzing SEI/USDT:USDT (MTF: 1h, 4h)...
2025-07-16 16:07:13 - TradingSystem - INFO - [Thread-2] [15] Analyzing XLM/USDT:USDT with MTF...
2025-07-16 16:07:13 - TradingSystem - INFO - 📈 Progress: 9/189 (4.8%) - Signals: 0
2025-07-16 16:07:13 - TradingSystem - INFO - 📊 Analyzing XLM/USDT:USDT (MTF: 1h, 4h)...
2025-07-16 16:07:13 - TradingSystem - INFO - [Thread-3] [16] Analyzing TRUMP/USDT:USDT with MTF...
2025-07-16 16:07:13 - TradingSystem - INFO - 📊 Analyzing TRUMP/USDT:USDT (MTF: 1h, 4h)...
2025-07-16 16:07:13 - TradingSystem - INFO - 📈 Progress: 10/189 (5.3%) - Signals: 0
2025-07-16 16:07:13 - TradingSystem - INFO - [Thread-4] [17] Analyzing HYPE/USDT:USDT with MTF...
2025-07-16 16:07:13 - TradingSystem - INFO - 📊 Analyzing HYPE/USDT:USDT (MTF: 1h, 4h)...
2025-07-16 16:07:13 - TradingSystem - INFO - 📈 Progress: 11/189 (5.8%) - Signals: 0
2025-07-16 16:07:14 - TradingSystem - INFO - [Thread-5] [18] Analyzing AAVE/USDT:USDT with MTF...
2025-07-16 16:07:14 - TradingSystem - INFO - 📊 Analyzing AAVE/USDT:USDT (MTF: 1h, 4h)...
2025-07-16 16:07:14 - TradingSystem - INFO - 📈 Progress: 12/189 (6.3%) - Signals: 0
2025-07-16 16:07:16 - root - INFO - ✅ All technical indicators calculated successfully
2025-07-16 16:07:16 - root - INFO - ✅ All technical indicators calculated successfully
2025-07-16 16:07:16 - root - INFO - ✅ All technical indicators calculated successfully
2025-07-16 16:07:16 - root - INFO - ✅ All technical indicators calculated successfully
2025-07-16 16:07:16 - root - INFO - ✅ All technical indicators calculated successfully
2025-07-16 16:07:17 - root - INFO - ✅ All technical indicators calculated successfully
2025-07-16 16:07:18 - TradingSystem - INFO - [Thread-0] [19] Analyzing ENA/USDT:USDT with MTF...
2025-07-16 16:07:18 - TradingSystem - INFO - 📈 Progress: 13/189 (6.9%) - Signals: 0
2025-07-16 16:07:18 - TradingSystem - INFO - 📊 Analyzing ENA/USDT:USDT (MTF: 1h, 4h)...
2025-07-16 16:07:19 - TradingSystem - INFO - [Thread-1] [20] Analyzing LINK/USDT:USDT with MTF...
2025-07-16 16:07:19 - TradingSystem - INFO - 📊 Analyzing LINK/USDT:USDT (MTF: 1h, 4h)...
2025-07-16 16:07:19 - TradingSystem - INFO - 📈 Progress: 14/189 (7.4%) - Signals: 0
2025-07-16 16:07:19 - TradingSystem - INFO - [Thread-2] [21] Analyzing ARB/USDT:USDT with MTF...
2025-07-16 16:07:19 - TradingSystem - INFO - 📈 Progress: 15/189 (7.9%) - Signals: 0
2025-07-16 16:07:19 - TradingSystem - INFO - 📊 Analyzing ARB/USDT:USDT (MTF: 1h, 4h)...
2025-07-16 16:07:19 - TradingSystem - INFO - [Thread-3] [22] Analyzing CRV/USDT:USDT with MTF...
2025-07-16 16:07:19 - TradingSystem - INFO - 📈 Progress: 16/189 (8.5%) - Signals: 0
2025-07-16 16:07:19 - TradingSystem - INFO - 📊 Analyzing CRV/USDT:USDT (MTF: 1h, 4h)...
2025-07-16 16:07:19 - TradingSystem - INFO - [Thread-4] [23] Analyzing HBAR/USDT:USDT with MTF...
2025-07-16 16:07:19 - TradingSystem - INFO - 📊 Analyzing HBAR/USDT:USDT (MTF: 1h, 4h)...
2025-07-16 16:07:19 - TradingSystem - INFO - 📈 Progress: 17/189 (9.0%) - Signals: 0
2025-07-16 16:07:19 - TradingSystem - INFO - [Thread-5] [24] Analyzing SPX/USDT:USDT with MTF...
2025-07-16 16:07:19 - TradingSystem - INFO - 📊 Analyzing SPX/USDT:USDT (MTF: 1h, 4h)...
2025-07-16 16:07:19 - TradingSystem - INFO - 📈 Progress: 18/189 (9.5%) - Signals: 0
2025-07-16 16:07:20 - root - INFO - ✅ All technical indicators calculated successfully
2025-07-16 16:07:21 - root - INFO - ✅ All technical indicators calculated successfully
2025-07-16 16:07:21 - root - INFO - ✅ All technical indicators calculated successfully
2025-07-16 16:07:21 - root - INFO - ✅ All technical indicators calculated successfully
2025-07-16 16:07:21 - root - INFO - ✅ All technical indicators calculated successfully
2025-07-16 16:07:21 - root - INFO - ✅ All technical indicators calculated successfully
2025-07-16 16:07:23 - TradingSystem - INFO - [Thread-0] [25] Analyzing THE/USDT:USDT with MTF...
2025-07-16 16:07:23 - TradingSystem - INFO - 📊 Analyzing THE/USDT:USDT (MTF: 1h, 4h)...
2025-07-16 16:07:23 - TradingSystem - INFO - 📈 Progress: 19/189 (10.1%) - Signals: 0
2025-07-16 16:07:23 - TradingSystem - INFO - [Thread-1] [26] Analyzing LTC/USDT:USDT with MTF...
2025-07-16 16:07:23 - TradingSystem - INFO - 📊 Analyzing LTC/USDT:USDT (MTF: 1h, 4h)...
2025-07-16 16:07:23 - TradingSystem - INFO - 📈 Progress: 20/189 (10.6%) - Signals: 0
2025-07-16 16:07:24 - TradingSystem - INFO - [Thread-2] [27] Analyzing POPCAT/USDT:USDT with MTF...
2025-07-16 16:07:24 - TradingSystem - INFO - 📈 Progress: 21/189 (11.1%) - Signals: 0
2025-07-16 16:07:24 - TradingSystem - INFO - 📊 Analyzing POPCAT/USDT:USDT (MTF: 1h, 4h)...
2025-07-16 16:07:24 - TradingSystem - INFO - [Thread-3] [28] Analyzing AVAX/USDT:USDT with MTF...
2025-07-16 16:07:24 - TradingSystem - INFO - 📈 Progress: 22/189 (11.6%) - Signals: 0
2025-07-16 16:07:24 - TradingSystem - INFO - 📊 Analyzing AVAX/USDT:USDT (MTF: 1h, 4h)...
2025-07-16 16:07:24 - TradingSystem - INFO - [Thread-4] [29] Analyzing ONDO/USDT:USDT with MTF...
2025-07-16 16:07:24 - TradingSystem - INFO - 📊 Analyzing ONDO/USDT:USDT (MTF: 1h, 4h)...
2025-07-16 16:07:24 - TradingSystem - INFO - 📈 Progress: 23/189 (12.2%) - Signals: 0
2025-07-16 16:07:24 - TradingSystem - INFO - [Thread-5] [30] Analyzing OP/USDT:USDT with MTF...
2025-07-16 16:07:24 - TradingSystem - INFO - 📊 Analyzing OP/USDT:USDT (MTF: 1h, 4h)...
2025-07-16 16:07:24 - TradingSystem - INFO - 📈 Progress: 24/189 (12.7%) - Signals: 0
2025-07-16 16:07:26 - root - INFO - ✅ All technical indicators calculated successfully
2025-07-16 16:07:26 - root - INFO - ✅ All technical indicators calculated successfully
2025-07-16 16:07:26 - root - INFO - ✅ All technical indicators calculated successfully
2025-07-16 16:07:26 - root - INFO - ✅ All technical indicators calculated successfully
2025-07-16 16:07:26 - root - INFO - ✅ All technical indicators calculated successfully
2025-07-16 16:07:26 - root - INFO - ✅ All technical indicators calculated successfully
2025-07-16 16:07:28 - TradingSystem - INFO - [Thread-0] [31] Analyzing ENS/USDT:USDT with MTF...
2025-07-16 16:07:28 - TradingSystem - INFO - 📈 Progress: 25/189 (13.2%) - Signals: 0
2025-07-16 16:07:28 - TradingSystem - INFO - 📊 Analyzing ENS/USDT:USDT (MTF: 1h, 4h)...
2025-07-16 16:07:29 - TradingSystem - INFO - [Thread-1] [32] Analyzing VIRTUAL/USDT:USDT with MTF...
2025-07-16 16:07:29 - TradingSystem - INFO - 📈 Progress: 26/189 (13.8%) - Signals: 0
2025-07-16 16:07:29 - TradingSystem - INFO - 📊 Analyzing VIRTUAL/USDT:USDT (MTF: 1h, 4h)...
2025-07-16 16:07:29 - TradingSystem - INFO - [Thread-2] [33] Analyzing NEAR/USDT:USDT with MTF...
2025-07-16 16:07:29 - TradingSystem - INFO - 📈 Progress: 27/189 (14.3%) - Signals: 0
2025-07-16 16:07:29 - TradingSystem - INFO - 📊 Analyzing NEAR/USDT:USDT (MTF: 1h, 4h)...
2025-07-16 16:07:29 - TradingSystem - INFO - [Thread-3] [34] Analyzing UNI/USDT:USDT with MTF...
2025-07-16 16:07:29 - TradingSystem - INFO - 📊 Analyzing UNI/USDT:USDT (MTF: 1h, 4h)...
2025-07-16 16:07:29 - TradingSystem - INFO - [Thread-4] [35] Analyzing REZ/USDT:USDT with MTF...
2025-07-16 16:07:29 - TradingSystem - INFO - 📈 Progress: 28/189 (14.8%) - Signals: 0
2025-07-16 16:07:29 - TradingSystem - INFO - 📊 Analyzing REZ/USDT:USDT (MTF: 1h, 4h)...
2025-07-16 16:07:29 - TradingSystem - INFO - [Thread-5] [36] Analyzing MELANIA/USDT:USDT with MTF...
2025-07-16 16:07:29 - TradingSystem - INFO - 📈 Progress: 29/189 (15.3%) - Signals: 0
2025-07-16 16:07:29 - TradingSystem - INFO - 📊 Analyzing MELANIA/USDT:USDT (MTF: 1h, 4h)...
2025-07-16 16:07:29 - TradingSystem - INFO - 📈 Progress: 30/189 (15.9%) - Signals: 0
2025-07-16 16:07:31 - root - INFO - ✅ All technical indicators calculated successfully
2025-07-16 16:07:31 - root - INFO - ✅ All technical indicators calculated successfully
2025-07-16 16:07:31 - root - INFO - ✅ All technical indicators calculated successfully
2025-07-16 16:07:31 - root - INFO - ✅ All technical indicators calculated successfully
2025-07-16 16:07:31 - root - INFO - ✅ All technical indicators calculated successfully
2025-07-16 16:07:31 - root - INFO - ✅ All technical indicators calculated successfully
2025-07-16 16:07:34 - TradingSystem - INFO - [Thread-0] [37] Analyzing MOODENG/USDT:USDT with MTF...
2025-07-16 16:07:34 - TradingSystem - INFO - 📊 Analyzing MOODENG/USDT:USDT (MTF: 1h, 4h)...
2025-07-16 16:07:34 - TradingSystem - INFO - 📈 Progress: 31/189 (16.4%) - Signals: 0
2025-07-16 16:07:34 - TradingSystem - INFO - [Thread-1] [38] Analyzing WLD/USDT:USDT with MTF...
2025-07-16 16:07:34 - TradingSystem - INFO - 📊 Analyzing WLD/USDT:USDT (MTF: 1h, 4h)...
2025-07-16 16:07:34 - TradingSystem - INFO - 📈 Progress: 32/189 (16.9%) - Signals: 0
2025-07-16 16:07:34 - TradingSystem - INFO - [Thread-2] [39] Analyzing DOT/USDT:USDT with MTF...
2025-07-16 16:07:35 - TradingSystem - INFO - 📊 Analyzing DOT/USDT:USDT (MTF: 1h, 4h)...
2025-07-16 16:07:35 - TradingSystem - INFO - 📈 Progress: 33/189 (17.5%) - Signals: 0
2025-07-16 16:07:35 - TradingSystem - INFO - [Thread-3] [40] Analyzing TIA/USDT:USDT with MTF...
2025-07-16 16:07:35 - TradingSystem - INFO - 📊 Analyzing TIA/USDT:USDT (MTF: 1h, 4h)...
2025-07-16 16:07:35 - TradingSystem - INFO - 📈 Progress: 34/189 (18.0%) - Signals: 0
2025-07-16 16:07:35 - TradingSystem - INFO - [Thread-4] [41] Analyzing GALA/USDT:USDT with MTF...
2025-07-16 16:07:35 - TradingSystem - INFO - 📊 Analyzing GALA/USDT:USDT (MTF: 1h, 4h)...
2025-07-16 16:07:35 - TradingSystem - INFO - 📈 Progress: 35/189 (18.5%) - Signals: 0
2025-07-16 16:07:35 - TradingSystem - INFO - [Thread-5] [42] Analyzing BERA/USDT:USDT with MTF...
2025-07-16 16:07:35 - TradingSystem - INFO - 📊 Analyzing BERA/USDT:USDT (MTF: 1h, 4h)...
2025-07-16 16:07:35 - TradingSystem - INFO - 📈 Progress: 36/189 (19.0%) - Signals: 0
2025-07-16 16:07:36 - root - INFO - ✅ All technical indicators calculated successfully
2025-07-16 16:07:36 - root - INFO - ✅ All technical indicators calculated successfully
2025-07-16 16:07:36 - root - INFO - ✅ All technical indicators calculated successfully
2025-07-16 16:07:36 - root - INFO - ✅ All technical indicators calculated successfully
2025-07-16 16:07:36 - root - INFO - ✅ All technical indicators calculated successfully
2025-07-16 16:07:37 - root - INFO - ✅ All technical indicators calculated successfully
2025-07-16 16:07:38 - TradingSystem - INFO - [Thread-0] [43] Analyzing AI16Z/USDT:USDT with MTF...
2025-07-16 16:07:38 - TradingSystem - INFO - 📊 Analyzing AI16Z/USDT:USDT (MTF: 1h, 4h)...
2025-07-16 16:07:38 - TradingSystem - INFO - 📈 Progress: 37/189 (19.6%) - Signals: 0
2025-07-16 16:07:39 - TradingSystem - INFO - [Thread-1] [44] Analyzing INJ/USDT:USDT with MTF...
2025-07-16 16:07:39 - TradingSystem - INFO - 📈 Progress: 38/189 (20.1%) - Signals: 0
2025-07-16 16:07:39 - TradingSystem - INFO - 📊 Analyzing INJ/USDT:USDT (MTF: 1h, 4h)...
2025-07-16 16:07:39 - TradingSystem - INFO - [Thread-2] [45] Analyzing M/USDT:USDT with MTF...
2025-07-16 16:07:39 - TradingSystem - INFO - 📈 Progress: 39/189 (20.6%) - Signals: 0
2025-07-16 16:07:39 - TradingSystem - INFO - 📊 Analyzing M/USDT:USDT (MTF: 1h, 4h)...
2025-07-16 16:07:39 - TradingSystem - INFO - [Thread-3] [46] Analyzing ETHFI/USDT:USDT with MTF...
2025-07-16 16:07:39 - TradingSystem - INFO - 📈 Progress: 40/189 (21.2%) - Signals: 0
2025-07-16 16:07:39 - TradingSystem - INFO - 📊 Analyzing ETHFI/USDT:USDT (MTF: 1h, 4h)...
2025-07-16 16:07:39 - TradingSystem - INFO - [Thread-4] [47] Analyzing TAO/USDT:USDT with MTF...
2025-07-16 16:07:39 - TradingSystem - INFO - 📈 Progress: 41/189 (21.7%) - Signals: 0
2025-07-16 16:07:39 - TradingSystem - INFO - 📈 Progress: 42/189 (22.2%) - Signals: 0
2025-07-16 16:07:39 - TradingSystem - INFO - 📊 Analyzing TAO/USDT:USDT (MTF: 1h, 4h)...
2025-07-16 16:07:39 - TradingSystem - INFO - [Thread-5] [48] Analyzing BNB/USDT:USDT with MTF...
2025-07-16 16:07:39 - TradingSystem - INFO - 📊 Analyzing BNB/USDT:USDT (MTF: 1h, 4h)...
2025-07-16 16:07:41 - root - INFO - ✅ All technical indicators calculated successfully
2025-07-16 16:07:41 - root - INFO - ✅ All technical indicators calculated successfully
2025-07-16 16:07:41 - root - INFO - ✅ All technical indicators calculated successfully
2025-07-16 16:07:41 - root - INFO - ✅ All technical indicators calculated successfully
2025-07-16 16:07:42 - root - INFO - ✅ All technical indicators calculated successfully
2025-07-16 16:07:42 - root - INFO - ✅ All technical indicators calculated successfully
2025-07-16 16:07:43 - TradingSystem - INFO - [Thread-0] [49] Analyzing HYPER/USDT:USDT with MTF...
2025-07-16 16:07:43 - TradingSystem - INFO - 📊 Analyzing HYPER/USDT:USDT (MTF: 1h, 4h)...
2025-07-16 16:07:43 - TradingSystem - INFO - 📈 Progress: 43/189 (22.8%) - Signals: 0
2025-07-16 16:07:43 - TradingSystem - INFO - [Thread-1] [50] Analyzing COW/USDT:USDT with MTF...
2025-07-16 16:07:43 - TradingSystem - INFO - 📈 Progress: 44/189 (23.3%) - Signals: 0
2025-07-16 16:07:43 - TradingSystem - INFO - 📊 Analyzing COW/USDT:USDT (MTF: 1h, 4h)...
2025-07-16 16:07:43 - TradingSystem - INFO - [Thread-2] [51] Analyzing CROSS/USDT:USDT with MTF...
2025-07-16 16:07:43 - TradingSystem - INFO - 📈 Progress: 45/189 (23.8%) - Signals: 0
2025-07-16 16:07:43 - TradingSystem - INFO - 📊 Analyzing CROSS/USDT:USDT (MTF: 1h, 4h)...
2025-07-16 16:07:43 - TradingSystem - INFO - [Thread-3] [52] Analyzing 1000FLOKI/USDT:USDT with MTF...
2025-07-16 16:07:43 - TradingSystem - INFO - 📊 Analyzing 1000FLOKI/USDT:USDT (MTF: 1h, 4h)...
2025-07-16 16:07:43 - TradingSystem - INFO - 📈 Progress: 46/189 (24.3%) - Signals: 0
2025-07-16 16:07:44 - TradingSystem - INFO - [Thread-4] [53] Analyzing SHIB1000/USDT:USDT with MTF...
2025-07-16 16:07:44 - TradingSystem - INFO - 📈 Progress: 47/189 (24.9%) - Signals: 0
2025-07-16 16:07:44 - TradingSystem - INFO - 📊 Analyzing SHIB1000/USDT:USDT (MTF: 1h, 4h)...
2025-07-16 16:07:44 - TradingSystem - INFO - [Thread-5] [54] Analyzing APT/USDT:USDT with MTF...
2025-07-16 16:07:44 - TradingSystem - INFO - 📈 Progress: 48/189 (25.4%) - Signals: 0
2025-07-16 16:07:44 - TradingSystem - INFO - 📊 Analyzing APT/USDT:USDT (MTF: 1h, 4h)...
2025-07-16 16:07:46 - root - INFO - ✅ All technical indicators calculated successfully
2025-07-16 16:07:46 - root - INFO - ✅ All technical indicators calculated successfully
2025-07-16 16:07:46 - root - INFO - ✅ All technical indicators calculated successfully
2025-07-16 16:07:46 - root - INFO - ✅ All technical indicators calculated successfully
2025-07-16 16:07:46 - root - INFO - ✅ All technical indicators calculated successfully
2025-07-16 16:07:47 - root - INFO - ✅ All technical indicators calculated successfully
2025-07-16 16:07:48 - TradingSystem - INFO - [Thread-0] [55] Analyzing ALGO/USDT:USDT with MTF...
2025-07-16 16:07:48 - TradingSystem - INFO - 📊 Analyzing ALGO/USDT:USDT (MTF: 1h, 4h)...
2025-07-16 16:07:48 - TradingSystem - INFO - 📈 Progress: 49/189 (25.9%) - Signals: 0
2025-07-16 16:07:48 - TradingSystem - INFO - [Thread-1] [56] Analyzing TON/USDT:USDT with MTF...
2025-07-16 16:07:48 - TradingSystem - INFO - 📊 Analyzing TON/USDT:USDT (MTF: 1h, 4h)...
2025-07-16 16:07:48 - TradingSystem - INFO - 📈 Progress: 50/189 (26.5%) - Signals: 0
2025-07-16 16:07:48 - TradingSystem - INFO - [Thread-2] [57] Analyzing PNUT/USDT:USDT with MTF...
2025-07-16 16:07:48 - TradingSystem - INFO - 📊 Analyzing PNUT/USDT:USDT (MTF: 1h, 4h)...
2025-07-16 16:07:48 - TradingSystem - INFO - 📈 Progress: 51/189 (27.0%) - Signals: 0
2025-07-16 16:07:48 - TradingSystem - INFO - [Thread-3] [58] Analyzing LDO/USDT:USDT with MTF...
2025-07-16 16:07:48 - TradingSystem - INFO - 📊 Analyzing LDO/USDT:USDT (MTF: 1h, 4h)...
2025-07-16 16:07:49 - TradingSystem - INFO - 📈 Progress: 52/189 (27.5%) - Signals: 0
2025-07-16 16:07:49 - TradingSystem - INFO - [Thread-4] [59] Analyzing 1000TURBO/USDT:USDT with MTF...
2025-07-16 16:07:49 - TradingSystem - INFO - 📈 Progress: 53/189 (28.0%) - Signals: 0
2025-07-16 16:07:49 - TradingSystem - INFO - 📊 Analyzing 1000TURBO/USDT:USDT (MTF: 1h, 4h)...
2025-07-16 16:07:49 - TradingSystem - INFO - [Thread-5] [60] Analyzing TAC/USDT:USDT with MTF...
2025-07-16 16:07:49 - TradingSystem - INFO - 📊 Analyzing TAC/USDT:USDT (MTF: 1h, 4h)...
2025-07-16 16:07:49 - TradingSystem - INFO - 📈 Progress: 54/189 (28.6%) - Signals: 0
2025-07-16 16:07:50 - root - INFO - ✅ All technical indicators calculated successfully
2025-07-16 16:07:50 - TradingSystem - INFO - [Thread-0] [61] Analyzing BRETT/USDT:USDT with MTF...
2025-07-16 16:07:50 - TradingSystem - INFO - 📊 Analyzing BRETT/USDT:USDT (MTF: 1h, 4h)...
2025-07-16 16:07:50 - TradingSystem - INFO - 📈 Progress: 55/189 (29.1%) - Signals: 0
2025-07-16 16:07:51 - root - INFO - ✅ All technical indicators calculated successfully
2025-07-16 16:07:51 - root - INFO - ✅ All technical indicators calculated successfully
2025-07-16 16:07:51 - root - INFO - ✅ All technical indicators calculated successfully
2025-07-16 16:07:51 - root - INFO - ✅ All technical indicators calculated successfully
2025-07-16 16:07:51 - root - INFO - ✅ All technical indicators calculated successfully
2025-07-16 16:07:53 - TradingSystem - INFO - [Thread-1] [62] Analyzing ETC/USDT:USDT with MTF...
2025-07-16 16:07:53 - TradingSystem - INFO - 📈 Progress: 56/189 (29.6%) - Signals: 0
2025-07-16 16:07:53 - TradingSystem - INFO - 📊 Analyzing ETC/USDT:USDT (MTF: 1h, 4h)...
2025-07-16 16:07:53 - TradingSystem - INFO - [Thread-2] [63] Analyzing BCH/USDT:USDT with MTF...
2025-07-16 16:07:53 - TradingSystem - INFO - 📈 Progress: 57/189 (30.2%) - Signals: 0
2025-07-16 16:07:53 - TradingSystem - INFO - 📊 Analyzing BCH/USDT:USDT (MTF: 1h, 4h)...
2025-07-16 16:07:53 - TradingSystem - INFO - [Thread-3] [64] Analyzing 1INCH/USDT:USDT with MTF...
2025-07-16 16:07:53 - TradingSystem - INFO - 📈 Progress: 58/189 (30.7%) - Signals: 0
2025-07-16 16:07:53 - TradingSystem - INFO - 📊 Analyzing 1INCH/USDT:USDT (MTF: 1h, 4h)...
2025-07-16 16:07:53 - TradingSystem - INFO - [Thread-4] [65] Analyzing LAUNCHCOIN/USDT:USDT with MTF...
2025-07-16 16:07:53 - TradingSystem - INFO - 📈 Progress: 59/189 (31.2%) - Signals: 0
2025-07-16 16:07:53 - TradingSystem - INFO - 📊 Analyzing LAUNCHCOIN/USDT:USDT (MTF: 1h, 4h)...
2025-07-16 16:07:53 - TradingSystem - INFO - [Thread-5] [66] Analyzing SERAPH/USDT:USDT with MTF...
2025-07-16 16:07:53 - TradingSystem - INFO - 📈 Progress: 60/189 (31.7%) - Signals: 0
2025-07-16 16:07:53 - TradingSystem - INFO - 📊 Analyzing SERAPH/USDT:USDT (MTF: 1h, 4h)...
2025-07-16 16:07:56 - root - INFO - ✅ All technical indicators calculated successfully
2025-07-16 16:07:56 - root - INFO - ✅ All technical indicators calculated successfully
2025-07-16 16:07:56 - root - INFO - ✅ All technical indicators calculated successfully
2025-07-16 16:07:56 - root - INFO - ✅ All technical indicators calculated successfully
2025-07-16 16:07:57 - root - INFO - ✅ All technical indicators calculated successfully
2025-07-16 16:07:57 - root - INFO - ✅ All technical indicators calculated successfully
2025-07-16 16:07:59 - TradingSystem - INFO - [Thread-0] [67] Analyzing 1000000MOG/USDT:USDT with MTF...
2025-07-16 16:07:59 - TradingSystem - INFO - 📈 Progress: 61/189 (32.3%) - Signals: 0
2025-07-16 16:07:59 - TradingSystem - INFO - 📊 Analyzing 1000000MOG/USDT:USDT (MTF: 1h, 4h)...
2025-07-16 16:08:00 - TradingSystem - INFO - [Thread-1] [68] Analyzing H/USDT:USDT with MTF...
2025-07-16 16:08:00 - TradingSystem - INFO - 📈 Progress: 62/189 (32.8%) - Signals: 0
2025-07-16 16:08:00 - TradingSystem - INFO - 📊 Analyzing H/USDT:USDT (MTF: 1h, 4h)...
2025-07-16 16:08:00 - TradingSystem - INFO - [Thread-2] [69] Analyzing ORDI/USDT:USDT with MTF...
2025-07-16 16:08:00 - TradingSystem - INFO - 📈 Progress: 63/189 (33.3%) - Signals: 0
2025-07-16 16:08:00 - TradingSystem - INFO - 📊 Analyzing ORDI/USDT:USDT (MTF: 1h, 4h)...
2025-07-16 16:08:00 - TradingSystem - INFO - 📈 Progress: 64/189 (33.9%) - Signals: 0
2025-07-16 16:08:00 - TradingSystem - INFO - [Thread-3] [70] Analyzing CUDIS/USDT:USDT with MTF...
2025-07-16 16:08:00 - TradingSystem - INFO - 📊 Analyzing CUDIS/USDT:USDT (MTF: 1h, 4h)...
2025-07-16 16:08:00 - TradingSystem - INFO - [Thread-4] [71] Analyzing EIGEN/USDT:USDT with MTF...
2025-07-16 16:08:00 - TradingSystem - INFO - 📈 Progress: 65/189 (34.4%) - Signals: 0
2025-07-16 16:08:00 - TradingSystem - INFO - 📊 Analyzing EIGEN/USDT:USDT (MTF: 1h, 4h)...
2025-07-16 16:08:00 - TradingSystem - INFO - [Thread-5] [72] Analyzing MOVE/USDT:USDT with MTF...
2025-07-16 16:08:00 - TradingSystem - INFO - 📈 Progress: 66/189 (34.9%) - Signals: 0
2025-07-16 16:08:00 - TradingSystem - INFO - 📊 Analyzing MOVE/USDT:USDT (MTF: 1h, 4h)...
2025-07-16 16:08:01 - root - INFO - ✅ All technical indicators calculated successfully
2025-07-16 16:08:01 - TradingSystem - INFO - [Thread-0] [73] Analyzing JUP/USDT:USDT with MTF...
2025-07-16 16:08:01 - TradingSystem - INFO - 📈 Progress: 67/189 (35.4%) - Signals: 0
2025-07-16 16:08:01 - TradingSystem - INFO - 📊 Analyzing JUP/USDT:USDT (MTF: 1h, 4h)...
2025-07-16 16:08:01 - root - INFO - ✅ All technical indicators calculated successfully
2025-07-16 16:08:01 - TradingSystem - INFO - [Thread-1] [74] Analyzing TRX/USDT:USDT with MTF...
2025-07-16 16:08:01 - TradingSystem - INFO - 📈 Progress: 68/189 (36.0%) - Signals: 0
2025-07-16 16:08:01 - TradingSystem - INFO - 📊 Analyzing TRX/USDT:USDT (MTF: 1h, 4h)...
2025-07-16 16:08:06 - root - INFO - ✅ All technical indicators calculated successfully
2025-07-16 16:08:06 - root - INFO - ✅ All technical indicators calculated successfully
2025-07-16 16:08:06 - root - INFO - ✅ All technical indicators calculated successfully
2025-07-16 16:08:06 - root - INFO - ✅ All technical indicators calculated successfully
2025-07-16 16:08:06 - root - INFO - ✅ All technical indicators calculated successfully
2025-07-16 16:08:06 - root - INFO - ✅ All technical indicators calculated successfully
2025-07-16 16:08:08 - TradingSystem - INFO - [Thread-2] [75] Analyzing USELESS/USDT:USDT with MTF...
2025-07-16 16:08:08 - TradingSystem - INFO - 📈 Progress: 69/189 (36.5%) - Signals: 0
2025-07-16 16:08:08 - TradingSystem - INFO - 📊 Analyzing USELESS/USDT:USDT (MTF: 1h, 4h)...
2025-07-16 16:08:09 - TradingSystem - INFO - [Thread-3] [76] Analyzing CATI/USDT:USDT with MTF...
2025-07-16 16:08:09 - TradingSystem - INFO - 📈 Progress: 70/189 (37.0%) - Signals: 0
2025-07-16 16:08:09 - TradingSystem - INFO - 📊 Analyzing CATI/USDT:USDT (MTF: 1h, 4h)...
2025-07-16 16:08:09 - TradingSystem - INFO - [Thread-4] [77] Analyzing ES/USDT:USDT with MTF...
2025-07-16 16:08:09 - TradingSystem - INFO - 📈 Progress: 71/189 (37.6%) - Signals: 0
2025-07-16 16:08:09 - TradingSystem - INFO - 📊 Analyzing ES/USDT:USDT (MTF: 1h, 4h)...
2025-07-16 16:08:09 - TradingSystem - INFO - [Thread-5] [78] Analyzing RENDER/USDT:USDT with MTF...
2025-07-16 16:08:09 - TradingSystem - INFO - 📊 Analyzing RENDER/USDT:USDT (MTF: 1h, 4h)...
2025-07-16 16:08:09 - TradingSystem - INFO - 📈 Progress: 72/189 (38.1%) - Signals: 0
2025-07-16 16:08:09 - TradingSystem - INFO - [Thread-0] [79] Analyzing C/USDT:USDT with MTF...
2025-07-16 16:08:09 - TradingSystem - INFO - 📈 Progress: 73/189 (38.6%) - Signals: 0
2025-07-16 16:08:09 - TradingSystem - INFO - 📊 Analyzing C/USDT:USDT (MTF: 1h, 4h)...
2025-07-16 16:08:10 - TradingSystem - INFO - [Thread-1] [80] Analyzing AEVO/USDT:USDT with MTF...
2025-07-16 16:08:10 - TradingSystem - INFO - 📈 Progress: 74/189 (39.2%) - Signals: 0
2025-07-16 16:08:10 - TradingSystem - INFO - 📊 Analyzing AEVO/USDT:USDT (MTF: 1h, 4h)...
2025-07-16 16:08:10 - TradingSystem - WARNING - Insufficient data for ES/USDT:USDT
2025-07-16 16:08:10 - TradingSystem - INFO - [Thread-2] [81] Analyzing POL/USDT:USDT with MTF...
2025-07-16 16:08:10 - TradingSystem - INFO - 📈 Progress: 75/189 (39.7%) - Signals: 0
2025-07-16 16:08:10 - TradingSystem - INFO - 📊 Analyzing POL/USDT:USDT (MTF: 1h, 4h)...
2025-07-16 16:08:10 - root - INFO - ✅ All technical indicators calculated successfully
2025-07-16 16:08:11 - TradingSystem - INFO - [Thread-3] [82] Analyzing 1000NEIROCTO/USDT:USDT with MTF...
2025-07-16 16:08:11 - TradingSystem - INFO - 📈 Progress: 76/189 (40.2%) - Signals: 0
2025-07-16 16:08:11 - TradingSystem - INFO - 📊 Analyzing 1000NEIROCTO/USDT:USDT (MTF: 1h, 4h)...
2025-07-16 16:08:11 - root - INFO - ✅ All technical indicators calculated successfully
2025-07-16 16:08:11 - root - INFO - ✅ All technical indicators calculated successfully
2025-07-16 16:08:11 - root - INFO - ✅ All technical indicators calculated successfully
2025-07-16 16:08:11 - root - INFO - ✅ All technical indicators calculated successfully
2025-07-16 16:08:12 - TradingSystem - INFO - [Thread-4] [83] Analyzing ICP/USDT:USDT with MTF...
2025-07-16 16:08:12 - TradingSystem - INFO - 📈 Progress: 77/189 (40.7%) - Signals: 0
2025-07-16 16:08:12 - TradingSystem - INFO - 📊 Analyzing ICP/USDT:USDT (MTF: 1h, 4h)...
2025-07-16 16:08:12 - TradingSystem - INFO - [Thread-5] [84] Analyzing ANIME/USDT:USDT with MTF...
2025-07-16 16:08:12 - TradingSystem - INFO - 📈 Progress: 78/189 (41.3%) - Signals: 0
2025-07-16 16:08:12 - TradingSystem - INFO - 📊 Analyzing ANIME/USDT:USDT (MTF: 1h, 4h)...
2025-07-16 16:08:12 - TradingSystem - INFO - [Thread-0] [85] Analyzing PEOPLE/USDT:USDT with MTF...
2025-07-16 16:08:12 - TradingSystem - INFO - 📊 Analyzing PEOPLE/USDT:USDT (MTF: 1h, 4h)...
2025-07-16 16:08:12 - TradingSystem - INFO - 📈 Progress: 79/189 (41.8%) - Signals: 0
2025-07-16 16:08:12 - TradingSystem - INFO - [Thread-1] [86] Analyzing AVAAI/USDT:USDT with MTF...
2025-07-16 16:08:12 - TradingSystem - INFO - 📊 Analyzing AVAAI/USDT:USDT (MTF: 1h, 4h)...
2025-07-16 16:08:12 - TradingSystem - INFO - 📈 Progress: 80/189 (42.3%) - Signals: 0
2025-07-16 16:08:16 - root - INFO - ✅ All technical indicators calculated successfully
2025-07-16 16:08:16 - root - INFO - ✅ All technical indicators calculated successfully
2025-07-16 16:08:16 - root - INFO - ✅ All technical indicators calculated successfully
2025-07-16 16:08:16 - root - INFO - ✅ All technical indicators calculated successfully
2025-07-16 16:08:16 - root - INFO - ✅ All technical indicators calculated successfully
2025-07-16 16:08:17 - root - INFO - ✅ All technical indicators calculated successfully
2025-07-16 16:08:17 - TradingSystem - INFO - [Thread-2] [87] Analyzing DOOD/USDT:USDT with MTF...
2025-07-16 16:08:17 - TradingSystem - INFO - 📈 Progress: 81/189 (42.9%) - Signals: 0
2025-07-16 16:08:17 - TradingSystem - INFO - 📊 Analyzing DOOD/USDT:USDT (MTF: 1h, 4h)...
2025-07-16 16:08:18 - TradingSystem - INFO - [Thread-3] [88] Analyzing ATOM/USDT:USDT with MTF...
2025-07-16 16:08:18 - TradingSystem - INFO - 📊 Analyzing ATOM/USDT:USDT (MTF: 1h, 4h)...
2025-07-16 16:08:18 - TradingSystem - INFO - 📈 Progress: 82/189 (43.4%) - Signals: 0
2025-07-16 16:08:19 - TradingSystem - INFO - [Thread-4] [89] Analyzing STRK/USDT:USDT with MTF...
2025-07-16 16:08:19 - TradingSystem - INFO - 📈 Progress: 83/189 (43.9%) - Signals: 0
2025-07-16 16:08:19 - TradingSystem - INFO - 📊 Analyzing STRK/USDT:USDT (MTF: 1h, 4h)...
2025-07-16 16:08:19 - TradingSystem - INFO - [Thread-5] [90] Analyzing S/USDT:USDT with MTF...
2025-07-16 16:08:19 - TradingSystem - INFO - 📊 Analyzing S/USDT:USDT (MTF: 1h, 4h)...
2025-07-16 16:08:19 - TradingSystem - INFO - 📈 Progress: 84/189 (44.4%) - Signals: 0
2025-07-16 16:08:19 - TradingSystem - INFO - [Thread-0] [91] Analyzing BOME/USDT:USDT with MTF...
2025-07-16 16:08:19 - TradingSystem - INFO - 📊 Analyzing BOME/USDT:USDT (MTF: 1h, 4h)...
2025-07-16 16:08:19 - TradingSystem - INFO - 📈 Progress: 85/189 (45.0%) - Signals: 0
2025-07-16 16:08:19 - TradingSystem - INFO - [Thread-1] [92] Analyzing STX/USDT:USDT with MTF...
2025-07-16 16:08:19 - TradingSystem - INFO - 📊 Analyzing STX/USDT:USDT (MTF: 1h, 4h)...
2025-07-16 16:08:19 - TradingSystem - INFO - 📈 Progress: 86/189 (45.5%) - Signals: 0
2025-07-16 16:08:21 - root - INFO - ✅ All technical indicators calculated successfully
2025-07-16 16:08:21 - root - INFO - ✅ All technical indicators calculated successfully
2025-07-16 16:08:21 - root - INFO - ✅ All technical indicators calculated successfully
2025-07-16 16:08:21 - root - INFO - ✅ All technical indicators calculated successfully
2025-07-16 16:08:21 - root - INFO - ✅ All technical indicators calculated successfully
2025-07-16 16:08:21 - root - INFO - ✅ All technical indicators calculated successfully
2025-07-16 16:08:24 - TradingSystem - INFO - [Thread-2] [93] Analyzing KAS/USDT:USDT with MTF...
2025-07-16 16:08:24 - TradingSystem - INFO - 📈 Progress: 87/189 (46.0%) - Signals: 0
2025-07-16 16:08:24 - TradingSystem - INFO - 📊 Analyzing KAS/USDT:USDT (MTF: 1h, 4h)...
2025-07-16 16:08:24 - TradingSystem - INFO - [Thread-3] [94] Analyzing AIN/USDT:USDT with MTF...
2025-07-16 16:08:24 - TradingSystem - INFO - 📊 Analyzing AIN/USDT:USDT (MTF: 1h, 4h)...
2025-07-16 16:08:24 - TradingSystem - INFO - 📈 Progress: 88/189 (46.6%) - Signals: 0
2025-07-16 16:08:24 - TradingSystem - INFO - [Thread-4] [95] Analyzing HAEDAL/USDT:USDT with MTF...
2025-07-16 16:08:24 - TradingSystem - INFO - 📊 Analyzing HAEDAL/USDT:USDT (MTF: 1h, 4h)...
2025-07-16 16:08:24 - TradingSystem - INFO - 📈 Progress: 89/189 (47.1%) - Signals: 0
2025-07-16 16:08:24 - TradingSystem - INFO - [Thread-5] [96] Analyzing INIT/USDT:USDT with MTF...
2025-07-16 16:08:24 - TradingSystem - INFO - 📈 Progress: 90/189 (47.6%) - Signals: 0
2025-07-16 16:08:24 - TradingSystem - INFO - 📊 Analyzing INIT/USDT:USDT (MTF: 1h, 4h)...
2025-07-16 16:08:24 - TradingSystem - INFO - [Thread-0] [97] Analyzing BANANAS31/USDT:USDT with MTF...
2025-07-16 16:08:24 - TradingSystem - INFO - 📈 Progress: 91/189 (48.1%) - Signals: 0
2025-07-16 16:08:24 - TradingSystem - INFO - 📊 Analyzing BANANAS31/USDT:USDT (MTF: 1h, 4h)...
2025-07-16 16:08:24 - TradingSystem - INFO - [Thread-1] [98] Analyzing GOAT/USDT:USDT with MTF...
2025-07-16 16:08:24 - TradingSystem - INFO - 📊 Analyzing GOAT/USDT:USDT (MTF: 1h, 4h)...
2025-07-16 16:08:24 - TradingSystem - INFO - 📈 Progress: 92/189 (48.7%) - Signals: 0
2025-07-16 16:08:26 - root - INFO - ✅ All technical indicators calculated successfully
2025-07-16 16:08:26 - root - INFO - ✅ All technical indicators calculated successfully
2025-07-16 16:08:26 - root - INFO - ✅ All technical indicators calculated successfully
2025-07-16 16:08:26 - root - INFO - ✅ All technical indicators calculated successfully
2025-07-16 16:08:26 - root - INFO - ✅ All technical indicators calculated successfully
2025-07-16 16:08:26 - root - INFO - ✅ All technical indicators calculated successfully
2025-07-16 16:08:28 - TradingSystem - INFO - [Thread-2] [99] Analyzing FIL/USDT:USDT with MTF...
2025-07-16 16:08:28 - TradingSystem - INFO - 📈 Progress: 93/189 (49.2%) - Signals: 0
2025-07-16 16:08:28 - TradingSystem - INFO - 📊 Analyzing FIL/USDT:USDT (MTF: 1h, 4h)...
2025-07-16 16:08:29 - TradingSystem - INFO - [Thread-3] [100] Analyzing OMNI/USDT:USDT with MTF...
2025-07-16 16:08:29 - TradingSystem - INFO - 📊 Analyzing OMNI/USDT:USDT (MTF: 1h, 4h)...
2025-07-16 16:08:29 - TradingSystem - INFO - 📈 Progress: 94/189 (49.7%) - Signals: 0
2025-07-16 16:08:29 - TradingSystem - INFO - [Thread-4] [101] Analyzing SAND/USDT:USDT with MTF...
2025-07-16 16:08:29 - TradingSystem - INFO - 📊 Analyzing SAND/USDT:USDT (MTF: 1h, 4h)...
2025-07-16 16:08:29 - TradingSystem - INFO - 📈 Progress: 95/189 (50.3%) - Signals: 0
2025-07-16 16:08:29 - TradingSystem - INFO - [Thread-5] [102] Analyzing TRB/USDT:USDT with MTF...
2025-07-16 16:08:29 - TradingSystem - INFO - 📊 Analyzing TRB/USDT:USDT (MTF: 1h, 4h)...
2025-07-16 16:08:29 - TradingSystem - INFO - 📈 Progress: 96/189 (50.8%) - Signals: 0
2025-07-16 16:08:29 - TradingSystem - INFO - [Thread-0] [103] Analyzing AERO/USDT:USDT with MTF...
2025-07-16 16:08:29 - TradingSystem - INFO - 📈 Progress: 97/189 (51.3%) - Signals: 0
2025-07-16 16:08:29 - TradingSystem - INFO - 📊 Analyzing AERO/USDT:USDT (MTF: 1h, 4h)...
2025-07-16 16:08:29 - TradingSystem - INFO - [Thread-1] [104] Analyzing SYRUP/USDT:USDT with MTF...
2025-07-16 16:08:29 - TradingSystem - INFO - 📈 Progress: 98/189 (51.9%) - Signals: 0
2025-07-16 16:08:29 - TradingSystem - INFO - 📊 Analyzing SYRUP/USDT:USDT (MTF: 1h, 4h)...
2025-07-16 16:08:31 - root - INFO - ✅ All technical indicators calculated successfully
2025-07-16 16:08:31 - root - INFO - ✅ All technical indicators calculated successfully
2025-07-16 16:08:31 - root - INFO - ✅ All technical indicators calculated successfully
2025-07-16 16:08:31 - root - INFO - ✅ All technical indicators calculated successfully
2025-07-16 16:08:31 - root - INFO - ✅ All technical indicators calculated successfully
2025-07-16 16:08:31 - root - INFO - ✅ All technical indicators calculated successfully
2025-07-16 16:08:34 - TradingSystem - INFO - [Thread-2] [105] Analyzing AIXBT/USDT:USDT with MTF...
2025-07-16 16:08:34 - TradingSystem - INFO - 📊 Analyzing AIXBT/USDT:USDT (MTF: 1h, 4h)...
2025-07-16 16:08:34 - TradingSystem - INFO - [Thread-3] [106] Analyzing HFT/USDT:USDT with MTF...
2025-07-16 16:08:34 - TradingSystem - INFO - 📈 Progress: 99/189 (52.4%) - Signals: 0
2025-07-16 16:08:35 - TradingSystem - INFO - 📊 Analyzing HFT/USDT:USDT (MTF: 1h, 4h)...
2025-07-16 16:08:35 - TradingSystem - INFO - 📈 Progress: 100/189 (52.9%) - Signals: 0
2025-07-16 16:08:35 - TradingSystem - INFO - [Thread-4] [107] Analyzing CVX/USDT:USDT with MTF...
2025-07-16 16:08:35 - TradingSystem - INFO - 📈 Progress: 101/189 (53.4%) - Signals: 0
2025-07-16 16:08:35 - TradingSystem - INFO - 📊 Analyzing CVX/USDT:USDT (MTF: 1h, 4h)...
2025-07-16 16:08:35 - TradingSystem - INFO - [Thread-5] [108] Analyzing W/USDT:USDT with MTF...
2025-07-16 16:08:35 - TradingSystem - INFO - 📈 Progress: 102/189 (54.0%) - Signals: 0
2025-07-16 16:08:35 - TradingSystem - INFO - 📊 Analyzing W/USDT:USDT (MTF: 1h, 4h)...
2025-07-16 16:08:35 - TradingSystem - INFO - [Thread-0] [109] Analyzing USUAL/USDT:USDT with MTF...
2025-07-16 16:08:35 - TradingSystem - INFO - 📈 Progress: 103/189 (54.5%) - Signals: 0
2025-07-16 16:08:35 - TradingSystem - INFO - 📊 Analyzing USUAL/USDT:USDT (MTF: 1h, 4h)...
2025-07-16 16:08:35 - TradingSystem - INFO - [Thread-1] [110] Analyzing JTO/USDT:USDT with MTF...
2025-07-16 16:08:35 - TradingSystem - INFO - 📈 Progress: 104/189 (55.0%) - Signals: 0
2025-07-16 16:08:35 - TradingSystem - INFO - 📊 Analyzing JTO/USDT:USDT (MTF: 1h, 4h)...
2025-07-16 16:08:36 - root - INFO - ✅ All technical indicators calculated successfully
2025-07-16 16:08:36 - root - INFO - ✅ All technical indicators calculated successfully
2025-07-16 16:08:36 - root - INFO - ✅ All technical indicators calculated successfully
2025-07-16 16:08:36 - root - INFO - ✅ All technical indicators calculated successfully
2025-07-16 16:08:36 - root - INFO - ✅ All technical indicators calculated successfully
2025-07-16 16:08:37 - root - INFO - ✅ All technical indicators calculated successfully
2025-07-16 16:08:39 - TradingSystem - INFO - [Thread-2] [111] Analyzing GRASS/USDT:USDT with MTF...
2025-07-16 16:08:39 - TradingSystem - INFO - 📈 Progress: 105/189 (55.6%) - Signals: 0
2025-07-16 16:08:39 - TradingSystem - INFO - 📊 Analyzing GRASS/USDT:USDT (MTF: 1h, 4h)...
2025-07-16 16:08:39 - TradingSystem - INFO - [Thread-3] [112] Analyzing PENDLE/USDT:USDT with MTF...
2025-07-16 16:08:39 - TradingSystem - INFO - 📈 Progress: 106/189 (56.1%) - Signals: 0
2025-07-16 16:08:39 - TradingSystem - INFO - 📊 Analyzing PENDLE/USDT:USDT (MTF: 1h, 4h)...
2025-07-16 16:08:39 - TradingSystem - INFO - [Thread-4] [113] Analyzing NEIROETH/USDT:USDT with MTF...
2025-07-16 16:08:39 - TradingSystem - INFO - 📊 Analyzing NEIROETH/USDT:USDT (MTF: 1h, 4h)...
2025-07-16 16:08:39 - TradingSystem - INFO - 📈 Progress: 107/189 (56.6%) - Signals: 0
2025-07-16 16:08:39 - TradingSystem - INFO - [Thread-5] [114] Analyzing MEW/USDT:USDT with MTF...
2025-07-16 16:08:39 - TradingSystem - INFO - 📈 Progress: 108/189 (57.1%) - Signals: 0
2025-07-16 16:08:39 - TradingSystem - INFO - 📊 Analyzing MEW/USDT:USDT (MTF: 1h, 4h)...
2025-07-16 16:08:39 - TradingSystem - INFO - [Thread-0] [115] Analyzing OM/USDT:USDT with MTF...
2025-07-16 16:08:39 - TradingSystem - INFO - 📊 Analyzing OM/USDT:USDT (MTF: 1h, 4h)...
2025-07-16 16:08:39 - TradingSystem - INFO - 📈 Progress: 109/189 (57.7%) - Signals: 0
2025-07-16 16:08:39 - TradingSystem - INFO - [Thread-1] [116] Analyzing COOKIE/USDT:USDT with MTF...
2025-07-16 16:08:39 - TradingSystem - INFO - 📊 Analyzing COOKIE/USDT:USDT (MTF: 1h, 4h)...
2025-07-16 16:08:39 - TradingSystem - INFO - 📈 Progress: 110/189 (58.2%) - Signals: 0
2025-07-16 16:08:41 - root - INFO - ✅ All technical indicators calculated successfully
2025-07-16 16:08:41 - root - INFO - ✅ All technical indicators calculated successfully
2025-07-16 16:08:41 - root - INFO - ✅ All technical indicators calculated successfully
2025-07-16 16:08:41 - root - INFO - ✅ All technical indicators calculated successfully
2025-07-16 16:08:41 - root - INFO - ✅ All technical indicators calculated successfully
2025-07-16 16:08:41 - root - INFO - ✅ All technical indicators calculated successfully
2025-07-16 16:08:43 - TradingSystem - INFO - [Thread-2] [117] Analyzing BSV/USDT:USDT with MTF...
2025-07-16 16:08:43 - TradingSystem - INFO - 📊 Analyzing BSV/USDT:USDT (MTF: 1h, 4h)...
2025-07-16 16:08:43 - TradingSystem - INFO - 📈 Progress: 111/189 (58.7%) - Signals: 0
2025-07-16 16:08:43 - TradingSystem - INFO - [Thread-3] [118] Analyzing KAITO/USDT:USDT with MTF...
2025-07-16 16:08:43 - TradingSystem - INFO - 📊 Analyzing KAITO/USDT:USDT (MTF: 1h, 4h)...
2025-07-16 16:08:43 - TradingSystem - INFO - 📈 Progress: 112/189 (59.3%) - Signals: 0
2025-07-16 16:08:44 - TradingSystem - INFO - [Thread-4] [119] Analyzing VELVET/USDT:USDT with MTF...
2025-07-16 16:08:44 - TradingSystem - INFO - 📈 Progress: 113/189 (59.8%) - Signals: 0
2025-07-16 16:08:44 - TradingSystem - INFO - 📊 Analyzing VELVET/USDT:USDT (MTF: 1h, 4h)...
2025-07-16 16:08:44 - TradingSystem - INFO - [Thread-5] [120] Analyzing DYDX/USDT:USDT with MTF...
2025-07-16 16:08:44 - TradingSystem - INFO - 📊 Analyzing DYDX/USDT:USDT (MTF: 1h, 4h)...
2025-07-16 16:08:44 - TradingSystem - INFO - 📈 Progress: 114/189 (60.3%) - Signals: 0
2025-07-16 16:08:44 - TradingSystem - INFO - [Thread-0] [121] Analyzing NOT/USDT:USDT with MTF...
2025-07-16 16:08:44 - TradingSystem - INFO - 📊 Analyzing NOT/USDT:USDT (MTF: 1h, 4h)...
2025-07-16 16:08:44 - TradingSystem - INFO - 📈 Progress: 115/189 (60.8%) - Signals: 0
2025-07-16 16:08:44 - TradingSystem - INFO - [Thread-1] [122] Analyzing JASMY/USDT:USDT with MTF...
2025-07-16 16:08:44 - TradingSystem - INFO - 📊 Analyzing JASMY/USDT:USDT (MTF: 1h, 4h)...
2025-07-16 16:08:44 - TradingSystem - INFO - 📈 Progress: 116/189 (61.4%) - Signals: 0
2025-07-16 16:08:45 - root - INFO - ✅ All technical indicators calculated successfully
2025-07-16 16:08:45 - TradingSystem - INFO - [Thread-2] [123] Analyzing KNC/USDT:USDT with MTF...
2025-07-16 16:08:45 - TradingSystem - INFO - 📊 Analyzing KNC/USDT:USDT (MTF: 1h, 4h)...
2025-07-16 16:08:45 - TradingSystem - INFO - 📈 Progress: 117/189 (61.9%) - Signals: 0
2025-07-16 16:08:46 - root - INFO - ✅ All technical indicators calculated successfully
2025-07-16 16:08:46 - root - INFO - ✅ All technical indicators calculated successfully
2025-07-16 16:08:46 - root - INFO - ✅ All technical indicators calculated successfully
2025-07-16 16:08:46 - root - INFO - ✅ All technical indicators calculated successfully
2025-07-16 16:08:46 - root - INFO - ✅ All technical indicators calculated successfully
2025-07-16 16:08:47 - TradingSystem - INFO - [Thread-3] [124] Analyzing AR/USDT:USDT with MTF...
2025-07-16 16:08:47 - TradingSystem - INFO - 📈 Progress: 118/189 (62.4%) - Signals: 0
2025-07-16 16:08:47 - TradingSystem - INFO - 📊 Analyzing AR/USDT:USDT (MTF: 1h, 4h)...
2025-07-16 16:08:47 - TradingSystem - INFO - [Thread-4] [125] Analyzing APE/USDT:USDT with MTF...
2025-07-16 16:08:47 - TradingSystem - INFO - 📈 Progress: 119/189 (63.0%) - Signals: 0
2025-07-16 16:08:48 - TradingSystem - INFO - 📊 Analyzing APE/USDT:USDT (MTF: 1h, 4h)...
2025-07-16 16:08:48 - TradingSystem - INFO - [Thread-5] [126] Analyzing VELO/USDT:USDT with MTF...
2025-07-16 16:08:48 - TradingSystem - INFO - 📈 Progress: 120/189 (63.5%) - Signals: 0
2025-07-16 16:08:48 - TradingSystem - INFO - 📊 Analyzing VELO/USDT:USDT (MTF: 1h, 4h)...
2025-07-16 16:08:48 - TradingSystem - INFO - [Thread-0] [127] Analyzing TANSSI/USDT:USDT with MTF...
2025-07-16 16:08:48 - TradingSystem - INFO - 📈 Progress: 121/189 (64.0%) - Signals: 0
2025-07-16 16:08:48 - TradingSystem - INFO - 📊 Analyzing TANSSI/USDT:USDT (MTF: 1h, 4h)...
2025-07-16 16:08:48 - TradingSystem - INFO - [Thread-1] [128] Analyzing LA/USDT:USDT with MTF...
2025-07-16 16:08:48 - TradingSystem - INFO - 📊 Analyzing LA/USDT:USDT (MTF: 1h, 4h)...
2025-07-16 16:08:48 - TradingSystem - INFO - 📈 Progress: 122/189 (64.6%) - Signals: 0
2025-07-16 16:08:51 - root - INFO - ✅ All technical indicators calculated successfully
2025-07-16 16:08:51 - root - INFO - ✅ All technical indicators calculated successfully
2025-07-16 16:08:51 - root - INFO - ✅ All technical indicators calculated successfully
2025-07-16 16:08:51 - root - INFO - ✅ All technical indicators calculated successfully
2025-07-16 16:08:52 - root - INFO - ✅ All technical indicators calculated successfully
2025-07-16 16:08:52 - root - INFO - ✅ All technical indicators calculated successfully
2025-07-16 16:08:53 - TradingSystem - INFO - [Thread-2] [129] Analyzing C98/USDT:USDT with MTF...
2025-07-16 16:08:53 - TradingSystem - INFO - 📈 Progress: 123/189 (65.1%) - Signals: 0
2025-07-16 16:08:54 - TradingSystem - INFO - 📊 Analyzing C98/USDT:USDT (MTF: 1h, 4h)...
2025-07-16 16:08:54 - TradingSystem - INFO - 🔍 Running multi-timeframe confirmation for TANSSI/USDT:USDT...
2025-07-16 16:08:54 - analysis.multi_timeframe - INFO - 🔍 Multi-timeframe analysis for TANSSI/USDT:USDT
2025-07-16 16:08:54 - TradingSystem - INFO - [Thread-3] [130] Analyzing ORCA/USDT:USDT with MTF...
2025-07-16 16:08:54 - TradingSystem - INFO - 📈 Progress: 124/189 (65.6%) - Signals: 0
2025-07-16 16:08:54 - TradingSystem - INFO - 📊 Analyzing ORCA/USDT:USDT (MTF: 1h, 4h)...
2025-07-16 16:08:54 - TradingSystem - INFO - [Thread-4] [131] Analyzing MKR/USDT:USDT with MTF...
2025-07-16 16:08:54 - TradingSystem - INFO - 📊 Analyzing MKR/USDT:USDT (MTF: 1h, 4h)...
2025-07-16 16:08:54 - TradingSystem - INFO - 📈 Progress: 125/189 (66.1%) - Signals: 0
2025-07-16 16:08:54 - TradingSystem - INFO - [Thread-5] [132] Analyzing GRIFFAIN/USDT:USDT with MTF...
2025-07-16 16:08:54 - TradingSystem - INFO - 📊 Analyzing GRIFFAIN/USDT:USDT (MTF: 1h, 4h)...
2025-07-16 16:08:54 - TradingSystem - INFO - 📈 Progress: 126/189 (66.7%) - Signals: 0
2025-07-16 16:08:54 - TradingSystem - INFO - [Thread-0] [133] Analyzing UMA/USDT:USDT with MTF...
2025-07-16 16:08:54 - TradingSystem - INFO - 📊 Analyzing UMA/USDT:USDT (MTF: 1h, 4h)...
2025-07-16 16:08:54 - TradingSystem - INFO - 📈 Progress: 127/189 (67.2%) - Signals: 0
2025-07-16 16:08:56 - analysis.multi_timeframe - INFO -    ✅ 1h: TANSSI/USDT:USDT BUY signal confirmed
2025-07-16 16:08:56 - root - INFO - ✅ All technical indicators calculated successfully
2025-07-16 16:08:56 - root - INFO - ✅ All technical indicators calculated successfully
2025-07-16 16:08:56 - root - INFO - ✅ All technical indicators calculated successfully
2025-07-16 16:08:56 - root - INFO - ✅ All technical indicators calculated successfully
2025-07-16 16:08:56 - root - INFO - ✅ All technical indicators calculated successfully
2025-07-16 16:08:59 - TradingSystem - INFO - [Thread-1] [134] Analyzing GRT/USDT:USDT with MTF...
2025-07-16 16:08:59 - TradingSystem - INFO - 📊 Analyzing GRT/USDT:USDT (MTF: 1h, 4h)...
2025-07-16 16:08:59 - TradingSystem - INFO - [Thread-2] [135] Analyzing RESOLV/USDT:USDT with MTF...
2025-07-16 16:08:59 - TradingSystem - INFO - 📈 Progress: 128/189 (67.7%) - Signals: 0
2025-07-16 16:08:59 - TradingSystem - INFO - 📊 Analyzing RESOLV/USDT:USDT (MTF: 1h, 4h)...
2025-07-16 16:08:59 - TradingSystem - INFO - 📈 Progress: 129/189 (68.3%) - Signals: 0
2025-07-16 16:08:59 - TradingSystem - INFO - [Thread-3] [136] Analyzing DEEP/USDT:USDT with MTF...
2025-07-16 16:08:59 - TradingSystem - INFO - 📊 Analyzing DEEP/USDT:USDT (MTF: 1h, 4h)...
2025-07-16 16:08:59 - TradingSystem - INFO - 📈 Progress: 130/189 (68.8%) - Signals: 0
2025-07-16 16:08:59 - TradingSystem - INFO - [Thread-4] [137] Analyzing RUNE/USDT:USDT with MTF...
2025-07-16 16:08:59 - TradingSystem - INFO - 📊 Analyzing RUNE/USDT:USDT (MTF: 1h, 4h)...
2025-07-16 16:08:59 - TradingSystem - INFO - [Thread-5] [138] Analyzing XAUT/USDT:USDT with MTF...
2025-07-16 16:08:59 - TradingSystem - INFO - 📈 Progress: 131/189 (69.3%) - Signals: 0
2025-07-16 16:08:59 - TradingSystem - INFO - 📊 Analyzing XAUT/USDT:USDT (MTF: 1h, 4h)...
2025-07-16 16:08:59 - TradingSystem - INFO - 📈 Progress: 132/189 (69.8%) - Signals: 0
2025-07-16 16:09:01 - analysis.multi_timeframe - WARNING -    Insufficient 4h data for TANSSI/USDT:USDT
2025-07-16 16:09:01 - analysis.multi_timeframe - INFO -    📊 Confirmation: 1/2 timeframes
2025-07-16 16:09:01 - analysis.multi_timeframe - INFO -    💪 Strength: 50.0%
2025-07-16 16:09:01 - TradingSystem - INFO -    📈 Confidence boosted: 85.0% → 95.0%
2025-07-16 16:09:01 - TradingSystem - INFO -    📊 MTF Status: PARTIAL (1/2)
2025-07-16 16:09:01 - root - INFO - ✅ All technical indicators calculated successfully
2025-07-16 16:09:01 - root - INFO - ✅ All technical indicators calculated successfully
2025-07-16 16:09:01 - root - INFO - ✅ All technical indicators calculated successfully
2025-07-16 16:09:01 - root - INFO - ✅ All technical indicators calculated successfully
2025-07-16 16:09:01 - root - INFO - ✅ All technical indicators calculated successfully
2025-07-16 16:09:03 - TradingSystem - INFO - [Thread-0] [139] Analyzing FLOCK/USDT:USDT with MTF...
2025-07-16 16:09:03 - TradingSystem - INFO - 📊 Analyzing FLOCK/USDT:USDT (MTF: 1h, 4h)...
2025-07-16 16:09:03 - TradingSystem - INFO - 📈 Progress: 133/189 (70.4%) - Signals: 0
2025-07-16 16:09:03 - TradingSystem - INFO - [Thread-1] [140] Analyzing PONKE/USDT:USDT with MTF...
2025-07-16 16:09:03 - TradingSystem - INFO - 📈 Progress: 134/189 (70.9%) - Signals: 0
2025-07-16 16:09:03 - TradingSystem - INFO - 📊 Analyzing PONKE/USDT:USDT (MTF: 1h, 4h)...
2025-07-16 16:09:03 - TradingSystem - INFO - [Thread-2] [141] Analyzing ARC/USDT:USDT with MTF...
2025-07-16 16:09:03 - TradingSystem - INFO - 📈 Progress: 135/189 (71.4%) - Signals: 0
2025-07-16 16:09:03 - TradingSystem - INFO - 📊 Analyzing ARC/USDT:USDT (MTF: 1h, 4h)...
2025-07-16 16:09:04 - TradingSystem - INFO - [Thread-3] [142] Analyzing NXPC/USDT:USDT with MTF...
2025-07-16 16:09:04 - TradingSystem - INFO - 📊 Analyzing NXPC/USDT:USDT (MTF: 1h, 4h)...
2025-07-16 16:09:04 - TradingSystem - INFO - 📈 Progress: 136/189 (72.0%) - Signals: 0
2025-07-16 16:09:04 - TradingSystem - INFO - [Thread-4] [143] Analyzing SAHARA/USDT:USDT with MTF...
2025-07-16 16:09:04 - TradingSystem - INFO - 📈 Progress: 137/189 (72.5%) - Signals: 0
2025-07-16 16:09:04 - TradingSystem - INFO - 📊 Analyzing SAHARA/USDT:USDT (MTF: 1h, 4h)...
2025-07-16 16:09:04 - visualization.charts - ERROR - Chart generation error: 
Image export using the "kaleido" engine requires the Kaleido package,
which can be installed using pip:

    $ pip install --upgrade kaleido

2025-07-16 16:09:04 - TradingSystem - INFO - ✅ TANSSI/USDT:USDT - BUY signal generated
2025-07-16 16:09:04 - TradingSystem - INFO - [Thread-0] ✅ TANSSI/USDT:USDT - BUY signal (MTF: PARTIAL)
2025-07-16 16:09:04 - TradingSystem - INFO - [Thread-5] [144] Analyzing CHILLGUY/USDT:USDT with MTF...
2025-07-16 16:09:04 - TradingSystem - INFO - 📊 Analyzing CHILLGUY/USDT:USDT (MTF: 1h, 4h)...
2025-07-16 16:09:04 - TradingSystem - INFO - 📈 Progress: 138/189 (73.0%) - Signals: 1
2025-07-16 16:09:06 - root - INFO - ✅ All technical indicators calculated successfully
2025-07-16 16:09:06 - root - INFO - ✅ All technical indicators calculated successfully
2025-07-16 16:09:06 - root - INFO - ✅ All technical indicators calculated successfully
2025-07-16 16:09:06 - root - INFO - ✅ All technical indicators calculated successfully
2025-07-16 16:09:07 - root - INFO - ✅ All technical indicators calculated successfully
2025-07-16 16:09:07 - root - INFO - ✅ All technical indicators calculated successfully
2025-07-16 16:09:09 - TradingSystem - INFO - [Thread-0] [145] Analyzing VVV/USDT:USDT with MTF...
2025-07-16 16:09:09 - TradingSystem - INFO - 📈 Progress: 139/189 (73.5%) - Signals: 1
2025-07-16 16:09:09 - TradingSystem - INFO - 📊 Analyzing VVV/USDT:USDT (MTF: 1h, 4h)...
2025-07-16 16:09:09 - TradingSystem - INFO - [Thread-1] [146] Analyzing MASK/USDT:USDT with MTF...
2025-07-16 16:09:09 - TradingSystem - INFO - 📈 Progress: 140/189 (74.1%) - Signals: 1
2025-07-16 16:09:09 - TradingSystem - INFO - 📊 Analyzing MASK/USDT:USDT (MTF: 1h, 4h)...
2025-07-16 16:09:09 - TradingSystem - INFO - [Thread-2] [147] Analyzing IP/USDT:USDT with MTF...
2025-07-16 16:09:09 - TradingSystem - INFO - 📈 Progress: 141/189 (74.6%) - Signals: 1
2025-07-16 16:09:09 - TradingSystem - INFO - 📊 Analyzing IP/USDT:USDT (MTF: 1h, 4h)...
2025-07-16 16:09:09 - TradingSystem - INFO - [Thread-3] [148] Analyzing ALT/USDT:USDT with MTF...
2025-07-16 16:09:09 - TradingSystem - INFO - 📈 Progress: 142/189 (75.1%) - Signals: 1
2025-07-16 16:09:09 - TradingSystem - INFO - 📊 Analyzing ALT/USDT:USDT (MTF: 1h, 4h)...
2025-07-16 16:09:09 - TradingSystem - INFO - [Thread-4] [149] Analyzing MORPHO/USDT:USDT with MTF...
2025-07-16 16:09:09 - TradingSystem - INFO - 📊 Analyzing MORPHO/USDT:USDT (MTF: 1h, 4h)...
2025-07-16 16:09:09 - TradingSystem - INFO - 📈 Progress: 143/189 (75.7%) - Signals: 1
2025-07-16 16:09:10 - TradingSystem - INFO - [Thread-5] [150] Analyzing ZK/USDT:USDT with MTF...
2025-07-16 16:09:10 - TradingSystem - INFO - 📊 Analyzing ZK/USDT:USDT (MTF: 1h, 4h)...
2025-07-16 16:09:10 - TradingSystem - INFO - 📈 Progress: 144/189 (76.2%) - Signals: 1
2025-07-16 16:09:11 - root - INFO - ✅ All technical indicators calculated successfully
2025-07-16 16:09:11 - root - INFO - ✅ All technical indicators calculated successfully
2025-07-16 16:09:11 - root - INFO - ✅ All technical indicators calculated successfully
2025-07-16 16:09:11 - root - INFO - ✅ All technical indicators calculated successfully
2025-07-16 16:09:11 - root - INFO - ✅ All technical indicators calculated successfully
2025-07-16 16:09:12 - root - INFO - ✅ All technical indicators calculated successfully
2025-07-16 16:09:12 - TradingSystem - INFO - [Thread-0] [151] Analyzing XMR/USDT:USDT with MTF...
2025-07-16 16:09:12 - TradingSystem - INFO - 📊 Analyzing XMR/USDT:USDT (MTF: 1h, 4h)...
2025-07-16 16:09:12 - TradingSystem - INFO - 📈 Progress: 145/189 (76.7%) - Signals: 1
2025-07-16 16:09:13 - TradingSystem - INFO - [Thread-1] [152] Analyzing BANANA/USDT:USDT with MTF...
2025-07-16 16:09:13 - TradingSystem - INFO - 📊 Analyzing BANANA/USDT:USDT (MTF: 1h, 4h)...
2025-07-16 16:09:13 - TradingSystem - INFO - 📈 Progress: 146/189 (77.2%) - Signals: 1
2025-07-16 16:09:13 - TradingSystem - INFO - [Thread-2] [153] Analyzing VIC/USDT:USDT with MTF...
2025-07-16 16:09:13 - TradingSystem - INFO - 📊 Analyzing VIC/USDT:USDT (MTF: 1h, 4h)...
2025-07-16 16:09:13 - TradingSystem - INFO - 📈 Progress: 147/189 (77.8%) - Signals: 1
2025-07-16 16:09:13 - TradingSystem - INFO - [Thread-3] [154] Analyzing MUBARAK/USDT:USDT with MTF...
2025-07-16 16:09:13 - TradingSystem - INFO - 📈 Progress: 148/189 (78.3%) - Signals: 1
2025-07-16 16:09:13 - TradingSystem - INFO - 📊 Analyzing MUBARAK/USDT:USDT (MTF: 1h, 4h)...
2025-07-16 16:09:14 - TradingSystem - INFO - [Thread-4] [155] Analyzing ATH/USDT:USDT with MTF...
2025-07-16 16:09:14 - TradingSystem - INFO - 📈 Progress: 149/189 (78.8%) - Signals: 1
2025-07-16 16:09:14 - TradingSystem - INFO - 📊 Analyzing ATH/USDT:USDT (MTF: 1h, 4h)...
2025-07-16 16:09:14 - TradingSystem - INFO - [Thread-5] [156] Analyzing THETA/USDT:USDT with MTF...
2025-07-16 16:09:14 - TradingSystem - INFO - 📊 Analyzing THETA/USDT:USDT (MTF: 1h, 4h)...
2025-07-16 16:09:14 - TradingSystem - INFO - 📈 Progress: 150/189 (79.4%) - Signals: 1
2025-07-16 16:09:16 - root - INFO - ✅ All technical indicators calculated successfully
2025-07-16 16:09:16 - root - INFO - ✅ All technical indicators calculated successfully
2025-07-16 16:09:16 - root - INFO - ✅ All technical indicators calculated successfully
2025-07-16 16:09:16 - root - INFO - ✅ All technical indicators calculated successfully
2025-07-16 16:09:16 - root - INFO - ✅ All technical indicators calculated successfully
2025-07-16 16:09:16 - root - INFO - ✅ All technical indicators calculated successfully
2025-07-16 16:09:18 - TradingSystem - INFO - [Thread-0] [157] Analyzing PORTAL/USDT:USDT with MTF...
2025-07-16 16:09:18 - TradingSystem - INFO - 📈 Progress: 151/189 (79.9%) - Signals: 1
2025-07-16 16:09:18 - TradingSystem - INFO - 📊 Analyzing PORTAL/USDT:USDT (MTF: 1h, 4h)...
2025-07-16 16:09:18 - TradingSystem - INFO - [Thread-1] [158] Analyzing MNT/USDT:USDT with MTF...
2025-07-16 16:09:18 - TradingSystem - INFO - 📊 Analyzing MNT/USDT:USDT (MTF: 1h, 4h)...
2025-07-16 16:09:18 - TradingSystem - INFO - 📈 Progress: 152/189 (80.4%) - Signals: 1
2025-07-16 16:09:19 - TradingSystem - INFO - [Thread-2] [159] Analyzing HIPPO/USDT:USDT with MTF...
2025-07-16 16:09:19 - TradingSystem - INFO - 📊 Analyzing HIPPO/USDT:USDT (MTF: 1h, 4h)...
2025-07-16 16:09:19 - TradingSystem - INFO - 📈 Progress: 153/189 (81.0%) - Signals: 1
2025-07-16 16:09:19 - TradingSystem - INFO - [Thread-3] [160] Analyzing WAL/USDT:USDT with MTF...
2025-07-16 16:09:19 - TradingSystem - INFO - 📈 Progress: 154/189 (81.5%) - Signals: 1
2025-07-16 16:09:19 - TradingSystem - INFO - 📊 Analyzing WAL/USDT:USDT (MTF: 1h, 4h)...
2025-07-16 16:09:19 - TradingSystem - INFO - [Thread-4] [161] Analyzing AXS/USDT:USDT with MTF...
2025-07-16 16:09:19 - TradingSystem - INFO - 📊 Analyzing AXS/USDT:USDT (MTF: 1h, 4h)...
2025-07-16 16:09:19 - TradingSystem - INFO - 📈 Progress: 155/189 (82.0%) - Signals: 1
2025-07-16 16:09:20 - TradingSystem - INFO - [Thread-5] [162] Analyzing ZRO/USDT:USDT with MTF...
2025-07-16 16:09:20 - TradingSystem - INFO - 📊 Analyzing ZRO/USDT:USDT (MTF: 1h, 4h)...
2025-07-16 16:09:20 - TradingSystem - INFO - 📈 Progress: 156/189 (82.5%) - Signals: 1
2025-07-16 16:09:21 - root - INFO - ✅ All technical indicators calculated successfully
2025-07-16 16:09:21 - root - INFO - ✅ All technical indicators calculated successfully
2025-07-16 16:09:21 - root - INFO - ✅ All technical indicators calculated successfully
2025-07-16 16:09:21 - root - INFO - ✅ All technical indicators calculated successfully
2025-07-16 16:09:21 - root - INFO - ✅ All technical indicators calculated successfully
2025-07-16 16:09:21 - root - INFO - ✅ All technical indicators calculated successfully
2025-07-16 16:09:24 - TradingSystem - INFO - [Thread-0] [163] Analyzing MAGIC/USDT:USDT with MTF...
2025-07-16 16:09:24 - TradingSystem - INFO - 📊 Analyzing MAGIC/USDT:USDT (MTF: 1h, 4h)...
2025-07-16 16:09:24 - TradingSystem - INFO - 📈 Progress: 157/189 (83.1%) - Signals: 1
2025-07-16 16:09:25 - TradingSystem - INFO - [Thread-1] [164] Analyzing PYTH/USDT:USDT with MTF...
2025-07-16 16:09:25 - TradingSystem - INFO - 📊 Analyzing PYTH/USDT:USDT (MTF: 1h, 4h)...
2025-07-16 16:09:25 - TradingSystem - INFO - [Thread-2] [165] Analyzing RDNT/USDT:USDT with MTF...
2025-07-16 16:09:25 - TradingSystem - INFO - 📈 Progress: 158/189 (83.6%) - Signals: 1
2025-07-16 16:09:25 - TradingSystem - INFO - 📊 Analyzing RDNT/USDT:USDT (MTF: 1h, 4h)...
2025-07-16 16:09:25 - TradingSystem - INFO - 📈 Progress: 159/189 (84.1%) - Signals: 1
2025-07-16 16:09:25 - TradingSystem - INFO - [Thread-3] [166] Analyzing ARKM/USDT:USDT with MTF...
2025-07-16 16:09:25 - TradingSystem - INFO - 📈 Progress: 160/189 (84.7%) - Signals: 1
2025-07-16 16:09:25 - TradingSystem - INFO - 📊 Analyzing ARKM/USDT:USDT (MTF: 1h, 4h)...
2025-07-16 16:09:25 - TradingSystem - INFO - [Thread-4] [167] Analyzing IO/USDT:USDT with MTF...
2025-07-16 16:09:25 - TradingSystem - INFO - 📊 Analyzing IO/USDT:USDT (MTF: 1h, 4h)...
2025-07-16 16:09:25 - TradingSystem - INFO - 📈 Progress: 161/189 (85.2%) - Signals: 1
2025-07-16 16:09:25 - TradingSystem - INFO - [Thread-5] [168] Analyzing RAYDIUM/USDT:USDT with MTF...
2025-07-16 16:09:25 - TradingSystem - INFO - 📊 Analyzing RAYDIUM/USDT:USDT (MTF: 1h, 4h)...
2025-07-16 16:09:25 - TradingSystem - INFO - 📈 Progress: 162/189 (85.7%) - Signals: 1
2025-07-16 16:09:26 - root - INFO - ✅ All technical indicators calculated successfully
2025-07-16 16:09:26 - root - INFO - ✅ All technical indicators calculated successfully
2025-07-16 16:09:26 - root - INFO - ✅ All technical indicators calculated successfully
2025-07-16 16:09:26 - root - INFO - ✅ All technical indicators calculated successfully
2025-07-16 16:09:26 - root - INFO - ✅ All technical indicators calculated successfully
2025-07-16 16:09:27 - root - INFO - ✅ All technical indicators calculated successfully
2025-07-16 16:09:30 - TradingSystem - INFO - [Thread-0] [169] Analyzing KERNEL/USDT:USDT with MTF...
2025-07-16 16:09:30 - TradingSystem - INFO - 📊 Analyzing KERNEL/USDT:USDT (MTF: 1h, 4h)...
2025-07-16 16:09:30 - TradingSystem - INFO - 📈 Progress: 163/189 (86.2%) - Signals: 1
2025-07-16 16:09:30 - TradingSystem - INFO - [Thread-1] [170] Analyzing SWARMS/USDT:USDT with MTF...
2025-07-16 16:09:30 - TradingSystem - INFO - 📊 Analyzing SWARMS/USDT:USDT (MTF: 1h, 4h)...
2025-07-16 16:09:30 - TradingSystem - INFO - 📈 Progress: 164/189 (86.8%) - Signals: 1
2025-07-16 16:09:30 - TradingSystem - INFO - [Thread-2] [171] Analyzing FRAG/USDT:USDT with MTF...
2025-07-16 16:09:30 - TradingSystem - INFO - 📈 Progress: 165/189 (87.3%) - Signals: 1
2025-07-16 16:09:30 - TradingSystem - INFO - 📊 Analyzing FRAG/USDT:USDT (MTF: 1h, 4h)...
2025-07-16 16:09:30 - TradingSystem - INFO - [Thread-3] [172] Analyzing LQTY/USDT:USDT with MTF...
2025-07-16 16:09:30 - TradingSystem - INFO - 📈 Progress: 166/189 (87.8%) - Signals: 1
2025-07-16 16:09:30 - TradingSystem - INFO - 📊 Analyzing LQTY/USDT:USDT (MTF: 1h, 4h)...
2025-07-16 16:09:30 - TradingSystem - INFO - [Thread-4] [173] Analyzing CYBER/USDT:USDT with MTF...
2025-07-16 16:09:30 - TradingSystem - INFO - 📊 Analyzing CYBER/USDT:USDT (MTF: 1h, 4h)...
2025-07-16 16:09:30 - TradingSystem - INFO - 📈 Progress: 167/189 (88.4%) - Signals: 1
2025-07-16 16:09:30 - TradingSystem - INFO - [Thread-5] [174] Analyzing WCT/USDT:USDT with MTF...
2025-07-16 16:09:30 - TradingSystem - INFO - 📊 Analyzing WCT/USDT:USDT (MTF: 1h, 4h)...
2025-07-16 16:09:30 - TradingSystem - INFO - 📈 Progress: 168/189 (88.9%) - Signals: 1
2025-07-16 16:09:31 - root - INFO - ✅ All technical indicators calculated successfully
2025-07-16 16:09:31 - root - INFO - ✅ All technical indicators calculated successfully
2025-07-16 16:09:31 - TradingSystem - INFO - [Thread-0] [175] Analyzing GIGA/USDT:USDT with MTF...
2025-07-16 16:09:31 - TradingSystem - INFO - 📊 Analyzing GIGA/USDT:USDT (MTF: 1h, 4h)...
2025-07-16 16:09:31 - TradingSystem - INFO - 📈 Progress: 169/189 (89.4%) - Signals: 1
2025-07-16 16:09:31 - TradingSystem - INFO - [Thread-1] [176] Analyzing COMP/USDT:USDT with MTF...
2025-07-16 16:09:31 - TradingSystem - INFO - 📊 Analyzing COMP/USDT:USDT (MTF: 1h, 4h)...
2025-07-16 16:09:31 - TradingSystem - INFO - 📈 Progress: 170/189 (89.9%) - Signals: 1
2025-07-16 16:09:36 - root - INFO - ✅ All technical indicators calculated successfully
2025-07-16 16:09:36 - root - INFO - ✅ All technical indicators calculated successfully
2025-07-16 16:09:36 - root - INFO - ✅ All technical indicators calculated successfully
2025-07-16 16:09:36 - root - INFO - ✅ All technical indicators calculated successfully
2025-07-16 16:09:36 - root - INFO - ✅ All technical indicators calculated successfully
2025-07-16 16:09:36 - root - INFO - ✅ All technical indicators calculated successfully
2025-07-16 16:09:40 - TradingSystem - INFO - [Thread-2] [177] Analyzing 1000TOSHI/USDT:USDT with MTF...
2025-07-16 16:09:40 - TradingSystem - INFO - 📈 Progress: 171/189 (90.5%) - Signals: 1
2025-07-16 16:09:40 - TradingSystem - INFO - 📊 Analyzing 1000TOSHI/USDT:USDT (MTF: 1h, 4h)...
2025-07-16 16:09:40 - TradingSystem - INFO - [Thread-3] [178] Analyzing KAIA/USDT:USDT with MTF...
2025-07-16 16:09:40 - TradingSystem - INFO - 📈 Progress: 172/189 (91.0%) - Signals: 1
2025-07-16 16:09:40 - TradingSystem - INFO - 📊 Analyzing KAIA/USDT:USDT (MTF: 1h, 4h)...
2025-07-16 16:09:40 - TradingSystem - INFO - [Thread-4] [179] Analyzing IOTA/USDT:USDT with MTF...
2025-07-16 16:09:40 - TradingSystem - INFO - 📈 Progress: 173/189 (91.5%) - Signals: 1
2025-07-16 16:09:40 - TradingSystem - INFO - 📊 Analyzing IOTA/USDT:USDT (MTF: 1h, 4h)...
2025-07-16 16:09:40 - TradingSystem - INFO - [Thread-5] [180] Analyzing ZEREBRO/USDT:USDT with MTF...
2025-07-16 16:09:40 - TradingSystem - INFO - 📈 Progress: 174/189 (92.1%) - Signals: 1
2025-07-16 16:09:40 - TradingSystem - INFO - 📊 Analyzing ZEREBRO/USDT:USDT (MTF: 1h, 4h)...
2025-07-16 16:09:40 - TradingSystem - INFO - [Thread-0] [181] Analyzing SWELL/USDT:USDT with MTF...
2025-07-16 16:09:40 - TradingSystem - INFO - 📈 Progress: 175/189 (92.6%) - Signals: 1
2025-07-16 16:09:40 - TradingSystem - INFO - 📊 Analyzing SWELL/USDT:USDT (MTF: 1h, 4h)...
2025-07-16 16:09:40 - TradingSystem - INFO - [Thread-1] [182] Analyzing GMT/USDT:USDT with MTF...
2025-07-16 16:09:40 - TradingSystem - INFO - 📊 Analyzing GMT/USDT:USDT (MTF: 1h, 4h)...
2025-07-16 16:09:40 - TradingSystem - INFO - 📈 Progress: 176/189 (93.1%) - Signals: 1
2025-07-16 16:09:41 - root - INFO - ✅ All technical indicators calculated successfully
2025-07-16 16:09:41 - root - INFO - ✅ All technical indicators calculated successfully
2025-07-16 16:09:41 - root - INFO - ✅ All technical indicators calculated successfully
2025-07-16 16:09:41 - TradingSystem - INFO - [Thread-2] [183] Analyzing XEM/USDT:USDT with MTF...
2025-07-16 16:09:41 - TradingSystem - INFO - 📊 Analyzing XEM/USDT:USDT (MTF: 1h, 4h)...
2025-07-16 16:09:41 - TradingSystem - INFO - 📈 Progress: 177/189 (93.7%) - Signals: 1
2025-07-16 16:09:42 - TradingSystem - INFO - [Thread-3] [184] Analyzing LPT/USDT:USDT with MTF...
2025-07-16 16:09:42 - TradingSystem - INFO - 📈 Progress: 178/189 (94.2%) - Signals: 1
2025-07-16 16:09:42 - TradingSystem - INFO - 📊 Analyzing LPT/USDT:USDT (MTF: 1h, 4h)...
2025-07-16 16:09:42 - TradingSystem - INFO - [Thread-4] [185] Analyzing RVN/USDT:USDT with MTF...
2025-07-16 16:09:42 - TradingSystem - INFO - 📈 Progress: 179/189 (94.7%) - Signals: 1
2025-07-16 16:09:42 - TradingSystem - INFO - 📊 Analyzing RVN/USDT:USDT (MTF: 1h, 4h)...
2025-07-16 16:09:46 - root - INFO - ✅ All technical indicators calculated successfully
2025-07-16 16:09:46 - root - INFO - ✅ All technical indicators calculated successfully
2025-07-16 16:09:46 - root - INFO - ✅ All technical indicators calculated successfully
2025-07-16 16:09:46 - root - INFO - ✅ All technical indicators calculated successfully
2025-07-16 16:09:46 - root - INFO - ✅ All technical indicators calculated successfully
2025-07-16 16:09:46 - root - INFO - ✅ All technical indicators calculated successfully
2025-07-16 16:09:49 - TradingSystem - INFO - [Thread-5] [186] Analyzing ETHBTC/USDT:USDT with MTF...
2025-07-16 16:09:49 - TradingSystem - INFO - 📊 Analyzing ETHBTC/USDT:USDT (MTF: 1h, 4h)...
2025-07-16 16:09:49 - TradingSystem - INFO - 📈 Progress: 180/189 (95.2%) - Signals: 1
2025-07-16 16:09:49 - TradingSystem - INFO - [Thread-0] [187] Analyzing NEWT/USDT:USDT with MTF...
2025-07-16 16:09:49 - TradingSystem - INFO - 📊 Analyzing NEWT/USDT:USDT (MTF: 1h, 4h)...
2025-07-16 16:09:49 - TradingSystem - INFO - 📈 Progress: 181/189 (95.8%) - Signals: 1
2025-07-16 16:09:49 - TradingSystem - INFO - [Thread-1] [188] Analyzing HOOK/USDT:USDT with MTF...
2025-07-16 16:09:49 - TradingSystem - INFO - 📊 Analyzing HOOK/USDT:USDT (MTF: 1h, 4h)...
2025-07-16 16:09:49 - TradingSystem - INFO - 📈 Progress: 182/189 (96.3%) - Signals: 1
2025-07-16 16:09:49 - TradingSystem - INFO - [Thread-2] [189] Analyzing HMSTR/USDT:USDT with MTF...
2025-07-16 16:09:49 - TradingSystem - INFO - 📈 Progress: 183/189 (96.8%) - Signals: 1
2025-07-16 16:09:49 - TradingSystem - INFO - 📊 Analyzing HMSTR/USDT:USDT (MTF: 1h, 4h)...
2025-07-16 16:09:49 - TradingSystem - INFO - 📈 Progress: 184/189 (97.4%) - Signals: 1
2025-07-16 16:09:49 - TradingSystem - INFO - 📈 Progress: 185/189 (97.9%) - Signals: 1
2025-07-16 16:09:51 - root - INFO - ✅ All technical indicators calculated successfully
2025-07-16 16:09:51 - root - INFO - ✅ All technical indicators calculated successfully
2025-07-16 16:09:51 - root - INFO - ✅ All technical indicators calculated successfully
2025-07-16 16:09:51 - root - INFO - ✅ All technical indicators calculated successfully
2025-07-16 16:09:52 - TradingSystem - INFO - 📈 Progress: 186/189 (98.4%) - Signals: 1
2025-07-16 16:09:52 - TradingSystem - INFO - 📈 Progress: 187/189 (98.9%) - Signals: 1
2025-07-16 16:09:52 - TradingSystem - INFO - 📈 Progress: 188/189 (99.5%) - Signals: 1
2025-07-16 16:09:52 - TradingSystem - INFO - 📈 Progress: 189/189 (100.0%) - Signals: 1
2025-07-16 16:09:52 - TradingSystem - INFO - ⚡ MTF PARALLEL ANALYSIS COMPLETED!
2025-07-16 16:09:52 - TradingSystem - INFO -    Execution Time: 176.3s
2025-07-16 16:09:52 - TradingSystem - INFO -    MTF Confirmations: Strong: 0, Partial: 1, None: 0
2025-07-16 16:09:52 - utils.csv_manager - INFO - 📊 Exporting results for scan ID: 20250716_160952
2025-07-16 16:09:52 - utils.csv_manager - INFO - ✅ Appended 1 signals to enhanced_bybit_signals_mtf_signals.csv
2025-07-16 16:09:52 - utils.csv_manager - INFO - ✅ Appended 1 opportunities to enhanced_bybit_signals_mtf_opportunities.csv
2025-07-16 16:09:52 - utils.csv_manager - INFO - ✅ Appended market summary to enhanced_bybit_signals_mtf_market_summary.csv
2025-07-16 16:09:52 - utils.csv_manager - INFO - ✅ Appended scan history to enhanced_bybit_signals_mtf_scan_history.csv
2025-07-16 16:09:52 - utils.csv_manager - INFO - 📄 CSV Export Complete (Scan ID: 20250716_160952):
2025-07-16 16:09:52 - utils.csv_manager - INFO -    Signals: enhanced_bybit_signals_mtf_signals.csv (0.0MB, 11 rows)
2025-07-16 16:09:52 - utils.csv_manager - INFO -    Opportunities: enhanced_bybit_signals_mtf_opportunities.csv (0.0MB, 11 rows)
2025-07-16 16:09:52 - utils.csv_manager - INFO -    Market Summary: enhanced_bybit_signals_mtf_market_summary.csv (0.0MB, 2 rows)
2025-07-16 16:09:52 - utils.csv_manager - INFO -    Scan History: enhanced_bybit_signals_mtf_scan_history.csv (0.0MB, 2 rows)
