2025-07-21 18:49:36 - TradingSystem - INFO - 🚀 COMPLETE ENHANCED SYSTEM WITH MULTI-TIMEFRAME & MYSQL DATABASE INITIALIZED!
2025-07-21 18:49:36 - TradingSystem - INFO - ✅ Multi-Timeframe Confirmation: Primary 15m, Confirmation 1h/4h
2025-07-21 18:49:36 - TradingSystem - INFO - ✅ Database: bybit_trading_system @ localhost
2025-07-21 18:49:36 - TradingSystem - INFO - 🚀 STARTING ENHANCED ANALYSIS WITH 15m→1h/4h MTF CONFIRMATION (PARALLEL + MYSQL)
2025-07-21 18:49:36 - TradingSystem - INFO - ==========================================================================================
2025-07-21 18:49:41 - TradingSystem - INFO - 📊 Analyzing 219 symbols with MTF confirmation...
2025-07-21 18:49:41 - TradingSystem - INFO -    Primary Timeframe: 15m
2025-07-21 18:49:41 - TradingSystem - INFO -    Confirmation Timeframes: 1h, 4h
2025-07-21 18:49:41 - TradingSystem - INFO -    MTF Weight Multiplier: 1.5x
2025-07-21 18:49:41 - TradingSystem - INFO -    Database: MySQL @ localhost
2025-07-21 18:50:29 - visualization.charts - ERROR - Error adding Fibonacci levels: Invalid annotation position "middle right"
2025-07-21 18:50:36 - selenium.webdriver.common.selenium_manager - WARNING - Error sending stats to Plausible: error sending request for url (https://plausible.io/api/event)
2025-07-21 18:50:49 - visualization.charts - INFO - Chart element size: {'height': 1200, 'width': 1800}, location: {'x': 8, 'y': 8}
2025-07-21 18:50:54 - visualization.charts - INFO - ✅ Screenshot captured with Selenium: tradingview_1000FLOKIUSDTUSDT_screenshot_20250721_185051.png (Full page: 1261px)
2025-07-21 18:50:54 - visualization.charts - INFO - 📊 Chart saved: HTML=tradingview_1000FLOKIUSDTUSDT_chart_20250721_185029.html, Screenshot=tradingview_1000FLOKIUSDTUSDT_screenshot_20250721_185051.png
2025-07-21 18:51:31 - TradingSystem - WARNING - Insufficient 15m data for TA/USDT:USDT
2025-07-21 18:51:37 - visualization.charts - ERROR - Error adding Fibonacci levels: Invalid annotation position "middle right"
2025-07-21 18:51:50 - visualization.charts - INFO - Chart element size: {'height': 1200, 'width': 1800}, location: {'x': 8, 'y': 8}
2025-07-21 18:51:51 - visualization.charts - ERROR - Error adding Fibonacci levels: Invalid annotation position "middle right"
2025-07-21 18:51:54 - visualization.charts - INFO - ✅ Screenshot captured with Selenium: tradingview_POLUSDTUSDT_screenshot_20250721_185152.png (Full page: 1261px)
2025-07-21 18:51:55 - visualization.charts - INFO - 📊 Chart saved: HTML=tradingview_POLUSDTUSDT_chart_20250721_185138.html, Screenshot=tradingview_POLUSDTUSDT_screenshot_20250721_185152.png
2025-07-21 18:52:05 - visualization.charts - INFO - Chart element size: {'height': 1200, 'width': 1800}, location: {'x': 8, 'y': 8}
2025-07-21 18:52:10 - visualization.charts - INFO - ✅ Screenshot captured with Selenium: tradingview_RESOLVUSDTUSDT_screenshot_20250721_185207.png (Full page: 1261px)
2025-07-21 18:52:10 - visualization.charts - INFO - 📊 Chart saved: HTML=tradingview_RESOLVUSDTUSDT_chart_20250721_185152.html, Screenshot=tradingview_RESOLVUSDTUSDT_screenshot_20250721_185207.png
2025-07-21 18:52:47 - visualization.charts - ERROR - Error adding Fibonacci levels: Invalid annotation position "middle right"
2025-07-21 18:53:07 - visualization.charts - INFO - Chart element size: {'height': 1200, 'width': 1800}, location: {'x': 8, 'y': 8}
2025-07-21 18:53:11 - visualization.charts - INFO - ✅ Screenshot captured with Selenium: tradingview_USUALUSDTUSDT_screenshot_20250721_185309.png (Full page: 1261px)
2025-07-21 18:53:11 - visualization.charts - INFO - 📊 Chart saved: HTML=tradingview_USUALUSDTUSDT_chart_20250721_185248.html, Screenshot=tradingview_USUALUSDTUSDT_screenshot_20250721_185309.png
2025-07-21 18:53:49 - TradingSystem - INFO - ⚡ 15m→1h/4h MTF PARALLEL ANALYSIS COMPLETED!
2025-07-21 18:53:49 - TradingSystem - INFO -    Execution Time: 253.7s
2025-07-21 18:53:49 - TradingSystem - INFO -    MTF Confirmations: Strong: 1, Partial: 2, None: 1
2025-07-21 18:53:49 - utils.database_manager - INFO - 📊 Saving results to MySQL database for scan ID: 20250721_185349
2025-07-21 18:53:49 - utils.database_manager - INFO - ✅ Created scan session: 20250721_185349 (ID: 11) - Primary: 15m, Confirmation: 1h, 4h
2025-07-21 18:53:49 - utils.database_manager - INFO - ✅ Saved 4 signals to MySQL database
2025-07-21 18:53:49 - utils.database_manager - INFO - ✅ Saved 4 opportunities to MySQL database
2025-07-21 18:53:49 - utils.database_manager - INFO - ✅ Saved market summary to MySQL database
2025-07-21 18:53:49 - utils.database_manager - INFO - 📄 MySQL Database Save Complete (Scan ID: 20250721_185349):
2025-07-21 18:53:49 - utils.database_manager - INFO -    Primary Timeframe: 15m
2025-07-21 18:53:49 - utils.database_manager - INFO -    Confirmation Timeframes: 1h, 4h
2025-07-21 18:53:49 - utils.database_manager - INFO -    Signals: 4
2025-07-21 18:53:49 - utils.database_manager - INFO -    Opportunities: 4
2025-07-21 18:53:49 - utils.database_manager - INFO -    Market Summary: ✅
2025-07-21 18:53:49 - utils.database_manager - INFO -    Performance Metrics: 0
