2025-07-21 21:06:46 - TradingSystem - INFO - 🚀 COMPLETE ENHANCED SYSTEM WITH MULTI-TIMEFRAME & MYSQL DATABASE INITIALIZED!
2025-07-21 21:06:46 - TradingSystem - INFO - 🚀 STARTING OPTIMIZED ANALYSIS WITH 4h→6h/12h/1d MTF CONFIRMATION
2025-07-21 21:06:46 - TradingSystem - INFO -    📊 Charts generated ONLY for top-ranked signals (after analysis complete)
2025-07-21 21:06:46 - TradingSystem - INFO - ==========================================================================================
2025-07-21 21:06:53 - TradingSystem - INFO - 📊 Analyzing 219 symbols with MTF confirmation...
2025-07-21 21:06:53 - TradingSystem - INFO -    Primary Timeframe: 4h
2025-07-21 21:06:53 - TradingSystem - INFO -    Confirmation Timeframes: 6h, 12h, 1d
2025-07-21 21:06:53 - TradingSystem - INFO -    MTF Weight Multiplier: 1.5x
2025-07-21 21:06:53 - TradingSystem - INFO -    Database: MySQL @ localhost
2025-07-21 21:06:53 - TradingSystem - INFO -    Chart Strategy: Top 5 signals only
2025-07-21 21:06:53 - TradingSystem - INFO - 📈 PHASE 1: Signal Generation (No Charts)
2025-07-21 21:08:16 - TradingSystem - WARNING - Insufficient 4h data for C/USDT:USDT
2025-07-21 21:08:31 - TradingSystem - WARNING - Insufficient 4h data for ERA/USDT:USDT
2025-07-21 21:08:36 - TradingSystem - WARNING - Insufficient 4h data for TA/USDT:USDT
2025-07-21 21:10:37 - TradingSystem - WARNING - Insufficient 4h data for TAC/USDT:USDT
2025-07-21 21:10:42 - TradingSystem - WARNING - Insufficient 4h data for VELVET/USDT:USDT
2025-07-21 21:11:32 - TradingSystem - INFO - 📊 PHASE 2: Signal Ranking (0 signals in 285.9s)
2025-07-21 21:11:32 - TradingSystem - INFO - 🏆 Top 10 Signals After Ranking:
2025-07-21 21:11:32 - TradingSystem - INFO - 📊 PHASE 3: No signals found for chart generation
2025-07-21 21:11:32 - TradingSystem - INFO - ⚡ 4h→6h/12h/1d OPTIMIZED MTF ANALYSIS COMPLETED!
2025-07-21 21:11:32 - TradingSystem - INFO -    Total Execution Time: 285.9s
2025-07-21 21:11:32 - TradingSystem - INFO -    Signal Generation: 285.9s (0 signals)
2025-07-21 21:11:32 - TradingSystem - INFO -    Chart Generation: 0.0s (0 charts)
2025-07-21 21:11:32 - TradingSystem - INFO -    Chart Efficiency: 0/0 = 0.0% charted
2025-07-21 21:11:32 - TradingSystem - INFO -    MTF Confirmations: Strong: 0, Partial: 0, None: 0
