2025-07-23 01:27:43 - TradingSystem - INFO - Loading database configuration from enhanced_config.yaml
2025-07-23 01:27:43 - TradingSystem - INFO - Database config loaded:
2025-07-23 01:27:43 - TradingSystem - INFO -    Host: localhost:3306
2025-07-23 01:27:43 - TradingSystem - INFO -    Database: bybit_trading_system
2025-07-23 01:27:43 - TradingSystem - INFO -    Username: root
2025-07-23 01:27:43 - TradingSystem - INFO -    Password: ***
2025-07-23 01:27:43 - TradingSystem - INFO - Loading system configuration from MySQL database...
2025-07-23 01:27:43 - config.config - INFO - Loading configuration 'default' from MySQL database
2025-07-23 01:27:43 - config.config - INFO - Adjusting rate limit from 8.0 to 6.0 req/s for connection pool optimization
2025-07-23 01:27:43 - config.config - INFO - Increasing API timeout from 20000 to 30000ms for better connection stability
2025-07-23 01:27:43 - notifier.telegram - INFO - ✅ Telegram bot initialized successfully
2025-07-23 01:27:43 - TradingSystem - INFO - 🤖 AUTO-TRADING CONFIGURATION:
2025-07-23 01:27:43 - TradingSystem - INFO - ==================================================
2025-07-23 01:27:43 - TradingSystem - INFO - 📊 Trading Parameters:
2025-07-23 01:27:43 - TradingSystem - INFO -    Leverage: max
2025-07-23 01:27:43 - TradingSystem - INFO -    Risk Amount per Trade: 5.0% of account balance
2025-07-23 01:27:43 - TradingSystem - INFO -    Max Concurrent Positions: 5
2025-07-23 01:27:43 - TradingSystem - INFO -    Max Executions per Scan: 2
2025-07-23 01:27:43 - TradingSystem - INFO -    Auto-Close Profit Target: 10.0%
2025-07-23 01:27:43 - TradingSystem - INFO - ⏰ Scheduling Parameters:
2025-07-23 01:27:43 - TradingSystem - INFO -    Daily Start Time: 01:00
2025-07-23 01:27:43 - TradingSystem - INFO -    Scan Interval: 0.5 hours (1800 seconds)
2025-07-23 01:27:43 - TradingSystem - INFO - 📈 Analysis Configuration:
2025-07-23 01:27:43 - TradingSystem - INFO -    Primary Timeframe: 30m
2025-07-23 01:27:43 - TradingSystem - INFO -    Confirmation Timeframes: 1h, 4h, 6h
2025-07-23 01:27:43 - TradingSystem - INFO -    MTF Confirmation Required: True
2025-07-23 01:27:43 - TradingSystem - INFO -    Min Volume 24h: $5,000,000.0
2025-07-23 01:27:43 - TradingSystem - INFO - ⚠️ Risk Management:
2025-07-23 01:27:43 - TradingSystem - INFO -    Risk per Trade: 5.0% of account balance
2025-07-23 01:27:43 - TradingSystem - INFO -    Max Total Risk Exposure: 25.0% of account balance
2025-07-23 01:27:43 - TradingSystem - INFO -    Max Leveraged Exposure: 25.0% × Max Leverage
2025-07-23 01:27:43 - TradingSystem - INFO -    Portfolio Risk Limit: 2.0%
2025-07-23 01:27:43 - TradingSystem - INFO - 🔧 Trading Mode: PRODUCTION
2025-07-23 01:27:43 - TradingSystem - INFO - 📱 Telegram Configuration:
2025-07-23 01:27:43 - TradingSystem - INFO -    Bot Token: Configured
2025-07-23 01:27:43 - TradingSystem - INFO -    User ID: 6708641837
2025-07-23 01:27:43 - TradingSystem - INFO - ==================================================
2025-07-23 01:27:54 - core.exchange - INFO - ✅ Connected to Bybit PRODUCTION with decrypted credentials
2025-07-23 01:27:54 - TradingSystem - INFO - 🚀 COMPLETE ENHANCED SYSTEM WITH MULTI-TIMEFRAME & MYSQL DATABASE INITIALIZED!
2025-07-23 01:27:55 - core.exchange - INFO - ✅ API connection test successful
2025-07-23 01:27:55 - bybit.autotrader - INFO - 🚀 Started auto-trading session: autotrader_20250723_012755
2025-07-23 01:27:55 - bybit.autotrader - INFO - ⚙️ Configuration:
2025-07-23 01:27:55 - bybit.autotrader - INFO -    Max concurrent positions: 5
2025-07-23 01:27:55 - bybit.autotrader - INFO -    Max executions per scan: 2
2025-07-23 01:27:55 - bybit.autotrader - INFO -    Risk amount per trade: 5.0 USDT
2025-07-23 01:27:55 - bybit.autotrader - INFO -    Leverage: max
2025-07-23 01:27:55 - bybit.autotrader - INFO -    Auto-close profit target: 10.0%
2025-07-23 01:27:55 - bybit.autotrader - INFO -    Scan interval: 0.5 hours
2025-07-23 01:27:55 - bybit.autotrader - INFO - 📊 Started position monitoring
2025-07-23 01:27:55 - bybit.autotrader - INFO - 🤖 Auto-trading loop started
2025-07-23 01:27:55 - bybit.autotrader - INFO - ⏰ Next scan scheduled for: 2025-07-23 01:30:00
2025-07-23 01:27:55 - bybit.autotrader - INFO - ⏳ Waiting 2.1 minutes...
2025-07-23 01:30:00 - bybit.autotrader - INFO - ⏰ Scan time reached: 2025-07-23 01:30:00
2025-07-23 01:30:00 - bybit.autotrader - INFO - 📊 Running signal analysis...
2025-07-23 01:30:00 - TradingSystem - INFO - 🚀 STARTING OPTIMIZED ANALYSIS WITH 30m→1h/4h/6h MTF CONFIRMATION
2025-07-23 01:30:00 - TradingSystem - INFO -    📊 Charts generated ONLY for top-ranked signals (after analysis complete)
2025-07-23 01:30:00 - TradingSystem - INFO - ==========================================================================================
2025-07-23 01:30:00 - TradingSystem - INFO - 📊 Analyzing 221 symbols with MTF confirmation...
2025-07-23 01:30:00 - TradingSystem - INFO -    Primary Timeframe: 30m
2025-07-23 01:30:00 - TradingSystem - INFO -    Confirmation Timeframes: 1h, 4h, 6h
2025-07-23 01:30:00 - TradingSystem - INFO -    MTF Weight Multiplier: 1.5x
2025-07-23 01:30:00 - TradingSystem - INFO -    Database: MySQL @ localhost
2025-07-23 01:30:00 - TradingSystem - INFO -    Chart Strategy: Top 5 signals only
2025-07-23 01:30:00 - TradingSystem - INFO - 📈 PHASE 1: Signal Generation (No Charts)
2025-07-23 01:30:57 - analysis.multi_timeframe - WARNING -    Insufficient 4h data for C/USDT:USDT
2025-07-23 01:30:58 - analysis.multi_timeframe - WARNING -    Insufficient 6h data for C/USDT:USDT
2025-07-23 01:31:27 - analysis.multi_timeframe - WARNING -    Insufficient 1h data for TA/USDT:USDT
2025-07-23 01:31:28 - analysis.multi_timeframe - WARNING -    Insufficient 4h data for TA/USDT:USDT
2025-07-23 01:31:29 - analysis.multi_timeframe - WARNING -    Insufficient 6h data for TA/USDT:USDT
2025-07-23 01:31:42 - analysis.multi_timeframe - WARNING -    Insufficient 4h data for ERA/USDT:USDT
2025-07-23 01:31:43 - analysis.multi_timeframe - WARNING -    Insufficient 6h data for ERA/USDT:USDT
2025-07-23 01:33:39 - urllib3.connectionpool - WARNING - Retrying (Retry(total=2, connect=None, read=None, redirect=None, status=None)) after connection broken by 'ReadTimeoutError("HTTPSConnectionPool(host='api.bybit.com', port=443): Read timed out. (read timeout=30.0)")': /v5/market/kline?symbol=IOTAUSDT&limit=200&interval=360&category=linear
2025-07-23 01:33:58 - analysis.multi_timeframe - ERROR - Failed to fetch FWOG/USDT:USDT 4h data: bybit GET https://api.bybit.com/v5/market/kline?symbol=FWOGUSDT&limit=200&interval=240&category=linear
2025-07-23 01:33:58 - analysis.multi_timeframe - WARNING -    Insufficient 4h data for FWOG/USDT:USDT
2025-07-23 01:34:04 - TradingSystem - INFO - 📊 PHASE 2: Signal Ranking (211 signals in 244.9s)
2025-07-23 01:34:04 - TradingSystem - INFO - 🏆 Top 5 Signals After Ranking:
2025-07-23 01:34:04 - TradingSystem - INFO -    1. MOODENG/USDT:USDT BUY - 95% conf - MTF: STRONG
2025-07-23 01:34:04 - TradingSystem - INFO -    2. LAUNCHCOIN/USDT:USDT SELL - 95% conf - MTF: STRONG
2025-07-23 01:34:04 - TradingSystem - INFO -    3. MOVE/USDT:USDT BUY - 95% conf - MTF: STRONG
2025-07-23 01:34:04 - TradingSystem - INFO -    4. ANIME/USDT:USDT BUY - 95% conf - MTF: STRONG
2025-07-23 01:34:04 - TradingSystem - INFO -    5. NEWT/USDT:USDT BUY - 95% conf - MTF: STRONG
2025-07-23 01:34:04 - TradingSystem - INFO - 📊 PHASE 3: Chart Generation (Top 5 signals only)
2025-07-23 01:34:04 - TradingSystem - INFO - 📊 Generating charts for TOP 5 signals only...
2025-07-23 01:35:30 - TradingSystem - INFO - ✅ Chart generation complete: 5/5 charts created
2025-07-23 01:35:30 - TradingSystem - INFO - ⚡ 30m→1h/4h/6h OPTIMIZED MTF ANALYSIS COMPLETED!
2025-07-23 01:35:30 - TradingSystem - INFO -    Total Execution Time: 330.0s
2025-07-23 01:35:30 - TradingSystem - INFO -    Signal Generation: 244.9s (211 signals)
2025-07-23 01:35:30 - TradingSystem - INFO -    Chart Generation: 85.2s (5 charts)
2025-07-23 01:35:30 - TradingSystem - INFO -    Chart Efficiency: 5/211 = 2.4% charted
2025-07-23 01:35:30 - TradingSystem - INFO -    MTF Confirmations: Strong: 12, Partial: 76, None: 123
2025-07-23 01:35:30 - bybit.autotrader - INFO - 📈 Generated 211 signals
2025-07-23 01:35:30 - bybit.autotrader - INFO - 🎯 Executing 2 trades (available slots: 2)
2025-07-23 01:35:30 - bybit.autotrader - INFO - 📝 Executing trade 1/2: MOODENG/USDT:USDT
2025-07-23 01:35:30 - bybit.autotrader - INFO - 🚀 Placing BUY order for MOODENG/USDT:USDT
2025-07-23 01:35:32 - bybit.autotrader - INFO - 💰 Risk calculation:
2025-07-23 01:35:32 - bybit.autotrader - INFO -    Account Balance: 19.46866817 USDT
2025-07-23 01:35:32 - bybit.autotrader - INFO -    Risk Percentage: 5.0%
2025-07-23 01:35:32 - bybit.autotrader - INFO -    Risk Amount: 0.9734334085 USDT
2025-07-23 01:35:32 - bybit.autotrader - INFO -    Position Size: 221.00316177135988 units
2025-07-23 01:35:32 - bybit.autotrader - INFO -    Required Margin: 0.9734334085 USDT
2025-07-23 01:35:33 - bybit.autotrader - INFO - ✅ Entry order placed: 890b7b73-dab3-4626-97d1-fcca80141929
2025-07-23 01:35:34 - bybit.autotrader - WARNING - Failed to set SL/TP for MOODENG/USDT:USDT: bybit {"retCode":10001,"retMsg":"OrderType invalid","result":{},"retExtInfo":{},"time":1753230934043}
2025-07-23 01:35:34 - bybit.autotrader - INFO - ✅ Trade executed: MOODENG/USDT:USDT (95.0% confidence, MTF: STRONG)
2025-07-23 01:35:35 - httpx - INFO - HTTP Request: POST https://api.telegram.org/bot8088506547:AAHZZxiY_wlh48IN4ldPNRJtM9qi7qxfLdM/sendMessage "HTTP/1.1 200 OK"
2025-07-23 01:35:35 - bybit.autotrader - INFO - 📝 Executing trade 2/2: MOCA/USDT:USDT
2025-07-23 01:35:35 - bybit.autotrader - INFO - 🚀 Placing BUY order for MOCA/USDT:USDT
2025-07-23 01:35:36 - bybit.autotrader - INFO - 💰 Risk calculation:
2025-07-23 01:35:36 - bybit.autotrader - INFO -    Account Balance: 18.44224903 USDT
2025-07-23 01:35:36 - bybit.autotrader - INFO -    Risk Percentage: 5.0%
2025-07-23 01:35:36 - bybit.autotrader - INFO -    Risk Amount: 0.9221124515 USDT
2025-07-23 01:35:36 - bybit.autotrader - INFO -    Position Size: 256.3132231209695 units
2025-07-23 01:35:36 - bybit.autotrader - INFO -    Required Margin: 0.9221124515 USDT
2025-07-23 01:35:36 - bybit.autotrader - INFO - ✅ Entry order placed: d476d889-f8aa-47b6-9a9d-9e7a743b8fd0
2025-07-23 01:35:37 - bybit.autotrader - WARNING - Failed to set SL/TP for MOCA/USDT:USDT: bybit {"retCode":10001,"retMsg":"OrderType invalid","result":{},"retExtInfo":{},"time":1753230937432}
2025-07-23 01:35:37 - bybit.autotrader - INFO - ✅ Trade executed: MOCA/USDT:USDT (95.0% confidence, MTF: STRONG)
2025-07-23 01:35:38 - httpx - INFO - HTTP Request: POST https://api.telegram.org/bot8088506547:AAHZZxiY_wlh48IN4ldPNRJtM9qi7qxfLdM/sendMessage "HTTP/1.1 200 OK"
2025-07-23 01:35:38 - bybit.autotrader - INFO - 📊 Scan complete - Signals: 211, Executed: 2
2025-07-23 01:35:39 - httpx - INFO - HTTP Request: POST https://api.telegram.org/bot8088506547:AAHZZxiY_wlh48IN4ldPNRJtM9qi7qxfLdM/sendMessage "HTTP/1.1 200 OK"
2025-07-23 01:35:39 - bybit.autotrader - INFO - ⏰ Next scan scheduled for: 2025-07-23 02:00:00
2025-07-23 01:35:39 - bybit.autotrader - INFO - ⏳ Waiting 24.3 minutes...
2025-07-23 01:45:15 - bybit.autotrader - INFO - 🛑 Received interrupt signal
2025-07-23 01:45:20 - bybit.autotrader - INFO - 🛑 Stopped position monitoring
2025-07-23 01:45:20 - bybit.autotrader - INFO - 🛑 Auto-trading stopped
