2025-07-21 14:47:17 - TradingSystem - INFO - Logging initialized - Level: INFO
2025-07-21 14:47:17 - TradingSystem - INFO - Log file: logs/trading_system_20250721_144717.log
2025-07-21 14:47:17 - database.models - INFO - ✅ MySQL database connection successful
2025-07-21 14:47:17 - database.models - INFO - ✅ MySQL database tables created successfully
2025-07-21 14:47:59 - core.exchange - INFO - ✅ Connected to Bybit PRODUCTION
2025-07-21 14:47:59 - TradingSystem - INFO - 🚀 COMPLETE ENHANCED SYSTEM WITH MULTI-TIMEFRAME & MYSQL DATABASE INITIALIZED!
2025-07-21 14:47:59 - TradingSystem - INFO - ✅ Enhanced Technical Analysis (FIXED Ichimoku & Stochastic RSI)
2025-07-21 14:47:59 - TradingSystem - INFO - ✅ Volume Profile Analysis
2025-07-21 14:47:59 - TradingSystem - INFO - ✅ Fibonacci & Confluence Analysis
2025-07-21 14:47:59 - TradingSystem - INFO - ✅ Interactive Chart Generation
2025-07-21 14:47:59 - TradingSystem - INFO - ✅ MySQL Database Storage (Replaces CSV)
2025-07-21 14:47:59 - TradingSystem - INFO - ✅ Multi-Timeframe Confirmation: Primary 15m, Confirmation 1h/4h
2025-07-21 14:47:59 - TradingSystem - INFO - ✅ Database: bybit_trading_system @ localhost
2025-07-21 14:47:59 - TradingSystem - INFO - 🚀 STARTING ENHANCED ANALYSIS WITH 15m→1h/4h MTF CONFIRMATION (PARALLEL + MYSQL)
2025-07-21 14:47:59 - TradingSystem - INFO - ==========================================================================================
2025-07-21 14:48:09 - TradingSystem - INFO - 📊 Analyzing 214 symbols with MTF confirmation...
2025-07-21 14:48:09 - TradingSystem - INFO -    Primary Timeframe: 15m
2025-07-21 14:48:09 - TradingSystem - INFO -    Confirmation Timeframes: 1h, 4h
2025-07-21 14:48:09 - TradingSystem - INFO -    MTF Weight Multiplier: 1.5x
2025-07-21 14:48:09 - TradingSystem - INFO -    Database: MySQL @ localhost
2025-07-21 14:50:15 - TradingSystem - WARNING - Insufficient 15m data for TA/USDT:USDT
2025-07-21 14:51:23 - TradingSystem - INFO - ⚡ 15m→1h/4h MTF PARALLEL ANALYSIS COMPLETED!
2025-07-21 14:51:23 - TradingSystem - INFO -    Execution Time: 203.8s
2025-07-21 14:51:23 - TradingSystem - INFO -    MTF Confirmations: Strong: 0, Partial: 0, None: 0
